#
# There is insufficient memory for the Java Runtime Environment to continue.
# Native memory allocation (mmap) failed to map 197132288 bytes. Error detail: G1 virtual space
# Possible reasons:
#   The system is out of physical RAM or swap space
#   This process is running with CompressedOops enabled, and the Java Heap may be blocking the growth of the native heap
# Possible solutions:
#   Reduce memory load on the system
#   Increase physical memory or swap space
#   Check if swap backing store is full
#   Decrease Java heap size (-Xmx/-Xms)
#   Decrease number of Java threads
#   Decrease Java thread stack sizes (-Xss)
#   Set larger code cache with -XX:ReservedCodeCacheSize=
#   JVM is running with Unscaled Compressed Oops mode in which the Java heap is
#     placed in the first 4GB address space. The Java Heap base address is the
#     maximum limit for the native heap growth. Please use -XX:HeapBaseMinAddress
#     to set the Java Heap base and to place the Java Heap above 4GB virtual address.
# This output file may be truncated or incomplete.
#
#  Out of Memory Error (os_windows.cpp:3618), pid=6524, tid=6704
#
# JRE version: OpenJDK Runtime Environment Temurin-17.0.14+7 (17.0.14+7) (build 17.0.14+7)
# Java VM: OpenJDK 64-Bit Server VM Temurin-17.0.14+7 (17.0.14+7, mixed mode, sharing, tiered, compressed oops, compressed class ptrs, g1 gc, windows-amd64)
# No core dump will be written. Minidumps are not enabled by default on client versions of Windows
#

---------------  S U M M A R Y ------------

Command Line: --add-opens=java.base/java.util=ALL-UNNAMED --add-opens=java.base/java.lang=ALL-UNNAMED --add-opens=java.base/java.lang.invoke=ALL-UNNAMED --add-opens=java.prefs/java.util.prefs=ALL-UNNAMED --add-opens=java.base/java.nio.charset=ALL-UNNAMED --add-opens=java.base/java.net=ALL-UNNAMED --add-opens=java.base/java.util.concurrent.atomic=ALL-UNNAMED -Xmx2048m -Dfile.encoding=UTF-8 -Duser.country=US -Duser.language=en -Duser.variant -javaagent:C:\Users\AL SHIDI\.gradle\wrapper\dists\gradle-8.7-bin\bhs2wmbdwecv87pi65oeuq5iu\gradle-8.7\lib\agents\gradle-instrumentation-agent-8.7.jar org.gradle.launcher.daemon.bootstrap.GradleDaemon 8.7

Host: Intel(R) Celeron(R) CPU N3350 @ 1.10GHz, 2 cores, 2G,  Windows 10 , 64 bit Build 15063 (10.0.15063.2346)
Time: Mon Jul  7 11:30:41 2025 Arabian Standard Time elapsed time: 109.303262 seconds (0d 0h 1m 49s)

---------------  T H R E A D  ---------------

Current thread (0x0000027ea3dfec60):  VMThread "VM Thread" [stack: 0x000000e3ace00000,0x000000e3acf00000] [id=6704]

Stack: [0x000000e3ace00000,0x000000e3acf00000]
Native frames: (J=compiled Java code, j=interpreted, Vv=VM code, C=native code)
V  [jvm.dll+0x682eb9]
V  [jvm.dll+0x8399c8]
V  [jvm.dll+0x83b473]
V  [jvm.dll+0x83bae3]
V  [jvm.dll+0x24715f]
V  [jvm.dll+0x67fc99]
V  [jvm.dll+0x674b8a]
V  [jvm.dll+0x304c06]
V  [jvm.dll+0x30c0c6]
V  [jvm.dll+0x35dc3e]
V  [jvm.dll+0x35de7d]
V  [jvm.dll+0x2dbfcc]
V  [jvm.dll+0x2da36f]
V  [jvm.dll+0x2d9adc]
V  [jvm.dll+0x31d681]
V  [jvm.dll+0x84031d]
V  [jvm.dll+0x841053]
V  [jvm.dll+0x84157f]
V  [jvm.dll+0x841964]
V  [jvm.dll+0x841a2e]
V  [jvm.dll+0x7e948c]
V  [jvm.dll+0x681d97]
C  [ucrtbase.dll+0x226a9]
C  [KERNEL32.DLL+0x12d34]
C  [ntdll.dll+0x50c41]

VM_Operation (0x000000e3ae2f0ad0): G1TryInitiateConcMark, mode: safepoint, requested by thread 0x0000027ec17414b0


---------------  P R O C E S S  ---------------

Threads class SMR info:
_java_thread_list=0x0000027f0ae472d0, length=34, elements={
0x0000027ea3d45e20, 0x0000027ec141a4a0, 0x0000027ec141b230, 0x0000027ec142ace0,
0x0000027ec142b5b0, 0x0000027ec142c080, 0x0000027ec142fd70, 0x0000027ec1430a20,
0x0000027ec1481c60, 0x0000027ec14a6920, 0x0000027ec140c0d0, 0x0000027ec1785450,
0x0000027f084e1d90, 0x0000027ec1625c80, 0x0000027f07f71cb0, 0x0000027f07c1c6c0,
0x0000027f07c1cba0, 0x0000027ec1741ed0, 0x0000027ec17414b0, 0x0000027ec1743310,
0x0000027ec17428f0, 0x0000027ec1742e00, 0x0000027ec17423e0, 0x0000027ec1740070,
0x0000027ec1740a90, 0x0000027ec1740fa0, 0x0000027ec17419c0, 0x0000027f07b23ab0,
0x0000027f07b25910, 0x0000027f07b24ef0, 0x0000027f07b26840, 0x0000027f07b26d50,
0x0000027f07b21c50, 0x0000027f07b27260
}

Java Threads: ( => current thread )
  0x0000027ea3d45e20 JavaThread "main" [_thread_blocked, id=6624, stack(0x000000e3ac700000,0x000000e3ac800000)]
  0x0000027ec141a4a0 JavaThread "Reference Handler" daemon [_thread_blocked, id=6732, stack(0x000000e3acf00000,0x000000e3ad000000)]
  0x0000027ec141b230 JavaThread "Finalizer" daemon [_thread_blocked, id=6716, stack(0x000000e3ad000000,0x000000e3ad100000)]
  0x0000027ec142ace0 JavaThread "Signal Dispatcher" daemon [_thread_blocked, id=6752, stack(0x000000e3ad100000,0x000000e3ad200000)]
  0x0000027ec142b5b0 JavaThread "Attach Listener" daemon [_thread_blocked, id=6708, stack(0x000000e3ad200000,0x000000e3ad300000)]
  0x0000027ec142c080 JavaThread "Service Thread" daemon [_thread_blocked, id=6748, stack(0x000000e3ad300000,0x000000e3ad400000)]
  0x0000027ec142fd70 JavaThread "Monitor Deflation Thread" daemon [_thread_blocked, id=6744, stack(0x000000e3ad400000,0x000000e3ad500000)]
  0x0000027ec1430a20 JavaThread "C2 CompilerThread0" daemon [_thread_blocked, id=6724, stack(0x000000e3ad500000,0x000000e3ad600000)]
  0x0000027ec1481c60 JavaThread "C1 CompilerThread0" daemon [_thread_blocked, id=6900, stack(0x000000e3ad600000,0x000000e3ad700000)]
  0x0000027ec14a6920 JavaThread "Sweeper thread" daemon [_thread_blocked, id=6856, stack(0x000000e3ad700000,0x000000e3ad800000)]
  0x0000027ec140c0d0 JavaThread "Common-Cleaner" daemon [_thread_blocked, id=6808, stack(0x000000e3ad800000,0x000000e3ad900000)]
  0x0000027ec1785450 JavaThread "Notification Thread" daemon [_thread_blocked, id=6844, stack(0x000000e3ad900000,0x000000e3ada00000)]
  0x0000027f084e1d90 JavaThread "Daemon health stats" [_thread_blocked, id=3428, stack(0x000000e3adc00000,0x000000e3add00000)]
  0x0000027ec1625c80 JavaThread "Incoming local TCP Connector on port 49856" [_thread_in_native, id=7056, stack(0x000000e3add00000,0x000000e3ade00000)]
  0x0000027f07f71cb0 JavaThread "Daemon periodic checks" [_thread_blocked, id=7064, stack(0x000000e3ade00000,0x000000e3adf00000)]
  0x0000027f07c1c6c0 JavaThread "Daemon" [_thread_blocked, id=7096, stack(0x000000e3adf00000,0x000000e3ae000000)]
  0x0000027f07c1cba0 JavaThread "Handler for socket connection from /127.0.0.1:49856 to /127.0.0.1:49857" [_thread_in_native, id=7104, stack(0x000000e3ae000000,0x000000e3ae100000)]
  0x0000027ec1741ed0 JavaThread "Cancel handler" [_thread_blocked, id=7100, stack(0x000000e3ae100000,0x000000e3ae200000)]
  0x0000027ec17414b0 JavaThread "Daemon worker" [_thread_blocked, id=7092, stack(0x000000e3ae200000,0x000000e3ae300000)]
  0x0000027ec1743310 JavaThread "Asynchronous log dispatcher for DefaultDaemonConnection: socket connection from /127.0.0.1:49856 to /127.0.0.1:49857" [_thread_blocked, id=7132, stack(0x000000e3ae300000,0x000000e3ae400000)]
  0x0000027ec17428f0 JavaThread "Daemon client event forwarder" [_thread_blocked, id=7048, stack(0x000000e3ae500000,0x000000e3ae600000)]
  0x0000027ec1742e00 JavaThread "Cache worker for journal cache (C:\Users\AL SHIDI\.gradle\caches\journal-1)" [_thread_blocked, id=7080, stack(0x000000e3ae600000,0x000000e3ae700000)]
  0x0000027ec17423e0 JavaThread "File lock request listener" [_thread_in_native, id=7072, stack(0x000000e3ae700000,0x000000e3ae800000)]
  0x0000027ec1740070 JavaThread "Cache worker for file hash cache (C:\Users\AL SHIDI\.gradle\caches\8.7\fileHashes)" [_thread_blocked, id=7052, stack(0x000000e3ae800000,0x000000e3ae900000)]
  0x0000027ec1740a90 JavaThread "Cache worker for file hash cache (C:\Users\AL SHIDI\Desktop\APPs DevV01\Harvest Money\.gradle\8.7\fileHashes)" [_thread_blocked, id=2400, stack(0x000000e3ae900000,0x000000e3aea00000)]
  0x0000027ec1740fa0 JavaThread "jar transforms" [_thread_blocked, id=3828, stack(0x000000e3aea00000,0x000000e3aeb00000)]
  0x0000027ec17419c0 JavaThread "jar transforms Thread 2" [_thread_blocked, id=6148, stack(0x000000e3aeb00000,0x000000e3aec00000)]
  0x0000027f07b23ab0 JavaThread "Cache worker for checksums cache (C:\Users\AL SHIDI\Desktop\APPs DevV01\Harvest Money\.gradle\8.7\checksums)" [_thread_blocked, id=6208, stack(0x000000e3aec00000,0x000000e3aed00000)]
  0x0000027f07b25910 JavaThread "Cache worker for cache directory md-supplier (C:\Users\AL SHIDI\.gradle\caches\8.7\md-supplier)" [_thread_blocked, id=5532, stack(0x000000e3aed00000,0x000000e3aee00000)]
  0x0000027f07b24ef0 JavaThread "Cache worker for cache directory md-rule (C:\Users\AL SHIDI\.gradle\caches\8.7\md-rule)" [_thread_blocked, id=5148, stack(0x000000e3aee00000,0x000000e3aef00000)]
  0x0000027f07b26840 JavaThread "Cache worker for file content cache (C:\Users\AL SHIDI\.gradle\caches\8.7\fileContent)" [_thread_blocked, id=6656, stack(0x000000e3aef00000,0x000000e3af000000)]
  0x0000027f07b26d50 JavaThread "Cache worker for Build Output Cleanup Cache (C:\Users\AL SHIDI\Desktop\APPs DevV01\Harvest Money\.gradle\buildOutputCleanup)" [_thread_blocked, id=2564, stack(0x000000e3af200000,0x000000e3af300000)]
  0x0000027f07b21c50 JavaThread "Unconstrained build operations" [_thread_blocked, id=6348, stack(0x000000e3af300000,0x000000e3af400000)]
  0x0000027f07b27260 JavaThread "Unconstrained build operations Thread 2" [_thread_blocked, id=6300, stack(0x000000e3af400000,0x000000e3af500000)]

Other Threads:
=>0x0000027ea3dfec60 VMThread "VM Thread" [stack: 0x000000e3ace00000,0x000000e3acf00000] [id=6704]
  0x0000027ea3d46a90 WatcherThread [stack: 0x000000e3ada00000,0x000000e3adb00000] [id=6804]
  0x0000027ea1d5b8d0 GCTaskThread "GC Thread#0" [stack: 0x000000e3ac900000,0x000000e3aca00000] [id=5668]
  0x0000027ec17a1770 GCTaskThread "GC Thread#1" [stack: 0x000000e3adb00000,0x000000e3adc00000] [id=4104]
  0x0000027ea1d5c3c0 ConcurrentGCThread "G1 Main Marker" [stack: 0x000000e3aca00000,0x000000e3acb00000] [id=2748]
  0x0000027ea1d5ccf0 ConcurrentGCThread "G1 Conc#0" [stack: 0x000000e3acb00000,0x000000e3acc00000] [id=1204]
  0x0000027ea1d5ece0 ConcurrentGCThread "G1 Refine#0" [stack: 0x000000e3acc00000,0x000000e3acd00000] [id=6720]
  0x0000027f096897b0 ConcurrentGCThread "G1 Refine#1" [stack: 0x000000e3af500000,0x000000e3af600000] [id=6540]
  0x0000027ea3ddc9c0 ConcurrentGCThread "G1 Service" [stack: 0x000000e3acd00000,0x000000e3ace00000] [id=6728]

Threads with active compile tasks:

VM state: at safepoint (normal execution)

VM Mutex/Monitor currently owned by a thread:  ([mutex/lock_event])
[0x0000027ea3d40b80] Threads_lock - owner thread: 0x0000027ea3dfec60
[0x0000027ea3d40940] Heap_lock - owner thread: 0x0000027ec17414b0

Heap address: 0x0000000080000000, size: 2048 MB, Compressed Oops mode: 32-bit

CDS archive(s) mapped at: [0x0000027ec2000000-0x0000027ec2bb0000-0x0000027ec2bb0000), size 12255232, SharedBaseAddress: 0x0000027ec2000000, ArchiveRelocationMode: 1.
Compressed class space mapped at: 0x0000027ec3000000-0x0000027f03000000, reserved size: 1073741824
Narrow klass base: 0x0000027ec2000000, Narrow klass shift: 0, Narrow klass range: 0x100000000

GC Precious Log:
 CPUs: 2 total, 2 available
 Memory: 2905M
 Large Page Support: Disabled
 NUMA Support: Disabled
 Compressed Oops: Enabled (32-bit)
 Heap Region Size: 1M
 Heap Min Capacity: 8M
 Heap Initial Capacity: 46M
 Heap Max Capacity: 2G
 Pre-touch: Disabled
 Parallel Workers: 2
 Concurrent Workers: 1
 Concurrent Refinement Workers: 2
 Periodic GC: Disabled

Heap:
 garbage-first heap   total 189440K, used 119996K [0x0000000080000000, 0x0000000100000000)
  region size 1024K, 4 young (4096K), 4 survivors (4096K)
 Metaspace       used 109657K, committed 110464K, reserved 1179648K
  class space    used 14159K, committed 14528K, reserved 1048576K

Heap Regions: E=young(eden), S=young(survivor), O=old, HS=humongous(starts), HC=humongous(continues), CS=collection set, F=free, OA=open archive, CA=closed archive, TAMS=top-at-mark-start (previous, next)
|   0|0x0000000080000000, 0x0000000080100000, 0x0000000080100000|100%| O|  |TAMS 0x0000000080100000, 0x0000000080100000| Untracked 
|   1|0x0000000080100000, 0x0000000080200000, 0x0000000080200000|100%| O|  |TAMS 0x0000000080200000, 0x0000000080200000| Untracked 
|   2|0x0000000080200000, 0x0000000080300000, 0x0000000080300000|100%|HS|  |TAMS 0x0000000080300000, 0x0000000080300000| Complete 
|   3|0x0000000080300000, 0x0000000080400000, 0x0000000080400000|100%|HC|  |TAMS 0x0000000080400000, 0x0000000080400000| Complete 
|   4|0x0000000080400000, 0x0000000080500000, 0x0000000080500000|100%|HC|  |TAMS 0x0000000080500000, 0x0000000080500000| Complete 
|   5|0x0000000080500000, 0x0000000080600000, 0x0000000080600000|100%|HC|  |TAMS 0x0000000080600000, 0x0000000080600000| Complete 
|   6|0x0000000080600000, 0x0000000080700000, 0x0000000080700000|100%| O|  |TAMS 0x0000000080700000, 0x0000000080700000| Untracked 
|   7|0x0000000080700000, 0x0000000080800000, 0x0000000080800000|100%| O|  |TAMS 0x0000000080800000, 0x0000000080800000| Untracked 
|   8|0x0000000080800000, 0x0000000080900000, 0x0000000080900000|100%| O|  |TAMS 0x0000000080900000, 0x0000000080900000| Untracked 
|   9|0x0000000080900000, 0x0000000080a00000, 0x0000000080a00000|100%| O|  |TAMS 0x0000000080a00000, 0x0000000080a00000| Untracked 
|  10|0x0000000080a00000, 0x0000000080b00000, 0x0000000080b00000|100%| O|  |TAMS 0x0000000080b00000, 0x0000000080b00000| Untracked 
|  11|0x0000000080b00000, 0x0000000080c00000, 0x0000000080c00000|100%| O|  |TAMS 0x0000000080c00000, 0x0000000080c00000| Untracked 
|  12|0x0000000080c00000, 0x0000000080d00000, 0x0000000080d00000|100%|HS|  |TAMS 0x0000000080c00000, 0x0000000080d00000| Complete 
|  13|0x0000000080d00000, 0x0000000080e00000, 0x0000000080e00000|100%| O|  |TAMS 0x0000000080e00000, 0x0000000080e00000| Untracked 
|  14|0x0000000080e00000, 0x0000000080f00000, 0x0000000080f00000|100%| O|  |TAMS 0x0000000080f00000, 0x0000000080f00000| Untracked 
|  15|0x0000000080f00000, 0x0000000081000000, 0x0000000081000000|100%| O|  |TAMS 0x0000000081000000, 0x0000000081000000| Untracked 
|  16|0x0000000081000000, 0x0000000081100000, 0x0000000081100000|100%| O|  |TAMS 0x0000000081100000, 0x0000000081100000| Untracked 
|  17|0x0000000081100000, 0x0000000081200000, 0x0000000081200000|100%| O|  |TAMS 0x0000000081200000, 0x0000000081200000| Untracked 
|  18|0x0000000081200000, 0x0000000081300000, 0x0000000081300000|100%| O|  |TAMS 0x0000000081300000, 0x0000000081300000| Untracked 
|  19|0x0000000081300000, 0x0000000081400000, 0x0000000081400000|100%| O|  |TAMS 0x0000000081400000, 0x0000000081400000| Untracked 
|  20|0x0000000081400000, 0x0000000081500000, 0x0000000081500000|100%| O|  |TAMS 0x0000000081500000, 0x0000000081500000| Untracked 
|  21|0x0000000081500000, 0x0000000081600000, 0x0000000081600000|100%| O|  |TAMS 0x0000000081600000, 0x0000000081600000| Untracked 
|  22|0x0000000081600000, 0x0000000081700000, 0x0000000081700000|100%| O|  |TAMS 0x0000000081700000, 0x0000000081700000| Untracked 
|  23|0x0000000081700000, 0x0000000081800000, 0x0000000081800000|100%| O|  |TAMS 0x0000000081800000, 0x0000000081800000| Untracked 
|  24|0x0000000081800000, 0x0000000081900000, 0x0000000081900000|100%| O|  |TAMS 0x0000000081900000, 0x0000000081900000| Untracked 
|  25|0x0000000081900000, 0x0000000081a00000, 0x0000000081a00000|100%| O|  |TAMS 0x0000000081a00000, 0x0000000081a00000| Untracked 
|  26|0x0000000081a00000, 0x0000000081b00000, 0x0000000081b00000|100%| O|  |TAMS 0x0000000081b00000, 0x0000000081b00000| Untracked 
|  27|0x0000000081b00000, 0x0000000081c00000, 0x0000000081c00000|100%| O|  |TAMS 0x0000000081c00000, 0x0000000081c00000| Untracked 
|  28|0x0000000081c00000, 0x0000000081d00000, 0x0000000081d00000|100%| O|  |TAMS 0x0000000081d00000, 0x0000000081d00000| Untracked 
|  29|0x0000000081d00000, 0x0000000081e00000, 0x0000000081e00000|100%| O|  |TAMS 0x0000000081e00000, 0x0000000081e00000| Untracked 
|  30|0x0000000081e00000, 0x0000000081f00000, 0x0000000081f00000|100%| O|  |TAMS 0x0000000081f00000, 0x0000000081f00000| Untracked 
|  31|0x0000000081f00000, 0x0000000082000000, 0x0000000082000000|100%| O|  |TAMS 0x0000000082000000, 0x0000000082000000| Untracked 
|  32|0x0000000082000000, 0x0000000082100000, 0x0000000082100000|100%| O|  |TAMS 0x0000000082100000, 0x0000000082100000| Untracked 
|  33|0x0000000082100000, 0x0000000082200000, 0x0000000082200000|100%| O|  |TAMS 0x0000000082200000, 0x0000000082200000| Untracked 
|  34|0x0000000082200000, 0x0000000082300000, 0x0000000082300000|100%| O|  |TAMS 0x0000000082300000, 0x0000000082300000| Untracked 
|  35|0x0000000082300000, 0x0000000082400000, 0x0000000082400000|100%| O|  |TAMS 0x0000000082400000, 0x0000000082400000| Untracked 
|  36|0x0000000082400000, 0x0000000082500000, 0x0000000082500000|100%| O|  |TAMS 0x0000000082500000, 0x0000000082500000| Untracked 
|  37|0x0000000082500000, 0x0000000082600000, 0x0000000082600000|100%| O|  |TAMS 0x0000000082600000, 0x0000000082600000| Untracked 
|  38|0x0000000082600000, 0x0000000082700000, 0x0000000082700000|100%| O|  |TAMS 0x0000000082700000, 0x0000000082700000| Untracked 
|  39|0x0000000082700000, 0x0000000082800000, 0x0000000082800000|100%| O|  |TAMS 0x0000000082800000, 0x0000000082800000| Untracked 
|  40|0x0000000082800000, 0x0000000082900000, 0x0000000082900000|100%| O|  |TAMS 0x0000000082900000, 0x0000000082900000| Untracked 
|  41|0x0000000082900000, 0x0000000082a00000, 0x0000000082a00000|100%| O|  |TAMS 0x0000000082a00000, 0x0000000082a00000| Untracked 
|  42|0x0000000082a00000, 0x0000000082b00000, 0x0000000082b00000|100%| O|  |TAMS 0x0000000082b00000, 0x0000000082b00000| Untracked 
|  43|0x0000000082b00000, 0x0000000082c00000, 0x0000000082c00000|100%| O|  |TAMS 0x0000000082c00000, 0x0000000082c00000| Untracked 
|  44|0x0000000082c00000, 0x0000000082d00000, 0x0000000082d00000|100%| O|  |TAMS 0x0000000082d00000, 0x0000000082d00000| Untracked 
|  45|0x0000000082d00000, 0x0000000082e00000, 0x0000000082e00000|100%| O|  |TAMS 0x0000000082e00000, 0x0000000082e00000| Untracked 
|  46|0x0000000082e00000, 0x0000000082f00000, 0x0000000082f00000|100%| O|  |TAMS 0x0000000082f00000, 0x0000000082f00000| Untracked 
|  47|0x0000000082f00000, 0x0000000083000000, 0x0000000083000000|100%| O|  |TAMS 0x0000000083000000, 0x0000000083000000| Untracked 
|  48|0x0000000083000000, 0x0000000083100000, 0x0000000083100000|100%| O|  |TAMS 0x0000000083100000, 0x0000000083100000| Untracked 
|  49|0x0000000083100000, 0x0000000083200000, 0x0000000083200000|100%| O|  |TAMS 0x0000000083200000, 0x0000000083200000| Untracked 
|  50|0x0000000083200000, 0x0000000083300000, 0x0000000083300000|100%| O|  |TAMS 0x0000000083300000, 0x0000000083300000| Untracked 
|  51|0x0000000083300000, 0x0000000083400000, 0x0000000083400000|100%| O|  |TAMS 0x0000000083400000, 0x0000000083400000| Untracked 
|  52|0x0000000083400000, 0x0000000083500000, 0x0000000083500000|100%| O|  |TAMS 0x0000000083500000, 0x0000000083500000| Untracked 
|  53|0x0000000083500000, 0x0000000083600000, 0x0000000083600000|100%| O|  |TAMS 0x0000000083600000, 0x0000000083600000| Untracked 
|  54|0x0000000083600000, 0x0000000083700000, 0x0000000083700000|100%| O|  |TAMS 0x0000000083700000, 0x0000000083700000| Untracked 
|  55|0x0000000083700000, 0x0000000083800000, 0x0000000083800000|100%| O|  |TAMS 0x0000000083800000, 0x0000000083800000| Untracked 
|  56|0x0000000083800000, 0x0000000083900000, 0x0000000083900000|100%| O|  |TAMS 0x0000000083900000, 0x0000000083900000| Untracked 
|  57|0x0000000083900000, 0x0000000083a00000, 0x0000000083a00000|100%| O|  |TAMS 0x0000000083a00000, 0x0000000083a00000| Untracked 
|  58|0x0000000083a00000, 0x0000000083b00000, 0x0000000083b00000|100%| O|  |TAMS 0x0000000083b00000, 0x0000000083b00000| Untracked 
|  59|0x0000000083b00000, 0x0000000083b00000, 0x0000000083c00000|  0%| F|  |TAMS 0x0000000083b00000, 0x0000000083b00000| Untracked 
|  60|0x0000000083c00000, 0x0000000083d00000, 0x0000000083d00000|100%| O|  |TAMS 0x0000000083d00000, 0x0000000083d00000| Untracked 
|  61|0x0000000083d00000, 0x0000000083e00000, 0x0000000083e00000|100%| O|  |TAMS 0x0000000083e00000, 0x0000000083e00000| Untracked 
|  62|0x0000000083e00000, 0x0000000083f00000, 0x0000000083f00000|100%| O|  |TAMS 0x0000000083f00000, 0x0000000083f00000| Untracked 
|  63|0x0000000083f00000, 0x0000000084000000, 0x0000000084000000|100%| O|  |TAMS 0x0000000084000000, 0x0000000084000000| Untracked 
|  64|0x0000000084000000, 0x0000000084100000, 0x0000000084100000|100%| O|  |TAMS 0x0000000084100000, 0x0000000084100000| Untracked 
|  65|0x0000000084100000, 0x0000000084200000, 0x0000000084200000|100%| O|  |TAMS 0x0000000084200000, 0x0000000084200000| Untracked 
|  66|0x0000000084200000, 0x0000000084300000, 0x0000000084300000|100%| O|  |TAMS 0x0000000084300000, 0x0000000084300000| Untracked 
|  67|0x0000000084300000, 0x0000000084400000, 0x0000000084400000|100%| O|  |TAMS 0x0000000084400000, 0x0000000084400000| Untracked 
|  68|0x0000000084400000, 0x0000000084500000, 0x0000000084500000|100%| O|  |TAMS 0x0000000084500000, 0x0000000084500000| Untracked 
|  69|0x0000000084500000, 0x0000000084600000, 0x0000000084600000|100%| O|  |TAMS 0x0000000084600000, 0x0000000084600000| Untracked 
|  70|0x0000000084600000, 0x0000000084700000, 0x0000000084700000|100%| O|  |TAMS 0x0000000084700000, 0x0000000084700000| Untracked 
|  71|0x0000000084700000, 0x0000000084800000, 0x0000000084800000|100%| O|  |TAMS 0x0000000084800000, 0x0000000084800000| Untracked 
|  72|0x0000000084800000, 0x0000000084900000, 0x0000000084900000|100%| O|  |TAMS 0x0000000084900000, 0x0000000084900000| Untracked 
|  73|0x0000000084900000, 0x0000000084a00000, 0x0000000084a00000|100%| O|  |TAMS 0x0000000084a00000, 0x0000000084a00000| Untracked 
|  74|0x0000000084a00000, 0x0000000084b00000, 0x0000000084b00000|100%| O|  |TAMS 0x0000000084b00000, 0x0000000084b00000| Untracked 
|  75|0x0000000084b00000, 0x0000000084c00000, 0x0000000084c00000|100%| O|  |TAMS 0x0000000084c00000, 0x0000000084c00000| Untracked 
|  76|0x0000000084c00000, 0x0000000084d00000, 0x0000000084d00000|100%|HS|  |TAMS 0x0000000084d00000, 0x0000000084d00000| Complete 
|  77|0x0000000084d00000, 0x0000000084e00000, 0x0000000084e00000|100%|HC|  |TAMS 0x0000000084e00000, 0x0000000084e00000| Complete 
|  78|0x0000000084e00000, 0x0000000084f00000, 0x0000000084f00000|100%|HC|  |TAMS 0x0000000084f00000, 0x0000000084f00000| Complete 
|  79|0x0000000084f00000, 0x0000000085000000, 0x0000000085000000|100%|HC|  |TAMS 0x0000000085000000, 0x0000000085000000| Complete 
|  80|0x0000000085000000, 0x0000000085100000, 0x0000000085100000|100%|HC|  |TAMS 0x0000000085100000, 0x0000000085100000| Complete 
|  81|0x0000000085100000, 0x0000000085200000, 0x0000000085200000|100%|HC|  |TAMS 0x0000000085200000, 0x0000000085200000| Complete 
|  82|0x0000000085200000, 0x0000000085300000, 0x0000000085300000|100%|HS|  |TAMS 0x0000000085300000, 0x0000000085300000| Complete 
|  83|0x0000000085300000, 0x0000000085400000, 0x0000000085400000|100%|HS|  |TAMS 0x0000000085400000, 0x0000000085400000| Complete 
|  84|0x0000000085400000, 0x0000000085500000, 0x0000000085500000|100%|HS|  |TAMS 0x0000000085500000, 0x0000000085500000| Complete 
|  85|0x0000000085500000, 0x0000000085600000, 0x0000000085600000|100%|HS|  |TAMS 0x0000000085600000, 0x0000000085600000| Complete 
|  86|0x0000000085600000, 0x0000000085700000, 0x0000000085700000|100%|HC|  |TAMS 0x0000000085700000, 0x0000000085700000| Complete 
|  87|0x0000000085700000, 0x0000000085800000, 0x0000000085800000|100%| O|  |TAMS 0x0000000085800000, 0x0000000085800000| Untracked 
|  88|0x0000000085800000, 0x0000000085900000, 0x0000000085900000|100%|HS|  |TAMS 0x0000000085900000, 0x0000000085900000| Complete 
|  89|0x0000000085900000, 0x0000000085a00000, 0x0000000085a00000|100%|HC|  |TAMS 0x0000000085a00000, 0x0000000085a00000| Complete 
|  90|0x0000000085a00000, 0x0000000085b00000, 0x0000000085b00000|100%|HC|  |TAMS 0x0000000085b00000, 0x0000000085b00000| Complete 
|  91|0x0000000085b00000, 0x0000000085c00000, 0x0000000085c00000|100%|HC|  |TAMS 0x0000000085c00000, 0x0000000085c00000| Complete 
|  92|0x0000000085c00000, 0x0000000085d00000, 0x0000000085d00000|100%| O|  |TAMS 0x0000000085d00000, 0x0000000085d00000| Untracked 
|  93|0x0000000085d00000, 0x0000000085e00000, 0x0000000085e00000|100%| O|  |TAMS 0x0000000085e00000, 0x0000000085e00000| Untracked 
|  94|0x0000000085e00000, 0x0000000085f00000, 0x0000000085f00000|100%| O|  |TAMS 0x0000000085f00000, 0x0000000085f00000| Untracked 
|  95|0x0000000085f00000, 0x0000000086000000, 0x0000000086000000|100%| O|  |TAMS 0x0000000086000000, 0x0000000086000000| Untracked 
|  96|0x0000000086000000, 0x0000000086100000, 0x0000000086100000|100%| O|  |TAMS 0x0000000086100000, 0x0000000086100000| Untracked 
|  97|0x0000000086100000, 0x0000000086200000, 0x0000000086200000|100%| O|  |TAMS 0x0000000086200000, 0x0000000086200000| Untracked 
|  98|0x0000000086200000, 0x0000000086300000, 0x0000000086300000|100%| O|  |TAMS 0x0000000086300000, 0x0000000086300000| Untracked 
|  99|0x0000000086300000, 0x0000000086400000, 0x0000000086400000|100%| O|  |TAMS 0x0000000086400000, 0x0000000086400000| Untracked 
| 100|0x0000000086400000, 0x0000000086500000, 0x0000000086500000|100%| O|  |TAMS 0x0000000086500000, 0x0000000086500000| Untracked 
| 101|0x0000000086500000, 0x0000000086600000, 0x0000000086600000|100%| O|  |TAMS 0x0000000086600000, 0x0000000086600000| Untracked 
| 102|0x0000000086600000, 0x0000000086700000, 0x0000000086700000|100%| O|  |TAMS 0x0000000086700000, 0x0000000086700000| Untracked 
| 103|0x0000000086700000, 0x0000000086800000, 0x0000000086800000|100%| O|  |TAMS 0x0000000086800000, 0x0000000086800000| Untracked 
| 104|0x0000000086800000, 0x0000000086900000, 0x0000000086900000|100%| O|  |TAMS 0x0000000086900000, 0x0000000086900000| Untracked 
| 105|0x0000000086900000, 0x0000000086a00000, 0x0000000086a00000|100%| O|  |TAMS 0x0000000086a00000, 0x0000000086a00000| Untracked 
| 106|0x0000000086a00000, 0x0000000086b00000, 0x0000000086b00000|100%| O|  |TAMS 0x0000000086b00000, 0x0000000086b00000| Untracked 
| 107|0x0000000086b00000, 0x0000000086c00000, 0x0000000086c00000|100%| O|  |TAMS 0x0000000086c00000, 0x0000000086c00000| Untracked 
| 108|0x0000000086c00000, 0x0000000086d00000, 0x0000000086d00000|100%| O|  |TAMS 0x0000000086c89200, 0x0000000086d00000| Untracked 
| 109|0x0000000086d00000, 0x0000000086e00000, 0x0000000086e00000|100%|HS|  |TAMS 0x0000000086d00000, 0x0000000086e00000| Complete 
| 110|0x0000000086e00000, 0x0000000086f00000, 0x0000000086f00000|100%|HC|  |TAMS 0x0000000086e00000, 0x0000000086f00000| Complete 
| 111|0x0000000086f00000, 0x0000000087000000, 0x0000000087000000|100%|HS|  |TAMS 0x0000000086f00000, 0x0000000087000000| Complete 
| 112|0x0000000087000000, 0x0000000087100000, 0x0000000087100000|100%| O|  |TAMS 0x0000000087000000, 0x0000000087100000| Untracked 
| 113|0x0000000087100000, 0x0000000087200000, 0x0000000087200000|100%| O|  |TAMS 0x0000000087100000, 0x0000000087200000| Untracked 
| 114|0x0000000087200000, 0x0000000087300000, 0x0000000087300000|100%| O|  |TAMS 0x0000000087200000, 0x0000000087300000| Untracked 
| 115|0x0000000087300000, 0x0000000087300000, 0x0000000087400000|  0%| F|  |TAMS 0x0000000087300000, 0x0000000087300000| Untracked 
| 116|0x0000000087400000, 0x0000000087400000, 0x0000000087500000|  0%| F|  |TAMS 0x0000000087400000, 0x0000000087400000| Untracked 
| 117|0x0000000087500000, 0x0000000087500000, 0x0000000087600000|  0%| F|  |TAMS 0x0000000087500000, 0x0000000087500000| Untracked 
| 118|0x0000000087600000, 0x0000000087600000, 0x0000000087700000|  0%| F|  |TAMS 0x0000000087600000, 0x0000000087600000| Untracked 
| 119|0x0000000087700000, 0x0000000087700000, 0x0000000087800000|  0%| F|  |TAMS 0x0000000087700000, 0x0000000087700000| Untracked 
| 120|0x0000000087800000, 0x0000000087800000, 0x0000000087900000|  0%| F|  |TAMS 0x0000000087800000, 0x0000000087800000| Untracked 
| 121|0x0000000087900000, 0x0000000087900000, 0x0000000087a00000|  0%| F|  |TAMS 0x0000000087900000, 0x0000000087900000| Untracked 
| 122|0x0000000087a00000, 0x0000000087a00000, 0x0000000087b00000|  0%| F|  |TAMS 0x0000000087a00000, 0x0000000087a00000| Untracked 
| 123|0x0000000087b00000, 0x0000000087b00000, 0x0000000087c00000|  0%| F|  |TAMS 0x0000000087b00000, 0x0000000087b00000| Untracked 
| 124|0x0000000087c00000, 0x0000000087c00000, 0x0000000087d00000|  0%| F|  |TAMS 0x0000000087c00000, 0x0000000087c00000| Untracked 
| 125|0x0000000087d00000, 0x0000000087d00000, 0x0000000087e00000|  0%| F|  |TAMS 0x0000000087d00000, 0x0000000087d00000| Untracked 
| 126|0x0000000087e00000, 0x0000000087e00000, 0x0000000087f00000|  0%| F|  |TAMS 0x0000000087e00000, 0x0000000087e00000| Untracked 
| 127|0x0000000087f00000, 0x0000000087f00000, 0x0000000088000000|  0%| F|  |TAMS 0x0000000087f00000, 0x0000000087f00000| Untracked 
| 128|0x0000000088000000, 0x0000000088000000, 0x0000000088100000|  0%| F|  |TAMS 0x0000000088000000, 0x0000000088000000| Untracked 
| 129|0x0000000088100000, 0x0000000088100000, 0x0000000088200000|  0%| F|  |TAMS 0x0000000088100000, 0x0000000088100000| Untracked 
| 130|0x0000000088200000, 0x0000000088200000, 0x0000000088300000|  0%| F|  |TAMS 0x0000000088200000, 0x0000000088200000| Untracked 
| 131|0x0000000088300000, 0x0000000088300000, 0x0000000088400000|  0%| F|  |TAMS 0x0000000088300000, 0x0000000088300000| Untracked 
| 132|0x0000000088400000, 0x0000000088400000, 0x0000000088500000|  0%| F|  |TAMS 0x0000000088400000, 0x0000000088400000| Untracked 
| 133|0x0000000088500000, 0x0000000088500000, 0x0000000088600000|  0%| F|  |TAMS 0x0000000088500000, 0x0000000088500000| Untracked 
| 134|0x0000000088600000, 0x0000000088600000, 0x0000000088700000|  0%| F|  |TAMS 0x0000000088600000, 0x0000000088600000| Untracked 
| 135|0x0000000088700000, 0x0000000088700000, 0x0000000088800000|  0%| F|  |TAMS 0x0000000088700000, 0x0000000088700000| Untracked 
| 136|0x0000000088800000, 0x0000000088800000, 0x0000000088900000|  0%| F|  |TAMS 0x0000000088800000, 0x0000000088800000| Untracked 
| 137|0x0000000088900000, 0x0000000088900000, 0x0000000088a00000|  0%| F|  |TAMS 0x0000000088900000, 0x0000000088900000| Untracked 
| 138|0x0000000088a00000, 0x0000000088a00000, 0x0000000088b00000|  0%| F|  |TAMS 0x0000000088a00000, 0x0000000088a00000| Untracked 
| 139|0x0000000088b00000, 0x0000000088b00000, 0x0000000088c00000|  0%| F|  |TAMS 0x0000000088b00000, 0x0000000088b00000| Untracked 
| 140|0x0000000088c00000, 0x0000000088c00000, 0x0000000088d00000|  0%| F|  |TAMS 0x0000000088c00000, 0x0000000088c00000| Untracked 
| 141|0x0000000088d00000, 0x0000000088d00000, 0x0000000088e00000|  0%| F|  |TAMS 0x0000000088d00000, 0x0000000088d00000| Untracked 
| 142|0x0000000088e00000, 0x0000000088e00000, 0x0000000088f00000|  0%| F|  |TAMS 0x0000000088e00000, 0x0000000088e00000| Untracked 
| 143|0x0000000088f00000, 0x0000000088f00000, 0x0000000089000000|  0%| F|  |TAMS 0x0000000088f00000, 0x0000000088f00000| Untracked 
| 144|0x0000000089000000, 0x0000000089000000, 0x0000000089100000|  0%| F|  |TAMS 0x0000000089000000, 0x0000000089000000| Untracked 
| 145|0x0000000089100000, 0x0000000089100000, 0x0000000089200000|  0%| F|  |TAMS 0x0000000089100000, 0x0000000089100000| Untracked 
| 146|0x0000000089200000, 0x0000000089200000, 0x0000000089300000|  0%| F|  |TAMS 0x0000000089200000, 0x0000000089200000| Untracked 
| 147|0x0000000089300000, 0x0000000089300000, 0x0000000089400000|  0%| F|  |TAMS 0x0000000089300000, 0x0000000089300000| Untracked 
| 148|0x0000000089400000, 0x0000000089400000, 0x0000000089500000|  0%| F|  |TAMS 0x0000000089400000, 0x0000000089400000| Untracked 
| 149|0x0000000089500000, 0x0000000089500000, 0x0000000089600000|  0%| F|  |TAMS 0x0000000089500000, 0x0000000089500000| Untracked 
| 150|0x0000000089600000, 0x0000000089600000, 0x0000000089700000|  0%| F|  |TAMS 0x0000000089600000, 0x0000000089600000| Untracked 
| 151|0x0000000089700000, 0x0000000089700000, 0x0000000089800000|  0%| F|  |TAMS 0x0000000089700000, 0x0000000089700000| Untracked 
| 152|0x0000000089800000, 0x0000000089800000, 0x0000000089900000|  0%| F|  |TAMS 0x0000000089800000, 0x0000000089800000| Untracked 
| 153|0x0000000089900000, 0x0000000089900000, 0x0000000089a00000|  0%| F|  |TAMS 0x0000000089900000, 0x0000000089900000| Untracked 
| 154|0x0000000089a00000, 0x0000000089a00000, 0x0000000089b00000|  0%| F|  |TAMS 0x0000000089a00000, 0x0000000089a00000| Untracked 
| 155|0x0000000089b00000, 0x0000000089b00000, 0x0000000089c00000|  0%| F|  |TAMS 0x0000000089b00000, 0x0000000089b00000| Untracked 
| 156|0x0000000089c00000, 0x0000000089c00000, 0x0000000089d00000|  0%| F|  |TAMS 0x0000000089c00000, 0x0000000089c00000| Untracked 
| 157|0x0000000089d00000, 0x0000000089d00000, 0x0000000089e00000|  0%| F|  |TAMS 0x0000000089d00000, 0x0000000089d00000| Untracked 
| 158|0x0000000089e00000, 0x0000000089e00000, 0x0000000089f00000|  0%| F|  |TAMS 0x0000000089e00000, 0x0000000089e00000| Untracked 
| 159|0x0000000089f00000, 0x0000000089f00000, 0x000000008a000000|  0%| F|  |TAMS 0x0000000089f00000, 0x0000000089f00000| Untracked 
| 160|0x000000008a000000, 0x000000008a000000, 0x000000008a100000|  0%| F|  |TAMS 0x000000008a000000, 0x000000008a000000| Untracked 
| 161|0x000000008a100000, 0x000000008a100000, 0x000000008a200000|  0%| F|  |TAMS 0x000000008a100000, 0x000000008a100000| Untracked 
| 162|0x000000008a200000, 0x000000008a200000, 0x000000008a300000|  0%| F|  |TAMS 0x000000008a200000, 0x000000008a200000| Untracked 
| 163|0x000000008a300000, 0x000000008a300000, 0x000000008a400000|  0%| F|  |TAMS 0x000000008a300000, 0x000000008a300000| Untracked 
| 164|0x000000008a400000, 0x000000008a42f2d0, 0x000000008a500000| 18%| S|CS|TAMS 0x000000008a400000, 0x000000008a400000| Complete 
| 165|0x000000008a500000, 0x000000008a600000, 0x000000008a600000|100%| S|CS|TAMS 0x000000008a500000, 0x000000008a500000| Complete 
| 166|0x000000008a600000, 0x000000008a700000, 0x000000008a700000|100%| S|CS|TAMS 0x000000008a600000, 0x000000008a600000| Complete 
| 167|0x000000008a700000, 0x000000008a800000, 0x000000008a800000|100%| S|CS|TAMS 0x000000008a700000, 0x000000008a700000| Complete 
| 168|0x000000008a800000, 0x000000008a800000, 0x000000008a900000|  0%| F|  |TAMS 0x000000008a800000, 0x000000008a800000| Untracked 
| 169|0x000000008a900000, 0x000000008a900000, 0x000000008aa00000|  0%| F|  |TAMS 0x000000008a900000, 0x000000008a900000| Untracked 
| 170|0x000000008aa00000, 0x000000008aa00000, 0x000000008ab00000|  0%| F|  |TAMS 0x000000008aa00000, 0x000000008aa00000| Untracked 
| 171|0x000000008ab00000, 0x000000008ab00000, 0x000000008ac00000|  0%| F|  |TAMS 0x000000008ab00000, 0x000000008ab00000| Untracked 
| 172|0x000000008ac00000, 0x000000008ac00000, 0x000000008ad00000|  0%| F|  |TAMS 0x000000008ac00000, 0x000000008ac00000| Untracked 
| 173|0x000000008ad00000, 0x000000008ad00000, 0x000000008ae00000|  0%| F|  |TAMS 0x000000008ad00000, 0x000000008ad00000| Untracked 
| 174|0x000000008ae00000, 0x000000008ae00000, 0x000000008af00000|  0%| F|  |TAMS 0x000000008ae00000, 0x000000008ae00000| Untracked 
| 175|0x000000008af00000, 0x000000008af00000, 0x000000008b000000|  0%| F|  |TAMS 0x000000008af00000, 0x000000008af00000| Untracked 
| 176|0x000000008b000000, 0x000000008b000000, 0x000000008b100000|  0%| F|  |TAMS 0x000000008b000000, 0x000000008b000000| Untracked 
| 177|0x000000008b100000, 0x000000008b100000, 0x000000008b200000|  0%| F|  |TAMS 0x000000008b100000, 0x000000008b100000| Untracked 
| 178|0x000000008b200000, 0x000000008b200000, 0x000000008b300000|  0%| F|  |TAMS 0x000000008b200000, 0x000000008b200000| Untracked 
| 179|0x000000008b300000, 0x000000008b300000, 0x000000008b400000|  0%| F|  |TAMS 0x000000008b300000, 0x000000008b300000| Untracked 
| 180|0x000000008b400000, 0x000000008b400000, 0x000000008b500000|  0%| F|  |TAMS 0x000000008b400000, 0x000000008b400000| Untracked 
| 181|0x000000008b500000, 0x000000008b500000, 0x000000008b600000|  0%| F|  |TAMS 0x000000008b500000, 0x000000008b500000| Untracked 
| 182|0x000000008b600000, 0x000000008b600000, 0x000000008b700000|  0%| F|  |TAMS 0x000000008b600000, 0x000000008b600000| Untracked 
| 183|0x000000008b700000, 0x000000008b700000, 0x000000008b800000|  0%| F|  |TAMS 0x000000008b700000, 0x000000008b700000| Untracked 
| 184|0x000000008b800000, 0x000000008b800000, 0x000000008b900000|  0%| F|  |TAMS 0x000000008b800000, 0x000000008b800000| Untracked 

Card table byte_map: [0x0000027eba880000,0x0000027ebac80000] _byte_map_base: 0x0000027eba480000

Marking Bits (Prev, Next): (CMBitMap*) 0x0000027ea1d5bd00, (CMBitMap*) 0x0000027ea1d5bd40
 Prev Bits: [0x0000027ebb080000, 0x0000027ebd080000)
 Next Bits: [0x0000027ebd080000, 0x0000027ebf080000)

Polling page: 0x0000027ea1be0000

Metaspace:

Usage:
  Non-class:     93.26 MB used.
      Class:     13.83 MB used.
       Both:    107.09 MB used.

Virtual space:
  Non-class space:      128.00 MB reserved,      93.69 MB ( 73%) committed,  2 nodes.
      Class space:        1.00 GB reserved,      14.19 MB (  1%) committed,  1 nodes.
             Both:        1.13 GB reserved,     107.88 MB (  9%) committed. 

Chunk freelists:
   Non-Class:  1.84 MB
       Class:  1.83 MB
        Both:  3.67 MB

MaxMetaspaceSize: unlimited
CompressedClassSpaceSize: 1.00 GB
Initial GC threshold: 21.00 MB
Current GC threshold: 167.44 MB
CDS: on
MetaspaceReclaimPolicy: balanced
 - commit_granule_bytes: 65536.
 - commit_granule_words: 8192.
 - virtual_space_node_default_size: 8388608.
 - enlarge_chunks_in_place: 1.
 - new_chunks_are_fully_committed: 0.
 - uncommit_free_chunks: 1.
 - use_allocation_guard: 0.
 - handle_deallocations: 1.


Internal statistics:

num_allocs_failed_limit: 3.
num_arena_births: 852.
num_arena_deaths: 0.
num_vsnodes_births: 3.
num_vsnodes_deaths: 0.
num_space_committed: 1724.
num_space_uncommitted: 0.
num_chunks_returned_to_freelist: 3.
num_chunks_taken_from_freelist: 4838.
num_chunk_merges: 3.
num_chunk_splits: 3690.
num_chunks_enlarged: 2970.
num_inconsistent_stats: 0.

CodeHeap 'non-profiled nmethods': size=120064Kb used=5182Kb max_used=5182Kb free=114881Kb
 bounds [0x0000027eb3340000, 0x0000027eb3850000, 0x0000027eba880000]
CodeHeap 'profiled nmethods': size=120000Kb used=18786Kb max_used=18786Kb free=101213Kb
 bounds [0x0000027eab880000, 0x0000027eacae0000, 0x0000027eb2db0000]
CodeHeap 'non-nmethods': size=5696Kb used=2511Kb max_used=2551Kb free=3184Kb
 bounds [0x0000027eb2db0000, 0x0000027eb3040000, 0x0000027eb3340000]
 total_blobs=10433 nmethods=9362 adapters=983
 compilation: enabled
              stopped_count=0, restarted_count=0
 full_count=0

Compilation events (20 events):
Event: 108.916 Thread 0x0000027ec1430a20 10905       4       java.lang.ClassLoader::checkCerts (121 bytes)
Event: 108.983 Thread 0x0000027ec1430a20 nmethod 10905 0x0000027eb384d210 code [0x0000027eb384d440, 0x0000027eb384e560]
Event: 109.042 Thread 0x0000027ec1481c60 10906       3       java.lang.ClassLoader::findClass (9 bytes)
Event: 109.042 Thread 0x0000027ec1481c60 nmethod 10906 0x0000027eacad8690 code [0x0000027eacad8820, 0x0000027eacad89a8]
Event: 109.114 Thread 0x0000027ec1481c60 10907       3       org.gradle.internal.classloader.TransformReplacer::ensureOpened (18 bytes)
Event: 109.115 Thread 0x0000027ec1481c60 nmethod 10907 0x0000027eacad8a90 code [0x0000027eacad8c40, 0x0000027eacad8e68]
Event: 109.115 Thread 0x0000027ec1481c60 10908       1       org.gradle.internal.classloader.JarCompat::getJarFile (5 bytes)
Event: 109.115 Thread 0x0000027ec1481c60 nmethod 10908 0x0000027eb384f210 code [0x0000027eb384f3a0, 0x0000027eb384f478]
Event: 109.123 Thread 0x0000027ec1481c60 10909       3       org.gradle.internal.classloader.TransformErrorHandler::getLastErrorAndClear (20 bytes)
Event: 109.124 Thread 0x0000027ec1481c60 nmethod 10909 0x0000027eacad8f90 code [0x0000027eacad9140, 0x0000027eacad94d8]
Event: 109.148 Thread 0x0000027ec1481c60 10910       3       com.google.common.collect.MapMakerInternalMap$Segment::drainValueReferenceQueue (42 bytes)
Event: 109.149 Thread 0x0000027ec1481c60 nmethod 10910 0x0000027eacad9610 code [0x0000027eacad9800, 0x0000027eacad9db8]
Event: 109.149 Thread 0x0000027ec1481c60 10911       3       com.google.common.collect.MapMakerInternalMap$StrongKeyWeakValueEntry$Helper::setValue (32 bytes)
Event: 109.150 Thread 0x0000027ec1481c60 nmethod 10911 0x0000027eacada010 code [0x0000027eacada200, 0x0000027eacada808]
Event: 109.226 Thread 0x0000027ec1481c60 10912       3       java.util.zip.ZipFile$ZipFileInflaterInputStream::available (44 bytes)
Event: 109.226 Thread 0x0000027ec1481c60 nmethod 10912 0x0000027eacadaa90 code [0x0000027eacadac60, 0x0000027eacadafc8]
Event: 109.226 Thread 0x0000027ec1481c60 10913   !   3       java.util.zip.Inflater::getBytesWritten (23 bytes)
Event: 109.227 Thread 0x0000027ec1481c60 nmethod 10913 0x0000027eacadb110 code [0x0000027eacadb2c0, 0x0000027eacadb4e8]
Event: 109.250 Thread 0x0000027ec1430a20 10914       4       java.util.concurrent.ConcurrentHashMap$Node::<init> (20 bytes)
Event: 109.254 Thread 0x0000027ec1430a20 nmethod 10914 0x0000027eb384f510 code [0x0000027eb384f680, 0x0000027eb384f8b8]

GC Heap History (20 events):
Event: 82.065 GC heap after
{Heap after GC invocations=73 (full 0):
 garbage-first heap   total 177152K, used 101803K [0x0000000080000000, 0x0000000100000000)
  region size 1024K, 1 young (1024K), 1 survivors (1024K)
 Metaspace       used 80589K, committed 81280K, reserved 1179648K
  class space    used 10960K, committed 11328K, reserved 1048576K
}
Event: 85.991 GC heap before
{Heap before GC invocations=73 (full 0):
 garbage-first heap   total 177152K, used 142763K [0x0000000080000000, 0x0000000100000000)
  region size 1024K, 41 young (41984K), 1 survivors (1024K)
 Metaspace       used 85387K, committed 86144K, reserved 1179648K
  class space    used 11522K, committed 11904K, reserved 1048576K
}
Event: 86.004 GC heap after
{Heap after GC invocations=74 (full 0):
 garbage-first heap   total 177152K, used 103325K [0x0000000080000000, 0x0000000100000000)
  region size 1024K, 2 young (2048K), 2 survivors (2048K)
 Metaspace       used 85387K, committed 86144K, reserved 1179648K
  class space    used 11522K, committed 11904K, reserved 1048576K
}
Event: 88.098 GC heap before
{Heap before GC invocations=75 (full 0):
 garbage-first heap   total 181248K, used 146333K [0x0000000080000000, 0x0000000100000000)
  region size 1024K, 43 young (44032K), 2 survivors (2048K)
 Metaspace       used 88123K, committed 88960K, reserved 1179648K
  class space    used 11874K, committed 12288K, reserved 1048576K
}
Event: 88.117 GC heap after
{Heap after GC invocations=76 (full 0):
 garbage-first heap   total 181248K, used 105707K [0x0000000080000000, 0x0000000100000000)
  region size 1024K, 5 young (5120K), 5 survivors (5120K)
 Metaspace       used 88123K, committed 88960K, reserved 1179648K
  class space    used 11874K, committed 12288K, reserved 1048576K
}
Event: 88.154 GC heap before
{Heap before GC invocations=76 (full 0):
 garbage-first heap   total 181248K, used 108779K [0x0000000080000000, 0x0000000100000000)
  region size 1024K, 8 young (8192K), 5 survivors (5120K)
 Metaspace       used 88123K, committed 88960K, reserved 1179648K
  class space    used 11874K, committed 12288K, reserved 1048576K
}
Event: 88.175 GC heap after
{Heap after GC invocations=77 (full 0):
 garbage-first heap   total 181248K, used 106049K [0x0000000080000000, 0x0000000100000000)
  region size 1024K, 1 young (1024K), 1 survivors (1024K)
 Metaspace       used 88123K, committed 88960K, reserved 1179648K
  class space    used 11874K, committed 12288K, reserved 1048576K
}
Event: 93.110 GC heap before
{Heap before GC invocations=77 (full 0):
 garbage-first heap   total 181248K, used 150081K [0x0000000080000000, 0x0000000100000000)
  region size 1024K, 44 young (45056K), 1 survivors (1024K)
 Metaspace       used 90890K, committed 91648K, reserved 1179648K
  class space    used 12151K, committed 12544K, reserved 1048576K
}
Event: 93.130 GC heap after
{Heap after GC invocations=78 (full 0):
 garbage-first heap   total 181248K, used 107801K [0x0000000080000000, 0x0000000100000000)
  region size 1024K, 3 young (3072K), 3 survivors (3072K)
 Metaspace       used 90890K, committed 91648K, reserved 1179648K
  class space    used 12151K, committed 12544K, reserved 1048576K
}
Event: 96.749 GC heap before
{Heap before GC invocations=79 (full 0):
 garbage-first heap   total 186368K, used 150809K [0x0000000080000000, 0x0000000100000000)
  region size 1024K, 45 young (46080K), 3 survivors (3072K)
 Metaspace       used 95541K, committed 96320K, reserved 1179648K
  class space    used 12618K, committed 12992K, reserved 1048576K
}
Event: 96.770 GC heap after
{Heap after GC invocations=80 (full 0):
 garbage-first heap   total 186368K, used 110839K [0x0000000080000000, 0x0000000100000000)
  region size 1024K, 6 young (6144K), 6 survivors (6144K)
 Metaspace       used 95541K, committed 96320K, reserved 1179648K
  class space    used 12618K, committed 12992K, reserved 1048576K
}
Event: 96.929 GC heap before
{Heap before GC invocations=80 (full 0):
 garbage-first heap   total 186368K, used 113911K [0x0000000080000000, 0x0000000100000000)
  region size 1024K, 9 young (9216K), 6 survivors (6144K)
 Metaspace       used 95897K, committed 96704K, reserved 1179648K
  class space    used 12665K, committed 13056K, reserved 1048576K
}
Event: 96.947 GC heap after
{Heap after GC invocations=81 (full 0):
 garbage-first heap   total 186368K, used 111063K [0x0000000080000000, 0x0000000100000000)
  region size 1024K, 1 young (1024K), 1 survivors (1024K)
 Metaspace       used 95897K, committed 96704K, reserved 1179648K
  class space    used 12665K, committed 13056K, reserved 1048576K
}
Event: 100.462 GC heap before
{Heap before GC invocations=81 (full 0):
 garbage-first heap   total 186368K, used 156119K [0x0000000080000000, 0x0000000100000000)
  region size 1024K, 45 young (46080K), 1 survivors (1024K)
 Metaspace       used 101911K, committed 102656K, reserved 1179648K
  class space    used 13337K, committed 13696K, reserved 1048576K
}
Event: 100.473 GC heap after
{Heap after GC invocations=82 (full 0):
 garbage-first heap   total 186368K, used 111395K [0x0000000080000000, 0x0000000100000000)
  region size 1024K, 2 young (2048K), 2 survivors (2048K)
 Metaspace       used 101911K, committed 102656K, reserved 1179648K
  class space    used 13337K, committed 13696K, reserved 1048576K
}
Event: 107.141 GC heap before
{Heap before GC invocations=83 (full 0):
 garbage-first heap   total 189440K, used 156451K [0x0000000080000000, 0x0000000100000000)
  region size 1024K, 46 young (47104K), 2 survivors (2048K)
 Metaspace       used 108428K, committed 109184K, reserved 1179648K
  class space    used 13999K, committed 14400K, reserved 1048576K
}
Event: 107.155 GC heap after
{Heap after GC invocations=84 (full 0):
 garbage-first heap   total 189440K, used 111997K [0x0000000080000000, 0x0000000100000000)
  region size 1024K, 2 young (2048K), 2 survivors (2048K)
 Metaspace       used 108428K, committed 109184K, reserved 1179648K
  class space    used 13999K, committed 14400K, reserved 1048576K
}
Event: 107.966 GC heap before
{Heap before GC invocations=84 (full 0):
 garbage-first heap   total 189440K, used 122237K [0x0000000080000000, 0x0000000100000000)
  region size 1024K, 9 young (9216K), 2 survivors (2048K)
 Metaspace       used 108619K, committed 109376K, reserved 1179648K
  class space    used 14023K, committed 14400K, reserved 1048576K
}
Event: 107.983 GC heap after
{Heap after GC invocations=85 (full 0):
 garbage-first heap   total 189440K, used 118784K [0x0000000080000000, 0x0000000100000000)
  region size 1024K, 2 young (2048K), 2 survivors (2048K)
 Metaspace       used 108619K, committed 109376K, reserved 1179648K
  class space    used 14023K, committed 14400K, reserved 1048576K
}
Event: 109.282 GC heap before
{Heap before GC invocations=85 (full 0):
 garbage-first heap   total 189440K, used 133120K [0x0000000080000000, 0x0000000100000000)
  region size 1024K, 17 young (17408K), 2 survivors (2048K)
 Metaspace       used 109657K, committed 110464K, reserved 1179648K
  class space    used 14159K, committed 14528K, reserved 1048576K
}

Dll operation events (16 events):
Event: 0.016 Loaded shared library C:\Program Files\Eclipse Adoptium\jdk-17.0.14.7-hotspot\bin\java.dll
Event: 0.077 Loaded shared library C:\Program Files\Eclipse Adoptium\jdk-17.0.14.7-hotspot\bin\jsvml.dll
Event: 0.513 Loaded shared library C:\Program Files\Eclipse Adoptium\jdk-17.0.14.7-hotspot\bin\zip.dll
Event: 0.520 Loaded shared library C:\Program Files\Eclipse Adoptium\jdk-17.0.14.7-hotspot\bin\instrument.dll
Event: 0.543 Loaded shared library C:\Program Files\Eclipse Adoptium\jdk-17.0.14.7-hotspot\bin\net.dll
Event: 0.573 Loaded shared library C:\Program Files\Eclipse Adoptium\jdk-17.0.14.7-hotspot\bin\nio.dll
Event: 0.592 Loaded shared library C:\Program Files\Eclipse Adoptium\jdk-17.0.14.7-hotspot\bin\zip.dll
Event: 1.750 Loaded shared library C:\Program Files\Eclipse Adoptium\jdk-17.0.14.7-hotspot\bin\jimage.dll
Event: 2.127 Loaded shared library C:\Program Files\Eclipse Adoptium\jdk-17.0.14.7-hotspot\bin\verify.dll
Event: 2.833 Loaded shared library C:\Users\AL SHIDI\.gradle\native\c067742578af261105cb4f569cf0c3c89f3d7b1fecec35dd04571415982c5e48\windows-amd64\native-platform.dll
Event: 2.843 Loading shared library C:\Users\AL SHIDI\.gradle\native\38dada09dfb8b06ba9b0570ebf7e218e3eb74d4ef43ca46872605cf95ebc2f47\windows-amd64\native-platform-file-events.dll failed, error code 127
Event: 2.847 Loading shared library C:\Users\AL SHIDI\.gradle\native\38dada09dfb8b06ba9b0570ebf7e218e3eb74d4ef43ca46872605cf95ebc2f47\windows-amd64-min\native-platform-file-events.dll failed, error code 127
Event: 5.928 Loaded shared library C:\Program Files\Eclipse Adoptium\jdk-17.0.14.7-hotspot\bin\management.dll
Event: 5.933 Loaded shared library C:\Program Files\Eclipse Adoptium\jdk-17.0.14.7-hotspot\bin\management_ext.dll
Event: 6.606 Loaded shared library C:\Program Files\Eclipse Adoptium\jdk-17.0.14.7-hotspot\bin\extnet.dll
Event: 7.400 Loaded shared library C:\Program Files\Eclipse Adoptium\jdk-17.0.14.7-hotspot\bin\sunmscapi.dll

Deoptimization events (20 events):
Event: 108.688 Thread 0x0000027ec17414b0 Uncommon trap: trap_request=0xffffffde fr.pc=0x0000027eb36feed0 relative=0x00000000000028d0
Event: 108.688 Thread 0x0000027ec17414b0 Uncommon trap: reason=class_check action=maybe_recompile pc=0x0000027eb36feed0 method=java.util.jar.JarFile.getManifestFromReference()Ljava/util/jar/Manifest; @ 152 c2
Event: 108.688 Thread 0x0000027ec17414b0 DEOPT PACKING pc=0x0000027eb36feed0 sp=0x000000e3ae2f6460
Event: 108.688 Thread 0x0000027ec17414b0 DEOPT UNPACKING pc=0x0000027eb2e0699d sp=0x000000e3ae2f6430 mode 2
Event: 108.701 Thread 0x0000027ec17414b0 Uncommon trap: trap_request=0xffffffde fr.pc=0x0000027eb341982c relative=0x000000000000074c
Event: 108.701 Thread 0x0000027ec17414b0 Uncommon trap: reason=class_check action=maybe_recompile pc=0x0000027eb341982c method=java.io.BufferedInputStream.read1([BII)I @ 39 c2
Event: 108.701 Thread 0x0000027ec17414b0 DEOPT PACKING pc=0x0000027eb341982c sp=0x000000e3ae2f6270
Event: 108.701 Thread 0x0000027ec17414b0 DEOPT UNPACKING pc=0x0000027eb2e0699d sp=0x000000e3ae2f6188 mode 2
Event: 108.701 Thread 0x0000027ec17414b0 Uncommon trap: trap_request=0xffffffde fr.pc=0x0000027eb341982c relative=0x000000000000074c
Event: 108.701 Thread 0x0000027ec17414b0 Uncommon trap: reason=class_check action=maybe_recompile pc=0x0000027eb341982c method=java.io.BufferedInputStream.read1([BII)I @ 39 c2
Event: 108.701 Thread 0x0000027ec17414b0 DEOPT PACKING pc=0x0000027eb341982c sp=0x000000e3ae2f6270
Event: 108.701 Thread 0x0000027ec17414b0 DEOPT UNPACKING pc=0x0000027eb2e0699d sp=0x000000e3ae2f6188 mode 2
Event: 108.701 Thread 0x0000027ec17414b0 Uncommon trap: trap_request=0xffffffde fr.pc=0x0000027eb341982c relative=0x000000000000074c
Event: 108.701 Thread 0x0000027ec17414b0 Uncommon trap: reason=class_check action=maybe_recompile pc=0x0000027eb341982c method=java.io.BufferedInputStream.read1([BII)I @ 39 c2
Event: 108.701 Thread 0x0000027ec17414b0 DEOPT PACKING pc=0x0000027eb341982c sp=0x000000e3ae2f6270
Event: 108.701 Thread 0x0000027ec17414b0 DEOPT UNPACKING pc=0x0000027eb2e0699d sp=0x000000e3ae2f6188 mode 2
Event: 109.171 Thread 0x0000027ec17414b0 Uncommon trap: trap_request=0xffffffde fr.pc=0x0000027eb36feed0 relative=0x00000000000028d0
Event: 109.171 Thread 0x0000027ec17414b0 Uncommon trap: reason=class_check action=maybe_recompile pc=0x0000027eb36feed0 method=java.util.jar.JarFile.getManifestFromReference()Ljava/util/jar/Manifest; @ 152 c2
Event: 109.171 Thread 0x0000027ec17414b0 DEOPT PACKING pc=0x0000027eb36feed0 sp=0x000000e3ae2f5c30
Event: 109.171 Thread 0x0000027ec17414b0 DEOPT UNPACKING pc=0x0000027eb2e0699d sp=0x000000e3ae2f5c00 mode 2

Classes loaded (20 events):
Event: 82.305 Loading class java/text/CharacterIterator done
Event: 82.305 Loading class java/text/StringCharacterIterator done
Event: 82.447 Loading class java/io/NotSerializableException
Event: 82.447 Loading class java/io/NotSerializableException done
Event: 105.637 Loading class java/util/Vector$Itr
Event: 105.638 Loading class java/util/Vector$Itr done
Event: 106.667 Loading class java/nio/channels/Channels$1
Event: 106.670 Loading class java/nio/channels/Channels$1 done
Event: 106.677 Loading class java/util/zip/Deflater
Event: 106.679 Loading class java/util/zip/Deflater done
Event: 106.683 Loading class java/util/zip/Deflater$DeflaterZStreamRef
Event: 106.683 Loading class java/util/zip/Deflater$DeflaterZStreamRef done
Event: 106.935 Loading class java/nio/StringCharBuffer
Event: 106.936 Loading class java/nio/StringCharBuffer done
Event: 106.984 Loading class java/util/zip/ZipInputStream
Event: 106.987 Loading class java/util/zip/ZipInputStream done
Event: 106.994 Loading class java/nio/file/StandardCopyOption
Event: 106.995 Loading class java/nio/file/StandardCopyOption done
Event: 106.996 Loading class sun/nio/fs/WindowsFileCopy
Event: 107.000 Loading class sun/nio/fs/WindowsFileCopy done

Classes unloaded (0 events):
No events

Classes redefined (0 events):
No events

Internal exceptions (20 events):
Event: 65.483 Thread 0x0000027ec17414b0 Exception <a 'java/lang/NoSuchMethodError'{0x00000000846a9bf0}: 'int java.lang.invoke.Invokers$Holder.invoke_MT(java.lang.Object, java.lang.Object, java.lang.Object, java.lang.Object)'> (0x00000000846a9bf0) 
thrown [s\src\hotspot\share\interpreter\linkResolver.cpp, line 759]
Event: 65.496 Thread 0x0000027ec17414b0 Exception <a 'java/lang/NoSuchMethodError'{0x00000000846bab10}: 'void java.lang.invoke.DelegatingMethodHandle$Holder.reinvoke_L(java.lang.Object, java.lang.Object, java.lang.Object, long, java.lang.Object)'> (0x00000000846bab10) 
thrown [s\src\hotspot\share\interpreter\linkResolver.cpp, line 759]
Event: 65.498 Thread 0x0000027ec17414b0 Exception <a 'java/lang/NoSuchMethodError'{0x00000000846c36e8}: 'java.lang.Object java.lang.invoke.DirectMethodHandle$Holder.invokeSpecial(java.lang.Object, java.lang.Object, java.lang.Object, java.lang.Object, long)'> (0x00000000846c36e8) 
thrown [s\src\hotspot\share\interpreter\linkResolver.cpp, line 759]
Event: 65.504 Thread 0x0000027ec17414b0 Exception <a 'java/lang/NoSuchMethodError'{0x00000000846d42c8}: 'int java.lang.invoke.DelegatingMethodHandle$Holder.reinvoke_L(java.lang.Object, java.lang.Object, java.lang.Object, long, java.lang.Object, java.lang.Object)'> (0x00000000846d42c8) 
thrown [s\src\hotspot\share\interpreter\linkResolver.cpp, line 759]
Event: 65.521 Thread 0x0000027ec17414b0 Exception <a 'java/lang/NoSuchMethodError'{0x00000000846e45b0}: 'int java.lang.invoke.DelegatingMethodHandle$Holder.reinvoke_L(java.lang.Object, java.lang.Object, java.lang.Object, long, int, int)'> (0x00000000846e45b0) 
thrown [s\src\hotspot\share\interpreter\linkResolver.cpp, line 759]
Event: 65.529 Thread 0x0000027ec17414b0 Exception <a 'java/lang/NoSuchMethodError'{0x00000000846f4640}: 'int java.lang.invoke.DelegatingMethodHandle$Holder.reinvoke_L(java.lang.Object, java.lang.Object, java.lang.Object, long, long, long)'> (0x00000000846f4640) 
thrown [s\src\hotspot\share\interpreter\linkResolver.cpp, line 759]
Event: 65.532 Thread 0x0000027ec17414b0 Exception <a 'java/lang/NoSuchMethodError'{0x0000000084504688}: 'int java.lang.invoke.DelegatingMethodHandle$Holder.reinvoke_L(java.lang.Object, java.lang.Object, java.lang.Object, long, int)'> (0x0000000084504688) 
thrown [s\src\hotspot\share\interpreter\linkResolver.cpp, line 759]
Event: 67.643 Thread 0x0000027ec17414b0 Exception <a 'java/lang/NoSuchMethodError'{0x00000000848af7a8}: 'java.lang.Object java.lang.invoke.Invokers$Holder.invokeExact_MT(java.lang.Object, java.lang.Object, long, java.lang.Object)'> (0x00000000848af7a8) 
thrown [s\src\hotspot\share\interpreter\linkResolver.cpp, line 759]
Event: 67.765 Thread 0x0000027ec17414b0 Exception <a 'java/lang/NoSuchMethodError'{0x0000000084545bd8}: 'java.lang.Object java.lang.invoke.Invokers$Holder.invoke_MT(java.lang.Object, java.lang.Object, java.lang.Object)'> (0x0000000084545bd8) 
thrown [s\src\hotspot\share\interpreter\linkResolver.cpp, line 759]
Event: 68.992 Thread 0x0000027ec17414b0 Implicit null exception at 0x0000027eb3746274 to 0x0000027eb374814c
Event: 84.370 Thread 0x0000027ec17414b0 Exception <a 'java/lang/NoSuchMethodError'{0x0000000089537ee0}: 'int java.lang.invoke.DirectMethodHandle$Holder.invokeSpecial(java.lang.Object, java.lang.Object, int, int)'> (0x0000000089537ee0) 
thrown [s\src\hotspot\share\interpreter\linkResolver.cpp, line 759]
Event: 86.732 Thread 0x0000027ec17414b0 Exception <a 'java/lang/NoSuchMethodError'{0x000000008a6f6990}: 'java.lang.Object java.lang.invoke.DirectMethodHandle$Holder.invokeStatic(java.lang.Object, java.lang.Object, java.lang.Object, java.lang.Object, int)'> (0x000000008a6f6990) 
thrown [s\src\hotspot\share\interpreter\linkResolver.cpp, line 759]
Event: 92.952 Thread 0x0000027ec17414b0 Implicit null exception at 0x0000027eb33bc091 to 0x0000027eb33bc180
Event: 96.552 Thread 0x0000027ec17414b0 Exception <a 'java/lang/NoSuchMethodError'{0x00000000890c3250}: 'java.lang.Object java.lang.invoke.DirectMethodHandle$Holder.newInvokeSpecial(java.lang.Object, java.lang.Object, java.lang.Object, int, int, java.lang.Object, java.lang.Object)'> (0x00000000890c3250) 
thrown [s\src\hotspot\share\interpreter\linkResolver.cpp, line 759]
Event: 106.540 Thread 0x0000027ec17414b0 Exception <a 'sun/nio/fs/WindowsException'{0x0000000089006798}> (0x0000000089006798) 
thrown [s\src\hotspot\share\prims\jni.cpp, line 516]
Event: 106.541 Thread 0x0000027ec17414b0 Exception <a 'sun/nio/fs/WindowsException'{0x0000000089008358}> (0x0000000089008358) 
thrown [s\src\hotspot\share\prims\jni.cpp, line 516]
Event: 107.001 Thread 0x0000027ec17414b0 Exception <a 'sun/nio/fs/WindowsException'{0x0000000088d16ea0}> (0x0000000088d16ea0) 
thrown [s\src\hotspot\share\prims\jni.cpp, line 516]
Event: 107.002 Thread 0x0000027ec17414b0 Exception <a 'sun/nio/fs/WindowsException'{0x0000000088d17140}> (0x0000000088d17140) 
thrown [s\src\hotspot\share\prims\jni.cpp, line 516]
Event: 107.194 Thread 0x0000027ec17414b0 Implicit null exception at 0x0000027eb33d5412 to 0x0000027eb33d5ab0
Event: 107.195 Thread 0x0000027ec17414b0 Implicit null exception at 0x0000027eb33d6394 to 0x0000027eb33d69d0

VM Operations (20 events):
Event: 102.740 Executing VM operation: HandshakeAllThreads done
Event: 102.933 Executing VM operation: HandshakeAllThreads
Event: 102.933 Executing VM operation: HandshakeAllThreads done
Event: 103.934 Executing VM operation: Cleanup
Event: 104.112 Executing VM operation: Cleanup done
Event: 104.710 Executing VM operation: HandshakeAllThreads
Event: 104.710 Executing VM operation: HandshakeAllThreads done
Event: 105.710 Executing VM operation: Cleanup
Event: 105.710 Executing VM operation: Cleanup done
Event: 106.711 Executing VM operation: Cleanup
Event: 106.725 Executing VM operation: Cleanup done
Event: 106.820 Executing VM operation: HandshakeAllThreads
Event: 106.820 Executing VM operation: HandshakeAllThreads done
Event: 107.140 Executing VM operation: G1CollectForAllocation
Event: 107.155 Executing VM operation: G1CollectForAllocation done
Event: 107.966 Executing VM operation: G1CollectForAllocation
Event: 107.983 Executing VM operation: G1CollectForAllocation done
Event: 108.984 Executing VM operation: Cleanup
Event: 108.984 Executing VM operation: Cleanup done
Event: 109.282 Executing VM operation: G1TryInitiateConcMark

Memory protections (0 events):
No events

Nmethod flushes (20 events):
Event: 87.611 Thread 0x0000027ec14a6920 flushing  nmethod 0x0000027eac713c10
Event: 87.611 Thread 0x0000027ec14a6920 flushing  nmethod 0x0000027eac736f10
Event: 87.611 Thread 0x0000027ec14a6920 flushing  nmethod 0x0000027eac737510
Event: 87.611 Thread 0x0000027ec14a6920 flushing  nmethod 0x0000027eac75d110
Event: 87.611 Thread 0x0000027ec14a6920 flushing  nmethod 0x0000027eac7a1310
Event: 87.612 Thread 0x0000027ec14a6920 flushing  nmethod 0x0000027eac7f2310
Event: 87.612 Thread 0x0000027ec14a6920 flushing  nmethod 0x0000027eac7fd590
Event: 87.612 Thread 0x0000027ec14a6920 flushing  nmethod 0x0000027eac821890
Event: 87.612 Thread 0x0000027ec14a6920 flushing  nmethod 0x0000027eac822090
Event: 87.612 Thread 0x0000027ec14a6920 flushing  nmethod 0x0000027eac822710
Event: 87.612 Thread 0x0000027ec14a6920 flushing  nmethod 0x0000027eac831410
Event: 87.612 Thread 0x0000027ec14a6920 flushing  nmethod 0x0000027eac832d10
Event: 87.612 Thread 0x0000027ec14a6920 flushing  nmethod 0x0000027eac834810
Event: 87.612 Thread 0x0000027ec14a6920 flushing  nmethod 0x0000027eac837c10
Event: 87.612 Thread 0x0000027ec14a6920 flushing  nmethod 0x0000027eac838990
Event: 87.612 Thread 0x0000027ec14a6920 flushing  nmethod 0x0000027eac844690
Event: 87.612 Thread 0x0000027ec14a6920 flushing  nmethod 0x0000027eac844b90
Event: 87.612 Thread 0x0000027ec14a6920 flushing  nmethod 0x0000027eac846490
Event: 87.612 Thread 0x0000027ec14a6920 flushing  nmethod 0x0000027eac862490
Event: 87.612 Thread 0x0000027ec14a6920 flushing  nmethod 0x0000027eac869590

Events (20 events):
Event: 7.496 Thread 0x0000027f07c1c6c0 Thread added: 0x0000027f07c1cba0
Event: 7.654 Thread 0x0000027f07c1c6c0 Thread added: 0x0000027ec1741ed0
Event: 7.670 Thread 0x0000027f07c1c6c0 Thread added: 0x0000027ec17414b0
Event: 7.714 Thread 0x0000027ec17414b0 Thread added: 0x0000027ec1743310
Event: 7.720 Thread 0x0000027ec17414b0 Thread added: 0x0000027ec1743820
Event: 7.731 Thread 0x0000027ec17414b0 Thread added: 0x0000027ec17428f0
Event: 9.008 Thread 0x0000027ec17414b0 Thread added: 0x0000027ec1742e00
Event: 9.033 Thread 0x0000027ec17414b0 Thread added: 0x0000027ec17423e0
Event: 9.146 Thread 0x0000027ec17414b0 Thread added: 0x0000027ec1740070
Event: 12.009 Thread 0x0000027ec17414b0 Thread added: 0x0000027ec1740a90
Event: 13.486 Thread 0x0000027ec17414b0 Thread added: 0x0000027ec1740fa0
Event: 13.487 Thread 0x0000027ec17414b0 Thread added: 0x0000027ec17419c0
Event: 15.604 Thread 0x0000027ec17414b0 Thread added: 0x0000027f07b23ab0
Event: 15.873 Thread 0x0000027ec17414b0 Thread added: 0x0000027f07b25910
Event: 15.916 Thread 0x0000027ec17414b0 Thread added: 0x0000027f07b24ef0
Event: 17.740 Thread 0x0000027ec17414b0 Thread added: 0x0000027f07b26840
Event: 46.156 Thread 0x0000027ec17414b0 Thread added: 0x0000027f07b26d50
Event: 53.085 Thread 0x0000027ec17414b0 Thread added: 0x0000027f07b21c50
Event: 54.159 Thread 0x0000027ec17414b0 Thread added: 0x0000027f07b27260
Event: 67.729 Thread 0x0000027ec1743820 Thread exited: 0x0000027ec1743820


Dynamic libraries:
0x00007ff6e5cb0000 - 0x00007ff6e5cbe000 	C:\Program Files\Eclipse Adoptium\jdk-17.0.14.7-hotspot\bin\java.exe
0x00007ffc17ea0000 - 0x00007ffc1807b000 	C:\Windows\SYSTEM32\ntdll.dll
0x00007ffc17a90000 - 0x00007ffc17b3e000 	C:\Windows\System32\KERNEL32.DLL
0x00007ffc146a0000 - 0x00007ffc148ea000 	C:\Windows\System32\KERNELBASE.dll
0x00007ffc144e0000 - 0x00007ffc145d4000 	C:\Windows\System32\ucrtbase.dll
0x00007ffc0e0c0000 - 0x00007ffc0e0d7000 	C:\Program Files\Eclipse Adoptium\jdk-17.0.14.7-hotspot\bin\jli.dll
0x00007ffc17ce0000 - 0x00007ffc17e2a000 	C:\Windows\System32\USER32.dll
0x00007ffc145e0000 - 0x00007ffc145fe000 	C:\Windows\System32\win32u.dll
0x00007ffc17480000 - 0x00007ffc174a7000 	C:\Windows\System32\GDI32.dll
0x00007ffc148f0000 - 0x00007ffc14a78000 	C:\Windows\System32\gdi32full.dll
0x00007ffc14600000 - 0x00007ffc1469a000 	C:\Windows\System32\msvcp_win.dll
0x00007ffc06b50000 - 0x00007ffc06b6e000 	C:\Program Files\Eclipse Adoptium\jdk-17.0.14.7-hotspot\bin\VCRUNTIME140.dll
0x00007ffc05250000 - 0x00007ffc054b7000 	C:\Windows\WinSxS\amd64_microsoft.windows.common-controls_6595b64144ccf1df_6.0.15063.1897_none_40cb64bd29a40d00\COMCTL32.dll
0x00007ffc173e0000 - 0x00007ffc1747d000 	C:\Windows\System32\msvcrt.dll
0x00007ffc17080000 - 0x00007ffc17376000 	C:\Windows\System32\combase.dll
0x00007ffc155d0000 - 0x00007ffc156f5000 	C:\Windows\System32\RPCRT4.dll
0x00007ffc14460000 - 0x00007ffc144d5000 	C:\Windows\System32\bcryptPrimitives.dll
0x00007ffc16ed0000 - 0x00007ffc16efd000 	C:\Windows\System32\IMM32.DLL
0x00007ffc0fd50000 - 0x00007ffc0fd5c000 	C:\Program Files\Eclipse Adoptium\jdk-17.0.14.7-hotspot\bin\vcruntime140_1.dll
0x00007ffc04ee0000 - 0x00007ffc04f6d000 	C:\Program Files\Eclipse Adoptium\jdk-17.0.14.7-hotspot\bin\msvcp140.dll
0x00007ffbe4da0000 - 0x00007ffbe5a0b000 	C:\Program Files\Eclipse Adoptium\jdk-17.0.14.7-hotspot\bin\server\jvm.dll
0x00007ffc16b50000 - 0x00007ffc16bf1000 	C:\Windows\System32\ADVAPI32.dll
0x00007ffc17e30000 - 0x00007ffc17e89000 	C:\Windows\System32\sechost.dll
0x00007ffc14340000 - 0x00007ffc1438c000 	C:\Windows\System32\POWRPROF.dll
0x00007ffc178f0000 - 0x00007ffc1795c000 	C:\Windows\System32\WS2_32.dll
0x00007ffc128b0000 - 0x00007ffc128d3000 	C:\Windows\SYSTEM32\WINMM.dll
0x00007ffc0f0e0000 - 0x00007ffc0f0ea000 	C:\Windows\SYSTEM32\VERSION.dll
0x00007ffc12850000 - 0x00007ffc1287b000 	C:\Windows\SYSTEM32\WINMMBASE.dll
0x00007ffc14a80000 - 0x00007ffc14ac9000 	C:\Windows\System32\cfgmgr32.dll
0x00007ffc14390000 - 0x00007ffc143a1000 	C:\Windows\System32\kernel.appcore.dll
0x00007ffc0e1c0000 - 0x00007ffc0e1ca000 	C:\Program Files\Eclipse Adoptium\jdk-17.0.14.7-hotspot\bin\jimage.dll
0x00007ffc09750000 - 0x00007ffc098f9000 	C:\Windows\SYSTEM32\DBGHELP.DLL
0x00007ffbfce60000 - 0x00007ffbfce89000 	C:\Windows\SYSTEM32\dbgcore.DLL
0x00007ffc06b40000 - 0x00007ffc06b4e000 	C:\Program Files\Eclipse Adoptium\jdk-17.0.14.7-hotspot\bin\instrument.dll
0x00007ffc02aa0000 - 0x00007ffc02ac5000 	C:\Program Files\Eclipse Adoptium\jdk-17.0.14.7-hotspot\bin\java.dll
0x00007ffc06b70000 - 0x00007ffc06c47000 	C:\Program Files\Eclipse Adoptium\jdk-17.0.14.7-hotspot\bin\jsvml.dll
0x00007ffc15710000 - 0x00007ffc16b49000 	C:\Windows\System32\SHELL32.dll
0x00007ffc179e0000 - 0x00007ffc17a8a000 	C:\Windows\System32\shcore.dll
0x00007ffc14ad0000 - 0x00007ffc151c5000 	C:\Windows\System32\windows.storage.dll
0x00007ffc15400000 - 0x00007ffc15451000 	C:\Windows\System32\shlwapi.dll
0x00007ffc14300000 - 0x00007ffc14315000 	C:\Windows\System32\profapi.dll
0x00007ffc0e120000 - 0x00007ffc0e138000 	C:\Program Files\Eclipse Adoptium\jdk-17.0.14.7-hotspot\bin\zip.dll
0x00007ffc0e100000 - 0x00007ffc0e119000 	C:\Program Files\Eclipse Adoptium\jdk-17.0.14.7-hotspot\bin\net.dll
0x00007ffc07160000 - 0x00007ffc07236000 	C:\Windows\SYSTEM32\WINHTTP.dll
0x00007ffc13c00000 - 0x00007ffc13c5c000 	C:\Windows\system32\mswsock.dll
0x00007ffc0e0e0000 - 0x00007ffc0e0f6000 	C:\Program Files\Eclipse Adoptium\jdk-17.0.14.7-hotspot\bin\nio.dll
0x00007ffc06b00000 - 0x00007ffc06b10000 	C:\Program Files\Eclipse Adoptium\jdk-17.0.14.7-hotspot\bin\verify.dll
0x00007ffc03830000 - 0x00007ffc03857000 	C:\Users\AL SHIDI\.gradle\native\c067742578af261105cb4f569cf0c3c89f3d7b1fecec35dd04571415982c5e48\windows-amd64\native-platform.dll
0x00007ffc06ae0000 - 0x00007ffc06aea000 	C:\Program Files\Eclipse Adoptium\jdk-17.0.14.7-hotspot\bin\management.dll
0x00007ffc068e0000 - 0x00007ffc068eb000 	C:\Program Files\Eclipse Adoptium\jdk-17.0.14.7-hotspot\bin\management_ext.dll
0x00007ffc15700000 - 0x00007ffc15708000 	C:\Windows\System32\PSAPI.DLL
0x00007ffc13da0000 - 0x00007ffc13db7000 	C:\Windows\SYSTEM32\CRYPTSP.dll
0x00007ffc137d0000 - 0x00007ffc13804000 	C:\Windows\system32\rsaenh.dll
0x00007ffc13eb0000 - 0x00007ffc13ed5000 	C:\Windows\SYSTEM32\bcrypt.dll
0x00007ffc14230000 - 0x00007ffc14259000 	C:\Windows\SYSTEM32\USERENV.dll
0x00007ffc13dc0000 - 0x00007ffc13dcb000 	C:\Windows\SYSTEM32\CRYPTBASE.dll
0x00007ffc13960000 - 0x00007ffc13997000 	C:\Windows\SYSTEM32\IPHLPAPI.DLL
0x00007ffc16ec0000 - 0x00007ffc16ec8000 	C:\Windows\System32\NSI.dll
0x00007ffc07890000 - 0x00007ffc078a6000 	C:\Windows\SYSTEM32\dhcpcsvc6.DLL
0x00007ffc091b0000 - 0x00007ffc091ca000 	C:\Windows\SYSTEM32\dhcpcsvc.DLL
0x00007ffc04e50000 - 0x00007ffc04e59000 	C:\Program Files\Eclipse Adoptium\jdk-17.0.14.7-hotspot\bin\extnet.dll
0x00007ffc03e20000 - 0x00007ffc03e2e000 	C:\Program Files\Eclipse Adoptium\jdk-17.0.14.7-hotspot\bin\sunmscapi.dll
0x00007ffc151d0000 - 0x00007ffc15399000 	C:\Windows\System32\CRYPT32.dll
0x00007ffc14320000 - 0x00007ffc14331000 	C:\Windows\System32\MSASN1.dll
0x00007ffc13e80000 - 0x00007ffc13ea5000 	C:\Windows\SYSTEM32\ncrypt.dll
0x00007ffc13e40000 - 0x00007ffc13e76000 	C:\Windows\SYSTEM32\NTASN1.dll

dbghelp: loaded successfully - version: 4.0.5 - missing functions: none
symbol engine: initialized successfully - sym options: 0x614 - pdb path: .;C:\Program Files\Eclipse Adoptium\jdk-17.0.14.7-hotspot\bin;C:\Windows\SYSTEM32;C:\Windows\WinSxS\amd64_microsoft.windows.common-controls_6595b64144ccf1df_6.0.15063.1897_none_40cb64bd29a40d00;C:\Program Files\Eclipse Adoptium\jdk-17.0.14.7-hotspot\bin\server;C:\Users\AL SHIDI\.gradle\native\c067742578af261105cb4f569cf0c3c89f3d7b1fecec35dd04571415982c5e48\windows-amd64

VM Arguments:
jvm_args: --add-opens=java.base/java.util=ALL-UNNAMED --add-opens=java.base/java.lang=ALL-UNNAMED --add-opens=java.base/java.lang.invoke=ALL-UNNAMED --add-opens=java.prefs/java.util.prefs=ALL-UNNAMED --add-opens=java.base/java.nio.charset=ALL-UNNAMED --add-opens=java.base/java.net=ALL-UNNAMED --add-opens=java.base/java.util.concurrent.atomic=ALL-UNNAMED -Xmx2048m -Dfile.encoding=UTF-8 -Duser.country=US -Duser.language=en -Duser.variant -javaagent:C:\Users\AL SHIDI\.gradle\wrapper\dists\gradle-8.7-bin\bhs2wmbdwecv87pi65oeuq5iu\gradle-8.7\lib\agents\gradle-instrumentation-agent-8.7.jar 
java_command: org.gradle.launcher.daemon.bootstrap.GradleDaemon 8.7
java_class_path (initial): C:\Users\AL SHIDI\.gradle\wrapper\dists\gradle-8.7-bin\bhs2wmbdwecv87pi65oeuq5iu\gradle-8.7\lib\gradle-launcher-8.7.jar
Launcher Type: SUN_STANDARD

[Global flags]
     intx CICompilerCount                          = 2                                         {product} {ergonomic}
     uint ConcGCThreads                            = 1                                         {product} {ergonomic}
     uint G1ConcRefinementThreads                  = 2                                         {product} {ergonomic}
   size_t G1HeapRegionSize                         = 1048576                                   {product} {ergonomic}
    uintx GCDrainStackTargetSize                   = 64                                        {product} {ergonomic}
   size_t InitialHeapSize                          = 48234496                                  {product} {ergonomic}
   size_t MarkStackSize                            = 4194304                                   {product} {ergonomic}
   size_t MaxHeapSize                              = 2147483648                                {product} {command line}
   size_t MaxNewSize                               = 1287651328                                {product} {ergonomic}
   size_t MinHeapDeltaBytes                        = 1048576                                   {product} {ergonomic}
   size_t MinHeapSize                              = 8388608                                   {product} {ergonomic}
    uintx NonNMethodCodeHeapSize                   = 5826188                                {pd product} {ergonomic}
    uintx NonProfiledCodeHeapSize                  = 122916026                              {pd product} {ergonomic}
    uintx ProfiledCodeHeapSize                     = 122916026                              {pd product} {ergonomic}
    uintx ReservedCodeCacheSize                    = 251658240                              {pd product} {ergonomic}
     bool SegmentedCodeCache                       = true                                      {product} {ergonomic}
   size_t SoftMaxHeapSize                          = 2147483648                             {manageable} {ergonomic}
     bool UseCompressedClassPointers               = true                           {product lp64_product} {ergonomic}
     bool UseCompressedOops                        = true                           {product lp64_product} {ergonomic}
     bool UseG1GC                                  = true                                      {product} {ergonomic}
     bool UseLargePagesIndividualAllocation        = false                                  {pd product} {ergonomic}

Logging:
Log output configuration:
 #0: stdout all=warning uptime,level,tags
 #1: stderr all=off uptime,level,tags

Environment Variables:
JAVA_HOME=C:\Program Files\Eclipse Adoptium\jdk-17.0.14.7-hotspot
PATH=C:\Program Files\Eclipse Adoptium\jdk-17.0.14.7-hotspot\bin;C:\Program Files\Common Files\Oracle\Java\javapath;C:\Program Files\Eclipse Adoptium\jdk-21.0.6.7-hotspot\bin;C:\Windows\system32;C:\Windows;C:\Windows\System32\Wbem;C:\Windows\System32\WindowsPowerShell\v1.0\;D:\Microsoft VS Code\bin;C:\Program Files\Git\cmd;C:\Program Files\PuTTY\;C:\Program Files (x86)\Paragon Software\LinuxFS for Windows\;C:\Users\AL SHIDI\AppData\Local\Programs\Python\Python313\Scripts\;C:\Users\AL SHIDI\AppData\Local\Programs\Python\Python313\;C:\Users\AL SHIDI\AppData\Local\Microsoft\WindowsApps;C:\Users\AL SHIDI\AppData\Local\Programs\Microsoft VS Code Insiders\bin;D:\gradle-8.13\bin;D:\gradle-8.13;D:\Android\Sdk;D:\Android\Sdk\ndk\23.2.8568313;D:\Android\Sdk\emulator;C:\Program Files\Eclipse Adoptium\jdk-21.0.6.7-hotspot;C:\Program Files\Eclipse Adoptium\jdk-21.0.6.7-hotspot\bin;C:\flutter\bin;D:\Microsoft VS Code\bin;D:\Android Studio\bin;C:\Program Files\Java\jdk-21\bin;D:\Android\Sdk\cmdline-tools\latest\bin;D:\Android\Sdk\cmdline-tools\19.0\bin;D:\Android\Sdk\platform-tools;C:\Users\AL SHIDI\AppData\Local\Programs\Windsurf\bin
USERNAME=AL SHIDI
OS=Windows_NT
PROCESSOR_IDENTIFIER=Intel64 Family 6 Model 92 Stepping 9, GenuineIntel
TMP=C:\Users\ALSHID~1\AppData\Local\Temp
TEMP=C:\Users\ALSHID~1\AppData\Local\Temp



Periodic native trim disabled


---------------  S Y S T E M  ---------------

OS:
 Windows 10 , 64 bit Build 15063 (10.0.15063.2346)
OS uptime: 0 days 0:11 hours

CPU: total 2 (initial active 2) (2 cores per cpu, 1 threads per core) family 6 model 92 stepping 9 microcode 0x32, cx8, cmov, fxsr, mmx, 3dnowpref, sse, sse2, sse3, ssse3, sse4.1, sse4.2, popcnt, tsc, tscinvbit, aes, erms, clmul, sha, clflush, clflushopt
Processor Information for all 2 processors :
  Max Mhz: 1101, Current Mhz: 1101, Mhz Limit: 1101

Memory: 4k page, system-wide physical 2905M (271M free)
TotalPageFile size 3692M (AvailPageFile size 83M)
current process WorkingSet (physical memory assigned to process): 438M, peak: 442M
current process commit charge ("private bytes"): 469M, peak: 657M

vm_info: OpenJDK 64-Bit Server VM (17.0.14+7) for windows-amd64 JRE (17.0.14+7), built on Jan 21 2025 23:40:15 by "admin" with MS VC++ 17.7 (VS2022)

END.
