#
# There is insufficient memory for the Java Runtime Environment to continue.
# Native memory allocation (mmap) failed to map 188743680 bytes. Error detail: G1 virtual space
# Possible reasons:
#   The system is out of physical RAM or swap space
#   This process is running with CompressedOops enabled, and the Java Heap may be blocking the growth of the native heap
# Possible solutions:
#   Reduce memory load on the system
#   Increase physical memory or swap space
#   Check if swap backing store is full
#   Decrease Java heap size (-Xmx/-Xms)
#   Decrease number of Java threads
#   Decrease Java thread stack sizes (-Xss)
#   Set larger code cache with -XX:ReservedCodeCacheSize=
#   JVM is running with Unscaled Compressed Oops mode in which the Java heap is
#     placed in the first 4GB address space. The Java Heap base address is the
#     maximum limit for the native heap growth. Please use -XX:HeapBaseMinAddress
#     to set the Java Heap base and to place the Java Heap above 4GB virtual address.
# This output file may be truncated or incomplete.
#
#  Out of Memory Error (os_windows.cpp:3618), pid=6224, tid=6448
#
# JRE version: OpenJDK Runtime Environment Temurin-17.0.14+7 (17.0.14+7) (build 17.0.14+7)
# Java VM: OpenJDK 64-Bit Server VM Temurin-17.0.14+7 (17.0.14+7, mixed mode, sharing, tiered, compressed oops, compressed class ptrs, g1 gc, windows-amd64)
# No core dump will be written. Minidumps are not enabled by default on client versions of Windows
#

---------------  S U M M A R Y ------------

Command Line: --add-opens=java.base/java.util=ALL-UNNAMED --add-opens=java.base/java.lang=ALL-UNNAMED --add-opens=java.base/java.lang.invoke=ALL-UNNAMED --add-opens=java.prefs/java.util.prefs=ALL-UNNAMED --add-opens=java.base/java.nio.charset=ALL-UNNAMED --add-opens=java.base/java.net=ALL-UNNAMED --add-opens=java.base/java.util.concurrent.atomic=ALL-UNNAMED -Xmx2048m -Dfile.encoding=UTF-8 -Duser.country=US -Duser.language=en -Duser.variant -javaagent:C:\Users\AL SHIDI\.gradle\wrapper\dists\gradle-8.7-bin\bhs2wmbdwecv87pi65oeuq5iu\gradle-8.7\lib\agents\gradle-instrumentation-agent-8.7.jar org.gradle.launcher.daemon.bootstrap.GradleDaemon 8.7

Host: Intel(R) Celeron(R) CPU N3350 @ 1.10GHz, 2 cores, 2G,  Windows 10 , 64 bit Build 15063 (10.0.15063.2346)
Time: Mon Jul  7 11:28:49 2025 Arabian Standard Time elapsed time: 65.726199 seconds (0d 0h 1m 5s)

---------------  T H R E A D  ---------------

Current thread (0x000001b3649cec60):  VMThread "VM Thread" [stack: 0x0000007409900000,0x0000007409a00000] [id=6448]

Stack: [0x0000007409900000,0x0000007409a00000]
Native frames: (J=compiled Java code, j=interpreted, Vv=VM code, C=native code)
V  [jvm.dll+0x682eb9]
V  [jvm.dll+0x8399c8]
V  [jvm.dll+0x83b473]
V  [jvm.dll+0x83bae3]
V  [jvm.dll+0x24715f]
V  [jvm.dll+0x67fc99]
V  [jvm.dll+0x674b8a]
V  [jvm.dll+0x304c06]
V  [jvm.dll+0x30c0c6]
V  [jvm.dll+0x35dc3e]
V  [jvm.dll+0x35de7d]
V  [jvm.dll+0x2dbfcc]
V  [jvm.dll+0x2da36f]
V  [jvm.dll+0x2d9adc]
V  [jvm.dll+0x31d2bb]
V  [jvm.dll+0x84031d]
V  [jvm.dll+0x841053]
V  [jvm.dll+0x84157f]
V  [jvm.dll+0x841964]
V  [jvm.dll+0x841a2e]
V  [jvm.dll+0x7e948c]
V  [jvm.dll+0x681d97]
C  [ucrtbase.dll+0x226a9]
C  [KERNEL32.DLL+0x12d34]
C  [ntdll.dll+0x50c41]

VM_Operation (0x000000740adf3010): G1CollectForAllocation, mode: safepoint, requested by thread 0x000001b34a9f9f90


---------------  P R O C E S S  ---------------

Threads class SMR info:
_java_thread_list=0x000001b34b150900, length=35, elements={
0x000001b364915e20, 0x000001b34512a4a0, 0x000001b34512b230, 0x000001b34513ace0,
0x000001b34513b5b0, 0x000001b34513c080, 0x000001b34513fd70, 0x000001b345140a20,
0x000001b345171ca0, 0x000001b3451be910, 0x000001b34511c0d0, 0x000001b3453a65a0,
0x000001b34aae8a40, 0x000001b34a867000, 0x000001b34a68adc0, 0x000001b34a972430,
0x000001b34ac8e3f0, 0x000001b34a9f9a80, 0x000001b34a9f9f90, 0x000001b34a9fa4a0,
0x000001b34a9f7c20, 0x000001b34a9fa9b0, 0x000001b34a9f8b50, 0x000001b34a9f9570,
0x000001b34a9f7710, 0x000001b34a9f9060, 0x000001b34a9faec0, 0x000001b34a9f8130,
0x000001b34bfc5830, 0x000001b34bfc80b0, 0x000001b34bfc7ba0, 0x000001b34bfc5d40,
0x000001b34bfc34c0, 0x000001b34bfc8fe0, 0x000001b34bfc6c70
}

Java Threads: ( => current thread )
  0x000001b364915e20 JavaThread "main" [_thread_blocked, id=6360, stack(0x0000007409300000,0x0000007409400000)]
  0x000001b34512a4a0 JavaThread "Reference Handler" daemon [_thread_blocked, id=6452, stack(0x0000007409a00000,0x0000007409b00000)]
  0x000001b34512b230 JavaThread "Finalizer" daemon [_thread_blocked, id=6456, stack(0x0000007409b00000,0x0000007409c00000)]
  0x000001b34513ace0 JavaThread "Signal Dispatcher" daemon [_thread_blocked, id=6464, stack(0x0000007409c00000,0x0000007409d00000)]
  0x000001b34513b5b0 JavaThread "Attach Listener" daemon [_thread_blocked, id=6468, stack(0x0000007409d00000,0x0000007409e00000)]
  0x000001b34513c080 JavaThread "Service Thread" daemon [_thread_blocked, id=6472, stack(0x0000007409e00000,0x0000007409f00000)]
  0x000001b34513fd70 JavaThread "Monitor Deflation Thread" daemon [_thread_blocked, id=6476, stack(0x0000007409f00000,0x000000740a000000)]
  0x000001b345140a20 JavaThread "C2 CompilerThread0" daemon [_thread_blocked, id=6480, stack(0x000000740a000000,0x000000740a100000)]
  0x000001b345171ca0 JavaThread "C1 CompilerThread0" daemon [_thread_blocked, id=6484, stack(0x000000740a100000,0x000000740a200000)]
  0x000001b3451be910 JavaThread "Sweeper thread" daemon [_thread_blocked, id=6488, stack(0x000000740a200000,0x000000740a300000)]
  0x000001b34511c0d0 JavaThread "Common-Cleaner" daemon [_thread_blocked, id=6492, stack(0x000000740a300000,0x000000740a400000)]
  0x000001b3453a65a0 JavaThread "Notification Thread" daemon [_thread_blocked, id=6552, stack(0x000000740a400000,0x000000740a500000)]
  0x000001b34aae8a40 JavaThread "Daemon health stats" [_thread_blocked, id=6636, stack(0x000000740a700000,0x000000740a800000)]
  0x000001b34a867000 JavaThread "Incoming local TCP Connector on port 49843" [_thread_in_native, id=6640, stack(0x000000740a800000,0x000000740a900000)]
  0x000001b34a68adc0 JavaThread "Daemon periodic checks" [_thread_blocked, id=6644, stack(0x000000740a900000,0x000000740aa00000)]
  0x000001b34a972430 JavaThread "Daemon" [_thread_blocked, id=6648, stack(0x000000740aa00000,0x000000740ab00000)]
  0x000001b34ac8e3f0 JavaThread "Handler for socket connection from /127.0.0.1:49843 to /127.0.0.1:49844" [_thread_in_native, id=6652, stack(0x000000740ab00000,0x000000740ac00000)]
  0x000001b34a9f9a80 JavaThread "Cancel handler" [_thread_blocked, id=6656, stack(0x000000740ac00000,0x000000740ad00000)]
  0x000001b34a9f9f90 JavaThread "Daemon worker" [_thread_blocked, id=6660, stack(0x000000740ad00000,0x000000740ae00000)]
  0x000001b34a9fa4a0 JavaThread "Asynchronous log dispatcher for DefaultDaemonConnection: socket connection from /127.0.0.1:49843 to /127.0.0.1:49844" [_thread_blocked, id=6672, stack(0x000000740ae00000,0x000000740af00000)]
  0x000001b34a9f7c20 JavaThread "Stdin handler" [_thread_blocked, id=6676, stack(0x000000740af00000,0x000000740b000000)]
  0x000001b34a9fa9b0 JavaThread "Daemon client event forwarder" [_thread_blocked, id=6680, stack(0x000000740b000000,0x000000740b100000)]
  0x000001b34a9f8b50 JavaThread "Cache worker for journal cache (C:\Users\AL SHIDI\.gradle\caches\journal-1)" [_thread_blocked, id=6684, stack(0x000000740b100000,0x000000740b200000)]
  0x000001b34a9f9570 JavaThread "File lock request listener" [_thread_in_native, id=6688, stack(0x000000740b200000,0x000000740b300000)]
  0x000001b34a9f7710 JavaThread "Cache worker for file hash cache (C:\Users\AL SHIDI\.gradle\caches\8.7\fileHashes)" [_thread_blocked, id=6692, stack(0x000000740b300000,0x000000740b400000)]
  0x000001b34a9f9060 JavaThread "Cache worker for file hash cache (C:\Users\AL SHIDI\Desktop\APPs DevV01\Harvest Money\.gradle\8.7\fileHashes)" [_thread_blocked, id=6696, stack(0x000000740b400000,0x000000740b500000)]
  0x000001b34a9faec0 JavaThread "Cache worker for checksums cache (C:\Users\AL SHIDI\Desktop\APPs DevV01\Harvest Money\.gradle\8.7\checksums)" [_thread_blocked, id=6908, stack(0x000000740b500000,0x000000740b600000)]
  0x000001b34a9f8130 JavaThread "Cache worker for cache directory md-supplier (C:\Users\AL SHIDI\.gradle\caches\8.7\md-supplier)" [_thread_blocked, id=6912, stack(0x000000740b600000,0x000000740b700000)]
  0x000001b34bfc5830 JavaThread "Cache worker for cache directory md-rule (C:\Users\AL SHIDI\.gradle\caches\8.7\md-rule)" [_thread_blocked, id=6916, stack(0x000000740b700000,0x000000740b800000)]
  0x000001b34bfc80b0 JavaThread "Cache worker for file content cache (C:\Users\AL SHIDI\.gradle\caches\8.7\fileContent)" [_thread_blocked, id=6920, stack(0x000000740b800000,0x000000740b900000)]
  0x000001b34bfc7ba0 JavaThread "jar transforms" [_thread_blocked, id=6924, stack(0x000000740b900000,0x000000740ba00000)]
  0x000001b34bfc5d40 JavaThread "jar transforms Thread 2" [_thread_blocked, id=6928, stack(0x000000740ba00000,0x000000740bb00000)]
  0x000001b34bfc34c0 JavaThread "Cache worker for Build Output Cleanup Cache (C:\Users\AL SHIDI\Desktop\APPs DevV01\Harvest Money\.gradle\buildOutputCleanup)" [_thread_blocked, id=7156, stack(0x000000740bb00000,0x000000740bc00000)]
  0x000001b34bfc8fe0 JavaThread "Unconstrained build operations" [_thread_blocked, id=2808, stack(0x000000740be00000,0x000000740bf00000)]
  0x000001b34bfc6c70 JavaThread "Unconstrained build operations Thread 2" [_thread_blocked, id=4372, stack(0x000000740bf00000,0x000000740c000000)]

Other Threads:
=>0x000001b3649cec60 VMThread "VM Thread" [stack: 0x0000007409900000,0x0000007409a00000] [id=6448]
  0x000001b34541a670 WatcherThread [stack: 0x000000740a500000,0x000000740a600000] [id=6556]
  0x000001b3648ab8f0 GCTaskThread "GC Thread#0" [stack: 0x0000007409400000,0x0000007409500000] [id=6392]
  0x000001b34550ed50 GCTaskThread "GC Thread#1" [stack: 0x000000740a600000,0x000000740a700000] [id=6620]
  0x000001b3648ac3e0 ConcurrentGCThread "G1 Main Marker" [stack: 0x0000007409500000,0x0000007409600000] [id=6396]
  0x000001b3648acd10 ConcurrentGCThread "G1 Conc#0" [stack: 0x0000007409600000,0x0000007409700000] [id=6400]
  0x000001b3648aec90 ConcurrentGCThread "G1 Refine#0" [stack: 0x0000007409700000,0x0000007409800000] [id=6404]
  0x000001b3649ac9c0 ConcurrentGCThread "G1 Service" [stack: 0x0000007409800000,0x0000007409900000] [id=6408]

Threads with active compile tasks:

VM state: at safepoint (normal execution)

VM Mutex/Monitor currently owned by a thread:  ([mutex/lock_event])
[0x000001b3649104c0] Threads_lock - owner thread: 0x000001b3649cec60
[0x000001b36490f350] Heap_lock - owner thread: 0x000001b34a9f9f90

Heap address: 0x0000000080000000, size: 2048 MB, Compressed Oops mode: 32-bit

CDS archive(s) mapped at: [0x000001b304000000-0x000001b304bb0000-0x000001b304bb0000), size 12255232, SharedBaseAddress: 0x000001b304000000, ArchiveRelocationMode: 1.
Compressed class space mapped at: 0x000001b305000000-0x000001b345000000, reserved size: 1073741824
Narrow klass base: 0x000001b304000000, Narrow klass shift: 0, Narrow klass range: 0x100000000

GC Precious Log:
 CPUs: 2 total, 2 available
 Memory: 2905M
 Large Page Support: Disabled
 NUMA Support: Disabled
 Compressed Oops: Enabled (32-bit)
 Heap Region Size: 1M
 Heap Min Capacity: 8M
 Heap Initial Capacity: 46M
 Heap Max Capacity: 2G
 Pre-touch: Disabled
 Parallel Workers: 2
 Concurrent Workers: 1
 Concurrent Refinement Workers: 2
 Periodic GC: Disabled

Heap:
 garbage-first heap   total 184320K, used 95062K [0x0000000080000000, 0x0000000100000000)
  region size 1024K, 7 young (7168K), 7 survivors (7168K)
 Metaspace       used 72518K, committed 73152K, reserved 1114112K
  class space    used 10093K, committed 10432K, reserved 1048576K

Heap Regions: E=young(eden), S=young(survivor), O=old, HS=humongous(starts), HC=humongous(continues), CS=collection set, F=free, OA=open archive, CA=closed archive, TAMS=top-at-mark-start (previous, next)
|   0|0x0000000080000000, 0x0000000080100000, 0x0000000080100000|100%| O|  |TAMS 0x0000000080100000, 0x0000000080000000| Untracked 
|   1|0x0000000080100000, 0x0000000080200000, 0x0000000080200000|100%| O|  |TAMS 0x0000000080200000, 0x0000000080100000| Untracked 
|   2|0x0000000080200000, 0x0000000080300000, 0x0000000080300000|100%|HS|  |TAMS 0x0000000080300000, 0x0000000080200000| Complete 
|   3|0x0000000080300000, 0x0000000080400000, 0x0000000080400000|100%|HC|  |TAMS 0x0000000080400000, 0x0000000080300000| Complete 
|   4|0x0000000080400000, 0x0000000080500000, 0x0000000080500000|100%|HC|  |TAMS 0x0000000080500000, 0x0000000080400000| Complete 
|   5|0x0000000080500000, 0x0000000080600000, 0x0000000080600000|100%|HC|  |TAMS 0x0000000080600000, 0x0000000080500000| Complete 
|   6|0x0000000080600000, 0x0000000080700000, 0x0000000080700000|100%| O|  |TAMS 0x0000000080700000, 0x0000000080600000| Untracked 
|   7|0x0000000080700000, 0x0000000080800000, 0x0000000080800000|100%| O|  |TAMS 0x0000000080800000, 0x0000000080700000| Untracked 
|   8|0x0000000080800000, 0x0000000080900000, 0x0000000080900000|100%| O|  |TAMS 0x0000000080900000, 0x0000000080800000| Untracked 
|   9|0x0000000080900000, 0x0000000080a00000, 0x0000000080a00000|100%| O|  |TAMS 0x0000000080a00000, 0x0000000080900000| Untracked 
|  10|0x0000000080a00000, 0x0000000080b00000, 0x0000000080b00000|100%| O|  |TAMS 0x0000000080b00000, 0x0000000080a00000| Untracked 
|  11|0x0000000080b00000, 0x0000000080c00000, 0x0000000080c00000|100%| O|  |TAMS 0x0000000080c00000, 0x0000000080b00000| Untracked 
|  12|0x0000000080c00000, 0x0000000080d00000, 0x0000000080d00000|100%| O|  |TAMS 0x0000000080d00000, 0x0000000080c00000| Untracked 
|  13|0x0000000080d00000, 0x0000000080e00000, 0x0000000080e00000|100%| O|  |TAMS 0x0000000080e00000, 0x0000000080d00000| Untracked 
|  14|0x0000000080e00000, 0x0000000080f00000, 0x0000000080f00000|100%| O|  |TAMS 0x0000000080f00000, 0x0000000080e00000| Untracked 
|  15|0x0000000080f00000, 0x0000000081000000, 0x0000000081000000|100%| O|  |TAMS 0x0000000081000000, 0x0000000080f00000| Untracked 
|  16|0x0000000081000000, 0x0000000081100000, 0x0000000081100000|100%| O|  |TAMS 0x0000000081100000, 0x0000000081000000| Untracked 
|  17|0x0000000081100000, 0x0000000081200000, 0x0000000081200000|100%| O|  |TAMS 0x0000000081200000, 0x0000000081100000| Untracked 
|  18|0x0000000081200000, 0x0000000081300000, 0x0000000081300000|100%| O|  |TAMS 0x0000000081300000, 0x0000000081200000| Untracked 
|  19|0x0000000081300000, 0x0000000081400000, 0x0000000081400000|100%| O|  |TAMS 0x0000000081400000, 0x0000000081300000| Untracked 
|  20|0x0000000081400000, 0x0000000081500000, 0x0000000081500000|100%| O|  |TAMS 0x0000000081500000, 0x0000000081400000| Untracked 
|  21|0x0000000081500000, 0x0000000081600000, 0x0000000081600000|100%| O|  |TAMS 0x0000000081600000, 0x0000000081500000| Untracked 
|  22|0x0000000081600000, 0x0000000081700000, 0x0000000081700000|100%| O|  |TAMS 0x0000000081700000, 0x0000000081600000| Untracked 
|  23|0x0000000081700000, 0x0000000081800000, 0x0000000081800000|100%| O|  |TAMS 0x0000000081800000, 0x0000000081700000| Untracked 
|  24|0x0000000081800000, 0x0000000081900000, 0x0000000081900000|100%| O|  |TAMS 0x0000000081900000, 0x0000000081800000| Untracked 
|  25|0x0000000081900000, 0x0000000081a00000, 0x0000000081a00000|100%| O|  |TAMS 0x0000000081a00000, 0x0000000081900000| Untracked 
|  26|0x0000000081a00000, 0x0000000081b00000, 0x0000000081b00000|100%| O|  |TAMS 0x0000000081b00000, 0x0000000081a00000| Untracked 
|  27|0x0000000081b00000, 0x0000000081c00000, 0x0000000081c00000|100%| O|  |TAMS 0x0000000081c00000, 0x0000000081b00000| Untracked 
|  28|0x0000000081c00000, 0x0000000081d00000, 0x0000000081d00000|100%| O|  |TAMS 0x0000000081d00000, 0x0000000081c00000| Untracked 
|  29|0x0000000081d00000, 0x0000000081e00000, 0x0000000081e00000|100%| O|  |TAMS 0x0000000081e00000, 0x0000000081d00000| Untracked 
|  30|0x0000000081e00000, 0x0000000081f00000, 0x0000000081f00000|100%| O|  |TAMS 0x0000000081f00000, 0x0000000081e00000| Untracked 
|  31|0x0000000081f00000, 0x0000000082000000, 0x0000000082000000|100%| O|  |TAMS 0x0000000082000000, 0x0000000081f00000| Untracked 
|  32|0x0000000082000000, 0x0000000082100000, 0x0000000082100000|100%| O|  |TAMS 0x0000000082100000, 0x0000000082000000| Untracked 
|  33|0x0000000082100000, 0x0000000082200000, 0x0000000082200000|100%| O|  |TAMS 0x0000000082200000, 0x0000000082100000| Untracked 
|  34|0x0000000082200000, 0x0000000082300000, 0x0000000082300000|100%| O|  |TAMS 0x0000000082300000, 0x0000000082200000| Untracked 
|  35|0x0000000082300000, 0x0000000082400000, 0x0000000082400000|100%| O|  |TAMS 0x0000000082400000, 0x0000000082300000| Untracked 
|  36|0x0000000082400000, 0x0000000082500000, 0x0000000082500000|100%| O|  |TAMS 0x0000000082500000, 0x0000000082400000| Untracked 
|  37|0x0000000082500000, 0x0000000082600000, 0x0000000082600000|100%| O|  |TAMS 0x0000000082600000, 0x0000000082500000| Untracked 
|  38|0x0000000082600000, 0x0000000082700000, 0x0000000082700000|100%| O|  |TAMS 0x0000000082700000, 0x0000000082600000| Untracked 
|  39|0x0000000082700000, 0x0000000082800000, 0x0000000082800000|100%| O|  |TAMS 0x0000000082800000, 0x0000000082700000| Untracked 
|  40|0x0000000082800000, 0x0000000082900000, 0x0000000082900000|100%| O|  |TAMS 0x0000000082900000, 0x0000000082800000| Untracked 
|  41|0x0000000082900000, 0x0000000082a00000, 0x0000000082a00000|100%| O|  |TAMS 0x0000000082900000, 0x0000000082900000| Untracked 
|  42|0x0000000082a00000, 0x0000000082b00000, 0x0000000082b00000|100%| O|  |TAMS 0x0000000082a00000, 0x0000000082a00000| Untracked 
|  43|0x0000000082b00000, 0x0000000082c00000, 0x0000000082c00000|100%| O|  |TAMS 0x0000000082b00000, 0x0000000082b00000| Untracked 
|  44|0x0000000082c00000, 0x0000000082d00000, 0x0000000082d00000|100%| O|  |TAMS 0x0000000082c00000, 0x0000000082c00000| Untracked 
|  45|0x0000000082d00000, 0x0000000082e00000, 0x0000000082e00000|100%| O|  |TAMS 0x0000000082d00000, 0x0000000082d00000| Untracked 
|  46|0x0000000082e00000, 0x0000000082f00000, 0x0000000082f00000|100%| O|  |TAMS 0x0000000082e00000, 0x0000000082e00000| Untracked 
|  47|0x0000000082f00000, 0x0000000083000000, 0x0000000083000000|100%| O|  |TAMS 0x0000000082f00000, 0x0000000082f00000| Untracked 
|  48|0x0000000083000000, 0x0000000083100000, 0x0000000083100000|100%| O|  |TAMS 0x0000000083100000, 0x0000000083000000| Untracked 
|  49|0x0000000083100000, 0x0000000083200000, 0x0000000083200000|100%| O|  |TAMS 0x0000000083200000, 0x0000000083100000| Untracked 
|  50|0x0000000083200000, 0x0000000083300000, 0x0000000083300000|100%| O|  |TAMS 0x0000000083300000, 0x0000000083200000| Untracked 
|  51|0x0000000083300000, 0x0000000083400000, 0x0000000083400000|100%| O|  |TAMS 0x0000000083400000, 0x0000000083300000| Untracked 
|  52|0x0000000083400000, 0x0000000083500000, 0x0000000083500000|100%| O|  |TAMS 0x0000000083500000, 0x0000000083400000| Untracked 
|  53|0x0000000083500000, 0x0000000083600000, 0x0000000083600000|100%| O|  |TAMS 0x0000000083600000, 0x0000000083500000| Untracked 
|  54|0x0000000083600000, 0x0000000083700000, 0x0000000083700000|100%| O|  |TAMS 0x0000000083700000, 0x0000000083600000| Untracked 
|  55|0x0000000083700000, 0x0000000083800000, 0x0000000083800000|100%| O|  |TAMS 0x0000000083800000, 0x0000000083700000| Untracked 
|  56|0x0000000083800000, 0x0000000083900000, 0x0000000083900000|100%| O|  |TAMS 0x0000000083900000, 0x0000000083800000| Untracked 
|  57|0x0000000083900000, 0x0000000083a00000, 0x0000000083a00000|100%|HS|  |TAMS 0x0000000083900000, 0x0000000083900000| Complete 
|  58|0x0000000083a00000, 0x0000000083b00000, 0x0000000083b00000|100%| O|  |TAMS 0x0000000083a00000, 0x0000000083a00000| Untracked 
|  59|0x0000000083b00000, 0x0000000083c00000, 0x0000000083c00000|100%| O|  |TAMS 0x0000000083b50e00, 0x0000000083b00000| Untracked 
|  60|0x0000000083c00000, 0x0000000083d00000, 0x0000000083d00000|100%| O|  |TAMS 0x0000000083c00000, 0x0000000083c00000| Untracked 
|  61|0x0000000083d00000, 0x0000000083e00000, 0x0000000083e00000|100%| O|  |TAMS 0x0000000083d00000, 0x0000000083d00000| Untracked 
|  62|0x0000000083e00000, 0x0000000083f00000, 0x0000000083f00000|100%| O|  |TAMS 0x0000000083e00000, 0x0000000083e00000| Untracked 
|  63|0x0000000083f00000, 0x0000000084000000, 0x0000000084000000|100%| O|  |TAMS 0x0000000083f00000, 0x0000000083f00000| Untracked 
|  64|0x0000000084000000, 0x0000000084100000, 0x0000000084100000|100%| O|  |TAMS 0x0000000084000000, 0x0000000084000000| Untracked 
|  65|0x0000000084100000, 0x0000000084200000, 0x0000000084200000|100%| O|  |TAMS 0x0000000084100000, 0x0000000084100000| Untracked 
|  66|0x0000000084200000, 0x0000000084300000, 0x0000000084300000|100%| O|  |TAMS 0x0000000084200000, 0x0000000084200000| Untracked 
|  67|0x0000000084300000, 0x0000000084400000, 0x0000000084400000|100%| O|  |TAMS 0x0000000084300000, 0x0000000084300000| Untracked 
|  68|0x0000000084400000, 0x0000000084500000, 0x0000000084500000|100%| O|  |TAMS 0x0000000084400000, 0x0000000084400000| Untracked 
|  69|0x0000000084500000, 0x0000000084600000, 0x0000000084600000|100%| O|  |TAMS 0x0000000084500000, 0x0000000084500000| Untracked 
|  70|0x0000000084600000, 0x0000000084700000, 0x0000000084700000|100%| O|  |TAMS 0x0000000084600000, 0x0000000084600000| Untracked 
|  71|0x0000000084700000, 0x0000000084800000, 0x0000000084800000|100%| O|  |TAMS 0x0000000084700000, 0x0000000084700000| Untracked 
|  72|0x0000000084800000, 0x0000000084900000, 0x0000000084900000|100%|HS|  |TAMS 0x0000000084800000, 0x0000000084800000| Complete 
|  73|0x0000000084900000, 0x0000000084a00000, 0x0000000084a00000|100%|HC|  |TAMS 0x0000000084900000, 0x0000000084900000| Complete 
|  74|0x0000000084a00000, 0x0000000084b00000, 0x0000000084b00000|100%|HC|  |TAMS 0x0000000084a00000, 0x0000000084a00000| Complete 
|  75|0x0000000084b00000, 0x0000000084c00000, 0x0000000084c00000|100%|HC|  |TAMS 0x0000000084b00000, 0x0000000084b00000| Complete 
|  76|0x0000000084c00000, 0x0000000084d00000, 0x0000000084d00000|100%|HC|  |TAMS 0x0000000084c00000, 0x0000000084c00000| Complete 
|  77|0x0000000084d00000, 0x0000000084e00000, 0x0000000084e00000|100%|HC|  |TAMS 0x0000000084d00000, 0x0000000084d00000| Complete 
|  78|0x0000000084e00000, 0x0000000084f00000, 0x0000000084f00000|100%|HS|  |TAMS 0x0000000084e00000, 0x0000000084e00000| Complete 
|  79|0x0000000084f00000, 0x0000000085000000, 0x0000000085000000|100%|HS|  |TAMS 0x0000000084f00000, 0x0000000084f00000| Complete 
|  80|0x0000000085000000, 0x0000000085100000, 0x0000000085100000|100%|HS|  |TAMS 0x0000000085000000, 0x0000000085000000| Complete 
|  81|0x0000000085100000, 0x0000000085200000, 0x0000000085200000|100%|HC|  |TAMS 0x0000000085100000, 0x0000000085100000| Complete 
|  82|0x0000000085200000, 0x0000000085200000, 0x0000000085300000|  0%| F|  |TAMS 0x0000000085200000, 0x0000000085200000| Untracked 
|  83|0x0000000085300000, 0x0000000085400000, 0x0000000085400000|100%|HS|  |TAMS 0x0000000085300000, 0x0000000085300000| Complete 
|  84|0x0000000085400000, 0x0000000085500000, 0x0000000085500000|100%|HC|  |TAMS 0x0000000085400000, 0x0000000085400000| Complete 
|  85|0x0000000085500000, 0x0000000085600000, 0x0000000085600000|100%|HC|  |TAMS 0x0000000085500000, 0x0000000085500000| Complete 
|  86|0x0000000085600000, 0x0000000085700000, 0x0000000085700000|100%|HC|  |TAMS 0x0000000085600000, 0x0000000085600000| Complete 
|  87|0x0000000085700000, 0x0000000085700000, 0x0000000085800000|  0%| F|  |TAMS 0x0000000085700000, 0x0000000085700000| Untracked 
|  88|0x0000000085800000, 0x0000000085800000, 0x0000000085900000|  0%| F|  |TAMS 0x0000000085800000, 0x0000000085800000| Untracked 
|  89|0x0000000085900000, 0x0000000085900000, 0x0000000085a00000|  0%| F|  |TAMS 0x0000000085900000, 0x0000000085900000| Untracked 
|  90|0x0000000085a00000, 0x0000000085a00000, 0x0000000085b00000|  0%| F|  |TAMS 0x0000000085a00000, 0x0000000085a00000| Untracked 
|  91|0x0000000085b00000, 0x0000000085b00000, 0x0000000085c00000|  0%| F|  |TAMS 0x0000000085b00000, 0x0000000085b00000| Untracked 
|  92|0x0000000085c00000, 0x0000000085c00000, 0x0000000085d00000|  0%| F|  |TAMS 0x0000000085c00000, 0x0000000085c00000| Untracked 
|  93|0x0000000085d00000, 0x0000000085d00000, 0x0000000085e00000|  0%| F|  |TAMS 0x0000000085d00000, 0x0000000085d00000| Untracked 
|  94|0x0000000085e00000, 0x0000000085e00000, 0x0000000085f00000|  0%| F|  |TAMS 0x0000000085e00000, 0x0000000085e00000| Untracked 
|  95|0x0000000085f00000, 0x0000000085f00000, 0x0000000086000000|  0%| F|  |TAMS 0x0000000085f00000, 0x0000000085f00000| Untracked 
|  96|0x0000000086000000, 0x0000000086000000, 0x0000000086100000|  0%| F|  |TAMS 0x0000000086000000, 0x0000000086000000| Untracked 
|  97|0x0000000086100000, 0x0000000086100000, 0x0000000086200000|  0%| F|  |TAMS 0x0000000086100000, 0x0000000086100000| Untracked 
|  98|0x0000000086200000, 0x0000000086200000, 0x0000000086300000|  0%| F|  |TAMS 0x0000000086200000, 0x0000000086200000| Untracked 
|  99|0x0000000086300000, 0x0000000086300000, 0x0000000086400000|  0%| F|  |TAMS 0x0000000086300000, 0x0000000086300000| Untracked 
| 100|0x0000000086400000, 0x0000000086400000, 0x0000000086500000|  0%| F|  |TAMS 0x0000000086400000, 0x0000000086400000| Untracked 
| 101|0x0000000086500000, 0x0000000086500000, 0x0000000086600000|  0%| F|  |TAMS 0x0000000086500000, 0x0000000086500000| Untracked 
| 102|0x0000000086600000, 0x0000000086600000, 0x0000000086700000|  0%| F|  |TAMS 0x0000000086600000, 0x0000000086600000| Untracked 
| 103|0x0000000086700000, 0x0000000086700000, 0x0000000086800000|  0%| F|  |TAMS 0x0000000086700000, 0x0000000086700000| Untracked 
| 104|0x0000000086800000, 0x0000000086800000, 0x0000000086900000|  0%| F|  |TAMS 0x0000000086800000, 0x0000000086800000| Untracked 
| 105|0x0000000086900000, 0x0000000086900000, 0x0000000086a00000|  0%| F|  |TAMS 0x0000000086900000, 0x0000000086900000| Untracked 
| 106|0x0000000086a00000, 0x0000000086a00000, 0x0000000086b00000|  0%| F|  |TAMS 0x0000000086a00000, 0x0000000086a00000| Untracked 
| 107|0x0000000086b00000, 0x0000000086b00000, 0x0000000086c00000|  0%| F|  |TAMS 0x0000000086b00000, 0x0000000086b00000| Untracked 
| 108|0x0000000086c00000, 0x0000000086c00000, 0x0000000086d00000|  0%| F|  |TAMS 0x0000000086c00000, 0x0000000086c00000| Untracked 
| 109|0x0000000086d00000, 0x0000000086d00000, 0x0000000086e00000|  0%| F|  |TAMS 0x0000000086d00000, 0x0000000086d00000| Untracked 
| 110|0x0000000086e00000, 0x0000000086e00000, 0x0000000086f00000|  0%| F|  |TAMS 0x0000000086e00000, 0x0000000086e00000| Untracked 
| 111|0x0000000086f00000, 0x0000000086f00000, 0x0000000087000000|  0%| F|  |TAMS 0x0000000086f00000, 0x0000000086f00000| Untracked 
| 112|0x0000000087000000, 0x0000000087000000, 0x0000000087100000|  0%| F|  |TAMS 0x0000000087000000, 0x0000000087000000| Untracked 
| 113|0x0000000087100000, 0x0000000087100000, 0x0000000087200000|  0%| F|  |TAMS 0x0000000087100000, 0x0000000087100000| Untracked 
| 114|0x0000000087200000, 0x0000000087200000, 0x0000000087300000|  0%| F|  |TAMS 0x0000000087200000, 0x0000000087200000| Untracked 
| 115|0x0000000087300000, 0x0000000087300000, 0x0000000087400000|  0%| F|  |TAMS 0x0000000087300000, 0x0000000087300000| Untracked 
| 116|0x0000000087400000, 0x0000000087400000, 0x0000000087500000|  0%| F|  |TAMS 0x0000000087400000, 0x0000000087400000| Untracked 
| 117|0x0000000087500000, 0x0000000087500000, 0x0000000087600000|  0%| F|  |TAMS 0x0000000087500000, 0x0000000087500000| Untracked 
| 118|0x0000000087600000, 0x0000000087600000, 0x0000000087700000|  0%| F|  |TAMS 0x0000000087600000, 0x0000000087600000| Untracked 
| 119|0x0000000087700000, 0x0000000087700000, 0x0000000087800000|  0%| F|  |TAMS 0x0000000087700000, 0x0000000087700000| Untracked 
| 120|0x0000000087800000, 0x0000000087800000, 0x0000000087900000|  0%| F|  |TAMS 0x0000000087800000, 0x0000000087800000| Untracked 
| 121|0x0000000087900000, 0x0000000087900000, 0x0000000087a00000|  0%| F|  |TAMS 0x0000000087900000, 0x0000000087900000| Untracked 
| 122|0x0000000087a00000, 0x0000000087a00000, 0x0000000087b00000|  0%| F|  |TAMS 0x0000000087a00000, 0x0000000087a00000| Untracked 
| 123|0x0000000087b00000, 0x0000000087b00000, 0x0000000087c00000|  0%| F|  |TAMS 0x0000000087b00000, 0x0000000087b00000| Untracked 
| 124|0x0000000087c00000, 0x0000000087cd59c0, 0x0000000087d00000| 83%| S|CS|TAMS 0x0000000087c00000, 0x0000000087c00000| Complete 
| 125|0x0000000087d00000, 0x0000000087e00000, 0x0000000087e00000|100%| S|CS|TAMS 0x0000000087d00000, 0x0000000087d00000| Complete 
| 126|0x0000000087e00000, 0x0000000087f00000, 0x0000000087f00000|100%| S|CS|TAMS 0x0000000087e00000, 0x0000000087e00000| Complete 
| 127|0x0000000087f00000, 0x0000000088000000, 0x0000000088000000|100%| S|CS|TAMS 0x0000000087f00000, 0x0000000087f00000| Complete 
| 128|0x0000000088000000, 0x0000000088100000, 0x0000000088100000|100%| S|CS|TAMS 0x0000000088000000, 0x0000000088000000| Complete 
| 129|0x0000000088100000, 0x0000000088200000, 0x0000000088200000|100%| S|CS|TAMS 0x0000000088100000, 0x0000000088100000| Complete 
| 130|0x0000000088200000, 0x0000000088300000, 0x0000000088300000|100%| S|CS|TAMS 0x0000000088200000, 0x0000000088200000| Complete 
| 131|0x0000000088300000, 0x0000000088300000, 0x0000000088400000|  0%| F|  |TAMS 0x0000000088300000, 0x0000000088300000| Untracked 
| 132|0x0000000088400000, 0x0000000088400000, 0x0000000088500000|  0%| F|  |TAMS 0x0000000088400000, 0x0000000088400000| Untracked 
| 133|0x0000000088500000, 0x0000000088500000, 0x0000000088600000|  0%| F|  |TAMS 0x0000000088500000, 0x0000000088500000| Untracked 
| 134|0x0000000088600000, 0x0000000088600000, 0x0000000088700000|  0%| F|  |TAMS 0x0000000088600000, 0x0000000088600000| Untracked 
| 135|0x0000000088700000, 0x0000000088700000, 0x0000000088800000|  0%| F|  |TAMS 0x0000000088700000, 0x0000000088700000| Untracked 
| 136|0x0000000088800000, 0x0000000088800000, 0x0000000088900000|  0%| F|  |TAMS 0x0000000088800000, 0x0000000088800000| Untracked 
| 137|0x0000000088900000, 0x0000000088900000, 0x0000000088a00000|  0%| F|  |TAMS 0x0000000088900000, 0x0000000088900000| Untracked 
| 138|0x0000000088a00000, 0x0000000088a00000, 0x0000000088b00000|  0%| F|  |TAMS 0x0000000088a00000, 0x0000000088a00000| Untracked 
| 139|0x0000000088b00000, 0x0000000088b00000, 0x0000000088c00000|  0%| F|  |TAMS 0x0000000088b00000, 0x0000000088b00000| Untracked 
| 140|0x0000000088c00000, 0x0000000088c00000, 0x0000000088d00000|  0%| F|  |TAMS 0x0000000088c00000, 0x0000000088c00000| Untracked 
| 141|0x0000000088d00000, 0x0000000088d00000, 0x0000000088e00000|  0%| F|  |TAMS 0x0000000088d00000, 0x0000000088d00000| Untracked 
| 142|0x0000000088e00000, 0x0000000088e00000, 0x0000000088f00000|  0%| F|  |TAMS 0x0000000088e00000, 0x0000000088e00000| Untracked 
| 143|0x0000000088f00000, 0x0000000088f00000, 0x0000000089000000|  0%| F|  |TAMS 0x0000000088f00000, 0x0000000088f00000| Untracked 
| 144|0x0000000089000000, 0x0000000089000000, 0x0000000089100000|  0%| F|  |TAMS 0x0000000089000000, 0x0000000089000000| Untracked 
| 145|0x0000000089100000, 0x0000000089100000, 0x0000000089200000|  0%| F|  |TAMS 0x0000000089100000, 0x0000000089100000| Untracked 
| 146|0x0000000089200000, 0x0000000089200000, 0x0000000089300000|  0%| F|  |TAMS 0x0000000089200000, 0x0000000089200000| Untracked 
| 147|0x0000000089300000, 0x0000000089300000, 0x0000000089400000|  0%| F|  |TAMS 0x0000000089300000, 0x0000000089300000| Untracked 
| 148|0x0000000089400000, 0x0000000089400000, 0x0000000089500000|  0%| F|  |TAMS 0x0000000089400000, 0x0000000089400000| Untracked 
| 149|0x0000000089500000, 0x0000000089500000, 0x0000000089600000|  0%| F|  |TAMS 0x0000000089500000, 0x0000000089500000| Untracked 
| 150|0x0000000089600000, 0x0000000089600000, 0x0000000089700000|  0%| F|  |TAMS 0x0000000089600000, 0x0000000089600000| Untracked 
| 151|0x0000000089700000, 0x0000000089700000, 0x0000000089800000|  0%| F|  |TAMS 0x0000000089700000, 0x0000000089700000| Untracked 
| 152|0x0000000089800000, 0x0000000089800000, 0x0000000089900000|  0%| F|  |TAMS 0x0000000089800000, 0x0000000089800000| Untracked 
| 153|0x0000000089900000, 0x0000000089900000, 0x0000000089a00000|  0%| F|  |TAMS 0x0000000089900000, 0x0000000089900000| Untracked 
| 154|0x0000000089a00000, 0x0000000089a00000, 0x0000000089b00000|  0%| F|  |TAMS 0x0000000089a00000, 0x0000000089a00000| Untracked 
| 155|0x0000000089b00000, 0x0000000089b00000, 0x0000000089c00000|  0%| F|  |TAMS 0x0000000089b00000, 0x0000000089b00000| Untracked 
| 156|0x0000000089c00000, 0x0000000089c00000, 0x0000000089d00000|  0%| F|  |TAMS 0x0000000089c00000, 0x0000000089c00000| Untracked 
| 157|0x0000000089d00000, 0x0000000089d00000, 0x0000000089e00000|  0%| F|  |TAMS 0x0000000089d00000, 0x0000000089d00000| Untracked 
| 158|0x0000000089e00000, 0x0000000089e00000, 0x0000000089f00000|  0%| F|  |TAMS 0x0000000089e00000, 0x0000000089e00000| Untracked 
| 159|0x0000000089f00000, 0x0000000089f00000, 0x000000008a000000|  0%| F|  |TAMS 0x0000000089f00000, 0x0000000089f00000| Untracked 
| 160|0x000000008a000000, 0x000000008a000000, 0x000000008a100000|  0%| F|  |TAMS 0x000000008a000000, 0x000000008a000000| Untracked 
| 161|0x000000008a100000, 0x000000008a100000, 0x000000008a200000|  0%| F|  |TAMS 0x000000008a100000, 0x000000008a100000| Untracked 
| 162|0x000000008a200000, 0x000000008a200000, 0x000000008a300000|  0%| F|  |TAMS 0x000000008a200000, 0x000000008a200000| Untracked 
| 163|0x000000008a300000, 0x000000008a300000, 0x000000008a400000|  0%| F|  |TAMS 0x000000008a300000, 0x000000008a300000| Untracked 
| 164|0x000000008a400000, 0x000000008a400000, 0x000000008a500000|  0%| F|  |TAMS 0x000000008a400000, 0x000000008a400000| Untracked 
| 165|0x000000008a500000, 0x000000008a500000, 0x000000008a600000|  0%| F|  |TAMS 0x000000008a500000, 0x000000008a500000| Untracked 
| 166|0x000000008a600000, 0x000000008a600000, 0x000000008a700000|  0%| F|  |TAMS 0x000000008a600000, 0x000000008a600000| Untracked 
| 167|0x000000008a700000, 0x000000008a700000, 0x000000008a800000|  0%| F|  |TAMS 0x000000008a700000, 0x000000008a700000| Untracked 
| 168|0x000000008a800000, 0x000000008a800000, 0x000000008a900000|  0%| F|  |TAMS 0x000000008a800000, 0x000000008a800000| Untracked 
| 169|0x000000008a900000, 0x000000008a900000, 0x000000008aa00000|  0%| F|  |TAMS 0x000000008a900000, 0x000000008a900000| Untracked 
| 170|0x000000008aa00000, 0x000000008aa00000, 0x000000008ab00000|  0%| F|  |TAMS 0x000000008aa00000, 0x000000008aa00000| Untracked 
| 171|0x000000008ab00000, 0x000000008ab00000, 0x000000008ac00000|  0%| F|  |TAMS 0x000000008ab00000, 0x000000008ab00000| Untracked 
| 172|0x000000008ac00000, 0x000000008ac00000, 0x000000008ad00000|  0%| F|  |TAMS 0x000000008ac00000, 0x000000008ac00000| Untracked 
| 173|0x000000008ad00000, 0x000000008ad00000, 0x000000008ae00000|  0%| F|  |TAMS 0x000000008ad00000, 0x000000008ad00000| Untracked 
| 174|0x000000008ae00000, 0x000000008ae00000, 0x000000008af00000|  0%| F|  |TAMS 0x000000008ae00000, 0x000000008ae00000| Untracked 
| 175|0x000000008af00000, 0x000000008af00000, 0x000000008b000000|  0%| F|  |TAMS 0x000000008af00000, 0x000000008af00000| Untracked 
| 176|0x000000008b000000, 0x000000008b000000, 0x000000008b100000|  0%| F|  |TAMS 0x000000008b000000, 0x000000008b000000| Untracked 
| 177|0x000000008b100000, 0x000000008b100000, 0x000000008b200000|  0%| F|  |TAMS 0x000000008b100000, 0x000000008b100000| Untracked 
| 178|0x000000008b200000, 0x000000008b200000, 0x000000008b300000|  0%| F|  |TAMS 0x000000008b200000, 0x000000008b200000| Untracked 
| 179|0x000000008b300000, 0x000000008b300000, 0x000000008b400000|  0%| F|  |TAMS 0x000000008b300000, 0x000000008b300000| Untracked 

Card table byte_map: [0x000001b37d430000,0x000001b37d830000] _byte_map_base: 0x000001b37d030000

Marking Bits (Prev, Next): (CMBitMap*) 0x000001b3648abd60, (CMBitMap*) 0x000001b3648abd20
 Prev Bits: [0x000001b300000000, 0x000001b302000000)
 Next Bits: [0x000001b37dc30000, 0x000001b37fc30000)

Polling page: 0x000001b36dc00000

Metaspace:

Usage:
  Non-class:     60.96 MB used.
      Class:      9.86 MB used.
       Both:     70.82 MB used.

Virtual space:
  Non-class space:       64.00 MB reserved,      61.25 MB ( 96%) committed,  1 nodes.
      Class space:        1.00 GB reserved,      10.19 MB ( <1%) committed,  1 nodes.
             Both:        1.06 GB reserved,      71.44 MB (  7%) committed. 

Chunk freelists:
   Non-Class:  2.19 MB
       Class:  5.78 MB
        Both:  7.97 MB

MaxMetaspaceSize: unlimited
CompressedClassSpaceSize: 1.00 GB
Initial GC threshold: 21.00 MB
Current GC threshold: 107.81 MB
CDS: on
MetaspaceReclaimPolicy: balanced
 - commit_granule_bytes: 65536.
 - commit_granule_words: 8192.
 - virtual_space_node_default_size: 8388608.
 - enlarge_chunks_in_place: 1.
 - new_chunks_are_fully_committed: 0.
 - uncommit_free_chunks: 1.
 - use_allocation_guard: 0.
 - handle_deallocations: 1.


Internal statistics:

num_allocs_failed_limit: 0.
num_arena_births: 752.
num_arena_deaths: 0.
num_vsnodes_births: 2.
num_vsnodes_deaths: 0.
num_space_committed: 1141.
num_space_uncommitted: 0.
num_chunks_returned_to_freelist: 0.
num_chunks_taken_from_freelist: 3512.
num_chunk_merges: 0.
num_chunk_splits: 2510.
num_chunks_enlarged: 1885.
num_inconsistent_stats: 0.

CodeHeap 'non-profiled nmethods': size=120064Kb used=3818Kb max_used=3818Kb free=116245Kb
 bounds [0x000001b3756e0000, 0x000001b375aa0000, 0x000001b37cc20000]
CodeHeap 'profiled nmethods': size=120000Kb used=14919Kb max_used=14919Kb free=105080Kb
 bounds [0x000001b36dc20000, 0x000001b36eac0000, 0x000001b375150000]
CodeHeap 'non-nmethods': size=5696Kb used=2370Kb max_used=2397Kb free=3325Kb
 bounds [0x000001b375150000, 0x000001b3753c0000, 0x000001b3756e0000]
 total_blobs=8571 nmethods=7670 adapters=813
 compilation: enabled
              stopped_count=0, restarted_count=0
 full_count=0

Compilation events (20 events):
Event: 65.509 Thread 0x000001b345171ca0 nmethod 8505 0x000001b36eaaff10 code [0x000001b36eab00c0, 0x000001b36eab0418]
Event: 65.511 Thread 0x000001b345171ca0 8506   !   3       jdk.proxy1.$Proxy7::annotationType (29 bytes)
Event: 65.511 Thread 0x000001b345171ca0 nmethod 8506 0x000001b36eab0590 code [0x000001b36eab0760, 0x000001b36eab0b58]
Event: 65.533 Thread 0x000001b345171ca0 8507       3       java.util.stream.ReferencePipeline$7$1::begin (13 bytes)
Event: 65.533 Thread 0x000001b345171ca0 nmethod 8507 0x000001b36eab0d10 code [0x000001b36eab0ec0, 0x000001b36eab10a8]
Event: 65.541 Thread 0x000001b345140a20 nmethod 8498 0x000001b375a93a90 code [0x000001b375a93d60, 0x000001b375a96760]
Event: 65.542 Thread 0x000001b345140a20 8500       4       java.util.ArrayList::toArray (57 bytes)
Event: 65.550 Thread 0x000001b345140a20 nmethod 8500 0x000001b375a97e10 code [0x000001b375a97fa0, 0x000001b375a98518]
Event: 65.556 Thread 0x000001b345171ca0 8508       3       kotlin.sequences.GeneratorSequence::iterator (12 bytes)
Event: 65.557 Thread 0x000001b345171ca0 nmethod 8508 0x000001b36eab1190 code [0x000001b36eab1340, 0x000001b36eab15d8]
Event: 65.557 Thread 0x000001b345171ca0 8509       3       kotlin.sequences.GeneratorSequence$iterator$1::<init> (16 bytes)
Event: 65.557 Thread 0x000001b345171ca0 nmethod 8509 0x000001b36eab1710 code [0x000001b36eab18a0, 0x000001b36eab1a78]
Event: 65.557 Thread 0x000001b345171ca0 8510       3       org.jetbrains.kotlin.com.intellij.util.containers.CanonicalHashingStrategy::hashCode (5 bytes)
Event: 65.558 Thread 0x000001b345171ca0 nmethod 8510 0x000001b36eab1b10 code [0x000001b36eab1cc0, 0x000001b36eab1f68]
Event: 65.561 Thread 0x000001b345171ca0 8511       3       jdk.proxy1.$Proxy7::<init> (6 bytes)
Event: 65.562 Thread 0x000001b345171ca0 nmethod 8511 0x000001b36eab2090 code [0x000001b36eab2260, 0x000001b36eab25e8]
Event: 65.589 Thread 0x000001b345140a20 8512       4       jdk.internal.org.objectweb.asm.Frame::accept (264 bytes)
Event: 65.627 Thread 0x000001b345140a20 nmethod 8512 0x000001b375a98710 code [0x000001b375a988e0, 0x000001b375a99528]
Event: 65.660 Thread 0x000001b345140a20 8513       4       java.lang.StringBuilder::append (8 bytes)
Event: 65.681 Thread 0x000001b345140a20 nmethod 8513 0x000001b375a99b90 code [0x000001b375a99d40, 0x000001b375a9a5d8]

GC Heap History (20 events):
Event: 57.765 GC heap after
{Heap after GC invocations=48 (full 0):
 garbage-first heap   total 79872K, used 43692K [0x0000000080000000, 0x0000000100000000)
  region size 1024K, 3 young (3072K), 3 survivors (3072K)
 Metaspace       used 64704K, committed 65344K, reserved 1114112K
  class space    used 9261K, committed 9600K, reserved 1048576K
}
Event: 57.943 GC heap before
{Heap before GC invocations=48 (full 0):
 garbage-first heap   total 79872K, used 46764K [0x0000000080000000, 0x0000000100000000)
  region size 1024K, 7 young (7168K), 3 survivors (3072K)
 Metaspace       used 65272K, committed 65920K, reserved 1114112K
  class space    used 9329K, committed 9664K, reserved 1048576K
}
Event: 57.952 GC heap after
{Heap after GC invocations=49 (full 0):
 garbage-first heap   total 79872K, used 43728K [0x0000000080000000, 0x0000000100000000)
  region size 1024K, 2 young (2048K), 2 survivors (2048K)
 Metaspace       used 65272K, committed 65920K, reserved 1114112K
  class space    used 9329K, committed 9664K, reserved 1048576K
}
Event: 57.996 GC heap before
{Heap before GC invocations=49 (full 0):
 garbage-first heap   total 79872K, used 49872K [0x0000000080000000, 0x0000000100000000)
  region size 1024K, 3 young (3072K), 2 survivors (2048K)
 Metaspace       used 65272K, committed 65920K, reserved 1114112K
  class space    used 9329K, committed 9664K, reserved 1048576K
}
Event: 58.004 GC heap after
{Heap after GC invocations=50 (full 0):
 garbage-first heap   total 79872K, used 49764K [0x0000000080000000, 0x0000000100000000)
  region size 1024K, 2 young (2048K), 2 survivors (2048K)
 Metaspace       used 65272K, committed 65920K, reserved 1114112K
  class space    used 9329K, committed 9664K, reserved 1048576K
}
Event: 58.651 GC heap before
{Heap before GC invocations=51 (full 0):
 garbage-first heap   total 87040K, used 69220K [0x0000000080000000, 0x0000000100000000)
  region size 1024K, 20 young (20480K), 2 survivors (2048K)
 Metaspace       used 65414K, committed 66112K, reserved 1114112K
  class space    used 9332K, committed 9664K, reserved 1048576K
}
Event: 58.683 GC heap after
{Heap after GC invocations=52 (full 0):
 garbage-first heap   total 87040K, used 55534K [0x0000000080000000, 0x0000000100000000)
  region size 1024K, 3 young (3072K), 3 survivors (3072K)
 Metaspace       used 65414K, committed 66112K, reserved 1114112K
  class space    used 9332K, committed 9664K, reserved 1048576K
}
Event: 58.706 GC heap before
{Heap before GC invocations=52 (full 0):
 garbage-first heap   total 87040K, used 56558K [0x0000000080000000, 0x0000000100000000)
  region size 1024K, 4 young (4096K), 3 survivors (3072K)
 Metaspace       used 65414K, committed 66112K, reserved 1114112K
  class space    used 9332K, committed 9664K, reserved 1048576K
}
Event: 58.723 GC heap after
{Heap after GC invocations=53 (full 0):
 garbage-first heap   total 87040K, used 56041K [0x0000000080000000, 0x0000000100000000)
  region size 1024K, 1 young (1024K), 1 survivors (1024K)
 Metaspace       used 65414K, committed 66112K, reserved 1114112K
  class space    used 9332K, committed 9664K, reserved 1048576K
}
Event: 59.222 GC heap before
{Heap before GC invocations=53 (full 0):
 garbage-first heap   total 87040K, used 69353K [0x0000000080000000, 0x0000000100000000)
  region size 1024K, 16 young (16384K), 1 survivors (1024K)
 Metaspace       used 65548K, committed 66240K, reserved 1114112K
  class space    used 9336K, committed 9664K, reserved 1048576K
}
Event: 59.263 GC heap after
{Heap after GC invocations=54 (full 0):
 garbage-first heap   total 184320K, used 55619K [0x0000000080000000, 0x0000000100000000)
  region size 1024K, 2 young (2048K), 2 survivors (2048K)
 Metaspace       used 65548K, committed 66240K, reserved 1114112K
  class space    used 9336K, committed 9664K, reserved 1048576K
}
Event: 59.835 GC heap before
{Heap before GC invocations=54 (full 0):
 garbage-first heap   total 184320K, used 80195K [0x0000000080000000, 0x0000000100000000)
  region size 1024K, 23 young (23552K), 2 survivors (2048K)
 Metaspace       used 65550K, committed 66240K, reserved 1114112K
  class space    used 9336K, committed 9664K, reserved 1048576K
}
Event: 59.892 GC heap after
{Heap after GC invocations=55 (full 0):
 garbage-first heap   total 184320K, used 63638K [0x0000000080000000, 0x0000000100000000)
  region size 1024K, 8 young (8192K), 8 survivors (8192K)
 Metaspace       used 65550K, committed 66240K, reserved 1114112K
  class space    used 9336K, committed 9664K, reserved 1048576K
}
Event: 60.266 GC heap before
{Heap before GC invocations=55 (full 0):
 garbage-first heap   total 184320K, used 77974K [0x0000000080000000, 0x0000000100000000)
  region size 1024K, 22 young (22528K), 8 survivors (8192K)
 Metaspace       used 65551K, committed 66240K, reserved 1114112K
  class space    used 9336K, committed 9664K, reserved 1048576K
}
Event: 60.299 GC heap after
{Heap after GC invocations=56 (full 0):
 garbage-first heap   total 184320K, used 65549K [0x0000000080000000, 0x0000000100000000)
  region size 1024K, 5 young (5120K), 5 survivors (5120K)
 Metaspace       used 65551K, committed 66240K, reserved 1114112K
  class space    used 9336K, committed 9664K, reserved 1048576K
}
Event: 63.117 GC heap before
{Heap before GC invocations=57 (full 0):
 garbage-first heap   total 184320K, used 128013K [0x0000000080000000, 0x0000000100000000)
  region size 1024K, 62 young (63488K), 5 survivors (5120K)
 Metaspace       used 68986K, committed 69632K, reserved 1114112K
  class space    used 9738K, committed 10048K, reserved 1048576K
}
Event: 63.171 GC heap after
{Heap after GC invocations=58 (full 0):
 garbage-first heap   total 184320K, used 73216K [0x0000000080000000, 0x0000000100000000)
  region size 1024K, 8 young (8192K), 8 survivors (8192K)
 Metaspace       used 68986K, committed 69632K, reserved 1114112K
  class space    used 9738K, committed 10048K, reserved 1048576K
}
Event: 63.251 GC heap before
{Heap before GC invocations=58 (full 0):
 garbage-first heap   total 184320K, used 74240K [0x0000000080000000, 0x0000000100000000)
  region size 1024K, 9 young (9216K), 8 survivors (8192K)
 Metaspace       used 69053K, committed 69696K, reserved 1114112K
  class space    used 9743K, committed 10048K, reserved 1048576K
}
Event: 63.279 GC heap after
{Heap after GC invocations=59 (full 0):
 garbage-first heap   total 184320K, used 73728K [0x0000000080000000, 0x0000000100000000)
  region size 1024K, 1 young (1024K), 1 survivors (1024K)
 Metaspace       used 69053K, committed 69696K, reserved 1114112K
  class space    used 9743K, committed 10048K, reserved 1048576K
}
Event: 65.695 GC heap before
{Heap before GC invocations=59 (full 0):
 garbage-first heap   total 184320K, used 140288K [0x0000000080000000, 0x0000000100000000)
  region size 1024K, 49 young (50176K), 1 survivors (1024K)
 Metaspace       used 72518K, committed 73152K, reserved 1114112K
  class space    used 10093K, committed 10432K, reserved 1048576K
}

Dll operation events (16 events):
Event: 0.030 Loaded shared library C:\Program Files\Eclipse Adoptium\jdk-17.0.14.7-hotspot\bin\java.dll
Event: 0.180 Loaded shared library C:\Program Files\Eclipse Adoptium\jdk-17.0.14.7-hotspot\bin\jsvml.dll
Event: 1.044 Loaded shared library C:\Program Files\Eclipse Adoptium\jdk-17.0.14.7-hotspot\bin\zip.dll
Event: 1.051 Loaded shared library C:\Program Files\Eclipse Adoptium\jdk-17.0.14.7-hotspot\bin\instrument.dll
Event: 1.157 Loaded shared library C:\Program Files\Eclipse Adoptium\jdk-17.0.14.7-hotspot\bin\net.dll
Event: 1.162 Loaded shared library C:\Program Files\Eclipse Adoptium\jdk-17.0.14.7-hotspot\bin\nio.dll
Event: 1.194 Loaded shared library C:\Program Files\Eclipse Adoptium\jdk-17.0.14.7-hotspot\bin\zip.dll
Event: 3.576 Loaded shared library C:\Program Files\Eclipse Adoptium\jdk-17.0.14.7-hotspot\bin\jimage.dll
Event: 4.065 Loaded shared library C:\Program Files\Eclipse Adoptium\jdk-17.0.14.7-hotspot\bin\verify.dll
Event: 5.180 Loaded shared library C:\Users\AL SHIDI\.gradle\native\c067742578af261105cb4f569cf0c3c89f3d7b1fecec35dd04571415982c5e48\windows-amd64\native-platform.dll
Event: 5.208 Loading shared library C:\Users\AL SHIDI\.gradle\native\38dada09dfb8b06ba9b0570ebf7e218e3eb74d4ef43ca46872605cf95ebc2f47\windows-amd64\native-platform-file-events.dll failed, error code 127
Event: 5.224 Loading shared library C:\Users\AL SHIDI\.gradle\native\38dada09dfb8b06ba9b0570ebf7e218e3eb74d4ef43ca46872605cf95ebc2f47\windows-amd64-min\native-platform-file-events.dll failed, error code 127
Event: 11.267 Loaded shared library C:\Program Files\Eclipse Adoptium\jdk-17.0.14.7-hotspot\bin\management.dll
Event: 11.280 Loaded shared library C:\Program Files\Eclipse Adoptium\jdk-17.0.14.7-hotspot\bin\management_ext.dll
Event: 12.215 Loaded shared library C:\Program Files\Eclipse Adoptium\jdk-17.0.14.7-hotspot\bin\extnet.dll
Event: 12.946 Loaded shared library C:\Program Files\Eclipse Adoptium\jdk-17.0.14.7-hotspot\bin\sunmscapi.dll

Deoptimization events (20 events):
Event: 64.344 Thread 0x000001b34a9f9f90 Uncommon trap: trap_request=0xffffffdc fr.pc=0x000001b375a64640 relative=0x0000000000000220
Event: 64.344 Thread 0x000001b34a9f9f90 Uncommon trap: reason=class_check action=make_not_entrant pc=0x000001b375a64640 method=java.util.ArrayList.toArray([Ljava/lang/Object;)[Ljava/lang/Object; @ 21 c2
Event: 64.344 Thread 0x000001b34a9f9f90 DEOPT PACKING pc=0x000001b375a64640 sp=0x000000740adf55d0
Event: 64.344 Thread 0x000001b34a9f9f90 DEOPT UNPACKING pc=0x000001b3751a699d sp=0x000000740adf55a0 mode 2
Event: 64.874 Thread 0x000001b34a9f9f90 Uncommon trap: trap_request=0xffffffc6 fr.pc=0x000001b375742264 relative=0x0000000000002484
Event: 64.874 Thread 0x000001b34a9f9f90 Uncommon trap: reason=bimorphic_or_optimized_type_check action=maybe_recompile pc=0x000001b375742264 method=java.util.HashMap.putVal(ILjava/lang/Object;Ljava/lang/Object;ZZ)Ljava/lang/Object; @ 91 c2
Event: 64.874 Thread 0x000001b34a9f9f90 DEOPT PACKING pc=0x000001b375742264 sp=0x000000740adf25d0
Event: 64.874 Thread 0x000001b34a9f9f90 DEOPT UNPACKING pc=0x000001b3751a699d sp=0x000000740adf24a8 mode 2
Event: 64.874 Thread 0x000001b34a9f9f90 Uncommon trap: trap_request=0xffffffc6 fr.pc=0x000001b375742264 relative=0x0000000000002484
Event: 64.874 Thread 0x000001b34a9f9f90 Uncommon trap: reason=bimorphic_or_optimized_type_check action=maybe_recompile pc=0x000001b375742264 method=java.util.HashMap.putVal(ILjava/lang/Object;Ljava/lang/Object;ZZ)Ljava/lang/Object; @ 91 c2
Event: 64.874 Thread 0x000001b34a9f9f90 DEOPT PACKING pc=0x000001b375742264 sp=0x000000740adf25d0
Event: 64.874 Thread 0x000001b34a9f9f90 DEOPT UNPACKING pc=0x000001b3751a699d sp=0x000000740adf24a8 mode 2
Event: 64.874 Thread 0x000001b34a9f9f90 Uncommon trap: trap_request=0xffffffc6 fr.pc=0x000001b375742264 relative=0x0000000000002484
Event: 64.874 Thread 0x000001b34a9f9f90 Uncommon trap: reason=bimorphic_or_optimized_type_check action=maybe_recompile pc=0x000001b375742264 method=java.util.HashMap.putVal(ILjava/lang/Object;Ljava/lang/Object;ZZ)Ljava/lang/Object; @ 91 c2
Event: 64.874 Thread 0x000001b34a9f9f90 DEOPT PACKING pc=0x000001b375742264 sp=0x000000740adf25d0
Event: 64.874 Thread 0x000001b34a9f9f90 DEOPT UNPACKING pc=0x000001b3751a699d sp=0x000000740adf24a8 mode 2
Event: 64.875 Thread 0x000001b34a9f9f90 Uncommon trap: trap_request=0xffffffc6 fr.pc=0x000001b375742264 relative=0x0000000000002484
Event: 64.875 Thread 0x000001b34a9f9f90 Uncommon trap: reason=bimorphic_or_optimized_type_check action=maybe_recompile pc=0x000001b375742264 method=java.util.HashMap.putVal(ILjava/lang/Object;Ljava/lang/Object;ZZ)Ljava/lang/Object; @ 91 c2
Event: 64.875 Thread 0x000001b34a9f9f90 DEOPT PACKING pc=0x000001b375742264 sp=0x000000740adf25d0
Event: 64.875 Thread 0x000001b34a9f9f90 DEOPT UNPACKING pc=0x000001b3751a699d sp=0x000000740adf24a8 mode 2

Classes loaded (20 events):
Event: 57.836 Loading class jdk/internal/jrtfs/JrtFileSystemProvider$JrtFsLoader
Event: 57.836 Loading class jdk/internal/jrtfs/JrtFileSystemProvider$JrtFsLoader done
Event: 57.850 Loading class java/io/IOError
Event: 57.851 Loading class java/io/IOError done
Event: 57.868 Loading class java/nio/channels/FileChannel$MapMode
Event: 57.868 Loading class java/nio/channels/FileChannel$MapMode done
Event: 57.868 Loading class jdk/internal/misc/ExtendedMapMode
Event: 57.869 Loading class jdk/internal/misc/ExtendedMapMode done
Event: 57.877 Loading class sun/nio/ch/FileChannelImpl$DefaultUnmapper
Event: 57.877 Loading class sun/nio/ch/FileChannelImpl$Unmapper
Event: 57.877 Loading class jdk/internal/access/foreign/UnmapperProxy
Event: 57.877 Loading class jdk/internal/access/foreign/UnmapperProxy done
Event: 57.878 Loading class sun/nio/ch/FileChannelImpl$Unmapper done
Event: 57.878 Loading class sun/nio/ch/FileChannelImpl$DefaultUnmapper done
Event: 57.878 Loading class sun/nio/ch/Util$4
Event: 57.879 Loading class sun/nio/ch/Util$4 done
Event: 57.882 Loading class java/io/UTFDataFormatException
Event: 57.883 Loading class java/io/UTFDataFormatException done
Event: 61.520 Loading class java/nio/channels/NonWritableChannelException
Event: 61.520 Loading class java/nio/channels/NonWritableChannelException done

Classes unloaded (0 events):
No events

Classes redefined (0 events):
No events

Internal exceptions (20 events):
Event: 50.815 Thread 0x000001b34a9fa9b0 Exception <a 'java/lang/NoSuchMethodError'{0x0000000083eddb30}: static Lorg/gradle/internal/build/event/types/DefaultPluginApplicationResult;.<clinit>()V> (0x0000000083eddb30) 
thrown [s\src\hotspot\share\prims\jni.cpp, line 1112]
Event: 50.823 Thread 0x000001b34a9fa9b0 Exception <a 'java/lang/NoSuchMethodError'{0x0000000083ee8418}: static Lorg/gradle/internal/build/event/types/DefaultBinaryPluginIdentifier;.<clinit>()V> (0x0000000083ee8418) 
thrown [s\src\hotspot\share\prims\jni.cpp, line 1112]
Event: 50.831 Thread 0x000001b34a9fa9b0 Exception <a 'java/lang/NoSuchMethodError'{0x0000000083efe610}: static Lorg/gradle/internal/build/event/types/DefaultScriptPluginIdentifier;.<clinit>()V> (0x0000000083efe610) 
thrown [s\src\hotspot\share\prims\jni.cpp, line 1112]
Event: 51.451 Thread 0x000001b34a9f9f90 Exception <a 'java/lang/IncompatibleClassChangeError'{0x0000000083869020}: Found class java.lang.Object, but interface was expected> (0x0000000083869020) 
thrown [s\src\hotspot\share\interpreter\linkResolver.cpp, line 826]
Event: 51.551 Thread 0x000001b34a9f9f90 Exception <a 'java/lang/NoSuchMethodError'{0x000000008374eac8}: 'void java.lang.invoke.DirectMethodHandle$Holder.invokeVirtual(java.lang.Object, java.lang.Object)'> (0x000000008374eac8) 
thrown [s\src\hotspot\share\interpreter\linkResolver.cpp, line 759]
Event: 51.660 Thread 0x000001b34a9f9f90 Exception <a 'java/lang/NoSuchMethodError'{0x0000000083525fe0}: 'java.lang.Object java.lang.invoke.DirectMethodHandle$Holder.invokeStaticInit(java.lang.Object, int)'> (0x0000000083525fe0) 
thrown [s\src\hotspot\share\interpreter\linkResolver.cpp, line 759]
Event: 54.694 Thread 0x000001b34a9f9f90 Exception <a 'sun/nio/fs/WindowsException'{0x00000000840182c8}> (0x00000000840182c8) 
thrown [s\src\hotspot\share\prims\jni.cpp, line 516]
Event: 54.695 Thread 0x000001b34a9f9f90 Exception <a 'sun/nio/fs/WindowsException'{0x000000008401a0c0}> (0x000000008401a0c0) 
thrown [s\src\hotspot\share\prims\jni.cpp, line 516]
Event: 55.242 Thread 0x000001b34a9f9f90 Exception <a 'java/lang/NoSuchMethodError'{0x000000008349b9a0}: 'long java.lang.invoke.DirectMethodHandle$Holder.invokeStatic(java.lang.Object)'> (0x000000008349b9a0) 
thrown [s\src\hotspot\share\interpreter\linkResolver.cpp, line 759]
Event: 55.243 Thread 0x000001b34a9f9f90 Exception <a 'java/lang/NoSuchMethodError'{0x00000000834a0540}: 'long java.lang.invoke.DirectMethodHandle$Holder.invokeStaticInit(java.lang.Object)'> (0x00000000834a0540) 
thrown [s\src\hotspot\share\interpreter\linkResolver.cpp, line 759]
Event: 55.510 Thread 0x000001b34a9f9f90 Exception <a 'java/lang/NoSuchMethodError'{0x00000000849f4fb8}: 'long java.lang.invoke.Invokers$Holder.invoke_MT(java.lang.Object, java.lang.Object, java.lang.Object, java.lang.Object)'> (0x00000000849f4fb8) 
thrown [s\src\hotspot\share\interpreter\linkResolver.cpp, line 759]
Event: 55.517 Thread 0x000001b34a9f9f90 Exception <a 'java/lang/NoSuchMethodError'{0x00000000849fe360}: 'int java.lang.invoke.Invokers$Holder.invoke_MT(java.lang.Object, java.lang.Object, java.lang.Object, java.lang.Object)'> (0x00000000849fe360) 
thrown [s\src\hotspot\share\interpreter\linkResolver.cpp, line 759]
Event: 55.526 Thread 0x000001b34a9f9f90 Exception <a 'java/lang/NoSuchMethodError'{0x000000008480f2d0}: 'void java.lang.invoke.DelegatingMethodHandle$Holder.reinvoke_L(java.lang.Object, java.lang.Object, java.lang.Object, long, java.lang.Object)'> (0x000000008480f2d0) 
thrown [s\src\hotspot\share\interpreter\linkResolver.cpp, line 759]
Event: 55.537 Thread 0x000001b34a9f9f90 Exception <a 'java/lang/NoSuchMethodError'{0x0000000084817c00}: 'java.lang.Object java.lang.invoke.DirectMethodHandle$Holder.invokeSpecial(java.lang.Object, java.lang.Object, java.lang.Object, java.lang.Object, long)'> (0x0000000084817c00) 
thrown [s\src\hotspot\share\interpreter\linkResolver.cpp, line 759]
Event: 55.548 Thread 0x000001b34a9f9f90 Exception <a 'java/lang/NoSuchMethodError'{0x00000000848282f8}: 'int java.lang.invoke.DelegatingMethodHandle$Holder.reinvoke_L(java.lang.Object, java.lang.Object, java.lang.Object, long, java.lang.Object, java.lang.Object)'> (0x00000000848282f8) 
thrown [s\src\hotspot\share\interpreter\linkResolver.cpp, line 759]
Event: 55.558 Thread 0x000001b34a9f9f90 Exception <a 'java/lang/NoSuchMethodError'{0x0000000084838338}: 'int java.lang.invoke.DelegatingMethodHandle$Holder.reinvoke_L(java.lang.Object, java.lang.Object, java.lang.Object, long, int, int)'> (0x0000000084838338) 
thrown [s\src\hotspot\share\interpreter\linkResolver.cpp, line 759]
Event: 55.568 Thread 0x000001b34a9f9f90 Exception <a 'java/lang/NoSuchMethodError'{0x0000000084848120}: 'int java.lang.invoke.DelegatingMethodHandle$Holder.reinvoke_L(java.lang.Object, java.lang.Object, java.lang.Object, long, long, long)'> (0x0000000084848120) 
thrown [s\src\hotspot\share\interpreter\linkResolver.cpp, line 759]
Event: 55.571 Thread 0x000001b34a9f9f90 Exception <a 'java/lang/NoSuchMethodError'{0x0000000084857be8}: 'int java.lang.invoke.DelegatingMethodHandle$Holder.reinvoke_L(java.lang.Object, java.lang.Object, java.lang.Object, long, int)'> (0x0000000084857be8) 
thrown [s\src\hotspot\share\interpreter\linkResolver.cpp, line 759]
Event: 57.733 Thread 0x000001b34a9f9f90 Exception <a 'java/lang/NoSuchMethodError'{0x00000000833a20a8}: 'java.lang.Object java.lang.invoke.Invokers$Holder.invokeExact_MT(java.lang.Object, java.lang.Object, long, java.lang.Object)'> (0x00000000833a20a8) 
thrown [s\src\hotspot\share\interpreter\linkResolver.cpp, line 759]
Event: 57.874 Thread 0x000001b34a9f9f90 Exception <a 'java/lang/NoSuchMethodError'{0x0000000084b19ec0}: 'java.lang.Object java.lang.invoke.Invokers$Holder.invoke_MT(java.lang.Object, java.lang.Object, java.lang.Object)'> (0x0000000084b19ec0) 
thrown [s\src\hotspot\share\interpreter\linkResolver.cpp, line 759]

VM Operations (20 events):
Event: 60.036 Executing VM operation: HandshakeAllThreads done
Event: 60.266 Executing VM operation: G1TryInitiateConcMark
Event: 60.299 Executing VM operation: G1TryInitiateConcMark done
Event: 60.476 Executing VM operation: G1PauseRemark
Event: 60.487 Executing VM operation: G1PauseRemark done
Event: 60.570 Executing VM operation: G1PauseCleanup
Event: 60.581 Executing VM operation: G1PauseCleanup done
Event: 60.595 Executing VM operation: HandshakeAllThreads
Event: 60.596 Executing VM operation: HandshakeAllThreads done
Event: 61.596 Executing VM operation: Cleanup
Event: 61.596 Executing VM operation: Cleanup done
Event: 62.597 Executing VM operation: Cleanup
Event: 62.597 Executing VM operation: Cleanup done
Event: 63.117 Executing VM operation: G1CollectForAllocation
Event: 63.171 Executing VM operation: G1CollectForAllocation done
Event: 63.251 Executing VM operation: G1CollectForAllocation
Event: 63.279 Executing VM operation: G1CollectForAllocation done
Event: 64.280 Executing VM operation: Cleanup
Event: 64.280 Executing VM operation: Cleanup done
Event: 65.693 Executing VM operation: G1CollectForAllocation

Memory protections (0 events):
No events

Nmethod flushes (20 events):
Event: 42.367 Thread 0x000001b3451be910 flushing  nmethod 0x000001b36e4b9910
Event: 42.367 Thread 0x000001b3451be910 flushing  nmethod 0x000001b36e4e5990
Event: 42.367 Thread 0x000001b3451be910 flushing  nmethod 0x000001b36e510d10
Event: 42.367 Thread 0x000001b3451be910 flushing  nmethod 0x000001b36e520090
Event: 42.368 Thread 0x000001b3451be910 flushing  nmethod 0x000001b36e533e10
Event: 42.368 Thread 0x000001b3451be910 flushing  nmethod 0x000001b36e537490
Event: 42.368 Thread 0x000001b3451be910 flushing  nmethod 0x000001b36e544510
Event: 42.368 Thread 0x000001b3451be910 flushing  nmethod 0x000001b36e547210
Event: 42.368 Thread 0x000001b3451be910 flushing  nmethod 0x000001b36e547a90
Event: 42.368 Thread 0x000001b3451be910 flushing  nmethod 0x000001b36e547d90
Event: 42.368 Thread 0x000001b3451be910 flushing  nmethod 0x000001b36e550890
Event: 42.368 Thread 0x000001b3451be910 flushing  nmethod 0x000001b36e552c90
Event: 42.368 Thread 0x000001b3451be910 flushing  nmethod 0x000001b36e556d10
Event: 42.368 Thread 0x000001b3451be910 flushing  nmethod 0x000001b36e598f10
Event: 42.369 Thread 0x000001b3451be910 flushing  nmethod 0x000001b36e5e6490
Event: 42.369 Thread 0x000001b3451be910 flushing  nmethod 0x000001b36e62a790
Event: 42.370 Thread 0x000001b3451be910 flushing  nmethod 0x000001b36e6d4b90
Event: 42.370 Thread 0x000001b3451be910 flushing  nmethod 0x000001b36e6d6610
Event: 42.370 Thread 0x000001b3451be910 flushing  nmethod 0x000001b36e6d8010
Event: 60.603 Thread 0x000001b3451be910 flushing  nmethod 0x000001b36e00f690

Events (20 events):
Event: 13.024 Thread 0x000001b34a867000 Thread added: 0x000001b34a972430
Event: 13.033 Thread 0x000001b34a972430 Thread added: 0x000001b34ac8e3f0
Event: 13.174 Thread 0x000001b34a972430 Thread added: 0x000001b34a9f9a80
Event: 13.196 Thread 0x000001b34a972430 Thread added: 0x000001b34a9f9f90
Event: 13.238 Thread 0x000001b34a9f9f90 Thread added: 0x000001b34a9fa4a0
Event: 13.252 Thread 0x000001b34a9f9f90 Thread added: 0x000001b34a9f7c20
Event: 13.268 Thread 0x000001b34a9f9f90 Thread added: 0x000001b34a9fa9b0
Event: 15.417 Thread 0x000001b34a9f9f90 Thread added: 0x000001b34a9f8b50
Event: 15.473 Thread 0x000001b34a9f9f90 Thread added: 0x000001b34a9f9570
Event: 15.583 Thread 0x000001b34a9f9f90 Thread added: 0x000001b34a9f7710
Event: 19.598 Thread 0x000001b34a9f9f90 Thread added: 0x000001b34a9f9060
Event: 21.454 Thread 0x000001b34a9f9f90 Thread added: 0x000001b34a9faec0
Event: 21.679 Thread 0x000001b34a9f9f90 Thread added: 0x000001b34a9f8130
Event: 21.725 Thread 0x000001b34a9f9f90 Thread added: 0x000001b34bfc5830
Event: 22.698 Thread 0x000001b34a9f9f90 Thread added: 0x000001b34bfc80b0
Event: 24.600 Thread 0x000001b34a9f9f90 Thread added: 0x000001b34bfc7ba0
Event: 24.942 Thread 0x000001b34a9f9f90 Thread added: 0x000001b34bfc5d40
Event: 38.673 Thread 0x000001b34a9f9f90 Thread added: 0x000001b34bfc34c0
Event: 44.620 Thread 0x000001b34a9f9f90 Thread added: 0x000001b34bfc8fe0
Event: 46.103 Thread 0x000001b34a9f9f90 Thread added: 0x000001b34bfc6c70


Dynamic libraries:
0x00007ff6e5cb0000 - 0x00007ff6e5cbe000 	C:\Program Files\Eclipse Adoptium\jdk-17.0.14.7-hotspot\bin\java.exe
0x00007ffc17ea0000 - 0x00007ffc1807b000 	C:\Windows\SYSTEM32\ntdll.dll
0x00007ffc17a90000 - 0x00007ffc17b3e000 	C:\Windows\System32\KERNEL32.DLL
0x00007ffc146a0000 - 0x00007ffc148ea000 	C:\Windows\System32\KERNELBASE.dll
0x00007ffc144e0000 - 0x00007ffc145d4000 	C:\Windows\System32\ucrtbase.dll
0x00007ffc0e120000 - 0x00007ffc0e137000 	C:\Program Files\Eclipse Adoptium\jdk-17.0.14.7-hotspot\bin\jli.dll
0x00007ffc17ce0000 - 0x00007ffc17e2a000 	C:\Windows\System32\USER32.dll
0x00007ffc145e0000 - 0x00007ffc145fe000 	C:\Windows\System32\win32u.dll
0x00007ffc17480000 - 0x00007ffc174a7000 	C:\Windows\System32\GDI32.dll
0x00007ffc148f0000 - 0x00007ffc14a78000 	C:\Windows\System32\gdi32full.dll
0x00007ffc14600000 - 0x00007ffc1469a000 	C:\Windows\System32\msvcp_win.dll
0x00007ffc0e100000 - 0x00007ffc0e11e000 	C:\Program Files\Eclipse Adoptium\jdk-17.0.14.7-hotspot\bin\VCRUNTIME140.dll
0x00007ffc05250000 - 0x00007ffc054b7000 	C:\Windows\WinSxS\amd64_microsoft.windows.common-controls_6595b64144ccf1df_6.0.15063.1897_none_40cb64bd29a40d00\COMCTL32.dll
0x00007ffc173e0000 - 0x00007ffc1747d000 	C:\Windows\System32\msvcrt.dll
0x00007ffc17080000 - 0x00007ffc17376000 	C:\Windows\System32\combase.dll
0x00007ffc155d0000 - 0x00007ffc156f5000 	C:\Windows\System32\RPCRT4.dll
0x00007ffc14460000 - 0x00007ffc144d5000 	C:\Windows\System32\bcryptPrimitives.dll
0x00007ffc16ed0000 - 0x00007ffc16efd000 	C:\Windows\System32\IMM32.DLL
0x00007ffc0fd50000 - 0x00007ffc0fd5c000 	C:\Program Files\Eclipse Adoptium\jdk-17.0.14.7-hotspot\bin\vcruntime140_1.dll
0x00007ffc06bc0000 - 0x00007ffc06c4d000 	C:\Program Files\Eclipse Adoptium\jdk-17.0.14.7-hotspot\bin\msvcp140.dll
0x00007ffbe4da0000 - 0x00007ffbe5a0b000 	C:\Program Files\Eclipse Adoptium\jdk-17.0.14.7-hotspot\bin\server\jvm.dll
0x00007ffc16b50000 - 0x00007ffc16bf1000 	C:\Windows\System32\ADVAPI32.dll
0x00007ffc17e30000 - 0x00007ffc17e89000 	C:\Windows\System32\sechost.dll
0x00007ffc14340000 - 0x00007ffc1438c000 	C:\Windows\System32\POWRPROF.dll
0x00007ffc178f0000 - 0x00007ffc1795c000 	C:\Windows\System32\WS2_32.dll
0x00007ffc128b0000 - 0x00007ffc128d3000 	C:\Windows\SYSTEM32\WINMM.dll
0x00007ffc0f0e0000 - 0x00007ffc0f0ea000 	C:\Windows\SYSTEM32\VERSION.dll
0x00007ffc12850000 - 0x00007ffc1287b000 	C:\Windows\SYSTEM32\WINMMBASE.dll
0x00007ffc14a80000 - 0x00007ffc14ac9000 	C:\Windows\System32\cfgmgr32.dll
0x00007ffc14390000 - 0x00007ffc143a1000 	C:\Windows\System32\kernel.appcore.dll
0x00007ffc0e1c0000 - 0x00007ffc0e1ca000 	C:\Program Files\Eclipse Adoptium\jdk-17.0.14.7-hotspot\bin\jimage.dll
0x00007ffc09750000 - 0x00007ffc098f9000 	C:\Windows\SYSTEM32\DBGHELP.DLL
0x00007ffbfce60000 - 0x00007ffbfce89000 	C:\Windows\SYSTEM32\dbgcore.DLL
0x00007ffc0e0f0000 - 0x00007ffc0e0fe000 	C:\Program Files\Eclipse Adoptium\jdk-17.0.14.7-hotspot\bin\instrument.dll
0x00007ffc0e0c0000 - 0x00007ffc0e0e5000 	C:\Program Files\Eclipse Adoptium\jdk-17.0.14.7-hotspot\bin\java.dll
0x00007ffc029f0000 - 0x00007ffc02ac7000 	C:\Program Files\Eclipse Adoptium\jdk-17.0.14.7-hotspot\bin\jsvml.dll
0x00007ffc15710000 - 0x00007ffc16b49000 	C:\Windows\System32\SHELL32.dll
0x00007ffc179e0000 - 0x00007ffc17a8a000 	C:\Windows\System32\shcore.dll
0x00007ffc14ad0000 - 0x00007ffc151c5000 	C:\Windows\System32\windows.storage.dll
0x00007ffc15400000 - 0x00007ffc15451000 	C:\Windows\System32\shlwapi.dll
0x00007ffc14300000 - 0x00007ffc14315000 	C:\Windows\System32\profapi.dll
0x00007ffc06ba0000 - 0x00007ffc06bb8000 	C:\Program Files\Eclipse Adoptium\jdk-17.0.14.7-hotspot\bin\zip.dll
0x00007ffc06b80000 - 0x00007ffc06b99000 	C:\Program Files\Eclipse Adoptium\jdk-17.0.14.7-hotspot\bin\net.dll
0x00007ffc07160000 - 0x00007ffc07236000 	C:\Windows\SYSTEM32\WINHTTP.dll
0x00007ffc13c00000 - 0x00007ffc13c5c000 	C:\Windows\system32\mswsock.dll
0x00007ffc06b60000 - 0x00007ffc06b76000 	C:\Program Files\Eclipse Adoptium\jdk-17.0.14.7-hotspot\bin\nio.dll
0x00007ffc06b50000 - 0x00007ffc06b60000 	C:\Program Files\Eclipse Adoptium\jdk-17.0.14.7-hotspot\bin\verify.dll
0x00007ffc03830000 - 0x00007ffc03857000 	C:\Users\AL SHIDI\.gradle\native\c067742578af261105cb4f569cf0c3c89f3d7b1fecec35dd04571415982c5e48\windows-amd64\native-platform.dll
0x00007ffc06b40000 - 0x00007ffc06b4a000 	C:\Program Files\Eclipse Adoptium\jdk-17.0.14.7-hotspot\bin\management.dll
0x00007ffc06b00000 - 0x00007ffc06b0b000 	C:\Program Files\Eclipse Adoptium\jdk-17.0.14.7-hotspot\bin\management_ext.dll
0x00007ffc15700000 - 0x00007ffc15708000 	C:\Windows\System32\PSAPI.DLL
0x00007ffc13da0000 - 0x00007ffc13db7000 	C:\Windows\SYSTEM32\CRYPTSP.dll
0x00007ffc137d0000 - 0x00007ffc13804000 	C:\Windows\system32\rsaenh.dll
0x00007ffc13eb0000 - 0x00007ffc13ed5000 	C:\Windows\SYSTEM32\bcrypt.dll
0x00007ffc14230000 - 0x00007ffc14259000 	C:\Windows\SYSTEM32\USERENV.dll
0x00007ffc13dc0000 - 0x00007ffc13dcb000 	C:\Windows\SYSTEM32\CRYPTBASE.dll
0x00007ffc13960000 - 0x00007ffc13997000 	C:\Windows\SYSTEM32\IPHLPAPI.DLL
0x00007ffc16ec0000 - 0x00007ffc16ec8000 	C:\Windows\System32\NSI.dll
0x00007ffc07890000 - 0x00007ffc078a6000 	C:\Windows\SYSTEM32\dhcpcsvc6.DLL
0x00007ffc091b0000 - 0x00007ffc091ca000 	C:\Windows\SYSTEM32\dhcpcsvc.DLL
0x00007ffc06ae0000 - 0x00007ffc06ae9000 	C:\Program Files\Eclipse Adoptium\jdk-17.0.14.7-hotspot\bin\extnet.dll
0x00007ffc068e0000 - 0x00007ffc068ee000 	C:\Program Files\Eclipse Adoptium\jdk-17.0.14.7-hotspot\bin\sunmscapi.dll
0x00007ffc151d0000 - 0x00007ffc15399000 	C:\Windows\System32\CRYPT32.dll
0x00007ffc14320000 - 0x00007ffc14331000 	C:\Windows\System32\MSASN1.dll
0x00007ffc13e80000 - 0x00007ffc13ea5000 	C:\Windows\SYSTEM32\ncrypt.dll
0x00007ffc13e40000 - 0x00007ffc13e76000 	C:\Windows\SYSTEM32\NTASN1.dll

dbghelp: loaded successfully - version: 4.0.5 - missing functions: none
symbol engine: initialized successfully - sym options: 0x614 - pdb path: .;C:\Program Files\Eclipse Adoptium\jdk-17.0.14.7-hotspot\bin;C:\Windows\SYSTEM32;C:\Windows\WinSxS\amd64_microsoft.windows.common-controls_6595b64144ccf1df_6.0.15063.1897_none_40cb64bd29a40d00;C:\Program Files\Eclipse Adoptium\jdk-17.0.14.7-hotspot\bin\server;C:\Users\AL SHIDI\.gradle\native\c067742578af261105cb4f569cf0c3c89f3d7b1fecec35dd04571415982c5e48\windows-amd64

VM Arguments:
jvm_args: --add-opens=java.base/java.util=ALL-UNNAMED --add-opens=java.base/java.lang=ALL-UNNAMED --add-opens=java.base/java.lang.invoke=ALL-UNNAMED --add-opens=java.prefs/java.util.prefs=ALL-UNNAMED --add-opens=java.base/java.nio.charset=ALL-UNNAMED --add-opens=java.base/java.net=ALL-UNNAMED --add-opens=java.base/java.util.concurrent.atomic=ALL-UNNAMED -Xmx2048m -Dfile.encoding=UTF-8 -Duser.country=US -Duser.language=en -Duser.variant -javaagent:C:\Users\AL SHIDI\.gradle\wrapper\dists\gradle-8.7-bin\bhs2wmbdwecv87pi65oeuq5iu\gradle-8.7\lib\agents\gradle-instrumentation-agent-8.7.jar 
java_command: org.gradle.launcher.daemon.bootstrap.GradleDaemon 8.7
java_class_path (initial): C:\Users\AL SHIDI\.gradle\wrapper\dists\gradle-8.7-bin\bhs2wmbdwecv87pi65oeuq5iu\gradle-8.7\lib\gradle-launcher-8.7.jar
Launcher Type: SUN_STANDARD

[Global flags]
     intx CICompilerCount                          = 2                                         {product} {ergonomic}
     uint ConcGCThreads                            = 1                                         {product} {ergonomic}
     uint G1ConcRefinementThreads                  = 2                                         {product} {ergonomic}
   size_t G1HeapRegionSize                         = 1048576                                   {product} {ergonomic}
    uintx GCDrainStackTargetSize                   = 64                                        {product} {ergonomic}
   size_t InitialHeapSize                          = 48234496                                  {product} {ergonomic}
   size_t MarkStackSize                            = 4194304                                   {product} {ergonomic}
   size_t MaxHeapSize                              = 2147483648                                {product} {command line}
   size_t MaxNewSize                               = 1287651328                                {product} {ergonomic}
   size_t MinHeapDeltaBytes                        = 1048576                                   {product} {ergonomic}
   size_t MinHeapSize                              = 8388608                                   {product} {ergonomic}
    uintx NonNMethodCodeHeapSize                   = 5826188                                {pd product} {ergonomic}
    uintx NonProfiledCodeHeapSize                  = 122916026                              {pd product} {ergonomic}
    uintx ProfiledCodeHeapSize                     = 122916026                              {pd product} {ergonomic}
    uintx ReservedCodeCacheSize                    = 251658240                              {pd product} {ergonomic}
     bool SegmentedCodeCache                       = true                                      {product} {ergonomic}
   size_t SoftMaxHeapSize                          = 2147483648                             {manageable} {ergonomic}
     bool UseCompressedClassPointers               = true                           {product lp64_product} {ergonomic}
     bool UseCompressedOops                        = true                           {product lp64_product} {ergonomic}
     bool UseG1GC                                  = true                                      {product} {ergonomic}
     bool UseLargePagesIndividualAllocation        = false                                  {pd product} {ergonomic}

Logging:
Log output configuration:
 #0: stdout all=warning uptime,level,tags
 #1: stderr all=off uptime,level,tags

Environment Variables:
JAVA_HOME=C:\Program Files\Eclipse Adoptium\jdk-17.0.14.7-hotspot
PATH=C:\Program Files\Eclipse Adoptium\jdk-17.0.14.7-hotspot\bin;C:\Program Files\Common Files\Oracle\Java\javapath;C:\Program Files\Eclipse Adoptium\jdk-21.0.6.7-hotspot\bin;C:\Windows\system32;C:\Windows;C:\Windows\System32\Wbem;C:\Windows\System32\WindowsPowerShell\v1.0\;D:\Microsoft VS Code\bin;C:\Program Files\Git\cmd;C:\Program Files\PuTTY\;C:\Program Files (x86)\Paragon Software\LinuxFS for Windows\;C:\Users\AL SHIDI\AppData\Local\Programs\Python\Python313\Scripts\;C:\Users\AL SHIDI\AppData\Local\Programs\Python\Python313\;C:\Users\AL SHIDI\AppData\Local\Microsoft\WindowsApps;C:\Users\AL SHIDI\AppData\Local\Programs\Microsoft VS Code Insiders\bin;D:\gradle-8.13\bin;D:\gradle-8.13;D:\Android\Sdk;D:\Android\Sdk\ndk\23.2.8568313;D:\Android\Sdk\emulator;C:\Program Files\Eclipse Adoptium\jdk-21.0.6.7-hotspot;C:\Program Files\Eclipse Adoptium\jdk-21.0.6.7-hotspot\bin;C:\flutter\bin;D:\Microsoft VS Code\bin;D:\Android Studio\bin;C:\Program Files\Java\jdk-21\bin;D:\Android\Sdk\cmdline-tools\latest\bin;D:\Android\Sdk\cmdline-tools\19.0\bin;D:\Android\Sdk\platform-tools;C:\Users\AL SHIDI\AppData\Local\Programs\Windsurf\bin
USERNAME=AL SHIDI
OS=Windows_NT
PROCESSOR_IDENTIFIER=Intel64 Family 6 Model 92 Stepping 9, GenuineIntel
TMP=C:\Users\ALSHID~1\AppData\Local\Temp
TEMP=C:\Users\ALSHID~1\AppData\Local\Temp



Periodic native trim disabled


---------------  S Y S T E M  ---------------

OS:
 Windows 10 , 64 bit Build 15063 (10.0.15063.2346)
OS uptime: 0 days 0:09 hours

CPU: total 2 (initial active 2) (2 cores per cpu, 1 threads per core) family 6 model 92 stepping 9 microcode 0x32, cx8, cmov, fxsr, mmx, 3dnowpref, sse, sse2, sse3, ssse3, sse4.1, sse4.2, popcnt, tsc, tscinvbit, aes, erms, clmul, sha, clflush, clflushopt
Processor Information for all 2 processors :
  Max Mhz: 1101, Current Mhz: 1101, Mhz Limit: 1101

Memory: 4k page, system-wide physical 2905M (369M free)
TotalPageFile size 3692M (AvailPageFile size 164M)
current process WorkingSet (physical memory assigned to process): 347M, peak: 347M
current process commit charge ("private bytes"): 398M, peak: 578M

vm_info: OpenJDK 64-Bit Server VM (17.0.14+7) for windows-amd64 JRE (17.0.14+7), built on Jan 21 2025 23:40:15 by "admin" with MS VC++ 17.7 (VS2022)

END.
