#
# There is insufficient memory for the Java Runtime Environment to continue.
# Native memory allocation (malloc) failed to allocate 1400976 bytes. Error detail: Chunk::new
# Possible reasons:
#   The system is out of physical RAM or swap space
#   This process is running with CompressedOops enabled, and the Java Heap may be blocking the growth of the native heap
# Possible solutions:
#   Reduce memory load on the system
#   Increase physical memory or swap space
#   Check if swap backing store is full
#   Decrease Java heap size (-Xmx/-Xms)
#   Decrease number of Java threads
#   Decrease Java thread stack sizes (-Xss)
#   Set larger code cache with -XX:ReservedCodeCacheSize=
#   JVM is running with Unscaled Compressed Oops mode in which the Java heap is
#     placed in the first 4GB address space. The Java Heap base address is the
#     maximum limit for the native heap growth. Please use -XX:HeapBaseMinAddress
#     to set the Java Heap base and to place the Java Heap above 4GB virtual address.
# This output file may be truncated or incomplete.
#
#  Out of Memory Error (arena.cpp:191), pid=3228, tid=2456
#
# JRE version: OpenJDK Runtime Environment Temurin-17.0.14+7 (17.0.14+7) (build 17.0.14+7)
# Java VM: OpenJDK 64-Bit Server VM Temurin-17.0.14+7 (17.0.14+7, mixed mode, sharing, tiered, compressed oops, compressed class ptrs, g1 gc, windows-amd64)
# No core dump will be written. Minidumps are not enabled by default on client versions of Windows
#

---------------  S U M M A R Y ------------

Command Line: --add-opens=java.base/java.util=ALL-UNNAMED --add-opens=java.base/java.lang=ALL-UNNAMED --add-opens=java.base/java.lang.invoke=ALL-UNNAMED --add-opens=java.prefs/java.util.prefs=ALL-UNNAMED --add-opens=java.base/java.nio.charset=ALL-UNNAMED --add-opens=java.base/java.net=ALL-UNNAMED --add-opens=java.base/java.util.concurrent.atomic=ALL-UNNAMED -Xmx2048m -Dfile.encoding=UTF-8 -Duser.country=US -Duser.language=en -Duser.variant -javaagent:C:\Users\AL SHIDI\.gradle\wrapper\dists\gradle-8.7-bin\bhs2wmbdwecv87pi65oeuq5iu\gradle-8.7\lib\agents\gradle-instrumentation-agent-8.7.jar org.gradle.launcher.daemon.bootstrap.GradleDaemon 8.7

Host: Intel(R) Celeron(R) CPU N3350 @ 1.10GHz, 2 cores, 2G,  Windows 10 , 64 bit Build 15063 (10.0.15063.2346)
Time: Mon Jul  7 11:27:41 2025 Arabian Standard Time elapsed time: 107.344268 seconds (0d 0h 1m 47s)

---------------  T H R E A D  ---------------

Current thread (0x000002307f1b2c10):  JavaThread "C2 CompilerThread0" daemon [_thread_in_native, id=2456, stack(0x0000005f8f500000,0x0000005f8f600000)]


Current CompileTask:
C2: 107344 10492   !   4       org.jetbrains.kotlin.metadata.ProtoBuf$Type::<init> (875 bytes)

Stack: [0x0000005f8f500000,0x0000005f8f600000]
Native frames: (J=compiled Java code, j=interpreted, Vv=VM code, C=native code)
V  [jvm.dll+0x682eb9]
V  [jvm.dll+0x8399c8]
V  [jvm.dll+0x83b473]
V  [jvm.dll+0x83bae3]
V  [jvm.dll+0x24715f]
V  [jvm.dll+0xace44]
V  [jvm.dll+0xad4dc]
V  [jvm.dll+0x365b0f]
V  [jvm.dll+0x32fd58]
V  [jvm.dll+0x32f1da]
V  [jvm.dll+0x21814f]
V  [jvm.dll+0x21758f]
V  [jvm.dll+0x1a3150]
V  [jvm.dll+0x22799c]
V  [jvm.dll+0x225afb]
V  [jvm.dll+0x7ef128]
V  [jvm.dll+0x7e948c]
V  [jvm.dll+0x681d97]
C  [ucrtbase.dll+0x226a9]
C  [KERNEL32.DLL+0x12d34]
C  [ntdll.dll+0x50c41]


---------------  P R O C E S S  ---------------

Threads class SMR info:
_java_thread_list=0x0000023046561e30, length=34, elements={
0x0000023061a95020, 0x000002307f19a700, 0x000002307f19b490, 0x000002307f1ad2d0,
0x000002307f1adca0, 0x000002307f1b0680, 0x000002307f1b1f60, 0x000002307f1b2c10,
0x000002307f1b65f0, 0x000002307f21eb30, 0x000002307f24c550, 0x000002307f45c0f0,
0x0000023045ede7b0, 0x00000230459a8b40, 0x0000023045edbcb0, 0x0000023045c48110,
0x0000023045c489c0, 0x0000023045bb6a80, 0x0000023045bb32d0, 0x0000023045bb37e0,
0x0000023045bb6060, 0x0000023045bb4200, 0x0000023045bb4710, 0x0000023045bb6570,
0x0000023045bb4c20, 0x0000023045bb5130, 0x0000023046420060, 0x0000023046423810,
0x0000023046420570, 0x0000023046421ec0, 0x0000023046424230, 0x0000023046425670,
0x0000023046420f90, 0x00000230464214a0
}

Java Threads: ( => current thread )
  0x0000023061a95020 JavaThread "main" [_thread_blocked, id=5380, stack(0x0000005f8e800000,0x0000005f8e900000)]
  0x000002307f19a700 JavaThread "Reference Handler" daemon [_thread_blocked, id=4216, stack(0x0000005f8ef00000,0x0000005f8f000000)]
  0x000002307f19b490 JavaThread "Finalizer" daemon [_thread_blocked, id=3840, stack(0x0000005f8f000000,0x0000005f8f100000)]
  0x000002307f1ad2d0 JavaThread "Signal Dispatcher" daemon [_thread_blocked, id=4372, stack(0x0000005f8f100000,0x0000005f8f200000)]
  0x000002307f1adca0 JavaThread "Attach Listener" daemon [_thread_blocked, id=740, stack(0x0000005f8f200000,0x0000005f8f300000)]
  0x000002307f1b0680 JavaThread "Service Thread" daemon [_thread_blocked, id=2120, stack(0x0000005f8f300000,0x0000005f8f400000)]
  0x000002307f1b1f60 JavaThread "Monitor Deflation Thread" daemon [_thread_blocked, id=3576, stack(0x0000005f8f400000,0x0000005f8f500000)]
=>0x000002307f1b2c10 JavaThread "C2 CompilerThread0" daemon [_thread_in_native, id=2456, stack(0x0000005f8f500000,0x0000005f8f600000)]
  0x000002307f1b65f0 JavaThread "C1 CompilerThread0" daemon [_thread_blocked, id=3140, stack(0x0000005f8f600000,0x0000005f8f700000)]
  0x000002307f21eb30 JavaThread "Sweeper thread" daemon [_thread_blocked, id=5148, stack(0x0000005f8f700000,0x0000005f8f800000)]
  0x000002307f24c550 JavaThread "Common-Cleaner" daemon [_thread_blocked, id=5532, stack(0x0000005f8f800000,0x0000005f8f900000)]
  0x000002307f45c0f0 JavaThread "Notification Thread" daemon [_thread_blocked, id=1976, stack(0x0000005f8f900000,0x0000005f8fa00000)]
  0x0000023045ede7b0 JavaThread "Daemon health stats" [_thread_blocked, id=4120, stack(0x0000005f8fc00000,0x0000005f8fd00000)]
  0x00000230459a8b40 JavaThread "Incoming local TCP Connector on port 49826" [_thread_in_native, id=3004, stack(0x0000005f8fd00000,0x0000005f8fe00000)]
  0x0000023045edbcb0 JavaThread "Daemon periodic checks" [_thread_blocked, id=2704, stack(0x0000005f8fe00000,0x0000005f8ff00000)]
  0x0000023045c48110 JavaThread "Daemon" [_thread_blocked, id=5004, stack(0x0000005f8ff00000,0x0000005f90000000)]
  0x0000023045c489c0 JavaThread "Handler for socket connection from /127.0.0.1:49826 to /127.0.0.1:49827" [_thread_in_native, id=2112, stack(0x0000005f90000000,0x0000005f90100000)]
  0x0000023045bb6a80 JavaThread "Cancel handler" [_thread_blocked, id=4116, stack(0x0000005f90100000,0x0000005f90200000)]
  0x0000023045bb32d0 JavaThread "Daemon worker" [_thread_in_native, id=4108, stack(0x0000005f90200000,0x0000005f90300000)]
  0x0000023045bb37e0 JavaThread "Asynchronous log dispatcher for DefaultDaemonConnection: socket connection from /127.0.0.1:49826 to /127.0.0.1:49827" [_thread_blocked, id=2780, stack(0x0000005f90300000,0x0000005f90400000)]
  0x0000023045bb6060 JavaThread "Daemon client event forwarder" [_thread_blocked, id=3892, stack(0x0000005f90500000,0x0000005f90600000)]
  0x0000023045bb4200 JavaThread "Cache worker for journal cache (C:\Users\AL SHIDI\.gradle\caches\journal-1)" [_thread_blocked, id=5964, stack(0x0000005f90600000,0x0000005f90700000)]
  0x0000023045bb4710 JavaThread "File lock request listener" [_thread_in_native, id=2784, stack(0x0000005f90700000,0x0000005f90800000)]
  0x0000023045bb6570 JavaThread "Cache worker for file hash cache (C:\Users\AL SHIDI\.gradle\caches\8.7\fileHashes)" [_thread_blocked, id=5044, stack(0x0000005f90800000,0x0000005f90900000)]
  0x0000023045bb4c20 JavaThread "Cache worker for file hash cache (C:\Users\AL SHIDI\Desktop\APPs DevV01\Harvest Money\.gradle\8.7\fileHashes)" [_thread_blocked, id=964, stack(0x0000005f90900000,0x0000005f90a00000)]
  0x0000023045bb5130 JavaThread "jar transforms" [_thread_blocked, id=4364, stack(0x0000005f90a00000,0x0000005f90b00000)]
  0x0000023046420060 JavaThread "jar transforms Thread 2" [_thread_blocked, id=2776, stack(0x0000005f90b00000,0x0000005f90c00000)]
  0x0000023046423810 JavaThread "Cache worker for checksums cache (C:\Users\AL SHIDI\Desktop\APPs DevV01\Harvest Money\.gradle\8.7\checksums)" [_thread_blocked, id=2344, stack(0x0000005f90c00000,0x0000005f90d00000)]
  0x0000023046420570 JavaThread "Cache worker for cache directory md-supplier (C:\Users\AL SHIDI\.gradle\caches\8.7\md-supplier)" [_thread_blocked, id=2100, stack(0x0000005f90d00000,0x0000005f90e00000)]
  0x0000023046421ec0 JavaThread "Cache worker for cache directory md-rule (C:\Users\AL SHIDI\.gradle\caches\8.7\md-rule)" [_thread_blocked, id=5136, stack(0x0000005f90e00000,0x0000005f90f00000)]
  0x0000023046424230 JavaThread "Cache worker for file content cache (C:\Users\AL SHIDI\.gradle\caches\8.7\fileContent)" [_thread_blocked, id=6012, stack(0x0000005f90f00000,0x0000005f91000000)]
  0x0000023046425670 JavaThread "Cache worker for Build Output Cleanup Cache (C:\Users\AL SHIDI\Desktop\APPs DevV01\Harvest Money\.gradle\buildOutputCleanup)" [_thread_blocked, id=5820, stack(0x0000005f91200000,0x0000005f91300000)]
  0x0000023046420f90 JavaThread "Unconstrained build operations" [_thread_blocked, id=5700, stack(0x0000005f91400000,0x0000005f91500000)]
  0x00000230464214a0 JavaThread "Unconstrained build operations Thread 2" [_thread_blocked, id=3588, stack(0x0000005f91500000,0x0000005f91600000)]

Other Threads:
  0x000002307f193cd0 VMThread "VM Thread" [stack: 0x0000005f8ee00000,0x0000005f8ef00000] [id=5340]
  0x0000023061a95c90 WatcherThread [stack: 0x0000005f8fa00000,0x0000005f8fb00000] [id=2412]
  0x000002305f96e830 GCTaskThread "GC Thread#0" [stack: 0x0000005f8e900000,0x0000005f8ea00000] [id=2052]
  0x000002307f460980 GCTaskThread "GC Thread#1" [stack: 0x0000005f8fb00000,0x0000005f8fc00000] [id=1436]
  0x0000023061afd840 ConcurrentGCThread "G1 Main Marker" [stack: 0x0000005f8ea00000,0x0000005f8eb00000] [id=2364]
  0x0000023061afe170 ConcurrentGCThread "G1 Conc#0" [stack: 0x0000005f8eb00000,0x0000005f8ec00000] [id=2808]
  0x0000023061b2c320 ConcurrentGCThread "G1 Refine#0" [stack: 0x0000005f8ec00000,0x0000005f8ed00000] [id=4328]
  0x0000023061b2ccd0 ConcurrentGCThread "G1 Service" [stack: 0x0000005f8ed00000,0x0000005f8ee00000] [id=5996]

Threads with active compile tasks:
C2 CompilerThread0   107445 10492   !   4       org.jetbrains.kotlin.metadata.ProtoBuf$Type::<init> (875 bytes)

VM state: not at safepoint (normal execution)

VM Mutex/Monitor currently owned by a thread: None

Heap address: 0x0000000080000000, size: 2048 MB, Compressed Oops mode: 32-bit

CDS archive(s) mapped at: [0x0000023000000000-0x0000023000bb0000-0x0000023000bb0000), size 12255232, SharedBaseAddress: 0x0000023000000000, ArchiveRelocationMode: 1.
Compressed class space mapped at: 0x0000023001000000-0x0000023041000000, reserved size: 1073741824
Narrow klass base: 0x0000023000000000, Narrow klass shift: 0, Narrow klass range: 0x100000000

GC Precious Log:
 CPUs: 2 total, 2 available
 Memory: 2905M
 Large Page Support: Disabled
 NUMA Support: Disabled
 Compressed Oops: Enabled (32-bit)
 Heap Region Size: 1M
 Heap Min Capacity: 8M
 Heap Initial Capacity: 46M
 Heap Max Capacity: 2G
 Pre-touch: Disabled
 Parallel Workers: 2
 Concurrent Workers: 1
 Concurrent Refinement Workers: 2
 Periodic GC: Disabled

Heap:
 garbage-first heap   total 225280K, used 137817K [0x0000000080000000, 0x0000000100000000)
  region size 1024K, 31 young (31744K), 5 survivors (5120K)
 Metaspace       used 98616K, committed 99328K, reserved 1179648K
  class space    used 13117K, committed 13440K, reserved 1048576K

Heap Regions: E=young(eden), S=young(survivor), O=old, HS=humongous(starts), HC=humongous(continues), CS=collection set, F=free, OA=open archive, CA=closed archive, TAMS=top-at-mark-start (previous, next)
|   0|0x0000000080000000, 0x0000000080100000, 0x0000000080100000|100%| O|  |TAMS 0x0000000080100000, 0x0000000080000000| Untracked 
|   1|0x0000000080100000, 0x0000000080200000, 0x0000000080200000|100%| O|  |TAMS 0x0000000080200000, 0x0000000080100000| Untracked 
|   2|0x0000000080200000, 0x0000000080300000, 0x0000000080300000|100%|HS|  |TAMS 0x0000000080300000, 0x0000000080200000| Complete 
|   3|0x0000000080300000, 0x0000000080400000, 0x0000000080400000|100%|HC|  |TAMS 0x0000000080400000, 0x0000000080300000| Complete 
|   4|0x0000000080400000, 0x0000000080500000, 0x0000000080500000|100%|HC|  |TAMS 0x0000000080500000, 0x0000000080400000| Complete 
|   5|0x0000000080500000, 0x0000000080600000, 0x0000000080600000|100%|HC|  |TAMS 0x0000000080600000, 0x0000000080500000| Complete 
|   6|0x0000000080600000, 0x0000000080700000, 0x0000000080700000|100%| O|  |TAMS 0x0000000080700000, 0x0000000080600000| Untracked 
|   7|0x0000000080700000, 0x0000000080800000, 0x0000000080800000|100%| O|  |TAMS 0x0000000080800000, 0x0000000080700000| Untracked 
|   8|0x0000000080800000, 0x0000000080900000, 0x0000000080900000|100%| O|  |TAMS 0x0000000080900000, 0x0000000080800000| Untracked 
|   9|0x0000000080900000, 0x0000000080a00000, 0x0000000080a00000|100%| O|  |TAMS 0x0000000080a00000, 0x0000000080900000| Untracked 
|  10|0x0000000080a00000, 0x0000000080b00000, 0x0000000080b00000|100%| O|  |TAMS 0x0000000080b00000, 0x0000000080a00000| Untracked 
|  11|0x0000000080b00000, 0x0000000080c00000, 0x0000000080c00000|100%| O|  |TAMS 0x0000000080c00000, 0x0000000080b00000| Untracked 
|  12|0x0000000080c00000, 0x0000000080d00000, 0x0000000080d00000|100%| O|  |TAMS 0x0000000080d00000, 0x0000000080c00000| Untracked 
|  13|0x0000000080d00000, 0x0000000080e00000, 0x0000000080e00000|100%| O|  |TAMS 0x0000000080e00000, 0x0000000080d00000| Untracked 
|  14|0x0000000080e00000, 0x0000000080f00000, 0x0000000080f00000|100%| O|  |TAMS 0x0000000080f00000, 0x0000000080e00000| Untracked 
|  15|0x0000000080f00000, 0x0000000081000000, 0x0000000081000000|100%| O|  |TAMS 0x0000000081000000, 0x0000000080f00000| Untracked 
|  16|0x0000000081000000, 0x0000000081100000, 0x0000000081100000|100%| O|  |TAMS 0x0000000081100000, 0x0000000081000000| Untracked 
|  17|0x0000000081100000, 0x0000000081200000, 0x0000000081200000|100%| O|  |TAMS 0x0000000081200000, 0x0000000081100000| Untracked 
|  18|0x0000000081200000, 0x0000000081300000, 0x0000000081300000|100%| O|  |TAMS 0x0000000081300000, 0x0000000081200000| Untracked 
|  19|0x0000000081300000, 0x0000000081400000, 0x0000000081400000|100%| O|  |TAMS 0x0000000081400000, 0x0000000081300000| Untracked 
|  20|0x0000000081400000, 0x0000000081500000, 0x0000000081500000|100%| O|  |TAMS 0x0000000081500000, 0x0000000081400000| Untracked 
|  21|0x0000000081500000, 0x0000000081600000, 0x0000000081600000|100%| O|  |TAMS 0x0000000081600000, 0x0000000081500000| Untracked 
|  22|0x0000000081600000, 0x0000000081700000, 0x0000000081700000|100%| O|  |TAMS 0x0000000081700000, 0x0000000081600000| Untracked 
|  23|0x0000000081700000, 0x0000000081800000, 0x0000000081800000|100%| O|  |TAMS 0x0000000081800000, 0x0000000081700000| Untracked 
|  24|0x0000000081800000, 0x0000000081900000, 0x0000000081900000|100%| O|  |TAMS 0x0000000081900000, 0x0000000081800000| Untracked 
|  25|0x0000000081900000, 0x0000000081a00000, 0x0000000081a00000|100%| O|  |TAMS 0x0000000081a00000, 0x0000000081900000| Untracked 
|  26|0x0000000081a00000, 0x0000000081b00000, 0x0000000081b00000|100%| O|  |TAMS 0x0000000081b00000, 0x0000000081a00000| Untracked 
|  27|0x0000000081b00000, 0x0000000081c00000, 0x0000000081c00000|100%| O|  |TAMS 0x0000000081c00000, 0x0000000081b00000| Untracked 
|  28|0x0000000081c00000, 0x0000000081d00000, 0x0000000081d00000|100%| O|  |TAMS 0x0000000081d00000, 0x0000000081c00000| Untracked 
|  29|0x0000000081d00000, 0x0000000081e00000, 0x0000000081e00000|100%| O|  |TAMS 0x0000000081e00000, 0x0000000081d00000| Untracked 
|  30|0x0000000081e00000, 0x0000000081f00000, 0x0000000081f00000|100%|HS|  |TAMS 0x0000000081e00000, 0x0000000081e00000| Complete 
|  31|0x0000000081f00000, 0x0000000082000000, 0x0000000082000000|100%| O|  |TAMS 0x0000000082000000, 0x0000000081f00000| Untracked 
|  32|0x0000000082000000, 0x0000000082100000, 0x0000000082100000|100%| O|  |TAMS 0x0000000082100000, 0x0000000082000000| Untracked 
|  33|0x0000000082100000, 0x0000000082200000, 0x0000000082200000|100%| O|  |TAMS 0x0000000082200000, 0x0000000082100000| Untracked 
|  34|0x0000000082200000, 0x0000000082300000, 0x0000000082300000|100%| O|  |TAMS 0x0000000082300000, 0x0000000082200000| Untracked 
|  35|0x0000000082300000, 0x0000000082400000, 0x0000000082400000|100%| O|  |TAMS 0x0000000082400000, 0x0000000082300000| Untracked 
|  36|0x0000000082400000, 0x0000000082500000, 0x0000000082500000|100%| O|  |TAMS 0x0000000082500000, 0x0000000082400000| Untracked 
|  37|0x0000000082500000, 0x0000000082600000, 0x0000000082600000|100%| O|  |TAMS 0x0000000082600000, 0x0000000082500000| Untracked 
|  38|0x0000000082600000, 0x0000000082700000, 0x0000000082700000|100%| O|  |TAMS 0x0000000082700000, 0x0000000082600000| Untracked 
|  39|0x0000000082700000, 0x0000000082800000, 0x0000000082800000|100%| O|  |TAMS 0x0000000082800000, 0x0000000082700000| Untracked 
|  40|0x0000000082800000, 0x0000000082900000, 0x0000000082900000|100%| O|  |TAMS 0x0000000082900000, 0x0000000082800000| Untracked 
|  41|0x0000000082900000, 0x0000000082a00000, 0x0000000082a00000|100%| O|  |TAMS 0x0000000082a00000, 0x0000000082900000| Untracked 
|  42|0x0000000082a00000, 0x0000000082b00000, 0x0000000082b00000|100%| O|  |TAMS 0x0000000082b00000, 0x0000000082a00000| Untracked 
|  43|0x0000000082b00000, 0x0000000082c00000, 0x0000000082c00000|100%| O|  |TAMS 0x0000000082c00000, 0x0000000082b00000| Untracked 
|  44|0x0000000082c00000, 0x0000000082d00000, 0x0000000082d00000|100%| O|  |TAMS 0x0000000082d00000, 0x0000000082c00000| Untracked 
|  45|0x0000000082d00000, 0x0000000082e00000, 0x0000000082e00000|100%| O|  |TAMS 0x0000000082e00000, 0x0000000082d00000| Untracked 
|  46|0x0000000082e00000, 0x0000000082f00000, 0x0000000082f00000|100%|HS|  |TAMS 0x0000000082e00000, 0x0000000082e00000| Complete 
|  47|0x0000000082f00000, 0x0000000083000000, 0x0000000083000000|100%| O|  |TAMS 0x0000000083000000, 0x0000000082f00000| Untracked 
|  48|0x0000000083000000, 0x0000000083100000, 0x0000000083100000|100%| O|  |TAMS 0x0000000083100000, 0x0000000083000000| Untracked 
|  49|0x0000000083100000, 0x0000000083200000, 0x0000000083200000|100%| O|  |TAMS 0x0000000083200000, 0x0000000083100000| Untracked 
|  50|0x0000000083200000, 0x0000000083300000, 0x0000000083300000|100%| O|  |TAMS 0x0000000083300000, 0x0000000083200000| Untracked 
|  51|0x0000000083300000, 0x0000000083400000, 0x0000000083400000|100%|HS|  |TAMS 0x0000000083300000, 0x0000000083300000| Complete 
|  52|0x0000000083400000, 0x0000000083500000, 0x0000000083500000|100%| O|  |TAMS 0x0000000083400000, 0x0000000083400000| Untracked 
|  53|0x0000000083500000, 0x0000000083600000, 0x0000000083600000|100%| O|  |TAMS 0x0000000083500000, 0x0000000083500000| Untracked 
|  54|0x0000000083600000, 0x0000000083700000, 0x0000000083700000|100%| O|  |TAMS 0x0000000083600000, 0x0000000083600000| Untracked 
|  55|0x0000000083700000, 0x0000000083800000, 0x0000000083800000|100%| O|  |TAMS 0x0000000083700000, 0x0000000083700000| Untracked 
|  56|0x0000000083800000, 0x0000000083900000, 0x0000000083900000|100%| O|  |TAMS 0x0000000083800000, 0x0000000083800000| Untracked 
|  57|0x0000000083900000, 0x0000000083a00000, 0x0000000083a00000|100%| O|  |TAMS 0x000000008394e000, 0x0000000083900000| Untracked 
|  58|0x0000000083a00000, 0x0000000083b00000, 0x0000000083b00000|100%| O|  |TAMS 0x0000000083a00000, 0x0000000083a00000| Untracked 
|  59|0x0000000083b00000, 0x0000000083c00000, 0x0000000083c00000|100%| O|  |TAMS 0x0000000083b00000, 0x0000000083b00000| Untracked 
|  60|0x0000000083c00000, 0x0000000083d00000, 0x0000000083d00000|100%| O|  |TAMS 0x0000000083c00000, 0x0000000083c00000| Untracked 
|  61|0x0000000083d00000, 0x0000000083e00000, 0x0000000083e00000|100%| O|  |TAMS 0x0000000083d00000, 0x0000000083d00000| Untracked 
|  62|0x0000000083e00000, 0x0000000083f00000, 0x0000000083f00000|100%| O|  |TAMS 0x0000000083e00000, 0x0000000083e00000| Untracked 
|  63|0x0000000083f00000, 0x0000000084000000, 0x0000000084000000|100%| O|  |TAMS 0x0000000083f00000, 0x0000000083f00000| Untracked 
|  64|0x0000000084000000, 0x0000000084100000, 0x0000000084100000|100%| O|  |TAMS 0x0000000084000000, 0x0000000084000000| Untracked 
|  65|0x0000000084100000, 0x0000000084200000, 0x0000000084200000|100%| O|  |TAMS 0x0000000084100000, 0x0000000084100000| Untracked 
|  66|0x0000000084200000, 0x0000000084300000, 0x0000000084300000|100%| O|  |TAMS 0x0000000084200000, 0x0000000084200000| Untracked 
|  67|0x0000000084300000, 0x0000000084400000, 0x0000000084400000|100%| O|  |TAMS 0x0000000084300000, 0x0000000084300000| Untracked 
|  68|0x0000000084400000, 0x0000000084500000, 0x0000000084500000|100%| O|  |TAMS 0x0000000084400000, 0x0000000084400000| Untracked 
|  69|0x0000000084500000, 0x0000000084600000, 0x0000000084600000|100%| O|  |TAMS 0x0000000084500000, 0x0000000084500000| Untracked 
|  70|0x0000000084600000, 0x0000000084700000, 0x0000000084700000|100%|HS|  |TAMS 0x0000000084600000, 0x0000000084600000| Complete 
|  71|0x0000000084700000, 0x0000000084800000, 0x0000000084800000|100%|HC|  |TAMS 0x0000000084700000, 0x0000000084700000| Complete 
|  72|0x0000000084800000, 0x0000000084900000, 0x0000000084900000|100%| O|  |TAMS 0x0000000084800000, 0x0000000084800000| Untracked 
|  73|0x0000000084900000, 0x0000000084a00000, 0x0000000084a00000|100%| O|  |TAMS 0x0000000084900000, 0x0000000084900000| Untracked 
|  74|0x0000000084a00000, 0x0000000084b00000, 0x0000000084b00000|100%| O|  |TAMS 0x0000000084a00000, 0x0000000084a00000| Untracked 
|  75|0x0000000084b00000, 0x0000000084c00000, 0x0000000084c00000|100%| O|  |TAMS 0x0000000084b00000, 0x0000000084b00000| Untracked 
|  76|0x0000000084c00000, 0x0000000084d00000, 0x0000000084d00000|100%| O|  |TAMS 0x0000000084c00000, 0x0000000084c00000| Untracked 
|  77|0x0000000084d00000, 0x0000000084e00000, 0x0000000084e00000|100%| O|  |TAMS 0x0000000084d00000, 0x0000000084d00000| Untracked 
|  78|0x0000000084e00000, 0x0000000084f00000, 0x0000000084f00000|100%| O|  |TAMS 0x0000000084e00000, 0x0000000084e00000| Untracked 
|  79|0x0000000084f00000, 0x0000000085000000, 0x0000000085000000|100%| O|  |TAMS 0x0000000084f00000, 0x0000000084f00000| Untracked 
|  80|0x0000000085000000, 0x0000000085100000, 0x0000000085100000|100%| O|  |TAMS 0x0000000085000000, 0x0000000085000000| Untracked 
|  81|0x0000000085100000, 0x0000000085200000, 0x0000000085200000|100%|HS|  |TAMS 0x0000000085100000, 0x0000000085100000| Complete 
|  82|0x0000000085200000, 0x0000000085300000, 0x0000000085300000|100%|HC|  |TAMS 0x0000000085200000, 0x0000000085200000| Complete 
|  83|0x0000000085300000, 0x0000000085400000, 0x0000000085400000|100%|HC|  |TAMS 0x0000000085300000, 0x0000000085300000| Complete 
|  84|0x0000000085400000, 0x0000000085500000, 0x0000000085500000|100%|HC|  |TAMS 0x0000000085400000, 0x0000000085400000| Complete 
|  85|0x0000000085500000, 0x0000000085600000, 0x0000000085600000|100%|HC|  |TAMS 0x0000000085500000, 0x0000000085500000| Complete 
|  86|0x0000000085600000, 0x0000000085700000, 0x0000000085700000|100%|HC|  |TAMS 0x0000000085600000, 0x0000000085600000| Complete 
|  87|0x0000000085700000, 0x0000000085800000, 0x0000000085800000|100%|HS|  |TAMS 0x0000000085700000, 0x0000000085700000| Complete 
|  88|0x0000000085800000, 0x0000000085900000, 0x0000000085900000|100%|HC|  |TAMS 0x0000000085800000, 0x0000000085800000| Complete 
|  89|0x0000000085900000, 0x0000000085a00000, 0x0000000085a00000|100%|HC|  |TAMS 0x0000000085900000, 0x0000000085900000| Complete 
|  90|0x0000000085a00000, 0x0000000085b00000, 0x0000000085b00000|100%|HC|  |TAMS 0x0000000085a00000, 0x0000000085a00000| Complete 
|  91|0x0000000085b00000, 0x0000000085c00000, 0x0000000085c00000|100%| O|  |TAMS 0x0000000085b00000, 0x0000000085b00000| Untracked 
|  92|0x0000000085c00000, 0x0000000085d00000, 0x0000000085d00000|100%| O|  |TAMS 0x0000000085c00000, 0x0000000085c00000| Untracked 
|  93|0x0000000085d00000, 0x0000000085e00000, 0x0000000085e00000|100%| O|  |TAMS 0x0000000085d00000, 0x0000000085d00000| Untracked 
|  94|0x0000000085e00000, 0x0000000085f00000, 0x0000000085f00000|100%| O|  |TAMS 0x0000000085e00000, 0x0000000085e00000| Untracked 
|  95|0x0000000085f00000, 0x0000000086000000, 0x0000000086000000|100%| O|  |TAMS 0x0000000085f00000, 0x0000000085f00000| Untracked 
|  96|0x0000000086000000, 0x0000000086100000, 0x0000000086100000|100%| O|  |TAMS 0x0000000086000000, 0x0000000086000000| Untracked 
|  97|0x0000000086100000, 0x0000000086200000, 0x0000000086200000|100%| O|  |TAMS 0x0000000086100000, 0x0000000086100000| Untracked 
|  98|0x0000000086200000, 0x0000000086300000, 0x0000000086300000|100%| O|  |TAMS 0x0000000086200000, 0x0000000086200000| Untracked 
|  99|0x0000000086300000, 0x0000000086400000, 0x0000000086400000|100%| O|  |TAMS 0x0000000086300000, 0x0000000086300000| Untracked 
| 100|0x0000000086400000, 0x0000000086500000, 0x0000000086500000|100%| O|  |TAMS 0x0000000086400000, 0x0000000086400000| Untracked 
| 101|0x0000000086500000, 0x0000000086600000, 0x0000000086600000|100%| O|  |TAMS 0x0000000086500000, 0x0000000086500000| Untracked 
| 102|0x0000000086600000, 0x0000000086700000, 0x0000000086700000|100%| O|  |TAMS 0x0000000086600000, 0x0000000086600000| Untracked 
| 103|0x0000000086700000, 0x00000000867aa600, 0x0000000086800000| 66%| O|  |TAMS 0x0000000086700000, 0x0000000086700000| Untracked 
| 104|0x0000000086800000, 0x0000000086900000, 0x0000000086900000|100%|HS|  |TAMS 0x0000000086800000, 0x0000000086800000| Complete 
| 105|0x0000000086900000, 0x0000000086900000, 0x0000000086a00000|  0%| F|  |TAMS 0x0000000086900000, 0x0000000086900000| Untracked 
| 106|0x0000000086a00000, 0x0000000086a00000, 0x0000000086b00000|  0%| F|  |TAMS 0x0000000086a00000, 0x0000000086a00000| Untracked 
| 107|0x0000000086b00000, 0x0000000086b00000, 0x0000000086c00000|  0%| F|  |TAMS 0x0000000086b00000, 0x0000000086b00000| Untracked 
| 108|0x0000000086c00000, 0x0000000086c00000, 0x0000000086d00000|  0%| F|  |TAMS 0x0000000086c00000, 0x0000000086c00000| Untracked 
| 109|0x0000000086d00000, 0x0000000086d00000, 0x0000000086e00000|  0%| F|  |TAMS 0x0000000086d00000, 0x0000000086d00000| Untracked 
| 110|0x0000000086e00000, 0x0000000086e00000, 0x0000000086f00000|  0%| F|  |TAMS 0x0000000086e00000, 0x0000000086e00000| Untracked 
| 111|0x0000000086f00000, 0x0000000086f00000, 0x0000000087000000|  0%| F|  |TAMS 0x0000000086f00000, 0x0000000086f00000| Untracked 
| 112|0x0000000087000000, 0x0000000087000000, 0x0000000087100000|  0%| F|  |TAMS 0x0000000087000000, 0x0000000087000000| Untracked 
| 113|0x0000000087100000, 0x0000000087100000, 0x0000000087200000|  0%| F|  |TAMS 0x0000000087100000, 0x0000000087100000| Untracked 
| 114|0x0000000087200000, 0x0000000087200000, 0x0000000087300000|  0%| F|  |TAMS 0x0000000087200000, 0x0000000087200000| Untracked 
| 115|0x0000000087300000, 0x0000000087300000, 0x0000000087400000|  0%| F|  |TAMS 0x0000000087300000, 0x0000000087300000| Untracked 
| 116|0x0000000087400000, 0x0000000087400000, 0x0000000087500000|  0%| F|  |TAMS 0x0000000087400000, 0x0000000087400000| Untracked 
| 117|0x0000000087500000, 0x0000000087500000, 0x0000000087600000|  0%| F|  |TAMS 0x0000000087500000, 0x0000000087500000| Untracked 
| 118|0x0000000087600000, 0x0000000087600000, 0x0000000087700000|  0%| F|  |TAMS 0x0000000087600000, 0x0000000087600000| Untracked 
| 119|0x0000000087700000, 0x0000000087700000, 0x0000000087800000|  0%| F|  |TAMS 0x0000000087700000, 0x0000000087700000| Untracked 
| 120|0x0000000087800000, 0x0000000087800000, 0x0000000087900000|  0%| F|  |TAMS 0x0000000087800000, 0x0000000087800000| Untracked 
| 121|0x0000000087900000, 0x0000000087900000, 0x0000000087a00000|  0%| F|  |TAMS 0x0000000087900000, 0x0000000087900000| Untracked 
| 122|0x0000000087a00000, 0x0000000087a00000, 0x0000000087b00000|  0%| F|  |TAMS 0x0000000087a00000, 0x0000000087a00000| Untracked 
| 123|0x0000000087b00000, 0x0000000087b00000, 0x0000000087c00000|  0%| F|  |TAMS 0x0000000087b00000, 0x0000000087b00000| Untracked 
| 124|0x0000000087c00000, 0x0000000087c00000, 0x0000000087d00000|  0%| F|  |TAMS 0x0000000087c00000, 0x0000000087c00000| Untracked 
| 125|0x0000000087d00000, 0x0000000087d00000, 0x0000000087e00000|  0%| F|  |TAMS 0x0000000087d00000, 0x0000000087d00000| Untracked 
| 126|0x0000000087e00000, 0x0000000087e00000, 0x0000000087f00000|  0%| F|  |TAMS 0x0000000087e00000, 0x0000000087e00000| Untracked 
| 127|0x0000000087f00000, 0x0000000087f00000, 0x0000000088000000|  0%| F|  |TAMS 0x0000000087f00000, 0x0000000087f00000| Untracked 
| 128|0x0000000088000000, 0x0000000088000000, 0x0000000088100000|  0%| F|  |TAMS 0x0000000088000000, 0x0000000088000000| Untracked 
| 129|0x0000000088100000, 0x0000000088100000, 0x0000000088200000|  0%| F|  |TAMS 0x0000000088100000, 0x0000000088100000| Untracked 
| 130|0x0000000088200000, 0x0000000088200000, 0x0000000088300000|  0%| F|  |TAMS 0x0000000088200000, 0x0000000088200000| Untracked 
| 131|0x0000000088300000, 0x0000000088300000, 0x0000000088400000|  0%| F|  |TAMS 0x0000000088300000, 0x0000000088300000| Untracked 
| 132|0x0000000088400000, 0x0000000088400000, 0x0000000088500000|  0%| F|  |TAMS 0x0000000088400000, 0x0000000088400000| Untracked 
| 133|0x0000000088500000, 0x0000000088500000, 0x0000000088600000|  0%| F|  |TAMS 0x0000000088500000, 0x0000000088500000| Untracked 
| 134|0x0000000088600000, 0x0000000088600000, 0x0000000088700000|  0%| F|  |TAMS 0x0000000088600000, 0x0000000088600000| Untracked 
| 135|0x0000000088700000, 0x0000000088700000, 0x0000000088800000|  0%| F|  |TAMS 0x0000000088700000, 0x0000000088700000| Untracked 
| 136|0x0000000088800000, 0x0000000088800000, 0x0000000088900000|  0%| F|  |TAMS 0x0000000088800000, 0x0000000088800000| Untracked 
| 137|0x0000000088900000, 0x0000000088900000, 0x0000000088a00000|  0%| F|  |TAMS 0x0000000088900000, 0x0000000088900000| Untracked 
| 138|0x0000000088a00000, 0x0000000088a00000, 0x0000000088b00000|  0%| F|  |TAMS 0x0000000088a00000, 0x0000000088a00000| Untracked 
| 139|0x0000000088b00000, 0x0000000088b00000, 0x0000000088c00000|  0%| F|  |TAMS 0x0000000088b00000, 0x0000000088b00000| Untracked 
| 140|0x0000000088c00000, 0x0000000088c00000, 0x0000000088d00000|  0%| F|  |TAMS 0x0000000088c00000, 0x0000000088c00000| Untracked 
| 141|0x0000000088d00000, 0x0000000088d00000, 0x0000000088e00000|  0%| F|  |TAMS 0x0000000088d00000, 0x0000000088d00000| Untracked 
| 142|0x0000000088e00000, 0x0000000088e00000, 0x0000000088f00000|  0%| F|  |TAMS 0x0000000088e00000, 0x0000000088e00000| Untracked 
| 143|0x0000000088f00000, 0x0000000088f00000, 0x0000000089000000|  0%| F|  |TAMS 0x0000000088f00000, 0x0000000088f00000| Untracked 
| 144|0x0000000089000000, 0x0000000089000000, 0x0000000089100000|  0%| F|  |TAMS 0x0000000089000000, 0x0000000089000000| Untracked 
| 145|0x0000000089100000, 0x0000000089100000, 0x0000000089200000|  0%| F|  |TAMS 0x0000000089100000, 0x0000000089100000| Untracked 
| 146|0x0000000089200000, 0x0000000089200000, 0x0000000089300000|  0%| F|  |TAMS 0x0000000089200000, 0x0000000089200000| Untracked 
| 147|0x0000000089300000, 0x0000000089300000, 0x0000000089400000|  0%| F|  |TAMS 0x0000000089300000, 0x0000000089300000| Untracked 
| 148|0x0000000089400000, 0x0000000089400000, 0x0000000089500000|  0%| F|  |TAMS 0x0000000089400000, 0x0000000089400000| Untracked 
| 149|0x0000000089500000, 0x0000000089500000, 0x0000000089600000|  0%| F|  |TAMS 0x0000000089500000, 0x0000000089500000| Untracked 
| 150|0x0000000089600000, 0x0000000089600000, 0x0000000089700000|  0%| F|  |TAMS 0x0000000089600000, 0x0000000089600000| Untracked 
| 151|0x0000000089700000, 0x0000000089700000, 0x0000000089800000|  0%| F|  |TAMS 0x0000000089700000, 0x0000000089700000| Untracked 
| 152|0x0000000089800000, 0x0000000089800000, 0x0000000089900000|  0%| F|  |TAMS 0x0000000089800000, 0x0000000089800000| Untracked 
| 153|0x0000000089900000, 0x0000000089900000, 0x0000000089a00000|  0%| F|  |TAMS 0x0000000089900000, 0x0000000089900000| Untracked 
| 154|0x0000000089a00000, 0x0000000089a00000, 0x0000000089b00000|  0%| F|  |TAMS 0x0000000089a00000, 0x0000000089a00000| Untracked 
| 155|0x0000000089b00000, 0x0000000089bec0e8, 0x0000000089c00000| 92%| S|CS|TAMS 0x0000000089b00000, 0x0000000089b00000| Complete 
| 156|0x0000000089c00000, 0x0000000089d00000, 0x0000000089d00000|100%| S|CS|TAMS 0x0000000089c00000, 0x0000000089c00000| Complete 
| 157|0x0000000089d00000, 0x0000000089e00000, 0x0000000089e00000|100%| S|CS|TAMS 0x0000000089d00000, 0x0000000089d00000| Complete 
| 158|0x0000000089e00000, 0x0000000089f00000, 0x0000000089f00000|100%| S|CS|TAMS 0x0000000089e00000, 0x0000000089e00000| Complete 
| 159|0x0000000089f00000, 0x000000008a000000, 0x000000008a000000|100%| S|CS|TAMS 0x0000000089f00000, 0x0000000089f00000| Complete 
| 160|0x000000008a000000, 0x000000008a000000, 0x000000008a100000|  0%| F|  |TAMS 0x000000008a000000, 0x000000008a000000| Untracked 
| 161|0x000000008a100000, 0x000000008a100000, 0x000000008a200000|  0%| F|  |TAMS 0x000000008a100000, 0x000000008a100000| Untracked 
| 162|0x000000008a200000, 0x000000008a200000, 0x000000008a300000|  0%| F|  |TAMS 0x000000008a200000, 0x000000008a200000| Untracked 
| 163|0x000000008a300000, 0x000000008a300000, 0x000000008a400000|  0%| F|  |TAMS 0x000000008a300000, 0x000000008a300000| Untracked 
| 164|0x000000008a400000, 0x000000008a400000, 0x000000008a500000|  0%| F|  |TAMS 0x000000008a400000, 0x000000008a400000| Untracked 
| 165|0x000000008a500000, 0x000000008a500000, 0x000000008a600000|  0%| F|  |TAMS 0x000000008a500000, 0x000000008a500000| Untracked 
| 166|0x000000008a600000, 0x000000008a600000, 0x000000008a700000|  0%| F|  |TAMS 0x000000008a600000, 0x000000008a600000| Untracked 
| 167|0x000000008a700000, 0x000000008a700000, 0x000000008a800000|  0%| F|  |TAMS 0x000000008a700000, 0x000000008a700000| Untracked 
| 168|0x000000008a800000, 0x000000008a800000, 0x000000008a900000|  0%| F|  |TAMS 0x000000008a800000, 0x000000008a800000| Untracked 
| 169|0x000000008a900000, 0x000000008a900000, 0x000000008aa00000|  0%| F|  |TAMS 0x000000008a900000, 0x000000008a900000| Untracked 
| 170|0x000000008aa00000, 0x000000008aa00000, 0x000000008ab00000|  0%| F|  |TAMS 0x000000008aa00000, 0x000000008aa00000| Untracked 
| 171|0x000000008ab00000, 0x000000008ab00000, 0x000000008ac00000|  0%| F|  |TAMS 0x000000008ab00000, 0x000000008ab00000| Untracked 
| 172|0x000000008ac00000, 0x000000008ac00000, 0x000000008ad00000|  0%| F|  |TAMS 0x000000008ac00000, 0x000000008ac00000| Untracked 
| 173|0x000000008ad00000, 0x000000008ad00000, 0x000000008ae00000|  0%| F|  |TAMS 0x000000008ad00000, 0x000000008ad00000| Untracked 
| 174|0x000000008ae00000, 0x000000008ae00000, 0x000000008af00000|  0%| F|  |TAMS 0x000000008ae00000, 0x000000008ae00000| Untracked 
| 175|0x000000008af00000, 0x000000008af00000, 0x000000008b000000|  0%| F|  |TAMS 0x000000008af00000, 0x000000008af00000| Untracked 
| 176|0x000000008b000000, 0x000000008b000000, 0x000000008b100000|  0%| F|  |TAMS 0x000000008b000000, 0x000000008b000000| Untracked 
| 177|0x000000008b100000, 0x000000008b100000, 0x000000008b200000|  0%| F|  |TAMS 0x000000008b100000, 0x000000008b100000| Untracked 
| 178|0x000000008b200000, 0x000000008b200000, 0x000000008b300000|  0%| F|  |TAMS 0x000000008b200000, 0x000000008b200000| Untracked 
| 179|0x000000008b300000, 0x000000008b300000, 0x000000008b400000|  0%| F|  |TAMS 0x000000008b300000, 0x000000008b300000| Untracked 
| 180|0x000000008b400000, 0x000000008b400000, 0x000000008b500000|  0%| F|  |TAMS 0x000000008b400000, 0x000000008b400000| Untracked 
| 181|0x000000008b500000, 0x000000008b500000, 0x000000008b600000|  0%| F|  |TAMS 0x000000008b500000, 0x000000008b500000| Untracked 
| 182|0x000000008b600000, 0x000000008b600000, 0x000000008b700000|  0%| F|  |TAMS 0x000000008b600000, 0x000000008b600000| Untracked 
| 183|0x000000008b700000, 0x000000008b700000, 0x000000008b800000|  0%| F|  |TAMS 0x000000008b700000, 0x000000008b700000| Untracked 
| 184|0x000000008b800000, 0x000000008b800000, 0x000000008b900000|  0%| F|  |TAMS 0x000000008b800000, 0x000000008b800000| Untracked 
| 185|0x000000008b900000, 0x000000008b900000, 0x000000008ba00000|  0%| F|  |TAMS 0x000000008b900000, 0x000000008b900000| Untracked 
| 186|0x000000008ba00000, 0x000000008ba00000, 0x000000008bb00000|  0%| F|  |TAMS 0x000000008ba00000, 0x000000008ba00000| Untracked 
| 187|0x000000008bb00000, 0x000000008bb00000, 0x000000008bc00000|  0%| F|  |TAMS 0x000000008bb00000, 0x000000008bb00000| Untracked 
| 188|0x000000008bc00000, 0x000000008bc00000, 0x000000008bd00000|  0%| F|  |TAMS 0x000000008bc00000, 0x000000008bc00000| Untracked 
| 189|0x000000008bd00000, 0x000000008bd00000, 0x000000008be00000|  0%| F|  |TAMS 0x000000008bd00000, 0x000000008bd00000| Untracked 
| 190|0x000000008be00000, 0x000000008be00000, 0x000000008bf00000|  0%| F|  |TAMS 0x000000008be00000, 0x000000008be00000| Untracked 
| 191|0x000000008bf00000, 0x000000008bf00000, 0x000000008c000000|  0%| F|  |TAMS 0x000000008bf00000, 0x000000008bf00000| Untracked 
| 192|0x000000008c000000, 0x000000008c000000, 0x000000008c100000|  0%| F|  |TAMS 0x000000008c000000, 0x000000008c000000| Untracked 
| 193|0x000000008c100000, 0x000000008c100000, 0x000000008c200000|  0%| F|  |TAMS 0x000000008c100000, 0x000000008c100000| Untracked 
| 194|0x000000008c200000, 0x000000008c280000, 0x000000008c300000| 50%| E|  |TAMS 0x000000008c200000, 0x000000008c200000| Complete 
| 195|0x000000008c300000, 0x000000008c400000, 0x000000008c400000|100%| E|CS|TAMS 0x000000008c300000, 0x000000008c300000| Complete 
| 196|0x000000008c400000, 0x000000008c500000, 0x000000008c500000|100%| E|CS|TAMS 0x000000008c400000, 0x000000008c400000| Complete 
| 197|0x000000008c500000, 0x000000008c600000, 0x000000008c600000|100%| E|CS|TAMS 0x000000008c500000, 0x000000008c500000| Complete 
| 198|0x000000008c600000, 0x000000008c700000, 0x000000008c700000|100%| E|CS|TAMS 0x000000008c600000, 0x000000008c600000| Complete 
| 199|0x000000008c700000, 0x000000008c800000, 0x000000008c800000|100%| E|CS|TAMS 0x000000008c700000, 0x000000008c700000| Complete 
| 200|0x000000008c800000, 0x000000008c900000, 0x000000008c900000|100%| E|CS|TAMS 0x000000008c800000, 0x000000008c800000| Complete 
| 201|0x000000008c900000, 0x000000008ca00000, 0x000000008ca00000|100%| E|CS|TAMS 0x000000008c900000, 0x000000008c900000| Complete 
| 202|0x000000008ca00000, 0x000000008cb00000, 0x000000008cb00000|100%| E|CS|TAMS 0x000000008ca00000, 0x000000008ca00000| Complete 
| 203|0x000000008cb00000, 0x000000008cc00000, 0x000000008cc00000|100%| E|CS|TAMS 0x000000008cb00000, 0x000000008cb00000| Complete 
| 204|0x000000008cc00000, 0x000000008cd00000, 0x000000008cd00000|100%| E|CS|TAMS 0x000000008cc00000, 0x000000008cc00000| Complete 
| 205|0x000000008cd00000, 0x000000008ce00000, 0x000000008ce00000|100%| E|CS|TAMS 0x000000008cd00000, 0x000000008cd00000| Complete 
| 206|0x000000008ce00000, 0x000000008cf00000, 0x000000008cf00000|100%| E|CS|TAMS 0x000000008ce00000, 0x000000008ce00000| Complete 
| 207|0x000000008cf00000, 0x000000008d000000, 0x000000008d000000|100%| E|CS|TAMS 0x000000008cf00000, 0x000000008cf00000| Complete 
| 208|0x000000008d000000, 0x000000008d100000, 0x000000008d100000|100%| E|CS|TAMS 0x000000008d000000, 0x000000008d000000| Complete 
| 209|0x000000008d100000, 0x000000008d200000, 0x000000008d200000|100%| E|CS|TAMS 0x000000008d100000, 0x000000008d100000| Complete 
| 210|0x000000008d200000, 0x000000008d300000, 0x000000008d300000|100%| E|CS|TAMS 0x000000008d200000, 0x000000008d200000| Complete 
| 211|0x000000008d300000, 0x000000008d400000, 0x000000008d400000|100%| E|CS|TAMS 0x000000008d300000, 0x000000008d300000| Complete 
| 212|0x000000008d400000, 0x000000008d500000, 0x000000008d500000|100%| E|CS|TAMS 0x000000008d400000, 0x000000008d400000| Complete 
| 213|0x000000008d500000, 0x000000008d600000, 0x000000008d600000|100%| E|CS|TAMS 0x000000008d500000, 0x000000008d500000| Complete 
| 214|0x000000008d600000, 0x000000008d700000, 0x000000008d700000|100%| E|CS|TAMS 0x000000008d600000, 0x000000008d600000| Complete 
| 215|0x000000008d700000, 0x000000008d800000, 0x000000008d800000|100%| E|CS|TAMS 0x000000008d700000, 0x000000008d700000| Complete 
| 216|0x000000008d800000, 0x000000008d900000, 0x000000008d900000|100%| E|CS|TAMS 0x000000008d800000, 0x000000008d800000| Complete 
| 217|0x000000008d900000, 0x000000008da00000, 0x000000008da00000|100%| E|CS|TAMS 0x000000008d900000, 0x000000008d900000| Complete 
| 218|0x000000008da00000, 0x000000008db00000, 0x000000008db00000|100%| E|CS|TAMS 0x000000008da00000, 0x000000008da00000| Complete 
| 219|0x000000008db00000, 0x000000008dc00000, 0x000000008dc00000|100%| E|CS|TAMS 0x000000008db00000, 0x000000008db00000| Complete 

Card table byte_map: [0x00000230785d0000,0x00000230789d0000] _byte_map_base: 0x00000230781d0000

Marking Bits (Prev, Next): (CMBitMap*) 0x0000023061aed190, (CMBitMap*) 0x0000023061aed150
 Prev Bits: [0x000002307add0000, 0x000002307cdd0000)
 Next Bits: [0x0000023078dd0000, 0x000002307add0000)

Polling page: 0x000002305fbf0000

Metaspace:

Usage:
  Non-class:     83.50 MB used.
      Class:     12.81 MB used.
       Both:     96.31 MB used.

Virtual space:
  Non-class space:      128.00 MB reserved,      83.88 MB ( 66%) committed,  2 nodes.
      Class space:        1.00 GB reserved,      13.13 MB (  1%) committed,  1 nodes.
             Both:        1.13 GB reserved,      97.00 MB (  8%) committed. 

Chunk freelists:
   Non-Class:  11.42 MB
       Class:  2.88 MB
        Both:  14.30 MB

MaxMetaspaceSize: unlimited
CompressedClassSpaceSize: 1.00 GB
Initial GC threshold: 21.00 MB
Current GC threshold: 128.75 MB
CDS: on
MetaspaceReclaimPolicy: balanced
 - commit_granule_bytes: 65536.
 - commit_granule_words: 8192.
 - virtual_space_node_default_size: 8388608.
 - enlarge_chunks_in_place: 1.
 - new_chunks_are_fully_committed: 0.
 - uncommit_free_chunks: 1.
 - use_allocation_guard: 0.
 - handle_deallocations: 1.


Internal statistics:

num_allocs_failed_limit: 6.
num_arena_births: 874.
num_arena_deaths: 0.
num_vsnodes_births: 3.
num_vsnodes_deaths: 0.
num_space_committed: 1550.
num_space_uncommitted: 0.
num_chunks_returned_to_freelist: 6.
num_chunks_taken_from_freelist: 4388.
num_chunk_merges: 6.
num_chunk_splits: 3211.
num_chunks_enlarged: 2472.
num_inconsistent_stats: 0.

CodeHeap 'non-profiled nmethods': size=120064Kb used=4543Kb max_used=4630Kb free=115520Kb
 bounds [0x0000023071090000, 0x0000023071520000, 0x00000230785d0000]
CodeHeap 'profiled nmethods': size=120000Kb used=18075Kb max_used=18075Kb free=101924Kb
 bounds [0x00000230695d0000, 0x000002306a780000, 0x0000023070b00000]
CodeHeap 'non-nmethods': size=5696Kb used=2447Kb max_used=2468Kb free=3248Kb
 bounds [0x0000023070b00000, 0x0000023070d70000, 0x0000023071090000]
 total_blobs=9982 nmethods=8986 adapters=909
 compilation: enabled
              stopped_count=0, restarted_count=0
 full_count=0

Compilation events (20 events):
Event: 107.231 Thread 0x000002307f1b65f0 10518       2       org.jetbrains.kotlin.metadata.ProtoBuf$Annotation::writeTo (72 bytes)
Event: 107.232 Thread 0x000002307f1b65f0 nmethod 10518 0x000002306a771c10 code [0x000002306a771e40, 0x000002306a772298]
Event: 107.235 Thread 0x000002307f1b65f0 10520       2       org.jetbrains.kotlin.metadata.ProtoBuf$Annotation$Argument$Value::writeTo (272 bytes)
Event: 107.238 Thread 0x000002307f1b65f0 nmethod 10520 0x000002306a772590 code [0x000002306a772920, 0x000002306a773378]
Event: 107.239 Thread 0x000002307f1b65f0 10521       2       org.jetbrains.kotlin.metadata.ProtoBuf$Annotation$Argument::writeTo (52 bytes)
Event: 107.240 Thread 0x000002307f1b65f0 nmethod 10521 0x000002306a773b90 code [0x000002306a773da0, 0x000002306a7740d8]
Event: 107.266 Thread 0x000002307f1b65f0 10522       2       org.jetbrains.kotlin.metadata.deserialization.TypeTable::<init> (210 bytes)
Event: 107.269 Thread 0x000002307f1b65f0 nmethod 10522 0x000002306a774390 code [0x000002306a7746a0, 0x000002306a775268]
Event: 107.270 Thread 0x000002307f1b65f0 10523       2       org.jetbrains.kotlin.metadata.deserialization.VersionRequirementTable$Companion::create (39 bytes)
Event: 107.271 Thread 0x000002307f1b65f0 nmethod 10523 0x000002306a775b10 code [0x000002306a775d00, 0x000002306a776118]
Event: 107.281 Thread 0x000002307f1b65f0 10524       1       org.jetbrains.kotlin.load.kotlin.JvmPackagePartSource::getClassName (5 bytes)
Event: 107.281 Thread 0x000002307f1b65f0 nmethod 10524 0x0000023071296b90 code [0x0000023071296d20, 0x0000023071296df8]
Event: 107.300 Thread 0x000002307f1b65f0 10526       1       org.jetbrains.kotlin.descriptors.ModuleDescriptor$DefaultImpls::getContainingDeclaration (2 bytes)
Event: 107.300 Thread 0x000002307f1b65f0 nmethod 10526 0x0000023071296890 code [0x0000023071296a20, 0x0000023071296ad8]
Event: 107.317 Thread 0x000002307f1b65f0 10528       2       org.jetbrains.kotlin.storage.LockBasedStorageManager::createMemoizedFunction (29 bytes)
Event: 107.318 Thread 0x000002307f1b65f0 nmethod 10528 0x000002306a776390 code [0x000002306a776560, 0x000002306a7767c8]
Event: 107.318 Thread 0x000002307f1b65f0 10529       2       org.jetbrains.kotlin.metadata.jvm.JvmProtoBuf$StringTableTypes$Record$Operation::valueOf (42 bytes)
Event: 107.319 Thread 0x000002307f1b65f0 nmethod 10529 0x000002306a776910 code [0x000002306a776ac0, 0x000002306a776c58]
Event: 107.321 Thread 0x000002307f1b65f0 10530       2       org.jetbrains.kotlin.load.kotlin.FileBasedKotlinClass::getClassHeader (14 bytes)
Event: 107.322 Thread 0x000002307f1b65f0 nmethod 10530 0x000002306a776d10 code [0x000002306a776ea0, 0x000002306a776fe8]

GC Heap History (20 events):
Event: 89.787 GC heap before
{Heap before GC invocations=53 (full 0):
 garbage-first heap   total 89088K, used 74914K [0x0000000080000000, 0x0000000100000000)
  region size 1024K, 25 young (25600K), 1 survivors (1024K)
 Metaspace       used 76258K, committed 76992K, reserved 1179648K
  class space    used 10662K, committed 11008K, reserved 1048576K
}
Event: 89.794 GC heap after
{Heap after GC invocations=54 (full 0):
 garbage-first heap   total 89088K, used 51765K [0x0000000080000000, 0x0000000100000000)
  region size 1024K, 1 young (1024K), 1 survivors (1024K)
 Metaspace       used 76258K, committed 76992K, reserved 1179648K
  class space    used 10662K, committed 11008K, reserved 1048576K
}
Event: 90.984 GC heap before
{Heap before GC invocations=54 (full 0):
 garbage-first heap   total 89088K, used 82485K [0x0000000080000000, 0x0000000100000000)
  region size 1024K, 25 young (25600K), 1 survivors (1024K)
 Metaspace       used 78249K, committed 78912K, reserved 1179648K
  class space    used 10885K, committed 11200K, reserved 1048576K
}
Event: 91.018 GC heap after
{Heap after GC invocations=55 (full 0):
 garbage-first heap   total 89088K, used 62776K [0x0000000080000000, 0x0000000100000000)
  region size 1024K, 4 young (4096K), 4 survivors (4096K)
 Metaspace       used 78249K, committed 78912K, reserved 1179648K
  class space    used 10885K, committed 11200K, reserved 1048576K
}
Event: 91.398 GC heap before
{Heap before GC invocations=55 (full 0):
 garbage-first heap   total 89088K, used 73016K [0x0000000080000000, 0x0000000100000000)
  region size 1024K, 15 young (15360K), 4 survivors (4096K)
 Metaspace       used 78385K, committed 79104K, reserved 1179648K
  class space    used 10889K, committed 11264K, reserved 1048576K
}
Event: 91.432 GC heap after
{Heap after GC invocations=56 (full 0):
 garbage-first heap   total 89088K, used 66381K [0x0000000080000000, 0x0000000100000000)
  region size 1024K, 2 young (2048K), 2 survivors (2048K)
 Metaspace       used 78385K, committed 79104K, reserved 1179648K
  class space    used 10889K, committed 11264K, reserved 1048576K
}
Event: 91.993 GC heap before
{Heap before GC invocations=57 (full 0):
 garbage-first heap   total 112640K, used 72525K [0x0000000080000000, 0x0000000100000000)
  region size 1024K, 8 young (8192K), 2 survivors (2048K)
 Metaspace       used 78388K, committed 79104K, reserved 1179648K
  class space    used 10890K, committed 11264K, reserved 1048576K
}
Event: 92.029 GC heap after
{Heap after GC invocations=58 (full 0):
 garbage-first heap   total 112640K, used 70656K [0x0000000080000000, 0x0000000100000000)
  region size 1024K, 1 young (1024K), 1 survivors (1024K)
 Metaspace       used 78388K, committed 79104K, reserved 1179648K
  class space    used 10890K, committed 11264K, reserved 1048576K
}
Event: 92.135 GC heap before
{Heap before GC invocations=58 (full 0):
 garbage-first heap   total 112640K, used 74752K [0x0000000080000000, 0x0000000100000000)
  region size 1024K, 5 young (5120K), 1 survivors (1024K)
 Metaspace       used 78388K, committed 79104K, reserved 1179648K
  class space    used 10890K, committed 11264K, reserved 1048576K
}
Event: 92.160 GC heap after
{Heap after GC invocations=59 (full 0):
 garbage-first heap   total 112640K, used 64512K [0x0000000080000000, 0x0000000100000000)
  region size 1024K, 1 young (1024K), 1 survivors (1024K)
 Metaspace       used 78388K, committed 79104K, reserved 1179648K
  class space    used 10890K, committed 11264K, reserved 1048576K
}
Event: 92.565 GC heap before
{Heap before GC invocations=59 (full 0):
 garbage-first heap   total 112640K, used 86016K [0x0000000080000000, 0x0000000100000000)
  region size 1024K, 18 young (18432K), 1 survivors (1024K)
 Metaspace       used 78391K, committed 79104K, reserved 1179648K
  class space    used 10890K, committed 11264K, reserved 1048576K
}
Event: 92.590 GC heap after
{Heap after GC invocations=60 (full 0):
 garbage-first heap   total 225280K, used 72211K [0x0000000080000000, 0x0000000100000000)
  region size 1024K, 3 young (3072K), 3 survivors (3072K)
 Metaspace       used 78391K, committed 79104K, reserved 1179648K
  class space    used 10890K, committed 11264K, reserved 1048576K
}
Event: 95.311 GC heap before
{Heap before GC invocations=60 (full 0):
 garbage-first heap   total 225280K, used 143891K [0x0000000080000000, 0x0000000100000000)
  region size 1024K, 67 young (68608K), 3 survivors (3072K)
 Metaspace       used 80447K, committed 81088K, reserved 1179648K
  class space    used 11148K, committed 11456K, reserved 1048576K
}
Event: 95.375 GC heap after
{Heap after GC invocations=61 (full 0):
 garbage-first heap   total 225280K, used 83545K [0x0000000080000000, 0x0000000100000000)
  region size 1024K, 9 young (9216K), 9 survivors (9216K)
 Metaspace       used 80447K, committed 81088K, reserved 1179648K
  class space    used 11148K, committed 11456K, reserved 1048576K
}
Event: 99.052 GC heap before
{Heap before GC invocations=61 (full 0):
 garbage-first heap   total 225280K, used 159321K [0x0000000080000000, 0x0000000100000000)
  region size 1024K, 66 young (67584K), 9 survivors (9216K)
 Metaspace       used 85296K, committed 85952K, reserved 1179648K
  class space    used 11640K, committed 11968K, reserved 1048576K
}
Event: 99.093 GC heap after
{Heap after GC invocations=62 (full 0):
 garbage-first heap   total 225280K, used 106496K [0x0000000080000000, 0x0000000100000000)
  region size 1024K, 7 young (7168K), 7 survivors (7168K)
 Metaspace       used 85296K, committed 85952K, reserved 1179648K
  class space    used 11640K, committed 11968K, reserved 1048576K
}
Event: 102.320 GC heap before
{Heap before GC invocations=62 (full 0):
 garbage-first heap   total 225280K, used 158720K [0x0000000080000000, 0x0000000100000000)
  region size 1024K, 58 young (59392K), 7 survivors (7168K)
 Metaspace       used 91485K, committed 92224K, reserved 1179648K
  class space    used 12261K, committed 12608K, reserved 1048576K
}
Event: 102.344 GC heap after
{Heap after GC invocations=63 (full 0):
 garbage-first heap   total 225280K, used 108713K [0x0000000080000000, 0x0000000100000000)
  region size 1024K, 3 young (3072K), 3 survivors (3072K)
 Metaspace       used 91485K, committed 92224K, reserved 1179648K
  class space    used 12261K, committed 12608K, reserved 1048576K
}
Event: 106.498 GC heap before
{Heap before GC invocations=63 (full 0):
 garbage-first heap   total 225280K, used 167081K [0x0000000080000000, 0x0000000100000000)
  region size 1024K, 60 young (61440K), 3 survivors (3072K)
 Metaspace       used 98503K, committed 99200K, reserved 1179648K
  class space    used 13116K, committed 13440K, reserved 1048576K
}
Event: 106.529 GC heap after
{Heap after GC invocations=64 (full 0):
 garbage-first heap   total 225280K, used 111193K [0x0000000080000000, 0x0000000100000000)
  region size 1024K, 5 young (5120K), 5 survivors (5120K)
 Metaspace       used 98503K, committed 99200K, reserved 1179648K
  class space    used 13116K, committed 13440K, reserved 1048576K
}

Dll operation events (16 events):
Event: 0.028 Loaded shared library C:\Program Files\Eclipse Adoptium\jdk-17.0.14.7-hotspot\bin\java.dll
Event: 0.117 Loaded shared library C:\Program Files\Eclipse Adoptium\jdk-17.0.14.7-hotspot\bin\jsvml.dll
Event: 1.029 Loaded shared library C:\Program Files\Eclipse Adoptium\jdk-17.0.14.7-hotspot\bin\zip.dll
Event: 1.065 Loaded shared library C:\Program Files\Eclipse Adoptium\jdk-17.0.14.7-hotspot\bin\instrument.dll
Event: 1.123 Loaded shared library C:\Program Files\Eclipse Adoptium\jdk-17.0.14.7-hotspot\bin\net.dll
Event: 1.127 Loaded shared library C:\Program Files\Eclipse Adoptium\jdk-17.0.14.7-hotspot\bin\nio.dll
Event: 1.348 Loaded shared library C:\Program Files\Eclipse Adoptium\jdk-17.0.14.7-hotspot\bin\zip.dll
Event: 5.051 Loaded shared library C:\Program Files\Eclipse Adoptium\jdk-17.0.14.7-hotspot\bin\jimage.dll
Event: 5.573 Loaded shared library C:\Program Files\Eclipse Adoptium\jdk-17.0.14.7-hotspot\bin\verify.dll
Event: 7.173 Loaded shared library C:\Users\AL SHIDI\.gradle\native\c067742578af261105cb4f569cf0c3c89f3d7b1fecec35dd04571415982c5e48\windows-amd64\native-platform.dll
Event: 7.187 Loading shared library C:\Users\AL SHIDI\.gradle\native\38dada09dfb8b06ba9b0570ebf7e218e3eb74d4ef43ca46872605cf95ebc2f47\windows-amd64\native-platform-file-events.dll failed, error code 127
Event: 7.191 Loading shared library C:\Users\AL SHIDI\.gradle\native\38dada09dfb8b06ba9b0570ebf7e218e3eb74d4ef43ca46872605cf95ebc2f47\windows-amd64-min\native-platform-file-events.dll failed, error code 127
Event: 13.280 Loaded shared library C:\Program Files\Eclipse Adoptium\jdk-17.0.14.7-hotspot\bin\management.dll
Event: 13.293 Loaded shared library C:\Program Files\Eclipse Adoptium\jdk-17.0.14.7-hotspot\bin\management_ext.dll
Event: 14.303 Loaded shared library C:\Program Files\Eclipse Adoptium\jdk-17.0.14.7-hotspot\bin\extnet.dll
Event: 15.023 Loaded shared library C:\Program Files\Eclipse Adoptium\jdk-17.0.14.7-hotspot\bin\sunmscapi.dll

Deoptimization events (20 events):
Event: 102.151 Thread 0x0000023045bb32d0 DEOPT PACKING pc=0x0000023071214b60 sp=0x0000005f902f3e30
Event: 102.151 Thread 0x0000023045bb32d0 DEOPT UNPACKING pc=0x0000023070b5699d sp=0x0000005f902f3d10 mode 2
Event: 102.157 Thread 0x0000023045bb32d0 Uncommon trap: trap_request=0xffffffc6 fr.pc=0x0000023071214b60 relative=0x0000000000000580
Event: 102.157 Thread 0x0000023045bb32d0 Uncommon trap: reason=bimorphic_or_optimized_type_check action=maybe_recompile pc=0x0000023071214b60 method=org.jetbrains.kotlin.protobuf.CodedInputStream.tryRefillBuffer(I)Z @ 177 c2
Event: 102.157 Thread 0x0000023045bb32d0 DEOPT PACKING pc=0x0000023071214b60 sp=0x0000005f902f3e30
Event: 102.157 Thread 0x0000023045bb32d0 DEOPT UNPACKING pc=0x0000023070b5699d sp=0x0000005f902f3d10 mode 2
Event: 102.269 Thread 0x0000023045bb32d0 Uncommon trap: trap_request=0xffffff45 fr.pc=0x000002307113b764 relative=0x00000000000006a4
Event: 102.269 Thread 0x0000023045bb32d0 Uncommon trap: reason=unstable_if action=reinterpret pc=0x000002307113b764 method=org.jetbrains.org.objectweb.asm.ClassReader.readUtf(II[C)Ljava/lang/String; @ 41 c2
Event: 102.269 Thread 0x0000023045bb32d0 DEOPT PACKING pc=0x000002307113b764 sp=0x0000005f902f3230
Event: 102.269 Thread 0x0000023045bb32d0 DEOPT UNPACKING pc=0x0000023070b5699d sp=0x0000005f902f3170 mode 2
Event: 102.723 Thread 0x0000023045bb32d0 Uncommon trap: trap_request=0xffffff45 fr.pc=0x00000230714307b8 relative=0x0000000000000578
Event: 102.723 Thread 0x0000023045bb32d0 Uncommon trap: reason=unstable_if action=reinterpret pc=0x00000230714307b8 method=org.jetbrains.org.objectweb.asm.ClassReader.readUtf(II[C)Ljava/lang/String; @ 41 c2
Event: 102.723 Thread 0x0000023045bb32d0 DEOPT PACKING pc=0x00000230714307b8 sp=0x0000005f902f2530
Event: 102.723 Thread 0x0000023045bb32d0 DEOPT UNPACKING pc=0x0000023070b5699d sp=0x0000005f902f24d8 mode 2
Event: 107.271 Thread 0x0000023045bb32d0 DEOPT PACKING pc=0x000002306a74be53 sp=0x0000005f902ef690
Event: 107.271 Thread 0x0000023045bb32d0 DEOPT UNPACKING pc=0x0000023070b57124 sp=0x0000005f902eeb98 mode 0
Event: 107.286 Thread 0x0000023045bb32d0 DEOPT PACKING pc=0x000002306a74be53 sp=0x0000005f902ef690
Event: 107.286 Thread 0x0000023045bb32d0 DEOPT UNPACKING pc=0x0000023070b57124 sp=0x0000005f902eeb98 mode 0
Event: 107.318 Thread 0x0000023045bb32d0 DEOPT PACKING pc=0x000002306a74be53 sp=0x0000005f902ef690
Event: 107.318 Thread 0x0000023045bb32d0 DEOPT UNPACKING pc=0x0000023070b57124 sp=0x0000005f902eeb98 mode 0

Classes loaded (20 events):
Event: 90.317 Loading class jdk/internal/misc/ExtendedMapMode
Event: 90.317 Loading class jdk/internal/misc/ExtendedMapMode done
Event: 90.319 Loading class sun/nio/ch/FileChannelImpl$DefaultUnmapper
Event: 90.320 Loading class sun/nio/ch/FileChannelImpl$Unmapper
Event: 90.320 Loading class jdk/internal/access/foreign/UnmapperProxy
Event: 90.321 Loading class jdk/internal/access/foreign/UnmapperProxy done
Event: 90.321 Loading class sun/nio/ch/FileChannelImpl$Unmapper done
Event: 90.321 Loading class sun/nio/ch/FileChannelImpl$DefaultUnmapper done
Event: 90.321 Loading class sun/nio/ch/Util$4
Event: 90.322 Loading class sun/nio/ch/Util$4 done
Event: 90.326 Loading class java/io/UTFDataFormatException
Event: 90.327 Loading class java/io/UTFDataFormatException done
Event: 94.144 Loading class java/nio/channels/NonWritableChannelException
Event: 94.145 Loading class java/nio/channels/NonWritableChannelException done
Event: 102.355 Loading class java/text/StringCharacterIterator
Event: 102.356 Loading class java/text/CharacterIterator
Event: 102.357 Loading class java/text/CharacterIterator done
Event: 102.357 Loading class java/text/StringCharacterIterator done
Event: 102.538 Loading class java/io/NotSerializableException
Event: 102.539 Loading class java/io/NotSerializableException done

Classes unloaded (0 events):
No events

Classes redefined (0 events):
No events

Internal exceptions (20 events):
Event: 82.577 Thread 0x0000023045bb32d0 Exception <a 'java/lang/NoSuchMethodError'{0x0000000084fed8a0}: 'void java.lang.invoke.DirectMethodHandle$Holder.invokeVirtual(java.lang.Object, java.lang.Object)'> (0x0000000084fed8a0) 
thrown [s\src\hotspot\share\interpreter\linkResolver.cpp, line 759]
Event: 82.682 Thread 0x0000023045bb32d0 Exception <a 'java/lang/NoSuchMethodError'{0x0000000084c71590}: 'java.lang.Object java.lang.invoke.DirectMethodHandle$Holder.invokeStaticInit(java.lang.Object, int)'> (0x0000000084c71590) 
thrown [s\src\hotspot\share\interpreter\linkResolver.cpp, line 759]
Event: 86.612 Thread 0x0000023045bb32d0 Exception <a 'sun/nio/fs/WindowsException'{0x0000000084092e78}> (0x0000000084092e78) 
thrown [s\src\hotspot\share\prims\jni.cpp, line 516]
Event: 86.614 Thread 0x0000023045bb32d0 Exception <a 'sun/nio/fs/WindowsException'{0x0000000084094c70}> (0x0000000084094c70) 
thrown [s\src\hotspot\share\prims\jni.cpp, line 516]
Event: 87.597 Thread 0x0000023045bb32d0 Exception <a 'java/lang/NoSuchMethodError'{0x0000000084d40e30}: 'long java.lang.invoke.DirectMethodHandle$Holder.invokeStatic(java.lang.Object)'> (0x0000000084d40e30) 
thrown [s\src\hotspot\share\interpreter\linkResolver.cpp, line 759]
Event: 87.599 Thread 0x0000023045bb32d0 Exception <a 'java/lang/NoSuchMethodError'{0x0000000084d45c78}: 'long java.lang.invoke.DirectMethodHandle$Holder.invokeStaticInit(java.lang.Object)'> (0x0000000084d45c78) 
thrown [s\src\hotspot\share\interpreter\linkResolver.cpp, line 759]
Event: 87.834 Thread 0x0000023045bb32d0 Exception <a 'java/lang/NoSuchMethodError'{0x00000000848945d0}: 'long java.lang.invoke.Invokers$Holder.invoke_MT(java.lang.Object, java.lang.Object, java.lang.Object, java.lang.Object)'> (0x00000000848945d0) 
thrown [s\src\hotspot\share\interpreter\linkResolver.cpp, line 759]
Event: 87.837 Thread 0x0000023045bb32d0 Exception <a 'java/lang/NoSuchMethodError'{0x000000008489dc20}: 'int java.lang.invoke.Invokers$Holder.invoke_MT(java.lang.Object, java.lang.Object, java.lang.Object, java.lang.Object)'> (0x000000008489dc20) 
thrown [s\src\hotspot\share\interpreter\linkResolver.cpp, line 759]
Event: 87.850 Thread 0x0000023045bb32d0 Exception <a 'java/lang/NoSuchMethodError'{0x00000000848ae6f0}: 'void java.lang.invoke.DelegatingMethodHandle$Holder.reinvoke_L(java.lang.Object, java.lang.Object, java.lang.Object, long, java.lang.Object)'> (0x00000000848ae6f0) 
thrown [s\src\hotspot\share\interpreter\linkResolver.cpp, line 759]
Event: 87.852 Thread 0x0000023045bb32d0 Exception <a 'java/lang/NoSuchMethodError'{0x00000000848b72c8}: 'java.lang.Object java.lang.invoke.DirectMethodHandle$Holder.invokeSpecial(java.lang.Object, java.lang.Object, java.lang.Object, java.lang.Object, long)'> (0x00000000848b72c8) 
thrown [s\src\hotspot\share\interpreter\linkResolver.cpp, line 759]
Event: 87.863 Thread 0x0000023045bb32d0 Exception <a 'java/lang/NoSuchMethodError'{0x00000000848c7c68}: 'int java.lang.invoke.DelegatingMethodHandle$Holder.reinvoke_L(java.lang.Object, java.lang.Object, java.lang.Object, long, java.lang.Object, java.lang.Object)'> (0x00000000848c7c68) 
thrown [s\src\hotspot\share\interpreter\linkResolver.cpp, line 759]
Event: 87.867 Thread 0x0000023045bb32d0 Exception <a 'java/lang/NoSuchMethodError'{0x00000000848d7f50}: 'int java.lang.invoke.DelegatingMethodHandle$Holder.reinvoke_L(java.lang.Object, java.lang.Object, java.lang.Object, long, int, int)'> (0x00000000848d7f50) 
thrown [s\src\hotspot\share\interpreter\linkResolver.cpp, line 759]
Event: 87.874 Thread 0x0000023045bb32d0 Exception <a 'java/lang/NoSuchMethodError'{0x00000000848e8298}: 'int java.lang.invoke.DelegatingMethodHandle$Holder.reinvoke_L(java.lang.Object, java.lang.Object, java.lang.Object, long, long, long)'> (0x00000000848e8298) 
thrown [s\src\hotspot\share\interpreter\linkResolver.cpp, line 759]
Event: 87.880 Thread 0x0000023045bb32d0 Exception <a 'java/lang/NoSuchMethodError'{0x00000000848f8008}: 'int java.lang.invoke.DelegatingMethodHandle$Holder.reinvoke_L(java.lang.Object, java.lang.Object, java.lang.Object, long, int)'> (0x00000000848f8008) 
thrown [s\src\hotspot\share\interpreter\linkResolver.cpp, line 759]
Event: 90.182 Thread 0x0000023045bb32d0 Exception <a 'java/lang/NoSuchMethodError'{0x0000000084fb3550}: 'java.lang.Object java.lang.invoke.Invokers$Holder.invokeExact_MT(java.lang.Object, java.lang.Object, long, java.lang.Object)'> (0x0000000084fb3550) 
thrown [s\src\hotspot\share\interpreter\linkResolver.cpp, line 759]
Event: 90.318 Thread 0x0000023045bb32d0 Exception <a 'java/lang/NoSuchMethodError'{0x0000000084c31ee0}: 'java.lang.Object java.lang.invoke.Invokers$Holder.invoke_MT(java.lang.Object, java.lang.Object, java.lang.Object)'> (0x0000000084c31ee0) 
thrown [s\src\hotspot\share\interpreter\linkResolver.cpp, line 759]
Event: 91.989 Thread 0x0000023045bb32d0 Implicit null exception at 0x00000230714f18b0 to 0x00000230714f30e0
Event: 92.083 Thread 0x0000023045bb32d0 Implicit null exception at 0x00000230714f5578 to 0x00000230714f64d4
Event: 103.543 Thread 0x0000023045bb32d0 Exception <a 'java/lang/NoSuchMethodError'{0x000000008c9427e0}: 'int java.lang.invoke.DirectMethodHandle$Holder.invokeSpecial(java.lang.Object, java.lang.Object, int, int)'> (0x000000008c9427e0) 
thrown [s\src\hotspot\share\interpreter\linkResolver.cpp, line 759]
Event: 105.570 Thread 0x0000023045bb32d0 Exception <a 'java/lang/NoSuchMethodError'{0x000000008ac1be08}: 'java.lang.Object java.lang.invoke.DirectMethodHandle$Holder.invokeStatic(java.lang.Object, java.lang.Object, java.lang.Object, java.lang.Object, int)'> (0x000000008ac1be08) 
thrown [s\src\hotspot\share\interpreter\linkResolver.cpp, line 759]

VM Operations (20 events):
Event: 101.250 Executing VM operation: HandshakeAllThreads
Event: 101.250 Executing VM operation: HandshakeAllThreads done
Event: 101.250 Executing VM operation: Cleanup
Event: 101.250 Executing VM operation: Cleanup done
Event: 102.009 Executing VM operation: HandshakeAllThreads
Event: 102.009 Executing VM operation: HandshakeAllThreads done
Event: 102.124 Executing VM operation: HandshakeAllThreads
Event: 102.124 Executing VM operation: HandshakeAllThreads done
Event: 102.320 Executing VM operation: G1CollectForAllocation
Event: 102.344 Executing VM operation: G1CollectForAllocation done
Event: 103.345 Executing VM operation: Cleanup
Event: 103.348 Executing VM operation: Cleanup done
Event: 104.349 Executing VM operation: Cleanup
Event: 104.349 Executing VM operation: Cleanup done
Event: 105.356 Executing VM operation: Cleanup
Event: 105.357 Executing VM operation: Cleanup done
Event: 105.955 Executing VM operation: HandshakeAllThreads
Event: 105.956 Executing VM operation: HandshakeAllThreads done
Event: 106.497 Executing VM operation: G1CollectForAllocation
Event: 106.529 Executing VM operation: G1CollectForAllocation done

Memory protections (0 events):
No events

Nmethod flushes (20 events):
Event: 94.086 Thread 0x000002307f21eb30 flushing  nmethod 0x000002306a58a090
Event: 94.086 Thread 0x000002307f21eb30 flushing  nmethod 0x000002306a58a810
Event: 94.086 Thread 0x000002307f21eb30 flushing  nmethod 0x000002306a58b390
Event: 94.086 Thread 0x000002307f21eb30 flushing  nmethod 0x000002306a58b810
Event: 94.086 Thread 0x000002307f21eb30 flushing  nmethod 0x000002306a58be90
Event: 94.086 Thread 0x000002307f21eb30 flushing  nmethod 0x000002306a58ca10
Event: 94.086 Thread 0x000002307f21eb30 flushing  nmethod 0x000002306a58d610
Event: 94.086 Thread 0x000002307f21eb30 flushing  nmethod 0x000002306a58dc90
Event: 94.086 Thread 0x000002307f21eb30 flushing  nmethod 0x000002306a58ea10
Event: 94.086 Thread 0x000002307f21eb30 flushing  nmethod 0x000002306a591f90
Event: 94.086 Thread 0x000002307f21eb30 flushing  nmethod 0x000002306a592890
Event: 94.086 Thread 0x000002307f21eb30 flushing  nmethod 0x000002306a592e90
Event: 94.086 Thread 0x000002307f21eb30 flushing  nmethod 0x000002306a594b90
Event: 94.086 Thread 0x000002307f21eb30 flushing  nmethod 0x000002306a596910
Event: 94.086 Thread 0x000002307f21eb30 flushing  nmethod 0x000002306a597510
Event: 94.086 Thread 0x000002307f21eb30 flushing  nmethod 0x000002306a598790
Event: 94.086 Thread 0x000002307f21eb30 flushing  nmethod 0x000002306a5a7c10
Event: 94.086 Thread 0x000002307f21eb30 flushing  nmethod 0x000002306a5aaf10
Event: 94.086 Thread 0x000002307f21eb30 flushing  nmethod 0x000002306a5aba90
Event: 94.086 Thread 0x000002307f21eb30 flushing  nmethod 0x000002306a5ac910

Events (20 events):
Event: 15.186 Thread 0x0000023045c48110 Thread added: 0x0000023045c489c0
Event: 15.514 Thread 0x0000023045c48110 Thread added: 0x0000023045bb6a80
Event: 15.539 Thread 0x0000023045c48110 Thread added: 0x0000023045bb32d0
Event: 15.598 Thread 0x0000023045bb32d0 Thread added: 0x0000023045bb37e0
Event: 15.614 Thread 0x0000023045bb32d0 Thread added: 0x0000023045bb3cf0
Event: 15.646 Thread 0x0000023045bb32d0 Thread added: 0x0000023045bb6060
Event: 17.791 Thread 0x0000023045bb32d0 Thread added: 0x0000023045bb4200
Event: 17.848 Thread 0x0000023045bb32d0 Thread added: 0x0000023045bb4710
Event: 18.032 Thread 0x0000023045bb32d0 Thread added: 0x0000023045bb6570
Event: 23.192 Thread 0x0000023045bb32d0 Thread added: 0x0000023045bb4c20
Event: 24.539 Thread 0x0000023045bb32d0 Thread added: 0x0000023045bb5130
Event: 24.539 Thread 0x0000023045bb32d0 Thread added: 0x0000023046420060
Event: 28.668 Thread 0x0000023045bb32d0 Thread added: 0x0000023046423810
Event: 29.013 Thread 0x0000023045bb32d0 Thread added: 0x0000023046420570
Event: 29.049 Thread 0x0000023045bb32d0 Thread added: 0x0000023046421ec0
Event: 29.899 Thread 0x0000023045bb32d0 Thread added: 0x0000023046424230
Event: 49.533 Thread 0x0000023045bb32d0 Thread added: 0x0000023046425670
Event: 62.828 Thread 0x0000023045bb32d0 Thread added: 0x0000023046420f90
Event: 65.750 Thread 0x0000023045bb32d0 Thread added: 0x00000230464214a0
Event: 75.654 Thread 0x0000023045bb3cf0 Thread exited: 0x0000023045bb3cf0


Dynamic libraries:
0x00007ff6e5cb0000 - 0x00007ff6e5cbe000 	C:\Program Files\Eclipse Adoptium\jdk-17.0.14.7-hotspot\bin\java.exe
0x00007ffc17ea0000 - 0x00007ffc1807b000 	C:\Windows\SYSTEM32\ntdll.dll
0x00007ffc17a90000 - 0x00007ffc17b3e000 	C:\Windows\System32\KERNEL32.DLL
0x00007ffc146a0000 - 0x00007ffc148ea000 	C:\Windows\System32\KERNELBASE.dll
0x00007ffc144e0000 - 0x00007ffc145d4000 	C:\Windows\System32\ucrtbase.dll
0x00007ffc0e120000 - 0x00007ffc0e137000 	C:\Program Files\Eclipse Adoptium\jdk-17.0.14.7-hotspot\bin\jli.dll
0x00007ffc17ce0000 - 0x00007ffc17e2a000 	C:\Windows\System32\USER32.dll
0x00007ffc145e0000 - 0x00007ffc145fe000 	C:\Windows\System32\win32u.dll
0x00007ffc17480000 - 0x00007ffc174a7000 	C:\Windows\System32\GDI32.dll
0x00007ffc148f0000 - 0x00007ffc14a78000 	C:\Windows\System32\gdi32full.dll
0x00007ffc14600000 - 0x00007ffc1469a000 	C:\Windows\System32\msvcp_win.dll
0x00007ffc0e100000 - 0x00007ffc0e11e000 	C:\Program Files\Eclipse Adoptium\jdk-17.0.14.7-hotspot\bin\VCRUNTIME140.dll
0x00007ffc05250000 - 0x00007ffc054b7000 	C:\Windows\WinSxS\amd64_microsoft.windows.common-controls_6595b64144ccf1df_6.0.15063.1897_none_40cb64bd29a40d00\COMCTL32.dll
0x00007ffc173e0000 - 0x00007ffc1747d000 	C:\Windows\System32\msvcrt.dll
0x00007ffc17080000 - 0x00007ffc17376000 	C:\Windows\System32\combase.dll
0x00007ffc155d0000 - 0x00007ffc156f5000 	C:\Windows\System32\RPCRT4.dll
0x00007ffc14460000 - 0x00007ffc144d5000 	C:\Windows\System32\bcryptPrimitives.dll
0x00007ffc16ed0000 - 0x00007ffc16efd000 	C:\Windows\System32\IMM32.DLL
0x00007ffc0fd50000 - 0x00007ffc0fd5c000 	C:\Program Files\Eclipse Adoptium\jdk-17.0.14.7-hotspot\bin\vcruntime140_1.dll
0x00007ffc06bc0000 - 0x00007ffc06c4d000 	C:\Program Files\Eclipse Adoptium\jdk-17.0.14.7-hotspot\bin\msvcp140.dll
0x00007ffbe4da0000 - 0x00007ffbe5a0b000 	C:\Program Files\Eclipse Adoptium\jdk-17.0.14.7-hotspot\bin\server\jvm.dll
0x00007ffc16b50000 - 0x00007ffc16bf1000 	C:\Windows\System32\ADVAPI32.dll
0x00007ffc17e30000 - 0x00007ffc17e89000 	C:\Windows\System32\sechost.dll
0x00007ffc14340000 - 0x00007ffc1438c000 	C:\Windows\System32\POWRPROF.dll
0x00007ffc178f0000 - 0x00007ffc1795c000 	C:\Windows\System32\WS2_32.dll
0x00007ffc128b0000 - 0x00007ffc128d3000 	C:\Windows\SYSTEM32\WINMM.dll
0x00007ffc0f0e0000 - 0x00007ffc0f0ea000 	C:\Windows\SYSTEM32\VERSION.dll
0x00007ffc12850000 - 0x00007ffc1287b000 	C:\Windows\SYSTEM32\WINMMBASE.dll
0x00007ffc14a80000 - 0x00007ffc14ac9000 	C:\Windows\System32\cfgmgr32.dll
0x00007ffc14390000 - 0x00007ffc143a1000 	C:\Windows\System32\kernel.appcore.dll
0x00007ffc0e0f0000 - 0x00007ffc0e0fa000 	C:\Program Files\Eclipse Adoptium\jdk-17.0.14.7-hotspot\bin\jimage.dll
0x00007ffc09750000 - 0x00007ffc098f9000 	C:\Windows\SYSTEM32\DBGHELP.DLL
0x00007ffbfce60000 - 0x00007ffbfce89000 	C:\Windows\SYSTEM32\dbgcore.DLL
0x00007ffc0e0e0000 - 0x00007ffc0e0ee000 	C:\Program Files\Eclipse Adoptium\jdk-17.0.14.7-hotspot\bin\instrument.dll
0x00007ffc06b90000 - 0x00007ffc06bb5000 	C:\Program Files\Eclipse Adoptium\jdk-17.0.14.7-hotspot\bin\java.dll
0x00007ffc04ee0000 - 0x00007ffc04fb7000 	C:\Program Files\Eclipse Adoptium\jdk-17.0.14.7-hotspot\bin\jsvml.dll
0x00007ffc15710000 - 0x00007ffc16b49000 	C:\Windows\System32\SHELL32.dll
0x00007ffc179e0000 - 0x00007ffc17a8a000 	C:\Windows\System32\shcore.dll
0x00007ffc14ad0000 - 0x00007ffc151c5000 	C:\Windows\System32\windows.storage.dll
0x00007ffc15400000 - 0x00007ffc15451000 	C:\Windows\System32\shlwapi.dll
0x00007ffc14300000 - 0x00007ffc14315000 	C:\Windows\System32\profapi.dll
0x00007ffc0e0c0000 - 0x00007ffc0e0d8000 	C:\Program Files\Eclipse Adoptium\jdk-17.0.14.7-hotspot\bin\zip.dll
0x00007ffc06b70000 - 0x00007ffc06b89000 	C:\Program Files\Eclipse Adoptium\jdk-17.0.14.7-hotspot\bin\net.dll
0x00007ffc07160000 - 0x00007ffc07236000 	C:\Windows\SYSTEM32\WINHTTP.dll
0x00007ffc13c00000 - 0x00007ffc13c5c000 	C:\Windows\system32\mswsock.dll
0x00007ffc06b50000 - 0x00007ffc06b66000 	C:\Program Files\Eclipse Adoptium\jdk-17.0.14.7-hotspot\bin\nio.dll
0x00007ffc06b40000 - 0x00007ffc06b50000 	C:\Program Files\Eclipse Adoptium\jdk-17.0.14.7-hotspot\bin\verify.dll
0x00007ffc03830000 - 0x00007ffc03857000 	C:\Users\AL SHIDI\.gradle\native\c067742578af261105cb4f569cf0c3c89f3d7b1fecec35dd04571415982c5e48\windows-amd64\native-platform.dll
0x00007ffc06b00000 - 0x00007ffc06b0a000 	C:\Program Files\Eclipse Adoptium\jdk-17.0.14.7-hotspot\bin\management.dll
0x00007ffc0e1c0000 - 0x00007ffc0e1cb000 	C:\Program Files\Eclipse Adoptium\jdk-17.0.14.7-hotspot\bin\management_ext.dll
0x00007ffc15700000 - 0x00007ffc15708000 	C:\Windows\System32\PSAPI.DLL
0x00007ffc13da0000 - 0x00007ffc13db7000 	C:\Windows\SYSTEM32\CRYPTSP.dll
0x00007ffc137d0000 - 0x00007ffc13804000 	C:\Windows\system32\rsaenh.dll
0x00007ffc13eb0000 - 0x00007ffc13ed5000 	C:\Windows\SYSTEM32\bcrypt.dll
0x00007ffc14230000 - 0x00007ffc14259000 	C:\Windows\SYSTEM32\USERENV.dll
0x00007ffc13dc0000 - 0x00007ffc13dcb000 	C:\Windows\SYSTEM32\CRYPTBASE.dll
0x00007ffc13960000 - 0x00007ffc13997000 	C:\Windows\SYSTEM32\IPHLPAPI.DLL
0x00007ffc16ec0000 - 0x00007ffc16ec8000 	C:\Windows\System32\NSI.dll
0x00007ffc07890000 - 0x00007ffc078a6000 	C:\Windows\SYSTEM32\dhcpcsvc6.DLL
0x00007ffc091b0000 - 0x00007ffc091ca000 	C:\Windows\SYSTEM32\dhcpcsvc.DLL
0x00007ffc06ae0000 - 0x00007ffc06ae9000 	C:\Program Files\Eclipse Adoptium\jdk-17.0.14.7-hotspot\bin\extnet.dll
0x00007ffc04e50000 - 0x00007ffc04e5e000 	C:\Program Files\Eclipse Adoptium\jdk-17.0.14.7-hotspot\bin\sunmscapi.dll
0x00007ffc151d0000 - 0x00007ffc15399000 	C:\Windows\System32\CRYPT32.dll
0x00007ffc14320000 - 0x00007ffc14331000 	C:\Windows\System32\MSASN1.dll
0x00007ffc13e80000 - 0x00007ffc13ea5000 	C:\Windows\SYSTEM32\ncrypt.dll
0x00007ffc13e40000 - 0x00007ffc13e76000 	C:\Windows\SYSTEM32\NTASN1.dll
0x00007ffc139b0000 - 0x00007ffc13a54000 	C:\Windows\SYSTEM32\DNSAPI.dll
0x00007ffc05090000 - 0x00007ffc0509a000 	C:\Windows\System32\rasadhlp.dll
0x00007ffc07a00000 - 0x00007ffc07a6b000 	C:\Windows\System32\fwpuclnt.dll

dbghelp: loaded successfully - version: 4.0.5 - missing functions: none
symbol engine: initialized successfully - sym options: 0x614 - pdb path: .;C:\Program Files\Eclipse Adoptium\jdk-17.0.14.7-hotspot\bin;C:\Windows\SYSTEM32;C:\Windows\WinSxS\amd64_microsoft.windows.common-controls_6595b64144ccf1df_6.0.15063.1897_none_40cb64bd29a40d00;C:\Program Files\Eclipse Adoptium\jdk-17.0.14.7-hotspot\bin\server;C:\Users\AL SHIDI\.gradle\native\c067742578af261105cb4f569cf0c3c89f3d7b1fecec35dd04571415982c5e48\windows-amd64

VM Arguments:
jvm_args: --add-opens=java.base/java.util=ALL-UNNAMED --add-opens=java.base/java.lang=ALL-UNNAMED --add-opens=java.base/java.lang.invoke=ALL-UNNAMED --add-opens=java.prefs/java.util.prefs=ALL-UNNAMED --add-opens=java.base/java.nio.charset=ALL-UNNAMED --add-opens=java.base/java.net=ALL-UNNAMED --add-opens=java.base/java.util.concurrent.atomic=ALL-UNNAMED -Xmx2048m -Dfile.encoding=UTF-8 -Duser.country=US -Duser.language=en -Duser.variant -javaagent:C:\Users\AL SHIDI\.gradle\wrapper\dists\gradle-8.7-bin\bhs2wmbdwecv87pi65oeuq5iu\gradle-8.7\lib\agents\gradle-instrumentation-agent-8.7.jar 
java_command: org.gradle.launcher.daemon.bootstrap.GradleDaemon 8.7
java_class_path (initial): C:\Users\AL SHIDI\.gradle\wrapper\dists\gradle-8.7-bin\bhs2wmbdwecv87pi65oeuq5iu\gradle-8.7\lib\gradle-launcher-8.7.jar
Launcher Type: SUN_STANDARD

[Global flags]
     intx CICompilerCount                          = 2                                         {product} {ergonomic}
     uint ConcGCThreads                            = 1                                         {product} {ergonomic}
     uint G1ConcRefinementThreads                  = 2                                         {product} {ergonomic}
   size_t G1HeapRegionSize                         = 1048576                                   {product} {ergonomic}
    uintx GCDrainStackTargetSize                   = 64                                        {product} {ergonomic}
   size_t InitialHeapSize                          = 48234496                                  {product} {ergonomic}
   size_t MarkStackSize                            = 4194304                                   {product} {ergonomic}
   size_t MaxHeapSize                              = 2147483648                                {product} {command line}
   size_t MaxNewSize                               = 1287651328                                {product} {ergonomic}
   size_t MinHeapDeltaBytes                        = 1048576                                   {product} {ergonomic}
   size_t MinHeapSize                              = 8388608                                   {product} {ergonomic}
    uintx NonNMethodCodeHeapSize                   = 5826188                                {pd product} {ergonomic}
    uintx NonProfiledCodeHeapSize                  = 122916026                              {pd product} {ergonomic}
    uintx ProfiledCodeHeapSize                     = 122916026                              {pd product} {ergonomic}
    uintx ReservedCodeCacheSize                    = 251658240                              {pd product} {ergonomic}
     bool SegmentedCodeCache                       = true                                      {product} {ergonomic}
   size_t SoftMaxHeapSize                          = 2147483648                             {manageable} {ergonomic}
     bool UseCompressedClassPointers               = true                           {product lp64_product} {ergonomic}
     bool UseCompressedOops                        = true                           {product lp64_product} {ergonomic}
     bool UseG1GC                                  = true                                      {product} {ergonomic}
     bool UseLargePagesIndividualAllocation        = false                                  {pd product} {ergonomic}

Logging:
Log output configuration:
 #0: stdout all=warning uptime,level,tags
 #1: stderr all=off uptime,level,tags

Environment Variables:
JAVA_HOME=C:\Program Files\Eclipse Adoptium\jdk-17.0.14.7-hotspot
PATH=C:\Program Files\Eclipse Adoptium\jdk-17.0.14.7-hotspot\bin;C:\Program Files\Common Files\Oracle\Java\javapath;C:\Program Files\Eclipse Adoptium\jdk-21.0.6.7-hotspot\bin;C:\Windows\system32;C:\Windows;C:\Windows\System32\Wbem;C:\Windows\System32\WindowsPowerShell\v1.0\;D:\Microsoft VS Code\bin;C:\Program Files\Git\cmd;C:\Program Files\PuTTY\;C:\Program Files (x86)\Paragon Software\LinuxFS for Windows\;C:\Users\AL SHIDI\AppData\Local\Programs\Python\Python313\Scripts\;C:\Users\AL SHIDI\AppData\Local\Programs\Python\Python313\;C:\Users\AL SHIDI\AppData\Local\Microsoft\WindowsApps;C:\Users\AL SHIDI\AppData\Local\Programs\Microsoft VS Code Insiders\bin;D:\gradle-8.13\bin;D:\gradle-8.13;D:\Android\Sdk;D:\Android\Sdk\ndk\23.2.8568313;D:\Android\Sdk\emulator;C:\Program Files\Eclipse Adoptium\jdk-21.0.6.7-hotspot;C:\Program Files\Eclipse Adoptium\jdk-21.0.6.7-hotspot\bin;C:\flutter\bin;D:\Microsoft VS Code\bin;D:\Android Studio\bin;C:\Program Files\Java\jdk-21\bin;D:\Android\Sdk\cmdline-tools\latest\bin;D:\Android\Sdk\cmdline-tools\19.0\bin;D:\Android\Sdk\platform-tools;C:\Users\AL SHIDI\AppData\Local\Programs\Windsurf\bin
USERNAME=AL SHIDI
OS=Windows_NT
PROCESSOR_IDENTIFIER=Intel64 Family 6 Model 92 Stepping 9, GenuineIntel
TMP=C:\Users\ALSHID~1\AppData\Local\Temp
TEMP=C:\Users\ALSHID~1\AppData\Local\Temp



Periodic native trim disabled


---------------  S Y S T E M  ---------------

OS:
 Windows 10 , 64 bit Build 15063 (10.0.15063.2346)
OS uptime: 0 days 0:08 hours

CPU: total 2 (initial active 2) (2 cores per cpu, 1 threads per core) family 6 model 92 stepping 9 microcode 0x32, cx8, cmov, fxsr, mmx, 3dnowpref, sse, sse2, sse3, ssse3, sse4.1, sse4.2, popcnt, tsc, tscinvbit, aes, erms, clmul, sha, clflush, clflushopt
Processor Information for all 2 processors :
  Max Mhz: 1101, Current Mhz: 1101, Mhz Limit: 1101

Memory: 4k page, system-wide physical 2905M (242M free)
TotalPageFile size 3692M (AvailPageFile size 8M)
current process WorkingSet (physical memory assigned to process): 411M, peak: 411M
current process commit charge ("private bytes"): 480M, peak: 482M

vm_info: OpenJDK 64-Bit Server VM (17.0.14+7) for windows-amd64 JRE (17.0.14+7), built on Jan 21 2025 23:40:15 by "admin" with MS VC++ 17.7 (VS2022)

END.
