#
# There is insufficient memory for the Java Runtime Environment to continue.
# Native memory allocation (mmap) failed to map 135266304 bytes. Error detail: G1 virtual space
# Possible reasons:
#   The system is out of physical RAM or swap space
#   This process is running with CompressedOops enabled, and the Java Heap may be blocking the growth of the native heap
# Possible solutions:
#   Reduce memory load on the system
#   Increase physical memory or swap space
#   Check if swap backing store is full
#   Decrease Java heap size (-Xmx/-Xms)
#   Decrease number of Java threads
#   Decrease Java thread stack sizes (-Xss)
#   Set larger code cache with -XX:ReservedCodeCacheSize=
#   JVM is running with Unscaled Compressed Oops mode in which the Java heap is
#     placed in the first 4GB address space. The Java Heap base address is the
#     maximum limit for the native heap growth. Please use -XX:HeapBaseMinAddress
#     to set the Java Heap base and to place the Java Heap above 4GB virtual address.
# This output file may be truncated or incomplete.
#
#  Out of Memory Error (os_windows.cpp:3618), pid=6312, tid=2252
#
# JRE version: OpenJDK Runtime Environment Temurin-17.0.14+7 (17.0.14+7) (build 17.0.14+7)
# Java VM: OpenJDK 64-Bit Server VM Temurin-17.0.14+7 (17.0.14+7, mixed mode, sharing, tiered, compressed oops, compressed class ptrs, g1 gc, windows-amd64)
# No core dump will be written. Minidumps are not enabled by default on client versions of Windows
#

---------------  S U M M A R Y ------------

Command Line: --add-opens=java.base/java.util=ALL-UNNAMED --add-opens=java.base/java.lang=ALL-UNNAMED --add-opens=java.base/java.lang.invoke=ALL-UNNAMED --add-opens=java.prefs/java.util.prefs=ALL-UNNAMED --add-opens=java.base/java.nio.charset=ALL-UNNAMED --add-opens=java.base/java.net=ALL-UNNAMED --add-opens=java.base/java.util.concurrent.atomic=ALL-UNNAMED -Xmx2048m -Dfile.encoding=UTF-8 -Duser.country=US -Duser.language=en -Duser.variant -javaagent:C:\Users\AL SHIDI\.gradle\wrapper\dists\gradle-8.7-bin\bhs2wmbdwecv87pi65oeuq5iu\gradle-8.7\lib\agents\gradle-instrumentation-agent-8.7.jar org.gradle.launcher.daemon.bootstrap.GradleDaemon 8.7

Host: Intel(R) Celeron(R) CPU N3350 @ 1.10GHz, 2 cores, 2G,  Windows 10 , 64 bit Build 15063 (10.0.15063.2346)
Time: Sun Jul  6 22:56:09 2025 Arabian Standard Time elapsed time: 79.423872 seconds (0d 0h 1m 19s)

---------------  T H R E A D  ---------------

Current thread (0x0000017277128950):  VMThread "VM Thread" [stack: 0x00000048b6c00000,0x00000048b6d00000] [id=2252]

Stack: [0x00000048b6c00000,0x00000048b6d00000]
Native frames: (J=compiled Java code, j=interpreted, Vv=VM code, C=native code)
V  [jvm.dll+0x682eb9]
V  [jvm.dll+0x8399c8]
V  [jvm.dll+0x83b473]
V  [jvm.dll+0x83bae3]
V  [jvm.dll+0x24715f]
V  [jvm.dll+0x67fc99]
V  [jvm.dll+0x674b8a]
V  [jvm.dll+0x304c06]
V  [jvm.dll+0x30c0c6]
V  [jvm.dll+0x35dc3e]
V  [jvm.dll+0x35de7d]
V  [jvm.dll+0x2dbfcc]
V  [jvm.dll+0x2da36f]
V  [jvm.dll+0x2d9adc]
V  [jvm.dll+0x31d2bb]
V  [jvm.dll+0x84031d]
V  [jvm.dll+0x841053]
V  [jvm.dll+0x84157f]
V  [jvm.dll+0x841964]
V  [jvm.dll+0x841a2e]
V  [jvm.dll+0x7e948c]
V  [jvm.dll+0x681d97]
C  [ucrtbase.dll+0x226a9]
C  [KERNEL32.DLL+0x12d34]
C  [ntdll.dll+0x50c41]

VM_Operation (0x00000048b80eee80): G1CollectForAllocation, mode: safepoint, requested by thread 0x0000017277523300


---------------  P R O C E S S  ---------------

Threads class SMR info:
_java_thread_list=0x000001727dee0060, length=32, elements={
0x00000172169e0fe0, 0x000001727712f140, 0x0000017277130890, 0x000001727713e4a0,
0x000001727713fd80, 0x0000017277140650, 0x0000017277141f30, 0x0000017277143b40,
0x00000172771ab750, 0x00000172771be820, 0x000001727711c440, 0x00000172774784c0,
0x000001727cfcdc10, 0x000001727cb9c150, 0x000001727caba530, 0x000001727c1f9210,
0x000001727cd5dbb0, 0x00000172775223d0, 0x0000017277523300, 0x0000017277520570,
0x0000017277521ec0, 0x00000172775228e0, 0x00000172775219b0, 0x0000017277520060,
0x0000017277520f90, 0x0000017277522df0, 0x00000172775214a0, 0x000001727de81810,
0x000001727de80df0, 0x000001727de7f4a0, 0x000001727de7f9b0, 0x000001727de82740
}

Java Threads: ( => current thread )
  0x00000172169e0fe0 JavaThread "main" [_thread_blocked, id=3792, stack(0x00000048b6600000,0x00000048b6700000)]
  0x000001727712f140 JavaThread "Reference Handler" daemon [_thread_blocked, id=5244, stack(0x00000048b6d00000,0x00000048b6e00000)]
  0x0000017277130890 JavaThread "Finalizer" daemon [_thread_blocked, id=4736, stack(0x00000048b6e00000,0x00000048b6f00000)]
  0x000001727713e4a0 JavaThread "Signal Dispatcher" daemon [_thread_blocked, id=3016, stack(0x00000048b6f00000,0x00000048b7000000)]
  0x000001727713fd80 JavaThread "Attach Listener" daemon [_thread_blocked, id=2256, stack(0x00000048b7000000,0x00000048b7100000)]
  0x0000017277140650 JavaThread "Service Thread" daemon [_thread_blocked, id=4388, stack(0x00000048b7100000,0x00000048b7200000)]
  0x0000017277141f30 JavaThread "Monitor Deflation Thread" daemon [_thread_blocked, id=4384, stack(0x00000048b7200000,0x00000048b7300000)]
  0x0000017277143b40 JavaThread "C2 CompilerThread0" daemon [_thread_blocked, id=432, stack(0x00000048b7300000,0x00000048b7400000)]
  0x00000172771ab750 JavaThread "C1 CompilerThread0" daemon [_thread_blocked, id=4172, stack(0x00000048b7400000,0x00000048b7500000)]
  0x00000172771be820 JavaThread "Sweeper thread" daemon [_thread_blocked, id=6180, stack(0x00000048b7500000,0x00000048b7600000)]
  0x000001727711c440 JavaThread "Common-Cleaner" daemon [_thread_blocked, id=372, stack(0x00000048b7600000,0x00000048b7700000)]
  0x00000172774784c0 JavaThread "Notification Thread" daemon [_thread_blocked, id=5488, stack(0x00000048b7700000,0x00000048b7800000)]
  0x000001727cfcdc10 JavaThread "Daemon health stats" [_thread_blocked, id=4432, stack(0x00000048b7a00000,0x00000048b7b00000)]
  0x000001727cb9c150 JavaThread "Incoming local TCP Connector on port 52132" [_thread_in_native, id=6292, stack(0x00000048b7b00000,0x00000048b7c00000)]
  0x000001727caba530 JavaThread "Daemon periodic checks" [_thread_blocked, id=816, stack(0x00000048b7c00000,0x00000048b7d00000)]
  0x000001727c1f9210 JavaThread "Daemon" [_thread_blocked, id=6816, stack(0x00000048b7d00000,0x00000048b7e00000)]
  0x000001727cd5dbb0 JavaThread "Handler for socket connection from /127.0.0.1:52132 to /127.0.0.1:52133" [_thread_in_native, id=6504, stack(0x00000048b7e00000,0x00000048b7f00000)]
  0x00000172775223d0 JavaThread "Cancel handler" [_thread_blocked, id=5980, stack(0x00000048b7f00000,0x00000048b8000000)]
  0x0000017277523300 JavaThread "Daemon worker" [_thread_blocked, id=848, stack(0x00000048b8000000,0x00000048b8100000)]
  0x0000017277520570 JavaThread "Asynchronous log dispatcher for DefaultDaemonConnection: socket connection from /127.0.0.1:52132 to /127.0.0.1:52133" [_thread_blocked, id=5432, stack(0x00000048b8100000,0x00000048b8200000)]
  0x0000017277521ec0 JavaThread "Daemon client event forwarder" [_thread_blocked, id=4288, stack(0x00000048b8300000,0x00000048b8400000)]
  0x00000172775228e0 JavaThread "Cache worker for journal cache (C:\Users\AL SHIDI\.gradle\caches\journal-1)" [_thread_blocked, id=3824, stack(0x00000048b8400000,0x00000048b8500000)]
  0x00000172775219b0 JavaThread "File lock request listener" [_thread_in_native, id=4256, stack(0x00000048b8500000,0x00000048b8600000)]
  0x0000017277520060 JavaThread "Cache worker for file hash cache (C:\Users\AL SHIDI\.gradle\caches\8.7\fileHashes)" [_thread_blocked, id=1548, stack(0x00000048b8600000,0x00000048b8700000)]
  0x0000017277520f90 JavaThread "Cache worker for file hash cache (C:\Users\AL SHIDI\Desktop\APPs DevV01\Harvest Money\.gradle\8.7\fileHashes)" [_thread_blocked, id=4332, stack(0x00000048b8700000,0x00000048b8800000)]
  0x0000017277522df0 JavaThread "jar transforms" [_thread_blocked, id=484, stack(0x00000048b8800000,0x00000048b8900000)]
  0x00000172775214a0 JavaThread "jar transforms Thread 2" [_thread_blocked, id=1940, stack(0x00000048b8900000,0x00000048b8a00000)]
  0x000001727de81810 JavaThread "Cache worker for checksums cache (C:\Users\AL SHIDI\Desktop\APPs DevV01\Harvest Money\.gradle\8.7\checksums)" [_thread_blocked, id=5108, stack(0x00000048b8a00000,0x00000048b8b00000)]
  0x000001727de80df0 JavaThread "Cache worker for cache directory md-supplier (C:\Users\AL SHIDI\.gradle\caches\8.7\md-supplier)" [_thread_blocked, id=5456, stack(0x00000048b8b00000,0x00000048b8c00000)]
  0x000001727de7f4a0 JavaThread "Cache worker for cache directory md-rule (C:\Users\AL SHIDI\.gradle\caches\8.7\md-rule)" [_thread_blocked, id=3116, stack(0x00000048b8c00000,0x00000048b8d00000)]
  0x000001727de7f9b0 JavaThread "Cache worker for file content cache (C:\Users\AL SHIDI\.gradle\caches\8.7\fileContent)" [_thread_blocked, id=4316, stack(0x00000048b8d00000,0x00000048b8e00000)]
  0x000001727de82740 JavaThread "Cache worker for Build Output Cleanup Cache (C:\Users\AL SHIDI\Desktop\APPs DevV01\Harvest Money\.gradle\buildOutputCleanup)" [_thread_blocked, id=6952, stack(0x00000048b9000000,0x00000048b9100000)]

Other Threads:
=>0x0000017277128950 VMThread "VM Thread" [stack: 0x00000048b6c00000,0x00000048b6d00000] [id=2252]
  0x00000172774789a0 WatcherThread [stack: 0x00000048b7800000,0x00000048b7900000] [id=5984]
  0x0000017216a3d9a0 GCTaskThread "GC Thread#0" [stack: 0x00000048b6700000,0x00000048b6800000] [id=4860]
  0x00000172774f8f30 GCTaskThread "GC Thread#1" [stack: 0x00000048b7900000,0x00000048b7a00000] [id=4044]
  0x0000017216a4e800 ConcurrentGCThread "G1 Main Marker" [stack: 0x00000048b6800000,0x00000048b6900000] [id=1092]
  0x0000017216a4f130 ConcurrentGCThread "G1 Conc#0" [stack: 0x00000048b6900000,0x00000048b6a00000] [id=7036]
  0x0000017216a7f680 ConcurrentGCThread "G1 Refine#0" [stack: 0x00000048b6a00000,0x00000048b6b00000] [id=6060]
  0x0000017216a81ed0 ConcurrentGCThread "G1 Service" [stack: 0x00000048b6b00000,0x00000048b6c00000] [id=6364]

Threads with active compile tasks:

VM state: at safepoint (normal execution)

VM Mutex/Monitor currently owned by a thread:  ([mutex/lock_event])
[0x00000172169dc010] Threads_lock - owner thread: 0x0000017277128950
[0x00000172169db7a0] Heap_lock - owner thread: 0x0000017277523300

Heap address: 0x0000000080000000, size: 2048 MB, Compressed Oops mode: 32-bit

CDS archive(s) mapped at: [0x0000017236000000-0x0000017236bb0000-0x0000017236bb0000), size 12255232, SharedBaseAddress: 0x0000017236000000, ArchiveRelocationMode: 1.
Compressed class space mapped at: 0x0000017237000000-0x0000017277000000, reserved size: 1073741824
Narrow klass base: 0x0000017236000000, Narrow klass shift: 0, Narrow klass range: 0x100000000

GC Precious Log:
 CPUs: 2 total, 2 available
 Memory: 2905M
 Large Page Support: Disabled
 NUMA Support: Disabled
 Compressed Oops: Enabled (32-bit)
 Heap Region Size: 1M
 Heap Min Capacity: 8M
 Heap Initial Capacity: 46M
 Heap Max Capacity: 2G
 Pre-touch: Disabled
 Parallel Workers: 2
 Concurrent Workers: 1
 Concurrent Refinement Workers: 2
 Periodic GC: Disabled

Heap:
 garbage-first heap   total 104448K, used 60259K [0x0000000080000000, 0x0000000100000000)
  region size 1024K, 1 young (1024K), 1 survivors (1024K)
 Metaspace       used 75123K, committed 75840K, reserved 1114112K
  class space    used 10474K, committed 10816K, reserved 1048576K

Heap Regions: E=young(eden), S=young(survivor), O=old, HS=humongous(starts), HC=humongous(continues), CS=collection set, F=free, OA=open archive, CA=closed archive, TAMS=top-at-mark-start (previous, next)
|   0|0x0000000080000000, 0x0000000080100000, 0x0000000080100000|100%| O|  |TAMS 0x0000000080100000, 0x0000000080100000| Untracked 
|   1|0x0000000080100000, 0x0000000080200000, 0x0000000080200000|100%| O|  |TAMS 0x0000000080200000, 0x0000000080200000| Untracked 
|   2|0x0000000080200000, 0x0000000080300000, 0x0000000080300000|100%|HS|  |TAMS 0x0000000080300000, 0x0000000080300000| Complete 
|   3|0x0000000080300000, 0x0000000080400000, 0x0000000080400000|100%|HC|  |TAMS 0x0000000080400000, 0x0000000080400000| Complete 
|   4|0x0000000080400000, 0x0000000080500000, 0x0000000080500000|100%|HC|  |TAMS 0x0000000080500000, 0x0000000080500000| Complete 
|   5|0x0000000080500000, 0x0000000080600000, 0x0000000080600000|100%|HC|  |TAMS 0x0000000080600000, 0x0000000080600000| Complete 
|   6|0x0000000080600000, 0x0000000080700000, 0x0000000080700000|100%| O|  |TAMS 0x0000000080700000, 0x0000000080700000| Untracked 
|   7|0x0000000080700000, 0x0000000080800000, 0x0000000080800000|100%| O|  |TAMS 0x0000000080800000, 0x0000000080800000| Untracked 
|   8|0x0000000080800000, 0x0000000080900000, 0x0000000080900000|100%| O|  |TAMS 0x0000000080900000, 0x0000000080900000| Untracked 
|   9|0x0000000080900000, 0x0000000080a00000, 0x0000000080a00000|100%| O|  |TAMS 0x0000000080a00000, 0x0000000080a00000| Untracked 
|  10|0x0000000080a00000, 0x0000000080b00000, 0x0000000080b00000|100%| O|  |TAMS 0x0000000080b00000, 0x0000000080b00000| Untracked 
|  11|0x0000000080b00000, 0x0000000080c00000, 0x0000000080c00000|100%| O|  |TAMS 0x0000000080c00000, 0x0000000080c00000| Untracked 
|  12|0x0000000080c00000, 0x0000000080d00000, 0x0000000080d00000|100%| O|  |TAMS 0x0000000080d00000, 0x0000000080d00000| Untracked 
|  13|0x0000000080d00000, 0x0000000080e00000, 0x0000000080e00000|100%| O|  |TAMS 0x0000000080e00000, 0x0000000080e00000| Untracked 
|  14|0x0000000080e00000, 0x0000000080f00000, 0x0000000080f00000|100%| O|  |TAMS 0x0000000080f00000, 0x0000000080f00000| Untracked 
|  15|0x0000000080f00000, 0x0000000081000000, 0x0000000081000000|100%| O|  |TAMS 0x0000000081000000, 0x0000000081000000| Untracked 
|  16|0x0000000081000000, 0x0000000081100000, 0x0000000081100000|100%| O|  |TAMS 0x0000000081100000, 0x0000000081100000| Untracked 
|  17|0x0000000081100000, 0x0000000081200000, 0x0000000081200000|100%| O|  |TAMS 0x0000000081200000, 0x0000000081200000| Untracked 
|  18|0x0000000081200000, 0x0000000081300000, 0x0000000081300000|100%| O|  |TAMS 0x0000000081300000, 0x0000000081300000| Untracked 
|  19|0x0000000081300000, 0x0000000081400000, 0x0000000081400000|100%| O|  |TAMS 0x0000000081400000, 0x0000000081400000| Untracked 
|  20|0x0000000081400000, 0x0000000081500000, 0x0000000081500000|100%| O|  |TAMS 0x0000000081500000, 0x0000000081500000| Untracked 
|  21|0x0000000081500000, 0x0000000081600000, 0x0000000081600000|100%| O|  |TAMS 0x0000000081600000, 0x0000000081600000| Untracked 
|  22|0x0000000081600000, 0x0000000081700000, 0x0000000081700000|100%| O|  |TAMS 0x0000000081700000, 0x0000000081700000| Untracked 
|  23|0x0000000081700000, 0x0000000081800000, 0x0000000081800000|100%| O|  |TAMS 0x0000000081800000, 0x0000000081800000| Untracked 
|  24|0x0000000081800000, 0x0000000081900000, 0x0000000081900000|100%| O|  |TAMS 0x0000000081900000, 0x0000000081900000| Untracked 
|  25|0x0000000081900000, 0x0000000081a00000, 0x0000000081a00000|100%| O|  |TAMS 0x0000000081a00000, 0x0000000081a00000| Untracked 
|  26|0x0000000081a00000, 0x0000000081b00000, 0x0000000081b00000|100%| O|  |TAMS 0x0000000081b00000, 0x0000000081b00000| Untracked 
|  27|0x0000000081b00000, 0x0000000081c00000, 0x0000000081c00000|100%| O|  |TAMS 0x0000000081c00000, 0x0000000081c00000| Untracked 
|  28|0x0000000081c00000, 0x0000000081d00000, 0x0000000081d00000|100%| O|  |TAMS 0x0000000081d00000, 0x0000000081d00000| Untracked 
|  29|0x0000000081d00000, 0x0000000081e00000, 0x0000000081e00000|100%| O|  |TAMS 0x0000000081e00000, 0x0000000081e00000| Untracked 
|  30|0x0000000081e00000, 0x0000000081e00000, 0x0000000081f00000|  0%| F|  |TAMS 0x0000000081e00000, 0x0000000081e00000| Untracked 
|  31|0x0000000081f00000, 0x0000000082000000, 0x0000000082000000|100%| O|  |TAMS 0x0000000082000000, 0x0000000082000000| Untracked 
|  32|0x0000000082000000, 0x0000000082100000, 0x0000000082100000|100%| O|  |TAMS 0x0000000082100000, 0x0000000082100000| Untracked 
|  33|0x0000000082100000, 0x0000000082200000, 0x0000000082200000|100%| O|  |TAMS 0x0000000082200000, 0x0000000082200000| Untracked 
|  34|0x0000000082200000, 0x0000000082300000, 0x0000000082300000|100%| O|  |TAMS 0x0000000082300000, 0x0000000082300000| Untracked 
|  35|0x0000000082300000, 0x0000000082400000, 0x0000000082400000|100%| O|  |TAMS 0x0000000082400000, 0x0000000082400000| Untracked 
|  36|0x0000000082400000, 0x0000000082500000, 0x0000000082500000|100%| O|  |TAMS 0x0000000082500000, 0x0000000082500000| Untracked 
|  37|0x0000000082500000, 0x0000000082600000, 0x0000000082600000|100%| O|  |TAMS 0x0000000082600000, 0x0000000082600000| Untracked 
|  38|0x0000000082600000, 0x0000000082700000, 0x0000000082700000|100%| O|  |TAMS 0x0000000082700000, 0x0000000082700000| Untracked 
|  39|0x0000000082700000, 0x0000000082800000, 0x0000000082800000|100%| O|  |TAMS 0x0000000082800000, 0x0000000082800000| Untracked 
|  40|0x0000000082800000, 0x0000000082900000, 0x0000000082900000|100%| O|  |TAMS 0x0000000082800000, 0x0000000082900000| Untracked 
|  41|0x0000000082900000, 0x0000000082a00000, 0x0000000082a00000|100%| O|  |TAMS 0x0000000082900000, 0x0000000082a00000| Untracked 
|  42|0x0000000082a00000, 0x0000000082b00000, 0x0000000082b00000|100%| O|  |TAMS 0x0000000082b00000, 0x0000000082b00000| Untracked 
|  43|0x0000000082b00000, 0x0000000082c00000, 0x0000000082c00000|100%| O|  |TAMS 0x0000000082c00000, 0x0000000082c00000| Untracked 
|  44|0x0000000082c00000, 0x0000000082d00000, 0x0000000082d00000|100%| O|  |TAMS 0x0000000082d00000, 0x0000000082d00000| Untracked 
|  45|0x0000000082d00000, 0x0000000082e00000, 0x0000000082e00000|100%| O|  |TAMS 0x0000000082e00000, 0x0000000082e00000| Untracked 
|  46|0x0000000082e00000, 0x0000000082f00000, 0x0000000082f00000|100%| O|  |TAMS 0x0000000082f00000, 0x0000000082f00000| Untracked 
|  47|0x0000000082f00000, 0x0000000083000000, 0x0000000083000000|100%| O|  |TAMS 0x0000000082f00000, 0x0000000083000000| Untracked 
|  48|0x0000000083000000, 0x0000000083000000, 0x0000000083100000|  0%| F|  |TAMS 0x0000000083000000, 0x0000000083000000| Untracked 
|  49|0x0000000083100000, 0x0000000083100000, 0x0000000083200000|  0%| F|  |TAMS 0x0000000083100000, 0x0000000083100000| Untracked 
|  50|0x0000000083200000, 0x0000000083200000, 0x0000000083300000|  0%| F|  |TAMS 0x0000000083200000, 0x0000000083200000| Untracked 
|  51|0x0000000083300000, 0x0000000083300000, 0x0000000083400000|  0%| F|  |TAMS 0x0000000083300000, 0x0000000083300000| Untracked 
|  52|0x0000000083400000, 0x0000000083400000, 0x0000000083500000|  0%| F|  |TAMS 0x0000000083400000, 0x0000000083400000| Untracked 
|  53|0x0000000083500000, 0x0000000083600000, 0x0000000083600000|100%| O|  |TAMS 0x0000000083600000, 0x0000000083600000| Untracked 
|  54|0x0000000083600000, 0x0000000083700000, 0x0000000083700000|100%| O|  |TAMS 0x0000000083700000, 0x0000000083700000| Untracked 
|  55|0x0000000083700000, 0x0000000083800000, 0x0000000083800000|100%| O|  |TAMS 0x0000000083737600, 0x0000000083800000| Untracked 
|  56|0x0000000083800000, 0x0000000083900000, 0x0000000083900000|100%| O|  |TAMS 0x0000000083800000, 0x0000000083900000| Untracked 
|  57|0x0000000083900000, 0x0000000083a00000, 0x0000000083a00000|100%| O|  |TAMS 0x0000000083900000, 0x0000000083a00000| Untracked 
|  58|0x0000000083a00000, 0x0000000083b00000, 0x0000000083b00000|100%| O|  |TAMS 0x0000000083a00000, 0x0000000083b00000| Untracked 
|  59|0x0000000083b00000, 0x0000000083c00000, 0x0000000083c00000|100%| O|  |TAMS 0x0000000083b00000, 0x0000000083c00000| Untracked 
|  60|0x0000000083c00000, 0x0000000083d00000, 0x0000000083d00000|100%| O|  |TAMS 0x0000000083c00000, 0x0000000083d00000| Untracked 
|  61|0x0000000083d00000, 0x0000000083e00000, 0x0000000083e00000|100%| O|  |TAMS 0x0000000083d00000, 0x0000000083e00000| Untracked 
|  62|0x0000000083e00000, 0x0000000083f00000, 0x0000000083f00000|100%| O|  |TAMS 0x0000000083e00000, 0x0000000083f00000| Untracked 
|  63|0x0000000083f00000, 0x0000000084000000, 0x0000000084000000|100%| O|  |TAMS 0x0000000083f00000, 0x0000000084000000| Untracked 
|  64|0x0000000084000000, 0x0000000084000000, 0x0000000084100000|  0%| F|  |TAMS 0x0000000084000000, 0x0000000084000000| Untracked 
|  65|0x0000000084100000, 0x0000000084100000, 0x0000000084200000|  0%| F|  |TAMS 0x0000000084100000, 0x0000000084100000| Untracked 
|  66|0x0000000084200000, 0x0000000084200000, 0x0000000084300000|  0%| F|  |TAMS 0x0000000084200000, 0x0000000084200000| Untracked 
|  67|0x0000000084300000, 0x0000000084300000, 0x0000000084400000|  0%| F|  |TAMS 0x0000000084300000, 0x0000000084300000| Untracked 
|  68|0x0000000084400000, 0x0000000084400000, 0x0000000084500000|  0%| F|  |TAMS 0x0000000084400000, 0x0000000084400000| Untracked 
|  69|0x0000000084500000, 0x0000000084500000, 0x0000000084600000|  0%| F|  |TAMS 0x0000000084500000, 0x0000000084500000| Untracked 
|  70|0x0000000084600000, 0x0000000084600000, 0x0000000084700000|  0%| F|  |TAMS 0x0000000084600000, 0x0000000084600000| Untracked 
|  71|0x0000000084700000, 0x0000000084700000, 0x0000000084800000|  0%| F|  |TAMS 0x0000000084700000, 0x0000000084700000| Untracked 
|  72|0x0000000084800000, 0x0000000084800000, 0x0000000084900000|  0%| F|  |TAMS 0x0000000084800000, 0x0000000084800000| Untracked 
|  73|0x0000000084900000, 0x0000000084900000, 0x0000000084a00000|  0%| F|  |TAMS 0x0000000084900000, 0x0000000084900000| Untracked 
|  74|0x0000000084a00000, 0x0000000084a00000, 0x0000000084b00000|  0%| F|  |TAMS 0x0000000084a00000, 0x0000000084a00000| Untracked 
|  75|0x0000000084b00000, 0x0000000084b00000, 0x0000000084c00000|  0%| F|  |TAMS 0x0000000084b00000, 0x0000000084b00000| Untracked 
|  76|0x0000000084c00000, 0x0000000084c00000, 0x0000000084d00000|  0%| F|  |TAMS 0x0000000084c00000, 0x0000000084c00000| Untracked 
|  77|0x0000000084d00000, 0x0000000084d00000, 0x0000000084e00000|  0%| F|  |TAMS 0x0000000084d00000, 0x0000000084d00000| Untracked 
|  78|0x0000000084e00000, 0x0000000084e00000, 0x0000000084f00000|  0%| F|  |TAMS 0x0000000084e00000, 0x0000000084e00000| Untracked 
|  79|0x0000000084f00000, 0x0000000084f00000, 0x0000000085000000|  0%| F|  |TAMS 0x0000000084f00000, 0x0000000084f00000| Untracked 
|  80|0x0000000085000000, 0x0000000085000000, 0x0000000085100000|  0%| F|  |TAMS 0x0000000085000000, 0x0000000085000000| Untracked 
|  81|0x0000000085100000, 0x0000000085100000, 0x0000000085200000|  0%| F|  |TAMS 0x0000000085100000, 0x0000000085100000| Untracked 
|  82|0x0000000085200000, 0x0000000085200000, 0x0000000085300000|  0%| F|  |TAMS 0x0000000085200000, 0x0000000085200000| Untracked 
|  83|0x0000000085300000, 0x0000000085300000, 0x0000000085400000|  0%| F|  |TAMS 0x0000000085300000, 0x0000000085300000| Untracked 
|  84|0x0000000085400000, 0x00000000854d8d60, 0x0000000085500000| 84%| S|CS|TAMS 0x0000000085400000, 0x0000000085400000| Complete 
|  85|0x0000000085500000, 0x0000000085500000, 0x0000000085600000|  0%| F|  |TAMS 0x0000000085500000, 0x0000000085500000| Untracked 
|  86|0x0000000085600000, 0x0000000085600000, 0x0000000085700000|  0%| F|  |TAMS 0x0000000085600000, 0x0000000085600000| Untracked 
|  87|0x0000000085700000, 0x0000000085700000, 0x0000000085800000|  0%| F|  |TAMS 0x0000000085700000, 0x0000000085700000| Untracked 
|  88|0x0000000085800000, 0x0000000085800000, 0x0000000085900000|  0%| F|  |TAMS 0x0000000085800000, 0x0000000085800000| Untracked 
|  89|0x0000000085900000, 0x0000000085900000, 0x0000000085a00000|  0%| F|  |TAMS 0x0000000085900000, 0x0000000085900000| Untracked 
|  90|0x0000000085a00000, 0x0000000085a00000, 0x0000000085b00000|  0%| F|  |TAMS 0x0000000085a00000, 0x0000000085a00000| Untracked 
|  91|0x0000000085b00000, 0x0000000085b00000, 0x0000000085c00000|  0%| F|  |TAMS 0x0000000085b00000, 0x0000000085b00000| Untracked 
|  92|0x0000000085c00000, 0x0000000085c00000, 0x0000000085d00000|  0%| F|  |TAMS 0x0000000085c00000, 0x0000000085c00000| Untracked 
|  93|0x0000000085d00000, 0x0000000085d00000, 0x0000000085e00000|  0%| F|  |TAMS 0x0000000085d00000, 0x0000000085d00000| Untracked 
|  94|0x0000000085e00000, 0x0000000085e00000, 0x0000000085f00000|  0%| F|  |TAMS 0x0000000085e00000, 0x0000000085e00000| Untracked 
|  95|0x0000000085f00000, 0x0000000085f00000, 0x0000000086000000|  0%| F|  |TAMS 0x0000000085f00000, 0x0000000085f00000| Untracked 
|  96|0x0000000086000000, 0x0000000086000000, 0x0000000086100000|  0%| F|  |TAMS 0x0000000086000000, 0x0000000086000000| Untracked 
|  97|0x0000000086100000, 0x0000000086100000, 0x0000000086200000|  0%| F|  |TAMS 0x0000000086100000, 0x0000000086100000| Untracked 
|  98|0x0000000086200000, 0x0000000086200000, 0x0000000086300000|  0%| F|  |TAMS 0x0000000086200000, 0x0000000086200000| Untracked 
|  99|0x0000000086300000, 0x0000000086300000, 0x0000000086400000|  0%| F|  |TAMS 0x0000000086300000, 0x0000000086300000| Untracked 
| 100|0x0000000086400000, 0x0000000086400000, 0x0000000086500000|  0%| F|  |TAMS 0x0000000086400000, 0x0000000086400000| Untracked 
| 101|0x0000000086500000, 0x0000000086500000, 0x0000000086600000|  0%| F|  |TAMS 0x0000000086500000, 0x0000000086500000| Untracked 

Card table byte_map: [0x000001722f500000,0x000001722f900000] _byte_map_base: 0x000001722f100000

Marking Bits (Prev, Next): (CMBitMap*) 0x0000017216a3df10, (CMBitMap*) 0x0000017216a3ded0
 Prev Bits: [0x0000017231d00000, 0x0000017233d00000)
 Next Bits: [0x000001722fd00000, 0x0000017231d00000)

Polling page: 0x0000017216aa0000

Metaspace:

Usage:
  Non-class:     63.13 MB used.
      Class:     10.23 MB used.
       Both:     73.36 MB used.

Virtual space:
  Non-class space:       64.00 MB reserved,      63.50 MB (>99%) committed,  1 nodes.
      Class space:        1.00 GB reserved,      10.56 MB (  1%) committed,  1 nodes.
             Both:        1.06 GB reserved,      74.06 MB (  7%) committed. 

Chunk freelists:
   Non-Class:  272.00 KB
       Class:  5.47 MB
        Both:  5.73 MB

MaxMetaspaceSize: unlimited
CompressedClassSpaceSize: 1.00 GB
Initial GC threshold: 21.00 MB
Current GC threshold: 120.44 MB
CDS: on
MetaspaceReclaimPolicy: balanced
 - commit_granule_bytes: 65536.
 - commit_granule_words: 8192.
 - virtual_space_node_default_size: 8388608.
 - enlarge_chunks_in_place: 1.
 - new_chunks_are_fully_committed: 0.
 - uncommit_free_chunks: 1.
 - use_allocation_guard: 0.
 - handle_deallocations: 1.


Internal statistics:

num_allocs_failed_limit: 3.
num_arena_births: 790.
num_arena_deaths: 0.
num_vsnodes_births: 2.
num_vsnodes_deaths: 0.
num_space_committed: 1183.
num_space_uncommitted: 0.
num_chunks_returned_to_freelist: 3.
num_chunks_taken_from_freelist: 3587.
num_chunk_merges: 3.
num_chunk_splits: 2570.
num_chunks_enlarged: 1940.
num_inconsistent_stats: 0.

CodeHeap 'non-profiled nmethods': size=120064Kb used=3981Kb max_used=3981Kb free=116083Kb
 bounds [0x00000172277b0000, 0x0000017227ba0000, 0x000001722ecf0000]
CodeHeap 'profiled nmethods': size=120000Kb used=13945Kb max_used=13945Kb free=106054Kb
 bounds [0x000001721fcf0000, 0x0000017220a90000, 0x0000017227220000]
CodeHeap 'non-nmethods': size=5696Kb used=2368Kb max_used=2397Kb free=3327Kb
 bounds [0x0000017227220000, 0x0000017227490000, 0x00000172277b0000]
 total_blobs=7522 nmethods=6622 adapters=813
 compilation: enabled
              stopped_count=0, restarted_count=0
 full_count=0

Compilation events (20 events):
Event: 78.509 Thread 0x00000172771ab750 nmethod 7363 0x0000017220a88e90 code [0x0000017220a89220, 0x0000017220a8a778]
Event: 78.510 Thread 0x00000172771ab750 7365       1       kotlin.sequences.TransformingSequence::access$getTransformer$p (5 bytes)
Event: 78.511 Thread 0x00000172771ab750 nmethod 7365 0x0000017227b92710 code [0x0000017227b928a0, 0x0000017227b92958]
Event: 78.511 Thread 0x00000172771ab750 7366       1       kotlin.sequences.FilteringSequence::access$getPredicate$p (5 bytes)
Event: 78.511 Thread 0x0000017277143b40 nmethod 7364 0x0000017227b92a10 code [0x0000017227b92b80, 0x0000017227b92db8]
Event: 78.511 Thread 0x00000172771ab750 nmethod 7366 0x0000017227b92e10 code [0x0000017227b92fa0, 0x0000017227b93058]
Event: 78.512 Thread 0x00000172771ab750 7367       1       kotlin.sequences.FilteringSequence::access$getSendWhen$p (5 bytes)
Event: 78.512 Thread 0x00000172771ab750 nmethod 7367 0x0000017227b93110 code [0x0000017227b932a0, 0x0000017227b93358]
Event: 79.151 Thread 0x00000172771ab750 7368       3       java.lang.ref.SoftReference::get (29 bytes)
Event: 79.151 Thread 0x00000172771ab750 nmethod 7368 0x0000017220a8ae90 code [0x0000017220a8b020, 0x0000017220a8b1f8]
Event: 79.151 Thread 0x00000172771ab750 7369       3       kotlin.jvm.internal.Reflection::getOrCreateKotlinClass (8 bytes)
Event: 79.153 Thread 0x00000172771ab750 nmethod 7369 0x0000017220a8b290 code [0x0000017220a8b540, 0x0000017220a8c138]
Event: 79.153 Thread 0x00000172771ab750 7370       3       kotlin.reflect.jvm.internal.ReflectionFactoryImpl::getOrCreateKotlinClass (5 bytes)
Event: 79.154 Thread 0x00000172771ab750 nmethod 7370 0x0000017220a8c590 code [0x0000017220a8c820, 0x0000017220a8d3b8]
Event: 79.154 Thread 0x00000172771ab750 7371       3       kotlin.jvm.internal.CallableReference::<init> (32 bytes)
Event: 79.154 Thread 0x00000172771ab750 nmethod 7371 0x0000017220a8d810 code [0x0000017220a8d9c0, 0x0000017220a8dc98]
Event: 79.163 Thread 0x00000172771ab750 7372       3       kotlin.properties.ObservableProperty::<init> (10 bytes)
Event: 79.164 Thread 0x00000172771ab750 nmethod 7372 0x0000017220a8dd90 code [0x0000017220a8df20, 0x0000017220a8e0d8]
Event: 79.215 Thread 0x00000172771ab750 7373       3       org.jetbrains.kotlin.renderer.DescriptorRendererOptionsImpl::property (20 bytes)
Event: 79.216 Thread 0x00000172771ab750 nmethod 7373 0x0000017220a8e190 code [0x0000017220a8e340, 0x0000017220a8e678]

GC Heap History (20 events):
Event: 67.281 GC heap after
{Heap after GC invocations=39 (full 0):
 garbage-first heap   total 89088K, used 46526K [0x0000000080000000, 0x0000000100000000)
  region size 1024K, 2 young (2048K), 2 survivors (2048K)
 Metaspace       used 59456K, committed 60096K, reserved 1114112K
  class space    used 8508K, committed 8768K, reserved 1048576K
}
Event: 68.998 GC heap before
{Heap before GC invocations=39 (full 0):
 garbage-first heap   total 89088K, used 71102K [0x0000000080000000, 0x0000000100000000)
  region size 1024K, 27 young (27648K), 2 survivors (2048K)
 Metaspace       used 62330K, committed 62976K, reserved 1114112K
  class space    used 8886K, committed 9152K, reserved 1048576K
}
Event: 69.010 GC heap after
{Heap after GC invocations=40 (full 0):
 garbage-first heap   total 89088K, used 47016K [0x0000000080000000, 0x0000000100000000)
  region size 1024K, 2 young (2048K), 2 survivors (2048K)
 Metaspace       used 62330K, committed 62976K, reserved 1114112K
  class space    used 8886K, committed 9152K, reserved 1048576K
}
Event: 71.719 GC heap before
{Heap before GC invocations=41 (full 0):
 garbage-first heap   total 89088K, used 73640K [0x0000000080000000, 0x0000000100000000)
  region size 1024K, 28 young (28672K), 2 survivors (2048K)
 Metaspace       used 65486K, committed 66112K, reserved 1114112K
  class space    used 9313K, committed 9600K, reserved 1048576K
}
Event: 71.733 GC heap after
{Heap after GC invocations=42 (full 0):
 garbage-first heap   total 89088K, used 47772K [0x0000000080000000, 0x0000000100000000)
  region size 1024K, 3 young (3072K), 3 survivors (3072K)
 Metaspace       used 65486K, committed 66112K, reserved 1114112K
  class space    used 9313K, committed 9600K, reserved 1048576K
}
Event: 71.789 GC heap before
{Heap before GC invocations=42 (full 0):
 garbage-first heap   total 89088K, used 47772K [0x0000000080000000, 0x0000000100000000)
  region size 1024K, 4 young (4096K), 3 survivors (3072K)
 Metaspace       used 65678K, committed 66240K, reserved 1114112K
  class space    used 9340K, committed 9600K, reserved 1048576K
}
Event: 71.802 GC heap after
{Heap after GC invocations=43 (full 0):
 garbage-first heap   total 89088K, used 47341K [0x0000000080000000, 0x0000000100000000)
  region size 1024K, 1 young (1024K), 1 survivors (1024K)
 Metaspace       used 65678K, committed 66240K, reserved 1114112K
  class space    used 9340K, committed 9600K, reserved 1048576K
}
Event: 73.901 GC heap before
{Heap before GC invocations=43 (full 0):
 garbage-first heap   total 89088K, used 73965K [0x0000000080000000, 0x0000000100000000)
  region size 1024K, 27 young (27648K), 1 survivors (1024K)
 Metaspace       used 69431K, committed 70080K, reserved 1114112K
  class space    used 9763K, committed 10048K, reserved 1048576K
}
Event: 73.907 GC heap after
{Heap after GC invocations=44 (full 0):
 garbage-first heap   total 89088K, used 47456K [0x0000000080000000, 0x0000000100000000)
  region size 1024K, 1 young (1024K), 1 survivors (1024K)
 Metaspace       used 69431K, committed 70080K, reserved 1114112K
  class space    used 9763K, committed 10048K, reserved 1048576K
}
Event: 76.320 GC heap before
{Heap before GC invocations=45 (full 0):
 garbage-first heap   total 89088K, used 82272K [0x0000000080000000, 0x0000000100000000)
  region size 1024K, 28 young (28672K), 1 survivors (1024K)
 Metaspace       used 73054K, committed 73856K, reserved 1114112K
  class space    used 10232K, committed 10560K, reserved 1048576K
}
Event: 76.333 GC heap after
{Heap after GC invocations=46 (full 0):
 garbage-first heap   total 89088K, used 56373K [0x0000000080000000, 0x0000000100000000)
  region size 1024K, 3 young (3072K), 3 survivors (3072K)
 Metaspace       used 73054K, committed 73856K, reserved 1114112K
  class space    used 10232K, committed 10560K, reserved 1048576K
}
Event: 76.357 GC heap before
{Heap before GC invocations=46 (full 0):
 garbage-first heap   total 89088K, used 57397K [0x0000000080000000, 0x0000000100000000)
  region size 1024K, 4 young (4096K), 3 survivors (3072K)
 Metaspace       used 73054K, committed 73856K, reserved 1114112K
  class space    used 10232K, committed 10560K, reserved 1048576K
}
Event: 76.368 GC heap after
{Heap after GC invocations=47 (full 0):
 garbage-first heap   total 89088K, used 55823K [0x0000000080000000, 0x0000000100000000)
  region size 1024K, 1 young (1024K), 1 survivors (1024K)
 Metaspace       used 73054K, committed 73856K, reserved 1114112K
  class space    used 10232K, committed 10560K, reserved 1048576K
}
Event: 76.933 GC heap before
{Heap before GC invocations=47 (full 0):
 garbage-first heap   total 89088K, used 73231K [0x0000000080000000, 0x0000000100000000)
  region size 1024K, 19 young (19456K), 1 survivors (1024K)
 Metaspace       used 73190K, committed 73984K, reserved 1114112K
  class space    used 10235K, committed 10560K, reserved 1048576K
}
Event: 76.964 GC heap after
{Heap after GC invocations=48 (full 0):
 garbage-first heap   total 89088K, used 60880K [0x0000000080000000, 0x0000000100000000)
  region size 1024K, 3 young (3072K), 3 survivors (3072K)
 Metaspace       used 73190K, committed 73984K, reserved 1114112K
  class space    used 10235K, committed 10560K, reserved 1048576K
}
Event: 77.836 GC heap before
{Heap before GC invocations=49 (full 0):
 garbage-first heap   total 104448K, used 70096K [0x0000000080000000, 0x0000000100000000)
  region size 1024K, 13 young (13312K), 3 survivors (3072K)
 Metaspace       used 73192K, committed 73984K, reserved 1114112K
  class space    used 10236K, committed 10560K, reserved 1048576K
}
Event: 77.889 GC heap after
{Heap after GC invocations=50 (full 0):
 garbage-first heap   total 104448K, used 59572K [0x0000000080000000, 0x0000000100000000)
  region size 1024K, 2 young (2048K), 2 survivors (2048K)
 Metaspace       used 73192K, committed 73984K, reserved 1114112K
  class space    used 10236K, committed 10560K, reserved 1048576K
}
Event: 78.236 GC heap before
{Heap before GC invocations=50 (full 0):
 garbage-first heap   total 104448K, used 62644K [0x0000000080000000, 0x0000000100000000)
  region size 1024K, 5 young (5120K), 2 survivors (2048K)
 Metaspace       used 73353K, committed 74048K, reserved 1114112K
  class space    used 10255K, committed 10560K, reserved 1048576K
}
Event: 78.252 GC heap after
{Heap after GC invocations=51 (full 0):
 garbage-first heap   total 104448K, used 60035K [0x0000000080000000, 0x0000000100000000)
  region size 1024K, 1 young (1024K), 1 survivors (1024K)
 Metaspace       used 73353K, committed 74048K, reserved 1114112K
  class space    used 10255K, committed 10560K, reserved 1048576K
}
Event: 79.404 GC heap before
{Heap before GC invocations=51 (full 0):
 garbage-first heap   total 104448K, used 75395K [0x0000000080000000, 0x0000000100000000)
  region size 1024K, 17 young (17408K), 1 survivors (1024K)
 Metaspace       used 75123K, committed 75840K, reserved 1114112K
  class space    used 10474K, committed 10816K, reserved 1048576K
}

Dll operation events (16 events):
Event: 0.028 Loaded shared library C:\Program Files\Eclipse Adoptium\jdk-17.0.14.7-hotspot\bin\java.dll
Event: 0.064 Loaded shared library C:\Program Files\Eclipse Adoptium\jdk-17.0.14.7-hotspot\bin\jsvml.dll
Event: 0.356 Loaded shared library C:\Program Files\Eclipse Adoptium\jdk-17.0.14.7-hotspot\bin\zip.dll
Event: 0.376 Loaded shared library C:\Program Files\Eclipse Adoptium\jdk-17.0.14.7-hotspot\bin\instrument.dll
Event: 0.397 Loaded shared library C:\Program Files\Eclipse Adoptium\jdk-17.0.14.7-hotspot\bin\net.dll
Event: 0.401 Loaded shared library C:\Program Files\Eclipse Adoptium\jdk-17.0.14.7-hotspot\bin\nio.dll
Event: 0.418 Loaded shared library C:\Program Files\Eclipse Adoptium\jdk-17.0.14.7-hotspot\bin\zip.dll
Event: 1.348 Loaded shared library C:\Program Files\Eclipse Adoptium\jdk-17.0.14.7-hotspot\bin\jimage.dll
Event: 1.761 Loaded shared library C:\Program Files\Eclipse Adoptium\jdk-17.0.14.7-hotspot\bin\verify.dll
Event: 2.756 Loaded shared library C:\Users\AL SHIDI\.gradle\native\c067742578af261105cb4f569cf0c3c89f3d7b1fecec35dd04571415982c5e48\windows-amd64\native-platform.dll
Event: 2.793 Loading shared library C:\Users\AL SHIDI\.gradle\native\38dada09dfb8b06ba9b0570ebf7e218e3eb74d4ef43ca46872605cf95ebc2f47\windows-amd64\native-platform-file-events.dll failed, error code 127
Event: 2.809 Loading shared library C:\Users\AL SHIDI\.gradle\native\38dada09dfb8b06ba9b0570ebf7e218e3eb74d4ef43ca46872605cf95ebc2f47\windows-amd64-min\native-platform-file-events.dll failed, error code 127
Event: 9.867 Loaded shared library C:\Program Files\Eclipse Adoptium\jdk-17.0.14.7-hotspot\bin\management.dll
Event: 9.885 Loaded shared library C:\Program Files\Eclipse Adoptium\jdk-17.0.14.7-hotspot\bin\management_ext.dll
Event: 11.289 Loaded shared library C:\Program Files\Eclipse Adoptium\jdk-17.0.14.7-hotspot\bin\extnet.dll
Event: 12.140 Loaded shared library C:\Program Files\Eclipse Adoptium\jdk-17.0.14.7-hotspot\bin\sunmscapi.dll

Deoptimization events (20 events):
Event: 76.814 Thread 0x0000017277523300 Uncommon trap: trap_request=0xffffff45 fr.pc=0x0000017227b67ee4 relative=0x0000000000000064
Event: 76.814 Thread 0x0000017277523300 Uncommon trap: reason=unstable_if action=reinterpret pc=0x0000017227b67ee4 method=java.util.zip.ZipFile$ZipEntryIterator.hasNext()Z @ 8 c2
Event: 76.814 Thread 0x0000017277523300 DEOPT PACKING pc=0x0000017227b67ee4 sp=0x00000048b80f5280
Event: 76.814 Thread 0x0000017277523300 DEOPT UNPACKING pc=0x000001722727699d sp=0x00000048b80f51b8 mode 2
Event: 77.655 Thread 0x0000017277523300 DEOPT PACKING pc=0x0000017220a279be sp=0x00000048b80f51f0
Event: 77.655 Thread 0x0000017277523300 DEOPT UNPACKING pc=0x0000017227277124 sp=0x00000048b80f4680 mode 0
Event: 77.693 Thread 0x0000017277523300 Uncommon trap: trap_request=0xffffff45 fr.pc=0x0000017227b6d154 relative=0x0000000000003834
Event: 77.693 Thread 0x0000017277523300 Uncommon trap: reason=unstable_if action=reinterpret pc=0x0000017227b6d154 method=org.jetbrains.kotlin.com.intellij.openapi.vfs.impl.ArchiveHandler.directoryEntry(Ljava/util/Map;Lorg/jetbrains/kotlin/com/intellij/openapi/diagnostic/Logger;Ljava/lang/Strin
Event: 77.693 Thread 0x0000017277523300 DEOPT PACKING pc=0x0000017227b6d154 sp=0x00000048b80f50b0
Event: 77.694 Thread 0x0000017277523300 DEOPT UNPACKING pc=0x000001722727699d sp=0x00000048b80f5078 mode 2
Event: 77.751 Thread 0x0000017277523300 Uncommon trap: trap_request=0xffffff45 fr.pc=0x0000017227b77968 relative=0x0000000000000248
Event: 77.751 Thread 0x0000017277523300 Uncommon trap: reason=unstable_if action=reinterpret pc=0x0000017227b77968 method=org.jetbrains.kotlin.com.intellij.util.SmartList.add(Ljava/lang/Object;)Z @ 6 c2
Event: 77.751 Thread 0x0000017277523300 DEOPT PACKING pc=0x0000017227b77968 sp=0x00000048b80f5250
Event: 77.751 Thread 0x0000017277523300 DEOPT UNPACKING pc=0x000001722727699d sp=0x00000048b80f5210 mode 2
Event: 77.781 Thread 0x0000017277523300 Uncommon trap: trap_request=0xffffff45 fr.pc=0x0000017227b80c0c relative=0x000000000000208c
Event: 77.781 Thread 0x0000017277523300 Uncommon trap: reason=unstable_if action=reinterpret pc=0x0000017227b80c0c method=org.jetbrains.kotlin.com.intellij.openapi.vfs.impl.jar.CoreJarHandler.getOrCreateFile(Lorg/jetbrains/kotlin/com/intellij/openapi/vfs/impl/ArchiveHandler$EntryInfo;Ljava/util
Event: 77.781 Thread 0x0000017277523300 DEOPT PACKING pc=0x0000017227b80c0c sp=0x00000048b80f5340
Event: 77.781 Thread 0x0000017277523300 DEOPT UNPACKING pc=0x000001722727699d sp=0x00000048b80f5340 mode 2
Event: 77.923 Thread 0x0000017277523300 DEOPT PACKING pc=0x00000172201ae7fc sp=0x00000048b80f48f0
Event: 77.923 Thread 0x0000017277523300 DEOPT UNPACKING pc=0x0000017227277124 sp=0x00000048b80f3e70 mode 0

Classes loaded (20 events):
Event: 75.735 Loading class jdk/internal/jrtfs/JrtFileSystemProvider$JrtFsLoader
Event: 75.735 Loading class jdk/internal/jrtfs/JrtFileSystemProvider$JrtFsLoader done
Event: 75.752 Loading class java/io/IOError
Event: 75.752 Loading class java/io/IOError done
Event: 75.819 Loading class java/nio/channels/FileChannel$MapMode
Event: 75.819 Loading class java/nio/channels/FileChannel$MapMode done
Event: 75.820 Loading class jdk/internal/misc/ExtendedMapMode
Event: 75.821 Loading class jdk/internal/misc/ExtendedMapMode done
Event: 75.825 Loading class sun/nio/ch/FileChannelImpl$DefaultUnmapper
Event: 75.825 Loading class sun/nio/ch/FileChannelImpl$Unmapper
Event: 75.825 Loading class jdk/internal/access/foreign/UnmapperProxy
Event: 75.831 Loading class jdk/internal/access/foreign/UnmapperProxy done
Event: 75.831 Loading class sun/nio/ch/FileChannelImpl$Unmapper done
Event: 75.832 Loading class sun/nio/ch/FileChannelImpl$DefaultUnmapper done
Event: 75.833 Loading class sun/nio/ch/Util$4
Event: 75.833 Loading class sun/nio/ch/Util$4 done
Event: 75.837 Loading class java/io/UTFDataFormatException
Event: 75.837 Loading class java/io/UTFDataFormatException done
Event: 77.995 Loading class java/nio/channels/NonWritableChannelException
Event: 77.996 Loading class java/nio/channels/NonWritableChannelException done

Classes unloaded (0 events):
No events

Classes redefined (0 events):
No events

Internal exceptions (20 events):
Event: 63.601 Thread 0x0000017277523300 Exception <a 'java/lang/NoSuchMethodError'{0x00000000854337f0}: 'java.lang.Object java.lang.invoke.DelegatingMethodHandle$Holder.reinvoke_L(java.lang.Object, java.lang.Object, java.lang.Object, java.lang.Object, java.lang.Object, java.lang.Object, java.lang.Object, java.lang.Object, java.lang.Object, java.lang.Object, java.lang.Object, java.lang.Object, java.lang.Object, java.lang.Object, java.lang.Object, java.lang.Object, java.lang.Object, java.lang.Object, java.lang.Object, java.lang.Object, java.lang.O
Event: 63.604 Thread 0x0000017277523300 Exception <a 'java/lang/NoSuchMethodError'{0x000000008543f238}: 'java.lang.Object java.lang.invoke.Invokers$Holder.invoker(java.lang.Object, java.lang.Object, java.lang.Object, java.lang.Object, java.lang.Object, java.lang.Object, java.lang.Object, java.lang.Object, java.lang.Object, java.lang.Object, java.lang.Object, java.lang.Object, java.lang.Object, java.lang.Object, java.lang.Object, java.lang.Object, java.lang.Object, java.lang.Object, java.lang.Object, java.lang.Object, java.lang.Object, java.lang.
Event: 63.610 Thread 0x0000017277523300 Exception <a 'java/lang/NoSuchMethodError'{0x0000000085445e38}: 'java.lang.Object java.lang.invoke.DelegatingMethodHandle$Holder.delegate(java.lang.Object, java.lang.Object, java.lang.Object, java.lang.Object, java.lang.Object, java.lang.Object, java.lang.Object, java.lang.Object, java.lang.Object, java.lang.Object, java.lang.Object, java.lang.Object, java.lang.Object, java.lang.Object, java.lang.Object, java.lang.Object, java.lang.Object, java.lang.Object, java.lang.Object, java.lang.Object, java.lang.Obj
Event: 63.732 Thread 0x0000017277523300 Exception <a 'java/lang/NoSuchMethodError'{0x00000000853238b8}: 'java.lang.Object java.lang.invoke.DirectMethodHandle$Holder.invokeStatic(java.lang.Object, java.lang.Object, java.lang.Object, java.lang.Object, java.lang.Object, java.lang.Object, java.lang.Object, java.lang.Object, java.lang.Object, java.lang.Object, java.lang.Object, java.lang.Object, java.lang.Object, java.lang.Object, java.lang.Object, java.lang.Object, java.lang.Object, java.lang.Object, java.lang.Object, java.lang.Object, java.lang.Obj
Event: 64.687 Thread 0x0000017277523300 Exception <a 'java/lang/NoSuchMethodError'{0x0000000084eeb7b8}: 'java.lang.Object java.lang.invoke.DirectMethodHandle$Holder.invokeStaticInit(java.lang.Object, int)'> (0x0000000084eeb7b8) 
thrown [s\src\hotspot\share\interpreter\linkResolver.cpp, line 759]
Event: 70.739 Thread 0x0000017277523300 Exception <a 'sun/nio/fs/WindowsException'{0x000000008483a8d0}> (0x000000008483a8d0) 
thrown [s\src\hotspot\share\prims\jni.cpp, line 516]
Event: 70.740 Thread 0x0000017277523300 Exception <a 'sun/nio/fs/WindowsException'{0x000000008483c6c8}> (0x000000008483c6c8) 
thrown [s\src\hotspot\share\prims\jni.cpp, line 516]
Event: 71.633 Thread 0x0000017277523300 Exception <a 'java/lang/NoSuchMethodError'{0x0000000083edd1a0}: 'long java.lang.invoke.DirectMethodHandle$Holder.invokeStatic(java.lang.Object)'> (0x0000000083edd1a0) 
thrown [s\src\hotspot\share\interpreter\linkResolver.cpp, line 759]
Event: 71.634 Thread 0x0000017277523300 Exception <a 'java/lang/NoSuchMethodError'{0x0000000083ee1fe8}: 'long java.lang.invoke.DirectMethodHandle$Holder.invokeStaticInit(java.lang.Object)'> (0x0000000083ee1fe8) 
thrown [s\src\hotspot\share\interpreter\linkResolver.cpp, line 759]
Event: 72.008 Thread 0x0000017277523300 Exception <a 'java/lang/NoSuchMethodError'{0x00000000852484c8}: 'long java.lang.invoke.Invokers$Holder.invoke_MT(java.lang.Object, java.lang.Object, java.lang.Object, java.lang.Object)'> (0x00000000852484c8) 
thrown [s\src\hotspot\share\interpreter\linkResolver.cpp, line 759]
Event: 72.015 Thread 0x0000017277523300 Exception <a 'java/lang/NoSuchMethodError'{0x0000000085251b18}: 'int java.lang.invoke.Invokers$Holder.invoke_MT(java.lang.Object, java.lang.Object, java.lang.Object, java.lang.Object)'> (0x0000000085251b18) 
thrown [s\src\hotspot\share\interpreter\linkResolver.cpp, line 759]
Event: 72.022 Thread 0x0000017277523300 Exception <a 'java/lang/NoSuchMethodError'{0x00000000852624f0}: 'void java.lang.invoke.DelegatingMethodHandle$Holder.reinvoke_L(java.lang.Object, java.lang.Object, java.lang.Object, long, java.lang.Object)'> (0x00000000852624f0) 
thrown [s\src\hotspot\share\interpreter\linkResolver.cpp, line 759]
Event: 72.023 Thread 0x0000017277523300 Exception <a 'java/lang/NoSuchMethodError'{0x000000008526af98}: 'java.lang.Object java.lang.invoke.DirectMethodHandle$Holder.invokeSpecial(java.lang.Object, java.lang.Object, java.lang.Object, java.lang.Object, long)'> (0x000000008526af98) 
thrown [s\src\hotspot\share\interpreter\linkResolver.cpp, line 759]
Event: 72.026 Thread 0x0000017277523300 Exception <a 'java/lang/NoSuchMethodError'{0x000000008527b938}: 'int java.lang.invoke.DelegatingMethodHandle$Holder.reinvoke_L(java.lang.Object, java.lang.Object, java.lang.Object, long, java.lang.Object, java.lang.Object)'> (0x000000008527b938) 
thrown [s\src\hotspot\share\interpreter\linkResolver.cpp, line 759]
Event: 72.046 Thread 0x0000017277523300 Exception <a 'java/lang/NoSuchMethodError'{0x000000008528bc20}: 'int java.lang.invoke.DelegatingMethodHandle$Holder.reinvoke_L(java.lang.Object, java.lang.Object, java.lang.Object, long, int, int)'> (0x000000008528bc20) 
thrown [s\src\hotspot\share\interpreter\linkResolver.cpp, line 759]
Event: 72.059 Thread 0x0000017277523300 Exception <a 'java/lang/NoSuchMethodError'{0x00000000852a58e0}: 'int java.lang.invoke.DelegatingMethodHandle$Holder.reinvoke_L(java.lang.Object, java.lang.Object, java.lang.Object, long, long, long)'> (0x00000000852a58e0) 
thrown [s\src\hotspot\share\interpreter\linkResolver.cpp, line 759]
Event: 72.074 Thread 0x0000017277523300 Exception <a 'java/lang/NoSuchMethodError'{0x00000000852b5650}: 'int java.lang.invoke.DelegatingMethodHandle$Holder.reinvoke_L(java.lang.Object, java.lang.Object, java.lang.Object, long, int)'> (0x00000000852b5650) 
thrown [s\src\hotspot\share\interpreter\linkResolver.cpp, line 759]
Event: 75.587 Thread 0x0000017277523300 Exception <a 'java/lang/NoSuchMethodError'{0x000000008436e608}: 'java.lang.Object java.lang.invoke.Invokers$Holder.invokeExact_MT(java.lang.Object, java.lang.Object, long, java.lang.Object)'> (0x000000008436e608) 
thrown [s\src\hotspot\share\interpreter\linkResolver.cpp, line 759]
Event: 75.823 Thread 0x0000017277523300 Exception <a 'java/lang/NoSuchMethodError'{0x00000000841e4148}: 'java.lang.Object java.lang.invoke.Invokers$Holder.invoke_MT(java.lang.Object, java.lang.Object, java.lang.Object)'> (0x00000000841e4148) 
thrown [s\src\hotspot\share\interpreter\linkResolver.cpp, line 759]
Event: 77.781 Thread 0x0000017277523300 Implicit null exception at 0x0000017227b7ecf4 to 0x0000017227b80bdc

VM Operations (20 events):
Event: 74.913 Executing VM operation: HandshakeAllThreads done
Event: 75.125 Executing VM operation: HandshakeAllThreads
Event: 75.125 Executing VM operation: HandshakeAllThreads done
Event: 76.127 Executing VM operation: Cleanup
Event: 76.127 Executing VM operation: Cleanup done
Event: 76.320 Executing VM operation: G1CollectForAllocation
Event: 76.333 Executing VM operation: G1CollectForAllocation done
Event: 76.357 Executing VM operation: G1CollectForAllocation
Event: 76.368 Executing VM operation: G1CollectForAllocation done
Event: 76.933 Executing VM operation: G1CollectForAllocation
Event: 76.964 Executing VM operation: G1CollectForAllocation done
Event: 77.182 Executing VM operation: G1PauseRemark
Event: 77.311 Executing VM operation: G1PauseRemark done
Event: 77.388 Executing VM operation: G1PauseCleanup
Event: 77.405 Executing VM operation: G1PauseCleanup done
Event: 77.836 Executing VM operation: G1CollectForAllocation
Event: 77.890 Executing VM operation: G1CollectForAllocation done
Event: 78.235 Executing VM operation: G1CollectForAllocation
Event: 78.252 Executing VM operation: G1CollectForAllocation done
Event: 79.403 Executing VM operation: G1CollectForAllocation

Memory protections (0 events):
No events

Nmethod flushes (20 events):
Event: 39.436 Thread 0x00000172771be820 flushing  nmethod 0x0000017220485c90
Event: 39.436 Thread 0x00000172771be820 flushing  nmethod 0x0000017220486390
Event: 39.436 Thread 0x00000172771be820 flushing  nmethod 0x0000017220486b90
Event: 39.436 Thread 0x00000172771be820 flushing  nmethod 0x000001722048b210
Event: 39.436 Thread 0x00000172771be820 flushing  nmethod 0x000001722048c610
Event: 39.436 Thread 0x00000172771be820 flushing  nmethod 0x000001722048cb90
Event: 39.436 Thread 0x00000172771be820 flushing  nmethod 0x000001722048f010
Event: 39.436 Thread 0x00000172771be820 flushing  nmethod 0x00000172204c3290
Event: 39.436 Thread 0x00000172771be820 flushing  nmethod 0x00000172204c3e10
Event: 39.436 Thread 0x00000172771be820 flushing  nmethod 0x00000172204c4610
Event: 39.436 Thread 0x00000172771be820 flushing  nmethod 0x00000172204c5090
Event: 39.436 Thread 0x00000172771be820 flushing  nmethod 0x00000172204c6590
Event: 39.436 Thread 0x00000172771be820 flushing  nmethod 0x00000172204d0010
Event: 39.436 Thread 0x00000172771be820 flushing  nmethod 0x00000172204e2290
Event: 39.436 Thread 0x00000172771be820 flushing  nmethod 0x00000172204fb110
Event: 39.436 Thread 0x00000172771be820 flushing  nmethod 0x00000172204fb990
Event: 39.436 Thread 0x00000172771be820 flushing  nmethod 0x0000017220516910
Event: 39.437 Thread 0x00000172771be820 flushing  nmethod 0x000001722062a790
Event: 64.374 Thread 0x00000172771be820 flushing  nmethod 0x000001721fe56b10
Event: 64.378 Thread 0x00000172771be820 flushing  nmethod 0x0000017220167410

Events (20 events):
Event: 12.005 Thread 0x00000172169e0fe0 Thread added: 0x000001727caba530
Event: 12.324 Thread 0x000001727cb9c150 Thread added: 0x000001727c1f9210
Event: 12.348 Thread 0x000001727c1f9210 Thread added: 0x000001727cd5dbb0
Event: 12.902 Thread 0x000001727c1f9210 Thread added: 0x00000172775223d0
Event: 12.934 Thread 0x000001727c1f9210 Thread added: 0x0000017277523300
Event: 12.998 Thread 0x0000017277523300 Thread added: 0x0000017277520570
Event: 13.006 Thread 0x0000017277523300 Thread added: 0x0000017277523810
Event: 13.028 Thread 0x0000017277523300 Thread added: 0x0000017277521ec0
Event: 14.950 Thread 0x0000017277523300 Thread added: 0x00000172775228e0
Event: 15.021 Thread 0x0000017277523300 Thread added: 0x00000172775219b0
Event: 15.297 Thread 0x0000017277523300 Thread added: 0x0000017277520060
Event: 19.183 Thread 0x0000017277523300 Thread added: 0x0000017277520f90
Event: 21.055 Thread 0x0000017277523300 Thread added: 0x0000017277522df0
Event: 21.056 Thread 0x0000017277523300 Thread added: 0x00000172775214a0
Event: 23.859 Thread 0x0000017277523300 Thread added: 0x000001727de81810
Event: 24.259 Thread 0x0000017277523300 Thread added: 0x000001727de80df0
Event: 24.320 Thread 0x0000017277523300 Thread added: 0x000001727de7f4a0
Event: 25.239 Thread 0x0000017277523300 Thread added: 0x000001727de7f9b0
Event: 63.573 Thread 0x0000017277523300 Thread added: 0x000001727de82740
Event: 73.036 Thread 0x0000017277523810 Thread exited: 0x0000017277523810


Dynamic libraries:
0x00007ff7f6150000 - 0x00007ff7f615e000 	C:\Program Files\Eclipse Adoptium\jdk-17.0.14.7-hotspot\bin\java.exe
0x00007fff12580000 - 0x00007fff1275b000 	C:\Windows\SYSTEM32\ntdll.dll
0x00007fff11820000 - 0x00007fff118ce000 	C:\Windows\System32\KERNEL32.DLL
0x00007fff0f590000 - 0x00007fff0f7da000 	C:\Windows\System32\KERNELBASE.dll
0x00007fff0f7e0000 - 0x00007fff0f8d4000 	C:\Windows\System32\ucrtbase.dll
0x00007ffefcd10000 - 0x00007ffefcd27000 	C:\Program Files\Eclipse Adoptium\jdk-17.0.14.7-hotspot\bin\jli.dll
0x00007ffefcc00000 - 0x00007ffefcc1e000 	C:\Program Files\Eclipse Adoptium\jdk-17.0.14.7-hotspot\bin\VCRUNTIME140.dll
0x00007fff0fd50000 - 0x00007fff0fe9a000 	C:\Windows\System32\USER32.dll
0x00007fff0fac0000 - 0x00007fff0fade000 	C:\Windows\System32\win32u.dll
0x00007ffeff9b0000 - 0x00007ffeffc17000 	C:\Windows\WinSxS\amd64_microsoft.windows.common-controls_6595b64144ccf1df_6.0.15063.1897_none_40cb64bd29a40d00\COMCTL32.dll
0x00007fff12550000 - 0x00007fff12577000 	C:\Windows\System32\GDI32.dll
0x00007fff0fbf0000 - 0x00007fff0fc8d000 	C:\Windows\System32\msvcrt.dll
0x00007fff0f930000 - 0x00007fff0fab8000 	C:\Windows\System32\gdi32full.dll
0x00007fff120f0000 - 0x00007fff123e6000 	C:\Windows\System32\combase.dll
0x00007fff0ea90000 - 0x00007fff0eb2a000 	C:\Windows\System32\msvcp_win.dll
0x00007fff100e0000 - 0x00007fff10205000 	C:\Windows\System32\RPCRT4.dll
0x00007fff0ed00000 - 0x00007fff0ed75000 	C:\Windows\System32\bcryptPrimitives.dll
0x00007fff100b0000 - 0x00007fff100dd000 	C:\Windows\System32\IMM32.DLL
0x00007fff093d0000 - 0x00007fff093dc000 	C:\Program Files\Eclipse Adoptium\jdk-17.0.14.7-hotspot\bin\vcruntime140_1.dll
0x00007ffeef600000 - 0x00007ffeef68d000 	C:\Program Files\Eclipse Adoptium\jdk-17.0.14.7-hotspot\bin\msvcp140.dll
0x00007ffedb0c0000 - 0x00007ffedbd2b000 	C:\Program Files\Eclipse Adoptium\jdk-17.0.14.7-hotspot\bin\server\jvm.dll
0x00007fff0fea0000 - 0x00007fff0ff41000 	C:\Windows\System32\ADVAPI32.dll
0x00007fff11990000 - 0x00007fff119e9000 	C:\Windows\System32\sechost.dll
0x00007fff0ea40000 - 0x00007fff0ea8c000 	C:\Windows\System32\POWRPROF.dll
0x00007fff12080000 - 0x00007fff120ec000 	C:\Windows\System32\WS2_32.dll
0x00007fff0ca90000 - 0x00007fff0cab3000 	C:\Windows\SYSTEM32\WINMM.dll
0x00007fff08eb0000 - 0x00007fff08eba000 	C:\Windows\SYSTEM32\VERSION.dll
0x00007fff0c390000 - 0x00007fff0c3bb000 	C:\Windows\SYSTEM32\WINMMBASE.dll
0x00007fff0f8e0000 - 0x00007fff0f929000 	C:\Windows\System32\cfgmgr32.dll
0x00007fff0ea00000 - 0x00007fff0ea11000 	C:\Windows\System32\kernel.appcore.dll
0x00007fff09350000 - 0x00007fff0935a000 	C:\Program Files\Eclipse Adoptium\jdk-17.0.14.7-hotspot\bin\jimage.dll
0x00007fff0ad70000 - 0x00007fff0af19000 	C:\Windows\SYSTEM32\DBGHELP.DLL
0x00007fff04d30000 - 0x00007fff04d59000 	C:\Windows\SYSTEM32\dbgcore.DLL
0x00007fff04d60000 - 0x00007fff04d6e000 	C:\Program Files\Eclipse Adoptium\jdk-17.0.14.7-hotspot\bin\instrument.dll
0x00007ffef7d90000 - 0x00007ffef7db5000 	C:\Program Files\Eclipse Adoptium\jdk-17.0.14.7-hotspot\bin\java.dll
0x00007ffee9940000 - 0x00007ffee9a17000 	C:\Program Files\Eclipse Adoptium\jdk-17.0.14.7-hotspot\bin\jsvml.dll
0x00007fff103e0000 - 0x00007fff11819000 	C:\Windows\System32\SHELL32.dll
0x00007fff11e30000 - 0x00007fff11eda000 	C:\Windows\System32\shcore.dll
0x00007fff0ed80000 - 0x00007fff0f475000 	C:\Windows\System32\windows.storage.dll
0x00007fff10380000 - 0x00007fff103d1000 	C:\Windows\System32\shlwapi.dll
0x00007fff0e9e0000 - 0x00007fff0e9f5000 	C:\Windows\System32\profapi.dll
0x00007ffefcb10000 - 0x00007ffefcb28000 	C:\Program Files\Eclipse Adoptium\jdk-17.0.14.7-hotspot\bin\zip.dll
0x00007ffefbcc0000 - 0x00007ffefbcd9000 	C:\Program Files\Eclipse Adoptium\jdk-17.0.14.7-hotspot\bin\net.dll
0x00007fff01630000 - 0x00007fff01706000 	C:\Windows\SYSTEM32\WINHTTP.dll
0x00007fff0e2e0000 - 0x00007fff0e33c000 	C:\Windows\system32\mswsock.dll
0x00007ffefb970000 - 0x00007ffefb986000 	C:\Program Files\Eclipse Adoptium\jdk-17.0.14.7-hotspot\bin\nio.dll
0x00007fff01b00000 - 0x00007fff01b10000 	C:\Program Files\Eclipse Adoptium\jdk-17.0.14.7-hotspot\bin\verify.dll
0x00007ffefda00000 - 0x00007ffefda27000 	C:\Users\AL SHIDI\.gradle\native\c067742578af261105cb4f569cf0c3c89f3d7b1fecec35dd04571415982c5e48\windows-amd64\native-platform.dll
0x00007fff017d0000 - 0x00007fff017da000 	C:\Program Files\Eclipse Adoptium\jdk-17.0.14.7-hotspot\bin\management.dll
0x00007fff01430000 - 0x00007fff0143b000 	C:\Program Files\Eclipse Adoptium\jdk-17.0.14.7-hotspot\bin\management_ext.dll
0x00007fff123f0000 - 0x00007fff123f8000 	C:\Windows\System32\PSAPI.DLL
0x00007fff0e480000 - 0x00007fff0e497000 	C:\Windows\SYSTEM32\CRYPTSP.dll
0x00007fff0deb0000 - 0x00007fff0dee4000 	C:\Windows\system32\rsaenh.dll
0x00007fff0e590000 - 0x00007fff0e5b5000 	C:\Windows\SYSTEM32\bcrypt.dll
0x00007fff0e8e0000 - 0x00007fff0e909000 	C:\Windows\SYSTEM32\USERENV.dll
0x00007fff0e4a0000 - 0x00007fff0e4ab000 	C:\Windows\SYSTEM32\CRYPTBASE.dll
0x00007fff0e040000 - 0x00007fff0e077000 	C:\Windows\SYSTEM32\IPHLPAPI.DLL
0x00007fff0fc90000 - 0x00007fff0fc98000 	C:\Windows\System32\NSI.dll
0x00007fff046a0000 - 0x00007fff046b6000 	C:\Windows\SYSTEM32\dhcpcsvc6.DLL
0x00007fff08f50000 - 0x00007fff08f6a000 	C:\Windows\SYSTEM32\dhcpcsvc.DLL
0x00007fff00e50000 - 0x00007fff00e59000 	C:\Program Files\Eclipse Adoptium\jdk-17.0.14.7-hotspot\bin\extnet.dll
0x00007ffeff2b0000 - 0x00007ffeff2be000 	C:\Program Files\Eclipse Adoptium\jdk-17.0.14.7-hotspot\bin\sunmscapi.dll
0x00007fff0eb30000 - 0x00007fff0ecf9000 	C:\Windows\System32\CRYPT32.dll
0x00007fff0ea20000 - 0x00007fff0ea31000 	C:\Windows\System32\MSASN1.dll
0x00007fff0e560000 - 0x00007fff0e585000 	C:\Windows\SYSTEM32\ncrypt.dll
0x00007fff0e520000 - 0x00007fff0e556000 	C:\Windows\SYSTEM32\NTASN1.dll

dbghelp: loaded successfully - version: 4.0.5 - missing functions: none
symbol engine: initialized successfully - sym options: 0x614 - pdb path: .;C:\Program Files\Eclipse Adoptium\jdk-17.0.14.7-hotspot\bin;C:\Windows\SYSTEM32;C:\Windows\WinSxS\amd64_microsoft.windows.common-controls_6595b64144ccf1df_6.0.15063.1897_none_40cb64bd29a40d00;C:\Program Files\Eclipse Adoptium\jdk-17.0.14.7-hotspot\bin\server;C:\Users\AL SHIDI\.gradle\native\c067742578af261105cb4f569cf0c3c89f3d7b1fecec35dd04571415982c5e48\windows-amd64

VM Arguments:
jvm_args: --add-opens=java.base/java.util=ALL-UNNAMED --add-opens=java.base/java.lang=ALL-UNNAMED --add-opens=java.base/java.lang.invoke=ALL-UNNAMED --add-opens=java.prefs/java.util.prefs=ALL-UNNAMED --add-opens=java.base/java.nio.charset=ALL-UNNAMED --add-opens=java.base/java.net=ALL-UNNAMED --add-opens=java.base/java.util.concurrent.atomic=ALL-UNNAMED -Xmx2048m -Dfile.encoding=UTF-8 -Duser.country=US -Duser.language=en -Duser.variant -javaagent:C:\Users\AL SHIDI\.gradle\wrapper\dists\gradle-8.7-bin\bhs2wmbdwecv87pi65oeuq5iu\gradle-8.7\lib\agents\gradle-instrumentation-agent-8.7.jar 
java_command: org.gradle.launcher.daemon.bootstrap.GradleDaemon 8.7
java_class_path (initial): C:\Users\AL SHIDI\.gradle\wrapper\dists\gradle-8.7-bin\bhs2wmbdwecv87pi65oeuq5iu\gradle-8.7\lib\gradle-launcher-8.7.jar
Launcher Type: SUN_STANDARD

[Global flags]
     intx CICompilerCount                          = 2                                         {product} {ergonomic}
     uint ConcGCThreads                            = 1                                         {product} {ergonomic}
     uint G1ConcRefinementThreads                  = 2                                         {product} {ergonomic}
   size_t G1HeapRegionSize                         = 1048576                                   {product} {ergonomic}
    uintx GCDrainStackTargetSize                   = 64                                        {product} {ergonomic}
   size_t InitialHeapSize                          = 48234496                                  {product} {ergonomic}
   size_t MarkStackSize                            = 4194304                                   {product} {ergonomic}
   size_t MaxHeapSize                              = 2147483648                                {product} {command line}
   size_t MaxNewSize                               = 1287651328                                {product} {ergonomic}
   size_t MinHeapDeltaBytes                        = 1048576                                   {product} {ergonomic}
   size_t MinHeapSize                              = 8388608                                   {product} {ergonomic}
    uintx NonNMethodCodeHeapSize                   = 5826188                                {pd product} {ergonomic}
    uintx NonProfiledCodeHeapSize                  = 122916026                              {pd product} {ergonomic}
    uintx ProfiledCodeHeapSize                     = 122916026                              {pd product} {ergonomic}
    uintx ReservedCodeCacheSize                    = 251658240                              {pd product} {ergonomic}
     bool SegmentedCodeCache                       = true                                      {product} {ergonomic}
   size_t SoftMaxHeapSize                          = 2147483648                             {manageable} {ergonomic}
     bool UseCompressedClassPointers               = true                           {product lp64_product} {ergonomic}
     bool UseCompressedOops                        = true                           {product lp64_product} {ergonomic}
     bool UseG1GC                                  = true                                      {product} {ergonomic}
     bool UseLargePagesIndividualAllocation        = false                                  {pd product} {ergonomic}

Logging:
Log output configuration:
 #0: stdout all=warning uptime,level,tags
 #1: stderr all=off uptime,level,tags

Environment Variables:
JAVA_HOME=C:\Program Files\Eclipse Adoptium\jdk-17.0.14.7-hotspot
PATH=C:\Program Files\Eclipse Adoptium\jdk-17.0.14.7-hotspot\bin;C:\Program Files\Common Files\Oracle\Java\javapath;C:\Program Files\Eclipse Adoptium\jdk-21.0.6.7-hotspot\bin;C:\Windows\system32;C:\Windows;C:\Windows\System32\Wbem;C:\Windows\System32\WindowsPowerShell\v1.0\;D:\Microsoft VS Code\bin;C:\Program Files\Git\cmd;C:\Program Files\PuTTY\;C:\Program Files (x86)\Paragon Software\LinuxFS for Windows\;C:\Users\AL SHIDI\AppData\Local\Programs\Python\Python313\Scripts\;C:\Users\AL SHIDI\AppData\Local\Programs\Python\Python313\;C:\Users\AL SHIDI\AppData\Local\Microsoft\WindowsApps;C:\Users\AL SHIDI\AppData\Local\Programs\Microsoft VS Code Insiders\bin;D:\gradle-8.13\bin;D:\gradle-8.13;D:\Android\Sdk;D:\Android\Sdk\ndk\23.2.8568313;D:\Android\Sdk\emulator;C:\Program Files\Eclipse Adoptium\jdk-21.0.6.7-hotspot;C:\Program Files\Eclipse Adoptium\jdk-21.0.6.7-hotspot\bin;C:\flutter\bin;D:\Microsoft VS Code\bin;D:\Android Studio\bin;C:\Program Files\Java\jdk-21\bin;D:\Android\Sdk\cmdline-tools\latest\bin;D:\Android\Sdk\cmdline-tools\19.0\bin;D:\Android\Sdk\platform-tools;C:\Users\AL SHIDI\AppData\Local\Programs\Windsurf\bin
USERNAME=AL SHIDI
OS=Windows_NT
PROCESSOR_IDENTIFIER=Intel64 Family 6 Model 92 Stepping 9, GenuineIntel
TMP=C:\Users\ALSHID~1\AppData\Local\Temp
TEMP=C:\Users\ALSHID~1\AppData\Local\Temp



Periodic native trim disabled


---------------  S Y S T E M  ---------------

OS:
 Windows 10 , 64 bit Build 15063 (10.0.15063.2346)
OS uptime: 0 days 3:18 hours

CPU: total 2 (initial active 2) (2 cores per cpu, 1 threads per core) family 6 model 92 stepping 9 microcode 0x32, cx8, cmov, fxsr, mmx, 3dnowpref, sse, sse2, sse3, ssse3, sse4.1, sse4.2, popcnt, tsc, tscinvbit, aes, erms, clmul, sha, clflush, clflushopt
Processor Information for all 2 processors :
  Max Mhz: 1101, Current Mhz: 1101, Mhz Limit: 1101

Memory: 4k page, system-wide physical 2905M (248M free)
TotalPageFile size 3759M (AvailPageFile size 58M)
current process WorkingSet (physical memory assigned to process): 304M, peak: 304M
current process commit charge ("private bytes"): 326M, peak: 455M

vm_info: OpenJDK 64-Bit Server VM (17.0.14+7) for windows-amd64 JRE (17.0.14+7), built on Jan 21 2025 23:40:15 by "admin" with MS VC++ 17.7 (VS2022)

END.
