#
# There is insufficient memory for the Java Runtime Environment to continue.
# Native memory allocation (malloc) failed to allocate 943904 bytes. Error detail: Chunk::new
# Possible reasons:
#   The system is out of physical RAM or swap space
#   This process is running with CompressedOops enabled, and the Java Heap may be blocking the growth of the native heap
# Possible solutions:
#   Reduce memory load on the system
#   Increase physical memory or swap space
#   Check if swap backing store is full
#   Decrease Java heap size (-Xmx/-Xms)
#   Decrease number of Java threads
#   Decrease Java thread stack sizes (-Xss)
#   Set larger code cache with -XX:ReservedCodeCacheSize=
#   JVM is running with Unscaled Compressed Oops mode in which the Java heap is
#     placed in the first 4GB address space. The Java Heap base address is the
#     maximum limit for the native heap growth. Please use -XX:HeapBaseMinAddress
#     to set the Java Heap base and to place the Java Heap above 4GB virtual address.
# This output file may be truncated or incomplete.
#
#  Out of Memory Error (arena.cpp:191), pid=5376, tid=7112
#
# JRE version: OpenJDK Runtime Environment Temurin-17.0.14+7 (17.0.14+7) (build 17.0.14+7)
# Java VM: OpenJDK 64-Bit Server VM Temurin-17.0.14+7 (17.0.14+7, mixed mode, sharing, tiered, compressed oops, compressed class ptrs, g1 gc, windows-amd64)
# No core dump will be written. Minidumps are not enabled by default on client versions of Windows
#

---------------  S U M M A R Y ------------

Command Line: --add-opens=java.base/java.util=ALL-UNNAMED --add-opens=java.base/java.lang=ALL-UNNAMED --add-opens=java.base/java.lang.invoke=ALL-UNNAMED --add-opens=java.prefs/java.util.prefs=ALL-UNNAMED --add-opens=java.base/java.nio.charset=ALL-UNNAMED --add-opens=java.base/java.net=ALL-UNNAMED --add-opens=java.base/java.util.concurrent.atomic=ALL-UNNAMED -Xmx2048m -Dfile.encoding=UTF-8 -Duser.country=US -Duser.language=en -Duser.variant -javaagent:C:\Users\AL SHIDI\.gradle\wrapper\dists\gradle-8.7-bin\bhs2wmbdwecv87pi65oeuq5iu\gradle-8.7\lib\agents\gradle-instrumentation-agent-8.7.jar org.gradle.launcher.daemon.bootstrap.GradleDaemon 8.7

Host: Intel(R) Celeron(R) CPU N3350 @ 1.10GHz, 2 cores, 2G,  Windows 10 , 64 bit Build 15063 (10.0.15063.2346)
Time: Sun Jul  6 21:29:29 2025 Arabian Standard Time elapsed time: 47.499935 seconds (0d 0h 0m 47s)

---------------  T H R E A D  ---------------

Current thread (0x000001e27ed70b90):  JavaThread "C2 CompilerThread0" daemon [_thread_in_native, id=7112, stack(0x000000929f600000,0x000000929f700000)]


Current CompileTask:
C2:  47500 4487   !   4       jdk.internal.loader.URLClassPath$JarLoader::getResource (354 bytes)

Stack: [0x000000929f600000,0x000000929f700000]
Native frames: (J=compiled Java code, j=interpreted, Vv=VM code, C=native code)
V  [jvm.dll+0x682eb9]
V  [jvm.dll+0x8399c8]
V  [jvm.dll+0x83b473]
V  [jvm.dll+0x83bae3]
V  [jvm.dll+0x24715f]
V  [jvm.dll+0xace44]
V  [jvm.dll+0xad4dc]
V  [jvm.dll+0x365b5e]
V  [jvm.dll+0x32fd58]
V  [jvm.dll+0x32f1da]
V  [jvm.dll+0x21814f]
V  [jvm.dll+0x21758f]
V  [jvm.dll+0x1a3150]
V  [jvm.dll+0x22799c]
V  [jvm.dll+0x225afb]
V  [jvm.dll+0x7ef128]
V  [jvm.dll+0x7e948c]
V  [jvm.dll+0x681d97]
C  [ucrtbase.dll+0x226a9]
C  [KERNEL32.DLL+0x12d34]
C  [ntdll.dll+0x50c41]


---------------  P R O C E S S  ---------------

Threads class SMR info:
_java_thread_list=0x000001e27ef56de0, length=32, elements={
0x000001e274655f90, 0x000001e27ed5a710, 0x000001e27ed5b4a0, 0x000001e27ed6b000,
0x000001e27ed6b8d0, 0x000001e27ed6e6b0, 0x000001e27ed6ff90, 0x000001e27ed70b90,
0x000001e27ed74570, 0x000001e27ede6a90, 0x000001e27ed4c0d0, 0x000001e27f021df0,
0x000001e258b3b030, 0x000001e27f470db0, 0x000001e2581f8030, 0x000001e27fa0d030,
0x000001e27f468b00, 0x000001e27fa0dac0, 0x000001e27fa0dfd0, 0x000001e27fa0e9f0,
0x000001e27fa0e4e0, 0x000001e27fa0ef00, 0x000001e27fa0d5b0, 0x000001e27fac9fc0,
0x000001e27fac58e0, 0x000001e27fac5df0, 0x000001e27fac9ab0, 0x000001e27fac4ec0,
0x000001e27fac7c50, 0x000001e27fac53d0, 0x000001e27fac6300, 0x000001e27fac3f90
}

Java Threads: ( => current thread )
  0x000001e274655f90 JavaThread "main" [_thread_blocked, id=5544, stack(0x000000929e900000,0x000000929ea00000)]
  0x000001e27ed5a710 JavaThread "Reference Handler" daemon [_thread_blocked, id=3476, stack(0x000000929f000000,0x000000929f100000)]
  0x000001e27ed5b4a0 JavaThread "Finalizer" daemon [_thread_blocked, id=6568, stack(0x000000929f100000,0x000000929f200000)]
  0x000001e27ed6b000 JavaThread "Signal Dispatcher" daemon [_thread_blocked, id=212, stack(0x000000929f200000,0x000000929f300000)]
  0x000001e27ed6b8d0 JavaThread "Attach Listener" daemon [_thread_blocked, id=4028, stack(0x000000929f300000,0x000000929f400000)]
  0x000001e27ed6e6b0 JavaThread "Service Thread" daemon [_thread_blocked, id=6480, stack(0x000000929f400000,0x000000929f500000)]
  0x000001e27ed6ff90 JavaThread "Monitor Deflation Thread" daemon [_thread_blocked, id=404, stack(0x000000929f500000,0x000000929f600000)]
=>0x000001e27ed70b90 JavaThread "C2 CompilerThread0" daemon [_thread_in_native, id=7112, stack(0x000000929f600000,0x000000929f700000)]
  0x000001e27ed74570 JavaThread "C1 CompilerThread0" daemon [_thread_blocked, id=6836, stack(0x000000929f700000,0x000000929f800000)]
  0x000001e27ede6a90 JavaThread "Sweeper thread" daemon [_thread_blocked, id=5988, stack(0x000000929f800000,0x000000929f900000)]
  0x000001e27ed4c0d0 JavaThread "Common-Cleaner" daemon [_thread_blocked, id=6332, stack(0x000000929f900000,0x000000929fa00000)]
  0x000001e27f021df0 JavaThread "Notification Thread" daemon [_thread_blocked, id=3288, stack(0x000000929fa00000,0x000000929fb00000)]
  0x000001e258b3b030 JavaThread "Daemon health stats" [_thread_blocked, id=5308, stack(0x000000929fd00000,0x000000929fe00000)]
  0x000001e27f470db0 JavaThread "Incoming local TCP Connector on port 51215" [_thread_in_native, id=4312, stack(0x000000929fe00000,0x000000929ff00000)]
  0x000001e2581f8030 JavaThread "Daemon periodic checks" [_thread_blocked, id=3740, stack(0x000000929ff00000,0x00000092a0000000)]
  0x000001e27fa0d030 JavaThread "Daemon" [_thread_blocked, id=5760, stack(0x00000092a0000000,0x00000092a0100000)]
  0x000001e27f468b00 JavaThread "Handler for socket connection from /127.0.0.1:51215 to /127.0.0.1:51216" [_thread_in_native, id=6216, stack(0x00000092a0100000,0x00000092a0200000)]
  0x000001e27fa0dac0 JavaThread "Cancel handler" [_thread_blocked, id=3672, stack(0x00000092a0200000,0x00000092a0300000)]
  0x000001e27fa0dfd0 JavaThread "Daemon worker" [_thread_in_native, id=724, stack(0x00000092a0300000,0x00000092a0400000)]
  0x000001e27fa0e9f0 JavaThread "Asynchronous log dispatcher for DefaultDaemonConnection: socket connection from /127.0.0.1:51215 to /127.0.0.1:51216" [_thread_blocked, id=6328, stack(0x00000092a0400000,0x00000092a0500000)]
  0x000001e27fa0e4e0 JavaThread "Stdin handler" [_thread_blocked, id=432, stack(0x00000092a0500000,0x00000092a0600000)]
  0x000001e27fa0ef00 JavaThread "Daemon client event forwarder" [_thread_blocked, id=5980, stack(0x00000092a0600000,0x00000092a0700000)]
  0x000001e27fa0d5b0 JavaThread "Cache worker for journal cache (C:\Users\AL SHIDI\.gradle\caches\journal-1)" [_thread_blocked, id=3920, stack(0x00000092a0700000,0x00000092a0800000)]
  0x000001e27fac9fc0 JavaThread "File lock request listener" [_thread_in_native, id=5620, stack(0x00000092a0800000,0x00000092a0900000)]
  0x000001e27fac58e0 JavaThread "Cache worker for file hash cache (C:\Users\AL SHIDI\.gradle\caches\8.7\fileHashes)" [_thread_blocked, id=6576, stack(0x00000092a0900000,0x00000092a0a00000)]
  0x000001e27fac5df0 JavaThread "Cache worker for file hash cache (C:\Users\AL SHIDI\Desktop\APPs DevV01\Harvest Money\.gradle\8.7\fileHashes)" [_thread_blocked, id=3772, stack(0x00000092a0a00000,0x00000092a0b00000)]
  0x000001e27fac9ab0 JavaThread "jar transforms" [_thread_blocked, id=4056, stack(0x00000092a0b00000,0x00000092a0c00000)]
  0x000001e27fac4ec0 JavaThread "jar transforms Thread 2" [_thread_blocked, id=1060, stack(0x00000092a0c00000,0x00000092a0d00000)]
  0x000001e27fac7c50 JavaThread "Cache worker for checksums cache (C:\Users\AL SHIDI\Desktop\APPs DevV01\Harvest Money\.gradle\8.7\checksums)" [_thread_blocked, id=6028, stack(0x00000092a0d00000,0x00000092a0e00000)]
  0x000001e27fac53d0 JavaThread "Cache worker for cache directory md-supplier (C:\Users\AL SHIDI\.gradle\caches\8.7\md-supplier)" [_thread_blocked, id=6468, stack(0x00000092a0e00000,0x00000092a0f00000)]
  0x000001e27fac6300 JavaThread "Cache worker for cache directory md-rule (C:\Users\AL SHIDI\.gradle\caches\8.7\md-rule)" [_thread_blocked, id=5724, stack(0x00000092a0f00000,0x00000092a1000000)]
  0x000001e27fac3f90 JavaThread "Cache worker for file content cache (C:\Users\AL SHIDI\.gradle\caches\8.7\fileContent)" [_thread_blocked, id=5940, stack(0x00000092a1000000,0x00000092a1100000)]

Other Threads:
  0x000001e27ed53ce0 VMThread "VM Thread" [stack: 0x000000929ef00000,0x000000929f000000] [id=5156]
  0x000001e27efdde70 WatcherThread [stack: 0x000000929fb00000,0x000000929fc00000] [id=3688]
  0x000001e27266e870 GCTaskThread "GC Thread#0" [stack: 0x000000929ea00000,0x000000929eb00000] [id=6512]
  0x000001e27f0dce40 GCTaskThread "GC Thread#1" [stack: 0x000000929fc00000,0x000000929fd00000] [id=1272]
  0x000001e2746bd7a0 ConcurrentGCThread "G1 Main Marker" [stack: 0x000000929eb00000,0x000000929ec00000] [id=1808]
  0x000001e2746be0d0 ConcurrentGCThread "G1 Conc#0" [stack: 0x000000929ec00000,0x000000929ed00000] [id=3888]
  0x000001e2746ec2f0 ConcurrentGCThread "G1 Refine#0" [stack: 0x000000929ed00000,0x000000929ee00000] [id=564]
  0x000001e2746ecca0 ConcurrentGCThread "G1 Service" [stack: 0x000000929ee00000,0x000000929ef00000] [id=4200]

Threads with active compile tasks:
C2 CompilerThread0    47606 4487   !   4       jdk.internal.loader.URLClassPath$JarLoader::getResource (354 bytes)

VM state: not at safepoint (normal execution)

VM Mutex/Monitor currently owned by a thread: None

Heap address: 0x0000000080000000, size: 2048 MB, Compressed Oops mode: 32-bit

CDS archive(s) mapped at: [0x000001e213000000-0x000001e213bb0000-0x000001e213bb0000), size 12255232, SharedBaseAddress: 0x000001e213000000, ArchiveRelocationMode: 1.
Compressed class space mapped at: 0x000001e214000000-0x000001e254000000, reserved size: 1073741824
Narrow klass base: 0x000001e213000000, Narrow klass shift: 0, Narrow klass range: 0x100000000

GC Precious Log:
 CPUs: 2 total, 2 available
 Memory: 2905M
 Large Page Support: Disabled
 NUMA Support: Disabled
 Compressed Oops: Enabled (32-bit)
 Heap Region Size: 1M
 Heap Min Capacity: 8M
 Heap Initial Capacity: 46M
 Heap Max Capacity: 2G
 Pre-touch: Disabled
 Parallel Workers: 2
 Concurrent Workers: 1
 Concurrent Refinement Workers: 2
 Periodic GC: Disabled

Heap:
 garbage-first heap   total 68608K, used 40107K [0x0000000080000000, 0x0000000100000000)
  region size 1024K, 9 young (9216K), 2 survivors (2048K)
 Metaspace       used 37490K, committed 37952K, reserved 1114112K
  class space    used 5170K, committed 5376K, reserved 1048576K

Heap Regions: E=young(eden), S=young(survivor), O=old, HS=humongous(starts), HC=humongous(continues), CS=collection set, F=free, OA=open archive, CA=closed archive, TAMS=top-at-mark-start (previous, next)
|   0|0x0000000080000000, 0x0000000080100000, 0x0000000080100000|100%| O|  |TAMS 0x0000000080100000, 0x0000000080000000| Untracked 
|   1|0x0000000080100000, 0x0000000080200000, 0x0000000080200000|100%| O|  |TAMS 0x0000000080200000, 0x0000000080100000| Untracked 
|   2|0x0000000080200000, 0x0000000080300000, 0x0000000080300000|100%|HS|  |TAMS 0x0000000080300000, 0x0000000080200000| Complete 
|   3|0x0000000080300000, 0x0000000080400000, 0x0000000080400000|100%|HC|  |TAMS 0x0000000080400000, 0x0000000080300000| Complete 
|   4|0x0000000080400000, 0x0000000080500000, 0x0000000080500000|100%|HC|  |TAMS 0x0000000080500000, 0x0000000080400000| Complete 
|   5|0x0000000080500000, 0x0000000080600000, 0x0000000080600000|100%|HC|  |TAMS 0x0000000080600000, 0x0000000080500000| Complete 
|   6|0x0000000080600000, 0x0000000080700000, 0x0000000080700000|100%| O|  |TAMS 0x0000000080700000, 0x0000000080600000| Untracked 
|   7|0x0000000080700000, 0x0000000080800000, 0x0000000080800000|100%| O|  |TAMS 0x0000000080800000, 0x0000000080700000| Untracked 
|   8|0x0000000080800000, 0x0000000080900000, 0x0000000080900000|100%| O|  |TAMS 0x0000000080900000, 0x0000000080800000| Untracked 
|   9|0x0000000080900000, 0x0000000080a00000, 0x0000000080a00000|100%| O|  |TAMS 0x0000000080a00000, 0x0000000080900000| Untracked 
|  10|0x0000000080a00000, 0x0000000080b00000, 0x0000000080b00000|100%| O|  |TAMS 0x0000000080b00000, 0x0000000080a00000| Untracked 
|  11|0x0000000080b00000, 0x0000000080c00000, 0x0000000080c00000|100%| O|  |TAMS 0x0000000080c00000, 0x0000000080b00000| Untracked 
|  12|0x0000000080c00000, 0x0000000080d00000, 0x0000000080d00000|100%| O|  |TAMS 0x0000000080d00000, 0x0000000080c00000| Untracked 
|  13|0x0000000080d00000, 0x0000000080e00000, 0x0000000080e00000|100%| O|  |TAMS 0x0000000080e00000, 0x0000000080d00000| Untracked 
|  14|0x0000000080e00000, 0x0000000080f00000, 0x0000000080f00000|100%| O|  |TAMS 0x0000000080f00000, 0x0000000080e00000| Untracked 
|  15|0x0000000080f00000, 0x0000000081000000, 0x0000000081000000|100%| O|  |TAMS 0x0000000081000000, 0x0000000080f00000| Untracked 
|  16|0x0000000081000000, 0x0000000081100000, 0x0000000081100000|100%| O|  |TAMS 0x0000000081100000, 0x0000000081000000| Untracked 
|  17|0x0000000081100000, 0x0000000081200000, 0x0000000081200000|100%| O|  |TAMS 0x0000000081200000, 0x0000000081100000| Untracked 
|  18|0x0000000081200000, 0x0000000081300000, 0x0000000081300000|100%| O|  |TAMS 0x0000000081300000, 0x0000000081200000| Untracked 
|  19|0x0000000081300000, 0x0000000081400000, 0x0000000081400000|100%| O|  |TAMS 0x0000000081400000, 0x0000000081300000| Untracked 
|  20|0x0000000081400000, 0x0000000081500000, 0x0000000081500000|100%| O|  |TAMS 0x0000000081500000, 0x0000000081400000| Untracked 
|  21|0x0000000081500000, 0x0000000081600000, 0x0000000081600000|100%| O|  |TAMS 0x0000000081600000, 0x0000000081500000| Untracked 
|  22|0x0000000081600000, 0x0000000081700000, 0x0000000081700000|100%| O|  |TAMS 0x0000000081700000, 0x0000000081600000| Untracked 
|  23|0x0000000081700000, 0x0000000081800000, 0x0000000081800000|100%| O|  |TAMS 0x0000000081800000, 0x0000000081700000| Untracked 
|  24|0x0000000081800000, 0x0000000081900000, 0x0000000081900000|100%| O|  |TAMS 0x0000000081900000, 0x0000000081800000| Untracked 
|  25|0x0000000081900000, 0x0000000081a00000, 0x0000000081a00000|100%| O|  |TAMS 0x0000000081a00000, 0x0000000081900000| Untracked 
|  26|0x0000000081a00000, 0x0000000081b00000, 0x0000000081b00000|100%| O|  |TAMS 0x0000000081b00000, 0x0000000081a00000| Untracked 
|  27|0x0000000081b00000, 0x0000000081c00000, 0x0000000081c00000|100%| O|  |TAMS 0x0000000081c00000, 0x0000000081b00000| Untracked 
|  28|0x0000000081c00000, 0x0000000081d00000, 0x0000000081d00000|100%| O|  |TAMS 0x0000000081d00000, 0x0000000081c00000| Untracked 
|  29|0x0000000081d00000, 0x0000000081e00000, 0x0000000081e00000|100%| O|  |TAMS 0x0000000081e00000, 0x0000000081d00000| Untracked 
|  30|0x0000000081e00000, 0x0000000081f00000, 0x0000000081f00000|100%| O|  |TAMS 0x0000000081f00000, 0x0000000081e00000| Untracked 
|  31|0x0000000081f00000, 0x0000000082000000, 0x0000000082000000|100%| O|  |TAMS 0x0000000081f42e00, 0x0000000081f00000| Untracked 
|  32|0x0000000082000000, 0x0000000082000000, 0x0000000082100000|  0%| F|  |TAMS 0x0000000082000000, 0x0000000082000000| Untracked 
|  33|0x0000000082100000, 0x0000000082100000, 0x0000000082200000|  0%| F|  |TAMS 0x0000000082100000, 0x0000000082100000| Untracked 
|  34|0x0000000082200000, 0x0000000082200000, 0x0000000082300000|  0%| F|  |TAMS 0x0000000082200000, 0x0000000082200000| Untracked 
|  35|0x0000000082300000, 0x0000000082300000, 0x0000000082400000|  0%| F|  |TAMS 0x0000000082300000, 0x0000000082300000| Untracked 
|  36|0x0000000082400000, 0x0000000082400000, 0x0000000082500000|  0%| F|  |TAMS 0x0000000082400000, 0x0000000082400000| Untracked 
|  37|0x0000000082500000, 0x000000008253d200, 0x0000000082600000| 23%| O|  |TAMS 0x0000000082500000, 0x0000000082500000| Untracked 
|  38|0x0000000082600000, 0x0000000082600000, 0x0000000082700000|  0%| F|  |TAMS 0x0000000082600000, 0x0000000082600000| Untracked 
|  39|0x0000000082700000, 0x0000000082700000, 0x0000000082800000|  0%| F|  |TAMS 0x0000000082700000, 0x0000000082700000| Untracked 
|  40|0x0000000082800000, 0x0000000082800000, 0x0000000082900000|  0%| F|  |TAMS 0x0000000082800000, 0x0000000082800000| Untracked 
|  41|0x0000000082900000, 0x0000000082900000, 0x0000000082a00000|  0%| F|  |TAMS 0x0000000082900000, 0x0000000082900000| Untracked 
|  42|0x0000000082a00000, 0x0000000082a00000, 0x0000000082b00000|  0%| F|  |TAMS 0x0000000082a00000, 0x0000000082a00000| Untracked 
|  43|0x0000000082b00000, 0x0000000082b00000, 0x0000000082c00000|  0%| F|  |TAMS 0x0000000082b00000, 0x0000000082b00000| Untracked 
|  44|0x0000000082c00000, 0x0000000082c00000, 0x0000000082d00000|  0%| F|  |TAMS 0x0000000082c00000, 0x0000000082c00000| Untracked 
|  45|0x0000000082d00000, 0x0000000082d00000, 0x0000000082e00000|  0%| F|  |TAMS 0x0000000082d00000, 0x0000000082d00000| Untracked 
|  46|0x0000000082e00000, 0x0000000082e00000, 0x0000000082f00000|  0%| F|  |TAMS 0x0000000082e00000, 0x0000000082e00000| Untracked 
|  47|0x0000000082f00000, 0x0000000082f00000, 0x0000000083000000|  0%| F|  |TAMS 0x0000000082f00000, 0x0000000082f00000| Untracked 
|  48|0x0000000083000000, 0x0000000083000000, 0x0000000083100000|  0%| F|  |TAMS 0x0000000083000000, 0x0000000083000000| Untracked 
|  49|0x0000000083100000, 0x0000000083100000, 0x0000000083200000|  0%| F|  |TAMS 0x0000000083100000, 0x0000000083100000| Untracked 
|  50|0x0000000083200000, 0x0000000083200000, 0x0000000083300000|  0%| F|  |TAMS 0x0000000083200000, 0x0000000083200000| Untracked 
|  51|0x0000000083300000, 0x0000000083300000, 0x0000000083400000|  0%| F|  |TAMS 0x0000000083300000, 0x0000000083300000| Untracked 
|  52|0x0000000083400000, 0x0000000083400000, 0x0000000083500000|  0%| F|  |TAMS 0x0000000083400000, 0x0000000083400000| Untracked 
|  53|0x0000000083500000, 0x00000000835edb88, 0x0000000083600000| 92%| S|CS|TAMS 0x0000000083500000, 0x0000000083500000| Complete 
|  54|0x0000000083600000, 0x0000000083700000, 0x0000000083700000|100%| S|CS|TAMS 0x0000000083600000, 0x0000000083600000| Complete 
|  55|0x0000000083700000, 0x0000000083700000, 0x0000000083800000|  0%| F|  |TAMS 0x0000000083700000, 0x0000000083700000| Untracked 
|  56|0x0000000083800000, 0x0000000083800000, 0x0000000083900000|  0%| F|  |TAMS 0x0000000083800000, 0x0000000083800000| Untracked 
|  57|0x0000000083900000, 0x0000000083900000, 0x0000000083a00000|  0%| F|  |TAMS 0x0000000083900000, 0x0000000083900000| Untracked 
|  58|0x0000000083a00000, 0x0000000083a00000, 0x0000000083b00000|  0%| F|  |TAMS 0x0000000083a00000, 0x0000000083a00000| Untracked 
|  59|0x0000000083b00000, 0x0000000083b00000, 0x0000000083c00000|  0%| F|  |TAMS 0x0000000083b00000, 0x0000000083b00000| Untracked 
|  60|0x0000000083c00000, 0x0000000083cb71b0, 0x0000000083d00000| 71%| E|  |TAMS 0x0000000083c00000, 0x0000000083c00000| Complete 
|  61|0x0000000083d00000, 0x0000000083e00000, 0x0000000083e00000|100%| E|CS|TAMS 0x0000000083d00000, 0x0000000083d00000| Complete 
|  62|0x0000000083e00000, 0x0000000083f00000, 0x0000000083f00000|100%| E|CS|TAMS 0x0000000083e00000, 0x0000000083e00000| Complete 
|  63|0x0000000083f00000, 0x0000000084000000, 0x0000000084000000|100%| E|CS|TAMS 0x0000000083f00000, 0x0000000083f00000| Complete 
|  64|0x0000000084000000, 0x0000000084100000, 0x0000000084100000|100%| E|CS|TAMS 0x0000000084000000, 0x0000000084000000| Complete 
|  65|0x0000000084100000, 0x0000000084200000, 0x0000000084200000|100%| E|CS|TAMS 0x0000000084100000, 0x0000000084100000| Complete 
|  66|0x0000000084200000, 0x0000000084300000, 0x0000000084300000|100%| E|  |TAMS 0x0000000084200000, 0x0000000084200000| Complete 

Card table byte_map: [0x000001e27c190000,0x000001e27c590000] _byte_map_base: 0x000001e27bd90000

Marking Bits (Prev, Next): (CMBitMap*) 0x000001e2746ad0f0, (CMBitMap*) 0x000001e2746ad0b0
 Prev Bits: [0x000001e20f000000, 0x000001e211000000)
 Next Bits: [0x000001e27c990000, 0x000001e27e990000)

Polling page: 0x000001e272530000

Metaspace:

Usage:
  Non-class:     31.56 MB used.
      Class:      5.05 MB used.
       Both:     36.61 MB used.

Virtual space:
  Non-class space:       64.00 MB reserved,      31.81 MB ( 50%) committed,  1 nodes.
      Class space:        1.00 GB reserved,       5.25 MB ( <1%) committed,  1 nodes.
             Both:        1.06 GB reserved,      37.06 MB (  3%) committed. 

Chunk freelists:
   Non-Class:  15.92 MB
       Class:  10.75 MB
        Both:  26.67 MB

MaxMetaspaceSize: unlimited
CompressedClassSpaceSize: 1.00 GB
Initial GC threshold: 21.00 MB
Current GC threshold: 58.38 MB
CDS: on
MetaspaceReclaimPolicy: balanced
 - commit_granule_bytes: 65536.
 - commit_granule_words: 8192.
 - virtual_space_node_default_size: 8388608.
 - enlarge_chunks_in_place: 1.
 - new_chunks_are_fully_committed: 0.
 - uncommit_free_chunks: 1.
 - use_allocation_guard: 0.
 - handle_deallocations: 1.


Internal statistics:

num_allocs_failed_limit: 0.
num_arena_births: 554.
num_arena_deaths: 0.
num_vsnodes_births: 2.
num_vsnodes_deaths: 0.
num_space_committed: 593.
num_space_uncommitted: 0.
num_chunks_returned_to_freelist: 0.
num_chunks_taken_from_freelist: 1944.
num_chunk_merges: 0.
num_chunk_splits: 1259.
num_chunks_enlarged: 844.
num_inconsistent_stats: 0.

CodeHeap 'non-profiled nmethods': size=120064Kb used=2743Kb max_used=2743Kb free=117320Kb
 bounds [0x000001e207ac0000, 0x000001e207d70000, 0x000001e20f000000]
CodeHeap 'profiled nmethods': size=120000Kb used=9418Kb max_used=9418Kb free=110581Kb
 bounds [0x000001e200000000, 0x000001e200940000, 0x000001e207530000]
CodeHeap 'non-nmethods': size=5696Kb used=2290Kb max_used=2330Kb free=3405Kb
 bounds [0x000001e207530000, 0x000001e2077a0000, 0x000001e207ac0000]
 total_blobs=5283 nmethods=4482 adapters=714
 compilation: enabled
              stopped_count=0, restarted_count=0
 full_count=0

Compilation events (20 events):
Event: 46.567 Thread 0x000001e27ed74570 4476       3       java.lang.invoke.DirectMethodHandle::afIndex (20 bytes)
Event: 46.567 Thread 0x000001e27ed74570 nmethod 4476 0x000001e20092c590 code [0x000001e20092c720, 0x000001e20092c878]
Event: 46.580 Thread 0x000001e27ed74570 4479   !   3       java.lang.invoke.ClassSpecializer$Factory::findGetter (41 bytes)
Event: 46.581 Thread 0x000001e27ed74570 nmethod 4479 0x000001e20092c910 code [0x000001e20092cb00, 0x000001e20092d038]
Event: 46.582 Thread 0x000001e27ed74570 4480       3       java.lang.invoke.MethodHandles$Lookup::getDirectField (12 bytes)
Event: 46.582 Thread 0x000001e27ed74570 nmethod 4480 0x000001e20092d210 code [0x000001e20092d3a0, 0x000001e20092d4e8]
Event: 46.582 Thread 0x000001e27ed74570 4481       3       java.lang.invoke.MemberName::isVolatile (8 bytes)
Event: 46.583 Thread 0x000001e27ed74570 nmethod 4481 0x000001e20092d590 code [0x000001e20092d720, 0x000001e20092d8d8]
Event: 46.583 Thread 0x000001e27ed74570 4482       3       java.lang.invoke.DirectMethodHandle::preparedFieldLambdaForm (48 bytes)
Event: 46.584 Thread 0x000001e27ed74570 nmethod 4482 0x000001e20092d990 code [0x000001e20092db80, 0x000001e20092e128]
Event: 46.585 Thread 0x000001e27ed74570 4483       3       java.lang.invoke.LambdaFormBuffer::insertName (106 bytes)
Event: 46.586 Thread 0x000001e27ed74570 nmethod 4483 0x000001e20092e390 code [0x000001e20092e540, 0x000001e20092e758]
Event: 46.596 Thread 0x000001e27ed74570 4485       3       kotlin.jvm.internal.Intrinsics::checkNotNullParameter (9 bytes)
Event: 46.597 Thread 0x000001e27ed74570 nmethod 4485 0x000001e20092e810 code [0x000001e20092ea00, 0x000001e20092ee38]
Event: 46.611 Thread 0x000001e27ed74570 4486   !   2       sun.nio.fs.WindowsPath::initOffsets (153 bytes)
Event: 46.614 Thread 0x000001e27ed74570 nmethod 4486 0x000001e20092f010 code [0x000001e20092f280, 0x000001e20092ffd8]
Event: 47.292 Thread 0x000001e27ed70b90 nmethod 4452 0x000001e207d5fc10 code [0x000001e207d60bc0, 0x000001e207d68640]
Event: 47.292 Thread 0x000001e27ed70b90 4460       4       jdk.internal.org.objectweb.asm.Frame::getAbstractTypeFromDescriptor (415 bytes)
Event: 47.318 Thread 0x000001e27ed70b90 nmethod 4460 0x000001e207d6cb10 code [0x000001e207d6cd20, 0x000001e207d6d680]
Event: 47.318 Thread 0x000001e27ed70b90 4487   !   4       jdk.internal.loader.URLClassPath$JarLoader::getResource (354 bytes)

GC Heap History (20 events):
Event: 32.007 GC heap before
{Heap before GC invocations=17 (full 0):
 garbage-first heap   total 48128K, used 35505K [0x0000000080000000, 0x0000000100000000)
  region size 1024K, 9 young (9216K), 1 survivors (1024K)
 Metaspace       used 24776K, committed 25152K, reserved 1114112K
  class space    used 3607K, committed 3776K, reserved 1048576K
}
Event: 32.014 GC heap after
{Heap after GC invocations=18 (full 0):
 garbage-first heap   total 48128K, used 27543K [0x0000000080000000, 0x0000000100000000)
  region size 1024K, 1 young (1024K), 1 survivors (1024K)
 Metaspace       used 24776K, committed 25152K, reserved 1114112K
  class space    used 3607K, committed 3776K, reserved 1048576K
}
Event: 33.014 GC heap before
{Heap before GC invocations=18 (full 0):
 garbage-first heap   total 48128K, used 37783K [0x0000000080000000, 0x0000000100000000)
  region size 1024K, 11 young (11264K), 1 survivors (1024K)
 Metaspace       used 25957K, committed 26304K, reserved 1114112K
  class space    used 3792K, committed 3968K, reserved 1048576K
}
Event: 33.024 GC heap after
{Heap after GC invocations=19 (full 0):
 garbage-first heap   total 48128K, used 27974K [0x0000000080000000, 0x0000000100000000)
  region size 1024K, 2 young (2048K), 2 survivors (2048K)
 Metaspace       used 25957K, committed 26304K, reserved 1114112K
  class space    used 3792K, committed 3968K, reserved 1048576K
}
Event: 35.054 GC heap before
{Heap before GC invocations=20 (full 0):
 garbage-first heap   total 50176K, used 37190K [0x0000000080000000, 0x0000000100000000)
  region size 1024K, 12 young (12288K), 2 survivors (2048K)
 Metaspace       used 27144K, committed 27520K, reserved 1114112K
  class space    used 3977K, committed 4160K, reserved 1048576K
}
Event: 35.062 GC heap after
{Heap after GC invocations=21 (full 0):
 garbage-first heap   total 50176K, used 28400K [0x0000000080000000, 0x0000000100000000)
  region size 1024K, 2 young (2048K), 2 survivors (2048K)
 Metaspace       used 27144K, committed 27520K, reserved 1114112K
  class space    used 3977K, committed 4160K, reserved 1048576K
}
Event: 36.457 GC heap before
{Heap before GC invocations=21 (full 0):
 garbage-first heap   total 50176K, used 38640K [0x0000000080000000, 0x0000000100000000)
  region size 1024K, 13 young (13312K), 2 survivors (2048K)
 Metaspace       used 28906K, committed 29248K, reserved 1114112K
  class space    used 4256K, committed 4416K, reserved 1048576K
}
Event: 36.470 GC heap after
{Heap after GC invocations=22 (full 0):
 garbage-first heap   total 50176K, used 28992K [0x0000000080000000, 0x0000000100000000)
  region size 1024K, 2 young (2048K), 2 survivors (2048K)
 Metaspace       used 28906K, committed 29248K, reserved 1114112K
  class space    used 4256K, committed 4416K, reserved 1048576K
}
Event: 39.222 GC heap before
{Heap before GC invocations=23 (full 0):
 garbage-first heap   total 51200K, used 39232K [0x0000000080000000, 0x0000000100000000)
  region size 1024K, 13 young (13312K), 2 survivors (2048K)
 Metaspace       used 30689K, committed 31104K, reserved 1114112K
  class space    used 4467K, committed 4672K, reserved 1048576K
}
Event: 39.235 GC heap after
{Heap after GC invocations=24 (full 0):
 garbage-first heap   total 51200K, used 30036K [0x0000000080000000, 0x0000000100000000)
  region size 1024K, 2 young (2048K), 2 survivors (2048K)
 Metaspace       used 30689K, committed 31104K, reserved 1114112K
  class space    used 4467K, committed 4672K, reserved 1048576K
}
Event: 40.889 GC heap before
{Heap before GC invocations=24 (full 0):
 garbage-first heap   total 51200K, used 40276K [0x0000000080000000, 0x0000000100000000)
  region size 1024K, 13 young (13312K), 2 survivors (2048K)
 Metaspace       used 33510K, committed 33920K, reserved 1114112K
  class space    used 4791K, committed 4992K, reserved 1048576K
}
Event: 40.904 GC heap after
{Heap after GC invocations=25 (full 0):
 garbage-first heap   total 51200K, used 31905K [0x0000000080000000, 0x0000000100000000)
  region size 1024K, 2 young (2048K), 2 survivors (2048K)
 Metaspace       used 33510K, committed 33920K, reserved 1114112K
  class space    used 4791K, committed 4992K, reserved 1048576K
}
Event: 42.048 GC heap before
{Heap before GC invocations=26 (full 0):
 garbage-first heap   total 56320K, used 41121K [0x0000000080000000, 0x0000000100000000)
  region size 1024K, 11 young (11264K), 2 survivors (2048K)
 Metaspace       used 34444K, committed 34880K, reserved 1114112K
  class space    used 4859K, committed 5056K, reserved 1048576K
}
Event: 42.057 GC heap after
{Heap after GC invocations=27 (full 0):
 garbage-first heap   total 56320K, used 32828K [0x0000000080000000, 0x0000000100000000)
  region size 1024K, 2 young (2048K), 2 survivors (2048K)
 Metaspace       used 34444K, committed 34880K, reserved 1114112K
  class space    used 4859K, committed 5056K, reserved 1048576K
}
Event: 42.697 GC heap before
{Heap before GC invocations=27 (full 0):
 garbage-first heap   total 56320K, used 44092K [0x0000000080000000, 0x0000000100000000)
  region size 1024K, 13 young (13312K), 2 survivors (2048K)
 Metaspace       used 34486K, committed 34880K, reserved 1114112K
  class space    used 4861K, committed 5056K, reserved 1048576K
}
Event: 42.704 GC heap after
{Heap after GC invocations=28 (full 0):
 garbage-first heap   total 56320K, used 33035K [0x0000000080000000, 0x0000000100000000)
  region size 1024K, 1 young (1024K), 1 survivors (1024K)
 Metaspace       used 34486K, committed 34880K, reserved 1114112K
  class space    used 4861K, committed 5056K, reserved 1048576K
}
Event: 43.222 GC heap before
{Heap before GC invocations=29 (full 0):
 garbage-first heap   total 58368K, used 37131K [0x0000000080000000, 0x0000000100000000)
  region size 1024K, 7 young (7168K), 1 survivors (1024K)
 Metaspace       used 34763K, committed 35200K, reserved 1114112K
  class space    used 4895K, committed 5120K, reserved 1048576K
}
Event: 43.231 GC heap after
{Heap after GC invocations=30 (full 0):
 garbage-first heap   total 58368K, used 33996K [0x0000000080000000, 0x0000000100000000)
  region size 1024K, 2 young (2048K), 2 survivors (2048K)
 Metaspace       used 34763K, committed 35200K, reserved 1114112K
  class space    used 4895K, committed 5120K, reserved 1048576K
}
Event: 45.767 GC heap before
{Heap before GC invocations=31 (full 0):
 garbage-first heap   total 68608K, used 51404K [0x0000000080000000, 0x0000000100000000)
  region size 1024K, 14 young (14336K), 2 survivors (2048K)
 Metaspace       used 36727K, committed 37184K, reserved 1114112K
  class space    used 5052K, committed 5248K, reserved 1048576K
}
Event: 45.780 GC heap after
{Heap after GC invocations=32 (full 0):
 garbage-first heap   total 68608K, used 34987K [0x0000000080000000, 0x0000000100000000)
  region size 1024K, 2 young (2048K), 2 survivors (2048K)
 Metaspace       used 36727K, committed 37184K, reserved 1114112K
  class space    used 5052K, committed 5248K, reserved 1048576K
}

Dll operation events (16 events):
Event: 0.034 Loaded shared library C:\Program Files\Eclipse Adoptium\jdk-17.0.14.7-hotspot\bin\java.dll
Event: 0.093 Loaded shared library C:\Program Files\Eclipse Adoptium\jdk-17.0.14.7-hotspot\bin\jsvml.dll
Event: 0.482 Loaded shared library C:\Program Files\Eclipse Adoptium\jdk-17.0.14.7-hotspot\bin\zip.dll
Event: 0.496 Loaded shared library C:\Program Files\Eclipse Adoptium\jdk-17.0.14.7-hotspot\bin\instrument.dll
Event: 0.526 Loaded shared library C:\Program Files\Eclipse Adoptium\jdk-17.0.14.7-hotspot\bin\net.dll
Event: 0.531 Loaded shared library C:\Program Files\Eclipse Adoptium\jdk-17.0.14.7-hotspot\bin\nio.dll
Event: 0.547 Loaded shared library C:\Program Files\Eclipse Adoptium\jdk-17.0.14.7-hotspot\bin\zip.dll
Event: 2.158 Loaded shared library C:\Program Files\Eclipse Adoptium\jdk-17.0.14.7-hotspot\bin\jimage.dll
Event: 2.742 Loaded shared library C:\Program Files\Eclipse Adoptium\jdk-17.0.14.7-hotspot\bin\verify.dll
Event: 4.042 Loaded shared library C:\Users\AL SHIDI\.gradle\native\c067742578af261105cb4f569cf0c3c89f3d7b1fecec35dd04571415982c5e48\windows-amd64\native-platform.dll
Event: 4.074 Loading shared library C:\Users\AL SHIDI\.gradle\native\38dada09dfb8b06ba9b0570ebf7e218e3eb74d4ef43ca46872605cf95ebc2f47\windows-amd64\native-platform-file-events.dll failed, error code 127
Event: 4.092 Loading shared library C:\Users\AL SHIDI\.gradle\native\38dada09dfb8b06ba9b0570ebf7e218e3eb74d4ef43ca46872605cf95ebc2f47\windows-amd64-min\native-platform-file-events.dll failed, error code 127
Event: 11.064 Loaded shared library C:\Program Files\Eclipse Adoptium\jdk-17.0.14.7-hotspot\bin\management.dll
Event: 11.075 Loaded shared library C:\Program Files\Eclipse Adoptium\jdk-17.0.14.7-hotspot\bin\management_ext.dll
Event: 12.019 Loaded shared library C:\Program Files\Eclipse Adoptium\jdk-17.0.14.7-hotspot\bin\extnet.dll
Event: 12.997 Loaded shared library C:\Program Files\Eclipse Adoptium\jdk-17.0.14.7-hotspot\bin\sunmscapi.dll

Deoptimization events (20 events):
Event: 44.133 Thread 0x000001e27fa0dfd0 DEOPT PACKING pc=0x000001e2003a4738 sp=0x00000092a03f9f30
Event: 44.133 Thread 0x000001e27fa0dfd0 DEOPT UNPACKING pc=0x000001e207587124 sp=0x00000092a03f9438 mode 0
Event: 44.638 Thread 0x000001e27fa0dfd0 DEOPT PACKING pc=0x000001e200613a4c sp=0x00000092a03f8fd0
Event: 44.638 Thread 0x000001e27fa0dfd0 DEOPT UNPACKING pc=0x000001e207587124 sp=0x00000092a03f8468 mode 0
Event: 45.463 Thread 0x000001e27fa0dfd0 Uncommon trap: trap_request=0xffffffcc fr.pc=0x000001e207d45464 relative=0x0000000000001244
Event: 45.463 Thread 0x000001e27fa0dfd0 Uncommon trap: reason=intrinsic_or_type_checked_inlining action=make_not_entrant pc=0x000001e207d45464 method=java.util.ArrayList.toArray([Ljava/lang/Object;)[Ljava/lang/Object; @ 36 c2
Event: 45.463 Thread 0x000001e27fa0dfd0 DEOPT PACKING pc=0x000001e207d45464 sp=0x00000092a03f9e60
Event: 45.464 Thread 0x000001e27fa0dfd0 DEOPT UNPACKING pc=0x000001e20758699d sp=0x00000092a03f9db0 mode 2
Event: 45.517 Thread 0x000001e27fa0dfd0 Uncommon trap: trap_request=0xffffffde fr.pc=0x000001e207c40c28 relative=0x0000000000000b48
Event: 45.517 Thread 0x000001e27fa0dfd0 Uncommon trap: reason=class_check action=maybe_recompile pc=0x000001e207c40c28 method=java.util.Collections$SetFromMap.remove(Ljava/lang/Object;)Z @ 5 c2
Event: 45.518 Thread 0x000001e27fa0dfd0 DEOPT PACKING pc=0x000001e207c40c28 sp=0x00000092a03fac00
Event: 45.518 Thread 0x000001e27fa0dfd0 DEOPT UNPACKING pc=0x000001e20758699d sp=0x00000092a03fabf8 mode 2
Event: 45.652 Thread 0x000001e27fa0dfd0 Uncommon trap: trap_request=0xffffffde fr.pc=0x000001e207d12600 relative=0x0000000000000060
Event: 45.652 Thread 0x000001e27fa0dfd0 Uncommon trap: reason=class_check action=maybe_recompile pc=0x000001e207d12600 method=java.util.stream.StreamOpFlag.fromCharacteristics(Ljava/util/Spliterator;)I @ 14 c2
Event: 45.652 Thread 0x000001e27fa0dfd0 DEOPT PACKING pc=0x000001e207d12600 sp=0x00000092a03f99a0
Event: 45.652 Thread 0x000001e27fa0dfd0 DEOPT UNPACKING pc=0x000001e20758699d sp=0x00000092a03f9938 mode 2
Event: 46.084 Thread 0x000001e27fa0dfd0 Uncommon trap: trap_request=0xffffffcc fr.pc=0x000001e207d56ac4 relative=0x00000000000002a4
Event: 46.084 Thread 0x000001e27fa0dfd0 Uncommon trap: reason=intrinsic_or_type_checked_inlining action=make_not_entrant pc=0x000001e207d56ac4 method=java.util.Arrays.copyOf([Ljava/lang/Object;ILjava/lang/Class;)[Ljava/lang/Object; @ 35 c2
Event: 46.084 Thread 0x000001e27fa0dfd0 DEOPT PACKING pc=0x000001e207d56ac4 sp=0x00000092a03f9650
Event: 46.084 Thread 0x000001e27fa0dfd0 DEOPT UNPACKING pc=0x000001e20758699d sp=0x00000092a03f95e0 mode 2

Classes loaded (20 events):
Event: 46.079 Loading class java/lang/invoke/BoundMethodHandle$Species_LLLLLLLLLLLLLL
Event: 46.079 Loading class java/lang/invoke/BoundMethodHandle$Species_LLLLLLLLLLLLLL done
Event: 46.117 Loading class java/lang/invoke/BoundMethodHandle$Species_LLLLLLLLLLLLLLL
Event: 46.117 Loading class java/lang/invoke/BoundMethodHandle$Species_LLLLLLLLLLLLLLL done
Event: 46.133 Loading class java/lang/invoke/BoundMethodHandle$Species_LLLLLLLLLLLLLLLL
Event: 46.133 Loading class java/lang/invoke/BoundMethodHandle$Species_LLLLLLLLLLLLLLLL done
Event: 46.152 Loading class java/lang/invoke/BoundMethodHandle$Species_LLLLLLLLLLLLLLLLL
Event: 46.152 Loading class java/lang/invoke/BoundMethodHandle$Species_LLLLLLLLLLLLLLLLL done
Event: 46.295 Loading class java/lang/invoke/BoundMethodHandle$Species_LLLLLLLLLLLLLLLLLL
Event: 46.295 Loading class java/lang/invoke/BoundMethodHandle$Species_LLLLLLLLLLLLLLLLLL done
Event: 46.384 Loading class java/lang/invoke/BoundMethodHandle$Species_LLLLLLLLLLLLLLLLLLL
Event: 46.384 Loading class java/lang/invoke/BoundMethodHandle$Species_LLLLLLLLLLLLLLLLLLL done
Event: 46.446 Loading class java/lang/invoke/BoundMethodHandle$Species_LLLLLLLLLLLLLLLLLLLL
Event: 46.446 Loading class java/lang/invoke/BoundMethodHandle$Species_LLLLLLLLLLLLLLLLLLLL done
Event: 46.461 Loading class java/lang/invoke/BoundMethodHandle$Species_LLLLLLLLLLLLLLLLLLLLL
Event: 46.461 Loading class java/lang/invoke/BoundMethodHandle$Species_LLLLLLLLLLLLLLLLLLLLL done
Event: 46.468 Loading class java/lang/invoke/BoundMethodHandle$Species_LLLLLLLLLLLLLLLLLLLLLL
Event: 46.468 Loading class java/lang/invoke/BoundMethodHandle$Species_LLLLLLLLLLLLLLLLLLLLLL done
Event: 46.569 Loading class java/lang/invoke/BoundMethodHandle$Species_LLLLLLLLLLLLLLLLLLLLLLL
Event: 46.569 Loading class java/lang/invoke/BoundMethodHandle$Species_LLLLLLLLLLLLLLLLLLLLLLL done

Classes unloaded (0 events):
No events

Classes redefined (0 events):
No events

Internal exceptions (20 events):
Event: 45.818 Thread 0x000001e27fa0dfd0 Exception <a 'sun/nio/fs/WindowsException'{0x000000008423f0e8}> (0x000000008423f0e8) 
thrown [s\src\hotspot\share\prims\jni.cpp, line 516]
Event: 45.826 Thread 0x000001e27fa0dfd0 Exception <a 'sun/nio/fs/WindowsException'{0x0000000084240860}> (0x0000000084240860) 
thrown [s\src\hotspot\share\prims\jni.cpp, line 516]
Event: 45.830 Thread 0x000001e27fa0dfd0 Exception <a 'sun/nio/fs/WindowsException'{0x0000000084242000}> (0x0000000084242000) 
thrown [s\src\hotspot\share\prims\jni.cpp, line 516]
Event: 45.920 Thread 0x000001e27fa0dfd0 Exception <a 'java/lang/NoSuchMethodError'{0x000000008411f018}: 'java.lang.Object java.lang.invoke.Invokers$Holder.invoker(java.lang.Object, java.lang.Object, java.lang.Object, java.lang.Object, java.lang.Object, java.lang.Object)'> (0x000000008411f018) 
thrown [s\src\hotspot\share\interpreter\linkResolver.cpp, line 759]
Event: 45.977 Thread 0x000001e27fa0dfd0 Exception <a 'java/lang/NoSuchMethodError'{0x00000000841a27c0}: 'java.lang.Object java.lang.invoke.Invokers$Holder.invoker(java.lang.Object, java.lang.Object, java.lang.Object, java.lang.Object)'> (0x00000000841a27c0) 
thrown [s\src\hotspot\share\interpreter\linkResolver.cpp, line 759]
Event: 46.026 Thread 0x000001e27fa0dfd0 Exception <a 'java/lang/NoSuchMethodError'{0x0000000084013748}: 'java.lang.Object java.lang.invoke.Invokers$Holder.invoker(java.lang.Object, java.lang.Object, java.lang.Object, java.lang.Object, java.lang.Object)'> (0x0000000084013748) 
thrown [s\src\hotspot\share\interpreter\linkResolver.cpp, line 759]
Event: 46.036 Thread 0x000001e27fa0dfd0 Exception <a 'java/lang/NoSuchMethodError'{0x0000000084030b18}: 'java.lang.Object java.lang.invoke.DirectMethodHandle$Holder.invokeSpecial(java.lang.Object, java.lang.Object, java.lang.Object, java.lang.Object, java.lang.Object, java.lang.Object, java.lang.Object, java.lang.Object, java.lang.Object, java.lang.Object, java.lang.Object, java.lang.Object, java.lang.Object, java.lang.Object, java.lang.Object, java.lang.Object, java.lang.Object, java.lang.Object, java.lang.Object, java.lang.Object, java.lang.Ob
Event: 46.037 Thread 0x000001e27fa0dfd0 Exception <a 'java/lang/NoSuchMethodError'{0x0000000084036c28}: 'java.lang.Object java.lang.invoke.DelegatingMethodHandle$Holder.reinvoke_L(java.lang.Object, java.lang.Object, java.lang.Object, java.lang.Object, java.lang.Object, java.lang.Object, java.lang.Object, java.lang.Object, java.lang.Object, java.lang.Object, java.lang.Object, java.lang.Object, java.lang.Object, java.lang.Object, java.lang.Object, java.lang.Object, java.lang.Object, java.lang.Object, java.lang.Object, java.lang.Object, java.lang.O
Event: 46.044 Thread 0x000001e27fa0dfd0 Exception <a 'java/lang/NoSuchMethodError'{0x0000000084042b58}: 'java.lang.Object java.lang.invoke.Invokers$Holder.invoker(java.lang.Object, java.lang.Object, java.lang.Object, java.lang.Object, java.lang.Object, java.lang.Object, java.lang.Object, java.lang.Object, java.lang.Object, java.lang.Object, java.lang.Object, java.lang.Object, java.lang.Object, java.lang.Object, java.lang.Object, java.lang.Object, java.lang.Object, java.lang.Object, java.lang.Object, java.lang.Object, java.lang.Object, java.lang.
Event: 46.046 Thread 0x000001e27fa0dfd0 Exception <a 'java/lang/NoSuchMethodError'{0x0000000084049930}: 'java.lang.Object java.lang.invoke.DelegatingMethodHandle$Holder.delegate(java.lang.Object, java.lang.Object, java.lang.Object, java.lang.Object, java.lang.Object, java.lang.Object, java.lang.Object, java.lang.Object, java.lang.Object, java.lang.Object, java.lang.Object, java.lang.Object, java.lang.Object, java.lang.Object, java.lang.Object, java.lang.Object, java.lang.Object, java.lang.Object, java.lang.Object, java.lang.Object, java.lang.Obj
Event: 46.099 Thread 0x000001e27fa0dfd0 Exception <a 'java/lang/NoSuchMethodError'{0x00000000840c5018}: 'java.lang.Object java.lang.invoke.DirectMethodHandle$Holder.invokeStatic(java.lang.Object, java.lang.Object, java.lang.Object, java.lang.Object, java.lang.Object, java.lang.Object, java.lang.Object, java.lang.Object, java.lang.Object, java.lang.Object, java.lang.Object, java.lang.Object, java.lang.Object, java.lang.Object, java.lang.Object, java.lang.Object, java.lang.Object)'> (0x00000000840c5018) 
thrown [s\src\hotspot\share\interpreter\lin
Event: 46.128 Thread 0x000001e27fa0dfd0 Exception <a 'java/lang/NoSuchMethodError'{0x00000000840ee560}: 'java.lang.Object java.lang.invoke.DirectMethodHandle$Holder.invokeStatic(java.lang.Object, java.lang.Object, java.lang.Object, java.lang.Object, java.lang.Object, java.lang.Object, java.lang.Object, java.lang.Object, java.lang.Object, java.lang.Object, java.lang.Object, java.lang.Object, java.lang.Object, java.lang.Object, java.lang.Object, java.lang.Object, java.lang.Object, java.lang.Object)'> (0x00000000840ee560) 
thrown [s\src\hotspot\sha
Event: 46.143 Thread 0x000001e27fa0dfd0 Exception <a 'java/lang/NoSuchMethodError'{0x0000000083f18fd0}: 'java.lang.Object java.lang.invoke.DirectMethodHandle$Holder.invokeStatic(java.lang.Object, java.lang.Object, java.lang.Object, java.lang.Object, java.lang.Object, java.lang.Object, java.lang.Object, java.lang.Object, java.lang.Object, java.lang.Object, java.lang.Object, java.lang.Object, java.lang.Object, java.lang.Object, java.lang.Object, java.lang.Object, java.lang.Object, java.lang.Object, java.lang.Object)'> (0x0000000083f18fd0) 
thrown 
Event: 46.162 Thread 0x000001e27fa0dfd0 Exception <a 'java/lang/NoSuchMethodError'{0x0000000083f44c38}: 'java.lang.Object java.lang.invoke.DirectMethodHandle$Holder.invokeStatic(java.lang.Object, java.lang.Object, java.lang.Object, java.lang.Object, java.lang.Object, java.lang.Object, java.lang.Object, java.lang.Object, java.lang.Object, java.lang.Object, java.lang.Object, java.lang.Object, java.lang.Object, java.lang.Object, java.lang.Object, java.lang.Object, java.lang.Object, java.lang.Object, java.lang.Object, java.lang.Object)'> (0x00000000
Event: 46.301 Thread 0x000001e27fa0dfd0 Exception <a 'java/lang/NoSuchMethodError'{0x0000000083f71f30}: 'java.lang.Object java.lang.invoke.DirectMethodHandle$Holder.invokeStatic(java.lang.Object, java.lang.Object, java.lang.Object, java.lang.Object, java.lang.Object, java.lang.Object, java.lang.Object, java.lang.Object, java.lang.Object, java.lang.Object, java.lang.Object, java.lang.Object, java.lang.Object, java.lang.Object, java.lang.Object, java.lang.Object, java.lang.Object, java.lang.Object, java.lang.Object, java.lang.Object, java.lang.Obj
Event: 46.432 Thread 0x000001e27fa0dfd0 Exception <a 'java/lang/NoSuchMethodError'{0x0000000083f9f6b0}: 'java.lang.Object java.lang.invoke.DirectMethodHandle$Holder.invokeStatic(java.lang.Object, java.lang.Object, java.lang.Object, java.lang.Object, java.lang.Object, java.lang.Object, java.lang.Object, java.lang.Object, java.lang.Object, java.lang.Object, java.lang.Object, java.lang.Object, java.lang.Object, java.lang.Object, java.lang.Object, java.lang.Object, java.lang.Object, java.lang.Object, java.lang.Object, java.lang.Object, java.lang.Obj
Event: 46.451 Thread 0x000001e27fa0dfd0 Exception <a 'java/lang/NoSuchMethodError'{0x0000000083fce140}: 'java.lang.Object java.lang.invoke.DirectMethodHandle$Holder.invokeStatic(java.lang.Object, java.lang.Object, java.lang.Object, java.lang.Object, java.lang.Object, java.lang.Object, java.lang.Object, java.lang.Object, java.lang.Object, java.lang.Object, java.lang.Object, java.lang.Object, java.lang.Object, java.lang.Object, java.lang.Object, java.lang.Object, java.lang.Object, java.lang.Object, java.lang.Object, java.lang.Object, java.lang.Obj
Event: 46.464 Thread 0x000001e27fa0dfd0 Exception <a 'java/lang/NoSuchMethodError'{0x0000000083ffd418}: 'java.lang.Object java.lang.invoke.DirectMethodHandle$Holder.invokeStatic(java.lang.Object, java.lang.Object, java.lang.Object, java.lang.Object, java.lang.Object, java.lang.Object, java.lang.Object, java.lang.Object, java.lang.Object, java.lang.Object, java.lang.Object, java.lang.Object, java.lang.Object, java.lang.Object, java.lang.Object, java.lang.Object, java.lang.Object, java.lang.Object, java.lang.Object, java.lang.Object, java.lang.Obj
Event: 46.565 Thread 0x000001e27fa0dfd0 Exception <a 'java/lang/NoSuchMethodError'{0x0000000083e2e730}: 'java.lang.Object java.lang.invoke.DirectMethodHandle$Holder.invokeStatic(java.lang.Object, java.lang.Object, java.lang.Object, java.lang.Object, java.lang.Object, java.lang.Object, java.lang.Object, java.lang.Object, java.lang.Object, java.lang.Object, java.lang.Object, java.lang.Object, java.lang.Object, java.lang.Object, java.lang.Object, java.lang.Object, java.lang.Object, java.lang.Object, java.lang.Object, java.lang.Object, java.lang.Obj
Event: 46.579 Thread 0x000001e27fa0dfd0 Exception <a 'java/lang/NoSuchMethodError'{0x0000000083e650c0}: 'java.lang.Object java.lang.invoke.DirectMethodHandle$Holder.invokeStatic(java.lang.Object, java.lang.Object, java.lang.Object, java.lang.Object, java.lang.Object, java.lang.Object, java.lang.Object, java.lang.Object, java.lang.Object, java.lang.Object, java.lang.Object, java.lang.Object, java.lang.Object, java.lang.Object, java.lang.Object, java.lang.Object, java.lang.Object, java.lang.Object, java.lang.Object, java.lang.Object, java.lang.Obj

VM Operations (20 events):
Event: 42.048 Executing VM operation: G1CollectForAllocation
Event: 42.057 Executing VM operation: G1CollectForAllocation done
Event: 42.697 Executing VM operation: G1CollectForAllocation
Event: 42.704 Executing VM operation: G1CollectForAllocation done
Event: 42.796 Executing VM operation: G1PauseRemark
Event: 42.804 Executing VM operation: G1PauseRemark done
Event: 42.850 Executing VM operation: G1PauseCleanup
Event: 42.851 Executing VM operation: G1PauseCleanup done
Event: 43.222 Executing VM operation: G1TryInitiateConcMark
Event: 43.231 Executing VM operation: G1TryInitiateConcMark done
Event: 43.327 Executing VM operation: G1PauseRemark
Event: 43.378 Executing VM operation: G1PauseRemark done
Event: 43.417 Executing VM operation: G1PauseCleanup
Event: 43.432 Executing VM operation: G1PauseCleanup done
Event: 44.434 Executing VM operation: Cleanup
Event: 44.434 Executing VM operation: Cleanup done
Event: 45.767 Executing VM operation: G1CollectForAllocation
Event: 45.780 Executing VM operation: G1CollectForAllocation done
Event: 46.810 Executing VM operation: Cleanup
Event: 46.911 Executing VM operation: Cleanup done

Memory protections (0 events):
No events

Nmethod flushes (0 events):
No events

Events (20 events):
Event: 11.261 Thread 0x000001e274655f90 Thread added: 0x000001e258b3b030
Event: 12.298 Thread 0x000001e274655f90 Thread added: 0x000001e27f470db0
Event: 12.683 Thread 0x000001e274655f90 Thread added: 0x000001e2581f8030
Event: 13.114 Thread 0x000001e27f470db0 Thread added: 0x000001e27fa0d030
Event: 13.169 Thread 0x000001e27fa0d030 Thread added: 0x000001e27f468b00
Event: 13.486 Thread 0x000001e27fa0d030 Thread added: 0x000001e27fa0dac0
Event: 13.550 Thread 0x000001e27fa0d030 Thread added: 0x000001e27fa0dfd0
Event: 13.616 Thread 0x000001e27fa0dfd0 Thread added: 0x000001e27fa0e9f0
Event: 13.630 Thread 0x000001e27fa0dfd0 Thread added: 0x000001e27fa0e4e0
Event: 13.696 Thread 0x000001e27fa0dfd0 Thread added: 0x000001e27fa0ef00
Event: 18.724 Thread 0x000001e27fa0dfd0 Thread added: 0x000001e27fa0d5b0
Event: 18.772 Thread 0x000001e27fa0dfd0 Thread added: 0x000001e27fac9fc0
Event: 18.954 Thread 0x000001e27fa0dfd0 Thread added: 0x000001e27fac58e0
Event: 26.690 Thread 0x000001e27fa0dfd0 Thread added: 0x000001e27fac5df0
Event: 28.296 Thread 0x000001e27fa0dfd0 Thread added: 0x000001e27fac9ab0
Event: 28.296 Thread 0x000001e27fa0dfd0 Thread added: 0x000001e27fac4ec0
Event: 31.813 Thread 0x000001e27fa0dfd0 Thread added: 0x000001e27fac7c50
Event: 32.135 Thread 0x000001e27fa0dfd0 Thread added: 0x000001e27fac53d0
Event: 32.179 Thread 0x000001e27fa0dfd0 Thread added: 0x000001e27fac6300
Event: 33.298 Thread 0x000001e27fa0dfd0 Thread added: 0x000001e27fac3f90


Dynamic libraries:
0x00007ff690a70000 - 0x00007ff690a7e000 	C:\Program Files\Eclipse Adoptium\jdk-17.0.14.7-hotspot\bin\java.exe
0x00007fff12580000 - 0x00007fff1275b000 	C:\Windows\SYSTEM32\ntdll.dll
0x00007fff11820000 - 0x00007fff118ce000 	C:\Windows\System32\KERNEL32.DLL
0x00007fff0f590000 - 0x00007fff0f7da000 	C:\Windows\System32\KERNELBASE.dll
0x00007fff0f7e0000 - 0x00007fff0f8d4000 	C:\Windows\System32\ucrtbase.dll
0x00007ffefdf10000 - 0x00007ffefdf27000 	C:\Program Files\Eclipse Adoptium\jdk-17.0.14.7-hotspot\bin\jli.dll
0x00007fff0fd50000 - 0x00007fff0fe9a000 	C:\Windows\System32\USER32.dll
0x00007fff0fac0000 - 0x00007fff0fade000 	C:\Windows\System32\win32u.dll
0x00007fff12550000 - 0x00007fff12577000 	C:\Windows\System32\GDI32.dll
0x00007fff0f930000 - 0x00007fff0fab8000 	C:\Windows\System32\gdi32full.dll
0x00007fff0ea90000 - 0x00007fff0eb2a000 	C:\Windows\System32\msvcp_win.dll
0x00007ffefcd80000 - 0x00007ffefcd9e000 	C:\Program Files\Eclipse Adoptium\jdk-17.0.14.7-hotspot\bin\VCRUNTIME140.dll
0x00007ffeff9b0000 - 0x00007ffeffc17000 	C:\Windows\WinSxS\amd64_microsoft.windows.common-controls_6595b64144ccf1df_6.0.15063.1897_none_40cb64bd29a40d00\COMCTL32.dll
0x00007fff0fbf0000 - 0x00007fff0fc8d000 	C:\Windows\System32\msvcrt.dll
0x00007fff120f0000 - 0x00007fff123e6000 	C:\Windows\System32\combase.dll
0x00007fff100e0000 - 0x00007fff10205000 	C:\Windows\System32\RPCRT4.dll
0x00007fff0ed00000 - 0x00007fff0ed75000 	C:\Windows\System32\bcryptPrimitives.dll
0x00007fff100b0000 - 0x00007fff100dd000 	C:\Windows\System32\IMM32.DLL
0x00007fff0b7f0000 - 0x00007fff0b7fc000 	C:\Program Files\Eclipse Adoptium\jdk-17.0.14.7-hotspot\bin\vcruntime140_1.dll
0x00007ffefbe30000 - 0x00007ffefbebd000 	C:\Program Files\Eclipse Adoptium\jdk-17.0.14.7-hotspot\bin\msvcp140.dll
0x00007ffedb0c0000 - 0x00007ffedbd2b000 	C:\Program Files\Eclipse Adoptium\jdk-17.0.14.7-hotspot\bin\server\jvm.dll
0x00007fff0fea0000 - 0x00007fff0ff41000 	C:\Windows\System32\ADVAPI32.dll
0x00007fff11990000 - 0x00007fff119e9000 	C:\Windows\System32\sechost.dll
0x00007fff0ea40000 - 0x00007fff0ea8c000 	C:\Windows\System32\POWRPROF.dll
0x00007fff12080000 - 0x00007fff120ec000 	C:\Windows\System32\WS2_32.dll
0x00007fff0ca90000 - 0x00007fff0cab3000 	C:\Windows\SYSTEM32\WINMM.dll
0x00007fff08eb0000 - 0x00007fff08eba000 	C:\Windows\SYSTEM32\VERSION.dll
0x00007fff0c390000 - 0x00007fff0c3bb000 	C:\Windows\SYSTEM32\WINMMBASE.dll
0x00007fff0f8e0000 - 0x00007fff0f929000 	C:\Windows\System32\cfgmgr32.dll
0x00007fff0ea00000 - 0x00007fff0ea11000 	C:\Windows\System32\kernel.appcore.dll
0x00007fff092d0000 - 0x00007fff092da000 	C:\Program Files\Eclipse Adoptium\jdk-17.0.14.7-hotspot\bin\jimage.dll
0x00007fff0ad70000 - 0x00007fff0af19000 	C:\Windows\SYSTEM32\DBGHELP.DLL
0x00007fff04d30000 - 0x00007fff04d59000 	C:\Windows\SYSTEM32\dbgcore.DLL
0x00007fff04d60000 - 0x00007fff04d6e000 	C:\Program Files\Eclipse Adoptium\jdk-17.0.14.7-hotspot\bin\instrument.dll
0x00007ffefabb0000 - 0x00007ffefabd5000 	C:\Program Files\Eclipse Adoptium\jdk-17.0.14.7-hotspot\bin\java.dll
0x00007ffefaad0000 - 0x00007ffefaba7000 	C:\Program Files\Eclipse Adoptium\jdk-17.0.14.7-hotspot\bin\jsvml.dll
0x00007fff103e0000 - 0x00007fff11819000 	C:\Windows\System32\SHELL32.dll
0x00007fff11e30000 - 0x00007fff11eda000 	C:\Windows\System32\shcore.dll
0x00007fff0ed80000 - 0x00007fff0f475000 	C:\Windows\System32\windows.storage.dll
0x00007fff10380000 - 0x00007fff103d1000 	C:\Windows\System32\shlwapi.dll
0x00007fff0e9e0000 - 0x00007fff0e9f5000 	C:\Windows\System32\profapi.dll
0x00007ffefcd10000 - 0x00007ffefcd28000 	C:\Program Files\Eclipse Adoptium\jdk-17.0.14.7-hotspot\bin\zip.dll
0x00007ffefcc00000 - 0x00007ffefcc19000 	C:\Program Files\Eclipse Adoptium\jdk-17.0.14.7-hotspot\bin\net.dll
0x00007fff01630000 - 0x00007fff01706000 	C:\Windows\SYSTEM32\WINHTTP.dll
0x00007fff0e2e0000 - 0x00007fff0e33c000 	C:\Windows\system32\mswsock.dll
0x00007ffefbcc0000 - 0x00007ffefbcd6000 	C:\Program Files\Eclipse Adoptium\jdk-17.0.14.7-hotspot\bin\nio.dll
0x00007fff017d0000 - 0x00007fff017e0000 	C:\Program Files\Eclipse Adoptium\jdk-17.0.14.7-hotspot\bin\verify.dll
0x00007ffefda00000 - 0x00007ffefda27000 	C:\Users\AL SHIDI\.gradle\native\c067742578af261105cb4f569cf0c3c89f3d7b1fecec35dd04571415982c5e48\windows-amd64\native-platform.dll
0x00007fff00e50000 - 0x00007fff00e5a000 	C:\Program Files\Eclipse Adoptium\jdk-17.0.14.7-hotspot\bin\management.dll
0x00007ffeff2b0000 - 0x00007ffeff2bb000 	C:\Program Files\Eclipse Adoptium\jdk-17.0.14.7-hotspot\bin\management_ext.dll
0x00007fff123f0000 - 0x00007fff123f8000 	C:\Windows\System32\PSAPI.DLL
0x00007fff0e480000 - 0x00007fff0e497000 	C:\Windows\SYSTEM32\CRYPTSP.dll
0x00007fff0deb0000 - 0x00007fff0dee4000 	C:\Windows\system32\rsaenh.dll
0x00007fff0e590000 - 0x00007fff0e5b5000 	C:\Windows\SYSTEM32\bcrypt.dll
0x00007fff0e8e0000 - 0x00007fff0e909000 	C:\Windows\SYSTEM32\USERENV.dll
0x00007fff0e4a0000 - 0x00007fff0e4ab000 	C:\Windows\SYSTEM32\CRYPTBASE.dll
0x00007fff0e040000 - 0x00007fff0e077000 	C:\Windows\SYSTEM32\IPHLPAPI.DLL
0x00007fff0fc90000 - 0x00007fff0fc98000 	C:\Windows\System32\NSI.dll
0x00007fff046a0000 - 0x00007fff046b6000 	C:\Windows\SYSTEM32\dhcpcsvc6.DLL
0x00007fff08f50000 - 0x00007fff08f6a000 	C:\Windows\SYSTEM32\dhcpcsvc.DLL
0x00007ffefef80000 - 0x00007ffefef89000 	C:\Program Files\Eclipse Adoptium\jdk-17.0.14.7-hotspot\bin\extnet.dll
0x00007ffefe300000 - 0x00007ffefe30e000 	C:\Program Files\Eclipse Adoptium\jdk-17.0.14.7-hotspot\bin\sunmscapi.dll
0x00007fff0eb30000 - 0x00007fff0ecf9000 	C:\Windows\System32\CRYPT32.dll
0x00007fff0ea20000 - 0x00007fff0ea31000 	C:\Windows\System32\MSASN1.dll
0x00007fff0e560000 - 0x00007fff0e585000 	C:\Windows\SYSTEM32\ncrypt.dll
0x00007fff0e520000 - 0x00007fff0e556000 	C:\Windows\SYSTEM32\NTASN1.dll

dbghelp: loaded successfully - version: 4.0.5 - missing functions: none
symbol engine: initialized successfully - sym options: 0x614 - pdb path: .;C:\Program Files\Eclipse Adoptium\jdk-17.0.14.7-hotspot\bin;C:\Windows\SYSTEM32;C:\Windows\WinSxS\amd64_microsoft.windows.common-controls_6595b64144ccf1df_6.0.15063.1897_none_40cb64bd29a40d00;C:\Program Files\Eclipse Adoptium\jdk-17.0.14.7-hotspot\bin\server;C:\Users\AL SHIDI\.gradle\native\c067742578af261105cb4f569cf0c3c89f3d7b1fecec35dd04571415982c5e48\windows-amd64

VM Arguments:
jvm_args: --add-opens=java.base/java.util=ALL-UNNAMED --add-opens=java.base/java.lang=ALL-UNNAMED --add-opens=java.base/java.lang.invoke=ALL-UNNAMED --add-opens=java.prefs/java.util.prefs=ALL-UNNAMED --add-opens=java.base/java.nio.charset=ALL-UNNAMED --add-opens=java.base/java.net=ALL-UNNAMED --add-opens=java.base/java.util.concurrent.atomic=ALL-UNNAMED -Xmx2048m -Dfile.encoding=UTF-8 -Duser.country=US -Duser.language=en -Duser.variant -javaagent:C:\Users\AL SHIDI\.gradle\wrapper\dists\gradle-8.7-bin\bhs2wmbdwecv87pi65oeuq5iu\gradle-8.7\lib\agents\gradle-instrumentation-agent-8.7.jar 
java_command: org.gradle.launcher.daemon.bootstrap.GradleDaemon 8.7
java_class_path (initial): C:\Users\AL SHIDI\.gradle\wrapper\dists\gradle-8.7-bin\bhs2wmbdwecv87pi65oeuq5iu\gradle-8.7\lib\gradle-launcher-8.7.jar
Launcher Type: SUN_STANDARD

[Global flags]
     intx CICompilerCount                          = 2                                         {product} {ergonomic}
     uint ConcGCThreads                            = 1                                         {product} {ergonomic}
     uint G1ConcRefinementThreads                  = 2                                         {product} {ergonomic}
   size_t G1HeapRegionSize                         = 1048576                                   {product} {ergonomic}
    uintx GCDrainStackTargetSize                   = 64                                        {product} {ergonomic}
   size_t InitialHeapSize                          = 48234496                                  {product} {ergonomic}
   size_t MarkStackSize                            = 4194304                                   {product} {ergonomic}
   size_t MaxHeapSize                              = 2147483648                                {product} {command line}
   size_t MaxNewSize                               = 1287651328                                {product} {ergonomic}
   size_t MinHeapDeltaBytes                        = 1048576                                   {product} {ergonomic}
   size_t MinHeapSize                              = 8388608                                   {product} {ergonomic}
    uintx NonNMethodCodeHeapSize                   = 5826188                                {pd product} {ergonomic}
    uintx NonProfiledCodeHeapSize                  = 122916026                              {pd product} {ergonomic}
    uintx ProfiledCodeHeapSize                     = 122916026                              {pd product} {ergonomic}
    uintx ReservedCodeCacheSize                    = 251658240                              {pd product} {ergonomic}
     bool SegmentedCodeCache                       = true                                      {product} {ergonomic}
   size_t SoftMaxHeapSize                          = 2147483648                             {manageable} {ergonomic}
     bool UseCompressedClassPointers               = true                           {product lp64_product} {ergonomic}
     bool UseCompressedOops                        = true                           {product lp64_product} {ergonomic}
     bool UseG1GC                                  = true                                      {product} {ergonomic}
     bool UseLargePagesIndividualAllocation        = false                                  {pd product} {ergonomic}

Logging:
Log output configuration:
 #0: stdout all=warning uptime,level,tags
 #1: stderr all=off uptime,level,tags

Environment Variables:
JAVA_HOME=C:\Program Files\Eclipse Adoptium\jdk-17.0.14.7-hotspot
PATH=C:\Program Files\Eclipse Adoptium\jdk-17.0.14.7-hotspot\bin;C:\Program Files\Common Files\Oracle\Java\javapath;C:\Program Files\Eclipse Adoptium\jdk-21.0.6.7-hotspot\bin;C:\Windows\system32;C:\Windows;C:\Windows\System32\Wbem;C:\Windows\System32\WindowsPowerShell\v1.0\;D:\Microsoft VS Code\bin;C:\Program Files\Git\cmd;C:\Program Files\PuTTY\;C:\Program Files (x86)\Paragon Software\LinuxFS for Windows\;C:\Users\AL SHIDI\AppData\Local\Programs\Python\Python313\Scripts\;C:\Users\AL SHIDI\AppData\Local\Programs\Python\Python313\;C:\Users\AL SHIDI\AppData\Local\Microsoft\WindowsApps;C:\Users\AL SHIDI\AppData\Local\Programs\Microsoft VS Code Insiders\bin;D:\gradle-8.13\bin;D:\gradle-8.13;D:\Android\Sdk;D:\Android\Sdk\ndk\23.2.8568313;D:\Android\Sdk\emulator;C:\Program Files\Eclipse Adoptium\jdk-21.0.6.7-hotspot;C:\Program Files\Eclipse Adoptium\jdk-21.0.6.7-hotspot\bin;C:\flutter\bin;D:\Microsoft VS Code\bin;D:\Android Studio\bin;C:\Program Files\Java\jdk-21\bin;D:\Android\Sdk\cmdline-tools\latest\bin;D:\Android\Sdk\cmdline-tools\19.0\bin;D:\Android\Sdk\platform-tools;C:\Users\AL SHIDI\AppData\Local\Programs\Windsurf\bin
USERNAME=AL SHIDI
OS=Windows_NT
PROCESSOR_IDENTIFIER=Intel64 Family 6 Model 92 Stepping 9, GenuineIntel
TMP=C:\Users\ALSHID~1\AppData\Local\Temp
TEMP=C:\Users\ALSHID~1\AppData\Local\Temp



Periodic native trim disabled


---------------  S Y S T E M  ---------------

OS:
 Windows 10 , 64 bit Build 15063 (10.0.15063.2346)
OS uptime: 0 days 1:51 hours

CPU: total 2 (initial active 2) (2 cores per cpu, 1 threads per core) family 6 model 92 stepping 9 microcode 0x32, cx8, cmov, fxsr, mmx, 3dnowpref, sse, sse2, sse3, ssse3, sse4.1, sse4.2, popcnt, tsc, tscinvbit, aes, erms, clmul, sha, clflush, clflushopt
Processor Information for all 2 processors :
  Max Mhz: 1101, Current Mhz: 1101, Mhz Limit: 1101

Memory: 4k page, system-wide physical 2905M (278M free)
TotalPageFile size 3759M (AvailPageFile size 5M)
current process WorkingSet (physical memory assigned to process): 202M, peak: 204M
current process commit charge ("private bytes"): 231M, peak: 233M

vm_info: OpenJDK 64-Bit Server VM (17.0.14+7) for windows-amd64 JRE (17.0.14+7), built on Jan 21 2025 23:40:15 by "admin" with MS VC++ 17.7 (VS2022)

END.
